[0.273s] Invoking command in '/home/samee/ros2ws/build/r-gator-gazebo-tool': CMAKE_PREFIX_PATH=${CMAKE_PREFIX_PATH}:/opt/ros/humble /usr/local/bin/cmake --build /home/samee/ros2ws/build/r-gator-gazebo-tool -- -j12 -l12
[0.286s] Invoked command in '/home/samee/ros2ws/build/r-gator-gazebo-tool' returned '0': CMAKE_PREFIX_PATH=${CMAKE_PREFIX_PATH}:/opt/ros/humble /usr/local/bin/cmake --build /home/samee/ros2ws/build/r-gator-gazebo-tool -- -j12 -l12
[0.306s] Invoking command in '/home/samee/ros2ws/build/r-gator-gazebo-tool': CMAKE_PREFIX_PATH=${CMAKE_PREFIX_PATH}:/opt/ros/humble /usr/local/bin/cmake --install /home/samee/ros2ws/build/r-gator-gazebo-tool
[0.306s] -- Install configuration: ""
[0.306s] -- Up-to-date: /home/samee/ros2ws/install/r-gator-gazebo-tool/share/ament_index/resource_index/package_run_dependencies/r-gator-gazebo-tool
[0.307s] -- Up-to-date: /home/samee/ros2ws/install/r-gator-gazebo-tool/share/ament_index/resource_index/parent_prefix_path/r-gator-gazebo-tool
[0.307s] -- Up-to-date: /home/samee/ros2ws/install/r-gator-gazebo-tool/share/r-gator-gazebo-tool/environment/ament_prefix_path.sh
[0.307s] -- Up-to-date: /home/samee/ros2ws/install/r-gator-gazebo-tool/share/r-gator-gazebo-tool/environment/ament_prefix_path.dsv
[0.307s] -- Up-to-date: /home/samee/ros2ws/install/r-gator-gazebo-tool/share/r-gator-gazebo-tool/environment/path.sh
[0.307s] -- Up-to-date: /home/samee/ros2ws/install/r-gator-gazebo-tool/share/r-gator-gazebo-tool/environment/path.dsv
[0.310s] -- Up-to-date: /home/samee/ros2ws/install/r-gator-gazebo-tool/share/r-gator-gazebo-tool/local_setup.bash
[0.310s] -- Up-to-date: /home/samee/ros2ws/install/r-gator-gazebo-tool/share/r-gator-gazebo-tool/local_setup.sh
[0.310s] -- Up-to-date: /home/samee/ros2ws/install/r-gator-gazebo-tool/share/r-gator-gazebo-tool/local_setup.zsh
[0.310s] -- Up-to-date: /home/samee/ros2ws/install/r-gator-gazebo-tool/share/r-gator-gazebo-tool/local_setup.dsv
[0.310s] -- Installing: /home/samee/ros2ws/install/r-gator-gazebo-tool/share/r-gator-gazebo-tool/package.dsv
[0.310s] -- Up-to-date: /home/samee/ros2ws/install/r-gator-gazebo-tool/share/ament_index/resource_index/packages/r-gator-gazebo-tool
[0.310s] -- Up-to-date: /home/samee/ros2ws/install/r-gator-gazebo-tool/share/r-gator-gazebo-tool/cmake/r-gator-gazebo-toolConfig.cmake
[0.311s] -- Up-to-date: /home/samee/ros2ws/install/r-gator-gazebo-tool/share/r-gator-gazebo-tool/cmake/r-gator-gazebo-toolConfig-version.cmake
[0.311s] -- Up-to-date: /home/samee/ros2ws/install/r-gator-gazebo-tool/share/r-gator-gazebo-tool/package.xml
[0.367s] Invoked command in '/home/samee/ros2ws/build/r-gator-gazebo-tool' returned '0': CMAKE_PREFIX_PATH=${CMAKE_PREFIX_PATH}:/opt/ros/humble /usr/local/bin/cmake --install /home/samee/ros2ws/build/r-gator-gazebo-tool
