[0.426s] Invoking command in '/home/samee/ros2ws/build/r-gator-gazebo-2': CMAKE_PREFIX_PATH=/opt/ros/humble:${CMAKE_PREFIX_PATH} /usr/local/bin/cmake --build /home/samee/ros2ws/build/r-gator-gazebo-2 -- -j12 -l12
[0.442s] Invoked command in '/home/samee/ros2ws/build/r-gator-gazebo-2' returned '0': CMAKE_PREFIX_PATH=/opt/ros/humble:${CMAKE_PREFIX_PATH} /usr/local/bin/cmake --build /home/samee/ros2ws/build/r-gator-gazebo-2 -- -j12 -l12
[0.458s] Invoking command in '/home/samee/ros2ws/build/r-gator-gazebo-2': CMAKE_PREFIX_PATH=/opt/ros/humble:${CMAKE_PREFIX_PATH} /usr/local/bin/cmake --install /home/samee/ros2ws/build/r-gator-gazebo-2
[0.460s] -- Install configuration: ""
[0.462s] -- Execute custom install script
[0.464s] -- Up-to-date symlink: /home/samee/ros2ws/install/r-gator-gazebo-2/share/ament_index/resource_index/package_run_dependencies/r-gator-gazebo-2
[0.465s] -- Up-to-date symlink: /home/samee/ros2ws/install/r-gator-gazebo-2/share/ament_index/resource_index/parent_prefix_path/r-gator-gazebo-2
[0.465s] -- Up-to-date symlink: /home/samee/ros2ws/install/r-gator-gazebo-2/share/r-gator-gazebo-2/environment/ament_prefix_path.sh
[0.467s] -- Up-to-date symlink: /home/samee/ros2ws/install/r-gator-gazebo-2/share/r-gator-gazebo-2/environment/ament_prefix_path.dsv
[0.467s] -- Up-to-date symlink: /home/samee/ros2ws/install/r-gator-gazebo-2/share/r-gator-gazebo-2/environment/path.sh
[0.468s] -- Up-to-date symlink: /home/samee/ros2ws/install/r-gator-gazebo-2/share/r-gator-gazebo-2/environment/path.dsv
[0.469s] -- Up-to-date symlink: /home/samee/ros2ws/install/r-gator-gazebo-2/share/r-gator-gazebo-2/local_setup.bash
[0.469s] -- Up-to-date symlink: /home/samee/ros2ws/install/r-gator-gazebo-2/share/r-gator-gazebo-2/local_setup.sh
[0.469s] -- Up-to-date symlink: /home/samee/ros2ws/install/r-gator-gazebo-2/share/r-gator-gazebo-2/local_setup.zsh
[0.469s] -- Up-to-date symlink: /home/samee/ros2ws/install/r-gator-gazebo-2/share/r-gator-gazebo-2/local_setup.dsv
[0.470s] -- Symlinking: /home/samee/ros2ws/install/r-gator-gazebo-2/share/r-gator-gazebo-2/package.dsv
[0.472s] -- Up-to-date symlink: /home/samee/ros2ws/install/r-gator-gazebo-2/share/ament_index/resource_index/packages/r-gator-gazebo-2
[0.472s] -- Up-to-date symlink: /home/samee/ros2ws/install/r-gator-gazebo-2/share/r-gator-gazebo-2/cmake/r-gator-gazebo-2Config.cmake
[0.473s] -- Up-to-date symlink: /home/samee/ros2ws/install/r-gator-gazebo-2/share/r-gator-gazebo-2/cmake/r-gator-gazebo-2Config-version.cmake
[0.474s] -- Up-to-date symlink: /home/samee/ros2ws/install/r-gator-gazebo-2/share/r-gator-gazebo-2/package.xml
[0.477s] Invoked command in '/home/samee/ros2ws/build/r-gator-gazebo-2' returned '0': CMAKE_PREFIX_PATH=/opt/ros/humble:${CMAKE_PREFIX_PATH} /usr/local/bin/cmake --install /home/samee/ros2ws/build/r-gator-gazebo-2
