[0.208s] Invoking command in '/home/samee/ros2ws/build/r_gator_launch': CMAKE_PREFIX_PATH=/opt/ros/humble /usr/local/bin/cmake /home/samee/ros2ws/src/r_gator_launch -DCMAKE_INSTALL_PREFIX=/home/samee/ros2ws/install/r_gator_launch
[0.218s] -- Found ament_cmake: 1.3.5 (/opt/ros/humble/share/ament_cmake/cmake)
[0.690s] -- Configuring done (0.5s)
[0.693s] -- Generating done (0.0s)
[0.694s] -- Build files have been written to: /home/samee/ros2ws/build/r_gator_launch
[0.957s] Invoked command in '/home/samee/ros2ws/build/r_gator_launch' returned '0': CMAKE_PREFIX_PATH=/opt/ros/humble /usr/local/bin/cmake /home/samee/ros2ws/src/r_gator_launch -DCMAKE_INSTALL_PREFIX=/home/samee/ros2ws/install/r_gator_launch
[0.958s] Invoking command in '/home/samee/ros2ws/build/r_gator_launch': CMAKE_PREFIX_PATH=/opt/ros/humble /usr/local/bin/cmake --build /home/samee/ros2ws/build/r_gator_launch -- -j12 -l12
[0.973s] Invoked command in '/home/samee/ros2ws/build/r_gator_launch' returned '0': CMAKE_PREFIX_PATH=/opt/ros/humble /usr/local/bin/cmake --build /home/samee/ros2ws/build/r_gator_launch -- -j12 -l12
[0.992s] Invoking command in '/home/samee/ros2ws/build/r_gator_launch': CMAKE_PREFIX_PATH=/opt/ros/humble /usr/local/bin/cmake --install /home/samee/ros2ws/build/r_gator_launch
[0.995s] -- Install configuration: ""
[0.995s] -- Installing: /home/samee/ros2ws/install/r_gator_launch/share/ament_index/resource_index/package_run_dependencies/r_gator_launch
[0.996s] -- Installing: /home/samee/ros2ws/install/r_gator_launch/share/ament_index/resource_index/parent_prefix_path/r_gator_launch
[0.996s] -- Installing: /home/samee/ros2ws/install/r_gator_launch/share/r_gator_launch/environment/ament_prefix_path.sh
[0.996s] -- Installing: /home/samee/ros2ws/install/r_gator_launch/share/r_gator_launch/environment/ament_prefix_path.dsv
[0.996s] -- Installing: /home/samee/ros2ws/install/r_gator_launch/share/r_gator_launch/environment/path.sh
[0.996s] -- Installing: /home/samee/ros2ws/install/r_gator_launch/share/r_gator_launch/environment/path.dsv
[0.996s] -- Installing: /home/samee/ros2ws/install/r_gator_launch/share/r_gator_launch/local_setup.bash
[0.996s] -- Installing: /home/samee/ros2ws/install/r_gator_launch/share/r_gator_launch/local_setup.sh
[0.997s] -- Installing: /home/samee/ros2ws/install/r_gator_launch/share/r_gator_launch/local_setup.zsh
[0.997s] -- Installing: /home/samee/ros2ws/install/r_gator_launch/share/r_gator_launch/local_setup.dsv
[0.997s] -- Installing: /home/samee/ros2ws/install/r_gator_launch/share/r_gator_launch/package.dsv
[0.997s] -- Installing: /home/samee/ros2ws/install/r_gator_launch/share/ament_index/resource_index/packages/r_gator_launch
[0.997s] -- Installing: /home/samee/ros2ws/install/r_gator_launch/share/r_gator_launch/cmake/r_gator_launchConfig.cmake
[0.997s] -- Installing: /home/samee/ros2ws/install/r_gator_launch/share/r_gator_launch/cmake/r_gator_launchConfig-version.cmake
[0.997s] -- Installing: /home/samee/ros2ws/install/r_gator_launch/share/r_gator_launch/package.xml
[0.999s] Invoked command in '/home/samee/ros2ws/build/r_gator_launch' returned '0': CMAKE_PREFIX_PATH=/opt/ros/humble /usr/local/bin/cmake --install /home/samee/ros2ws/build/r_gator_launch
