[1.077s] DEBUG:colcon:Command line arguments: ['/usr/bin/colcon', 'build']
[1.077s] DEBUG:colcon:Parsed command line arguments: Namespace(log_base=None, log_level=None, verb_name='build', build_base='build', install_base='install', merge_install=False, symlink_install=False, test_result_base=None, continue_on_error=False, executor='parallel', parallel_workers=12, event_handlers=None, ignore_user_meta=False, metas=['./colcon.meta'], base_paths=['.'], packages_ignore=None, packages_ignore_regex=None, paths=None, packages_up_to=None, packages_up_to_regex=None, packages_above=None, packages_above_and_dependencies=None, packages_above_depth=None, packages_select_by_dep=None, packages_skip_by_dep=None, packages_skip_up_to=None, packages_select_build_failed=False, packages_skip_build_finished=False, packages_select_test_failures=False, packages_skip_test_passed=False, packages_select=None, packages_skip=None, packages_select_regex=None, packages_skip_regex=None, packages_start=None, packages_end=None, allow_overriding=[], cmake_args=None, cmake_target=None, cmake_target_skip_unavailable=False, cmake_clean_cache=False, cmake_clean_first=False, cmake_force_configure=False, ament_cmake_args=None, catkin_cmake_args=None, catkin_skip_building_tests=False, verb_parser=<colcon_defaults.argument_parser.defaults.DefaultArgumentsDecorator object at 0x7f4e96432ce0>, verb_extension=<colcon_core.verb.build.BuildVerb object at 0x7f4e968e3850>, main=<bound method BuildVerb.main of <colcon_core.verb.build.BuildVerb object at 0x7f4e968e3850>>)
[1.143s] Level 1:colcon.colcon_core.package_discovery:discover_packages(colcon_meta) check parameters
[1.143s] Level 1:colcon.colcon_core.package_discovery:discover_packages(recursive) check parameters
[1.143s] Level 1:colcon.colcon_core.package_discovery:discover_packages(ignore) check parameters
[1.143s] Level 1:colcon.colcon_core.package_discovery:discover_packages(path) check parameters
[1.144s] Level 1:colcon.colcon_core.package_discovery:discover_packages(colcon_meta) discover
[1.144s] Level 1:colcon.colcon_core.package_discovery:discover_packages(recursive) discover
[1.144s] INFO:colcon.colcon_core.package_discovery:Crawling recursively for packages in '/home/samee/ros2ws'
[1.144s] Level 1:colcon.colcon_core.package_identification:_identify(.) by extensions ['ignore', 'ignore_ament_install']
[1.144s] Level 1:colcon.colcon_core.package_identification:_identify(.) by extension 'ignore'
[1.144s] Level 1:colcon.colcon_core.package_identification:_identify(.) by extension 'ignore_ament_install'
[1.144s] Level 1:colcon.colcon_core.package_identification:_identify(.) by extensions ['colcon_pkg']
[1.144s] Level 1:colcon.colcon_core.package_identification:_identify(.) by extension 'colcon_pkg'
[1.144s] Level 1:colcon.colcon_core.package_identification:_identify(.) by extensions ['colcon_meta']
[1.144s] Level 1:colcon.colcon_core.package_identification:_identify(.) by extension 'colcon_meta'
[1.144s] Level 1:colcon.colcon_core.package_identification:_identify(.) by extensions ['ros']
[1.144s] Level 1:colcon.colcon_core.package_identification:_identify(.) by extension 'ros'
[1.159s] Level 1:colcon.colcon_core.package_identification:_identify(.) by extensions ['cmake', 'python']
[1.159s] Level 1:colcon.colcon_core.package_identification:_identify(.) by extension 'cmake'
[1.159s] Level 1:colcon.colcon_core.package_identification:_identify(.) by extension 'python'
[1.159s] Level 1:colcon.colcon_core.package_identification:_identify(.) by extensions ['python_setup_py']
[1.159s] Level 1:colcon.colcon_core.package_identification:_identify(.) by extension 'python_setup_py'
[1.159s] Level 1:colcon.colcon_core.package_identification:_identify(build) by extensions ['ignore', 'ignore_ament_install']
[1.159s] Level 1:colcon.colcon_core.package_identification:_identify(build) by extension 'ignore'
[1.159s] Level 1:colcon.colcon_core.package_identification:_identify(build) ignored
[1.159s] Level 1:colcon.colcon_core.package_identification:_identify(install) by extensions ['ignore', 'ignore_ament_install']
[1.160s] Level 1:colcon.colcon_core.package_identification:_identify(install) by extension 'ignore'
[1.160s] Level 1:colcon.colcon_core.package_identification:_identify(install) ignored
[1.160s] Level 1:colcon.colcon_core.package_identification:_identify(log) by extensions ['ignore', 'ignore_ament_install']
[1.160s] Level 1:colcon.colcon_core.package_identification:_identify(log) by extension 'ignore'
[1.160s] Level 1:colcon.colcon_core.package_identification:_identify(log) ignored
[1.160s] Level 1:colcon.colcon_core.package_identification:_identify(src) by extensions ['ignore', 'ignore_ament_install']
[1.160s] Level 1:colcon.colcon_core.package_identification:_identify(src) by extension 'ignore'
[1.160s] Level 1:colcon.colcon_core.package_identification:_identify(src) by extension 'ignore_ament_install'
[1.160s] Level 1:colcon.colcon_core.package_identification:_identify(src) by extensions ['colcon_pkg']
[1.160s] Level 1:colcon.colcon_core.package_identification:_identify(src) by extension 'colcon_pkg'
[1.160s] Level 1:colcon.colcon_core.package_identification:_identify(src) by extensions ['colcon_meta']
[1.160s] Level 1:colcon.colcon_core.package_identification:_identify(src) by extension 'colcon_meta'
[1.160s] Level 1:colcon.colcon_core.package_identification:_identify(src) by extensions ['ros']
[1.160s] Level 1:colcon.colcon_core.package_identification:_identify(src) by extension 'ros'
[1.160s] Level 1:colcon.colcon_core.package_identification:_identify(src) by extensions ['cmake', 'python']
[1.160s] Level 1:colcon.colcon_core.package_identification:_identify(src) by extension 'cmake'
[1.161s] Level 1:colcon.colcon_core.package_identification:_identify(src) by extension 'python'
[1.161s] Level 1:colcon.colcon_core.package_identification:_identify(src) by extensions ['python_setup_py']
[1.161s] Level 1:colcon.colcon_core.package_identification:_identify(src) by extension 'python_setup_py'
[1.161s] Level 1:colcon.colcon_core.package_identification:_identify(src/images) by extensions ['ignore', 'ignore_ament_install']
[1.161s] Level 1:colcon.colcon_core.package_identification:_identify(src/images) by extension 'ignore'
[1.161s] Level 1:colcon.colcon_core.package_identification:_identify(src/images) by extension 'ignore_ament_install'
[1.161s] Level 1:colcon.colcon_core.package_identification:_identify(src/images) by extensions ['colcon_pkg']
[1.161s] Level 1:colcon.colcon_core.package_identification:_identify(src/images) by extension 'colcon_pkg'
[1.161s] Level 1:colcon.colcon_core.package_identification:_identify(src/images) by extensions ['colcon_meta']
[1.161s] Level 1:colcon.colcon_core.package_identification:_identify(src/images) by extension 'colcon_meta'
[1.161s] Level 1:colcon.colcon_core.package_identification:_identify(src/images) by extensions ['ros']
[1.161s] Level 1:colcon.colcon_core.package_identification:_identify(src/images) by extension 'ros'
[1.161s] Level 1:colcon.colcon_core.package_identification:_identify(src/images) by extensions ['cmake', 'python']
[1.161s] Level 1:colcon.colcon_core.package_identification:_identify(src/images) by extension 'cmake'
[1.161s] Level 1:colcon.colcon_core.package_identification:_identify(src/images) by extension 'python'
[1.161s] Level 1:colcon.colcon_core.package_identification:_identify(src/images) by extensions ['python_setup_py']
[1.161s] Level 1:colcon.colcon_core.package_identification:_identify(src/images) by extension 'python_setup_py'
[1.161s] Level 1:colcon.colcon_core.package_identification:_identify(src/r-gator-simulator-2) by extensions ['ignore', 'ignore_ament_install']
[1.162s] Level 1:colcon.colcon_core.package_identification:_identify(src/r-gator-simulator-2) by extension 'ignore'
[1.162s] Level 1:colcon.colcon_core.package_identification:_identify(src/r-gator-simulator-2) by extension 'ignore_ament_install'
[1.162s] Level 1:colcon.colcon_core.package_identification:_identify(src/r-gator-simulator-2) by extensions ['colcon_pkg']
[1.162s] Level 1:colcon.colcon_core.package_identification:_identify(src/r-gator-simulator-2) by extension 'colcon_pkg'
[1.162s] Level 1:colcon.colcon_core.package_identification:_identify(src/r-gator-simulator-2) by extensions ['colcon_meta']
[1.162s] Level 1:colcon.colcon_core.package_identification:_identify(src/r-gator-simulator-2) by extension 'colcon_meta'
[1.162s] Level 1:colcon.colcon_core.package_identification:_identify(src/r-gator-simulator-2) by extensions ['ros']
[1.162s] Level 1:colcon.colcon_core.package_identification:_identify(src/r-gator-simulator-2) by extension 'ros'
[1.162s] Level 1:colcon.colcon_core.package_identification:_identify(src/r-gator-simulator-2) by extensions ['cmake', 'python']
[1.162s] Level 1:colcon.colcon_core.package_identification:_identify(src/r-gator-simulator-2) by extension 'cmake'
[1.162s] Level 1:colcon.colcon_core.package_identification:_identify(src/r-gator-simulator-2) by extension 'python'
[1.162s] Level 1:colcon.colcon_core.package_identification:_identify(src/r-gator-simulator-2) by extensions ['python_setup_py']
[1.162s] Level 1:colcon.colcon_core.package_identification:_identify(src/r-gator-simulator-2) by extension 'python_setup_py'
[1.162s] Level 1:colcon.colcon_core.package_identification:_identify(src/r-gator-simulator-2/r-gator-description-2) by extensions ['ignore', 'ignore_ament_install']
[1.162s] Level 1:colcon.colcon_core.package_identification:_identify(src/r-gator-simulator-2/r-gator-description-2) by extension 'ignore'
[1.162s] Level 1:colcon.colcon_core.package_identification:_identify(src/r-gator-simulator-2/r-gator-description-2) by extension 'ignore_ament_install'
[1.162s] Level 1:colcon.colcon_core.package_identification:_identify(src/r-gator-simulator-2/r-gator-description-2) by extensions ['colcon_pkg']
[1.162s] Level 1:colcon.colcon_core.package_identification:_identify(src/r-gator-simulator-2/r-gator-description-2) by extension 'colcon_pkg'
[1.162s] Level 1:colcon.colcon_core.package_identification:_identify(src/r-gator-simulator-2/r-gator-description-2) by extensions ['colcon_meta']
[1.163s] Level 1:colcon.colcon_core.package_identification:_identify(src/r-gator-simulator-2/r-gator-description-2) by extension 'colcon_meta'
[1.163s] Level 1:colcon.colcon_core.package_identification:_identify(src/r-gator-simulator-2/r-gator-description-2) by extensions ['ros']
[1.163s] Level 1:colcon.colcon_core.package_identification:_identify(src/r-gator-simulator-2/r-gator-description-2) by extension 'ros'
[1.165s] DEBUG:colcon.colcon_core.package_identification:Package 'src/r-gator-simulator-2/r-gator-description-2' with type 'ros.catkin' and name 'r-gator-description-2'
[1.166s] Level 1:colcon.colcon_core.package_identification:_identify(src/r-gator-simulator-2/r-gator-gazebo-2) by extensions ['ignore', 'ignore_ament_install']
[1.166s] Level 1:colcon.colcon_core.package_identification:_identify(src/r-gator-simulator-2/r-gator-gazebo-2) by extension 'ignore'
[1.166s] Level 1:colcon.colcon_core.package_identification:_identify(src/r-gator-simulator-2/r-gator-gazebo-2) by extension 'ignore_ament_install'
[1.166s] Level 1:colcon.colcon_core.package_identification:_identify(src/r-gator-simulator-2/r-gator-gazebo-2) by extensions ['colcon_pkg']
[1.166s] Level 1:colcon.colcon_core.package_identification:_identify(src/r-gator-simulator-2/r-gator-gazebo-2) by extension 'colcon_pkg'
[1.166s] Level 1:colcon.colcon_core.package_identification:_identify(src/r-gator-simulator-2/r-gator-gazebo-2) by extensions ['colcon_meta']
[1.166s] Level 1:colcon.colcon_core.package_identification:_identify(src/r-gator-simulator-2/r-gator-gazebo-2) by extension 'colcon_meta'
[1.166s] Level 1:colcon.colcon_core.package_identification:_identify(src/r-gator-simulator-2/r-gator-gazebo-2) by extensions ['ros']
[1.166s] Level 1:colcon.colcon_core.package_identification:_identify(src/r-gator-simulator-2/r-gator-gazebo-2) by extension 'ros'
[1.166s] DEBUG:colcon.colcon_core.package_identification:Package 'src/r-gator-simulator-2/r-gator-gazebo-2' with type 'ros.ament_cmake' and name 'r-gator-gazebo-2'
[1.167s] Level 1:colcon.colcon_core.package_identification:_identify(src/r-gator-simulator-2/r-gator-gazebo-tool-2) by extensions ['ignore', 'ignore_ament_install']
[1.167s] Level 1:colcon.colcon_core.package_identification:_identify(src/r-gator-simulator-2/r-gator-gazebo-tool-2) by extension 'ignore'
[1.167s] Level 1:colcon.colcon_core.package_identification:_identify(src/r-gator-simulator-2/r-gator-gazebo-tool-2) by extension 'ignore_ament_install'
[1.167s] Level 1:colcon.colcon_core.package_identification:_identify(src/r-gator-simulator-2/r-gator-gazebo-tool-2) by extensions ['colcon_pkg']
[1.167s] Level 1:colcon.colcon_core.package_identification:_identify(src/r-gator-simulator-2/r-gator-gazebo-tool-2) by extension 'colcon_pkg'
[1.167s] Level 1:colcon.colcon_core.package_identification:_identify(src/r-gator-simulator-2/r-gator-gazebo-tool-2) by extensions ['colcon_meta']
[1.167s] Level 1:colcon.colcon_core.package_identification:_identify(src/r-gator-simulator-2/r-gator-gazebo-tool-2) by extension 'colcon_meta'
[1.167s] Level 1:colcon.colcon_core.package_identification:_identify(src/r-gator-simulator-2/r-gator-gazebo-tool-2) by extensions ['ros']
[1.167s] Level 1:colcon.colcon_core.package_identification:_identify(src/r-gator-simulator-2/r-gator-gazebo-tool-2) by extension 'ros'
[1.168s] DEBUG:colcon.colcon_core.package_identification:Package 'src/r-gator-simulator-2/r-gator-gazebo-tool-2' with type 'ros.catkin' and name 'r-gator-gazebo-tool-2'
[1.169s] Level 1:colcon.colcon_core.package_identification:_identify(src/r-gator-simulator-2/r-gator-launch-2) by extensions ['ignore', 'ignore_ament_install']
[1.169s] Level 1:colcon.colcon_core.package_identification:_identify(src/r-gator-simulator-2/r-gator-launch-2) by extension 'ignore'
[1.169s] Level 1:colcon.colcon_core.package_identification:_identify(src/r-gator-simulator-2/r-gator-launch-2) by extension 'ignore_ament_install'
[1.169s] Level 1:colcon.colcon_core.package_identification:_identify(src/r-gator-simulator-2/r-gator-launch-2) by extensions ['colcon_pkg']
[1.169s] Level 1:colcon.colcon_core.package_identification:_identify(src/r-gator-simulator-2/r-gator-launch-2) by extension 'colcon_pkg'
[1.169s] Level 1:colcon.colcon_core.package_identification:_identify(src/r-gator-simulator-2/r-gator-launch-2) by extensions ['colcon_meta']
[1.169s] Level 1:colcon.colcon_core.package_identification:_identify(src/r-gator-simulator-2/r-gator-launch-2) by extension 'colcon_meta'
[1.169s] Level 1:colcon.colcon_core.package_identification:_identify(src/r-gator-simulator-2/r-gator-launch-2) by extensions ['ros']
[1.169s] Level 1:colcon.colcon_core.package_identification:_identify(src/r-gator-simulator-2/r-gator-launch-2) by extension 'ros'
[1.170s] DEBUG:colcon.colcon_core.package_identification:Package 'src/r-gator-simulator-2/r-gator-launch-2' with type 'ros.ament_cmake' and name 'r-gator-launch-2'
[1.170s] Level 1:colcon.colcon_core.package_identification:_identify(src/r-gator-simulator-2/r-gator-model-2) by extensions ['ignore', 'ignore_ament_install']
[1.171s] Level 1:colcon.colcon_core.package_identification:_identify(src/r-gator-simulator-2/r-gator-model-2) by extension 'ignore'
[1.171s] Level 1:colcon.colcon_core.package_identification:_identify(src/r-gator-simulator-2/r-gator-model-2) by extension 'ignore_ament_install'
[1.171s] Level 1:colcon.colcon_core.package_identification:_identify(src/r-gator-simulator-2/r-gator-model-2) by extensions ['colcon_pkg']
[1.171s] Level 1:colcon.colcon_core.package_identification:_identify(src/r-gator-simulator-2/r-gator-model-2) by extension 'colcon_pkg'
[1.171s] Level 1:colcon.colcon_core.package_identification:_identify(src/r-gator-simulator-2/r-gator-model-2) by extensions ['colcon_meta']
[1.171s] Level 1:colcon.colcon_core.package_identification:_identify(src/r-gator-simulator-2/r-gator-model-2) by extension 'colcon_meta'
[1.171s] Level 1:colcon.colcon_core.package_identification:_identify(src/r-gator-simulator-2/r-gator-model-2) by extensions ['ros']
[1.171s] Level 1:colcon.colcon_core.package_identification:_identify(src/r-gator-simulator-2/r-gator-model-2) by extension 'ros'
[1.172s] DEBUG:colcon.colcon_core.package_identification:Package 'src/r-gator-simulator-2/r-gator-model-2' with type 'ros.ament_cmake' and name 'r-gator-model-2'
[1.172s] Level 1:colcon.colcon_core.package_identification:_identify(src/r-gator-teleop-2) by extensions ['ignore', 'ignore_ament_install']
[1.172s] Level 1:colcon.colcon_core.package_identification:_identify(src/r-gator-teleop-2) by extension 'ignore'
[1.172s] Level 1:colcon.colcon_core.package_identification:_identify(src/r-gator-teleop-2) by extension 'ignore_ament_install'
[1.172s] Level 1:colcon.colcon_core.package_identification:_identify(src/r-gator-teleop-2) by extensions ['colcon_pkg']
[1.172s] Level 1:colcon.colcon_core.package_identification:_identify(src/r-gator-teleop-2) by extension 'colcon_pkg'
[1.172s] Level 1:colcon.colcon_core.package_identification:_identify(src/r-gator-teleop-2) by extensions ['colcon_meta']
[1.172s] Level 1:colcon.colcon_core.package_identification:_identify(src/r-gator-teleop-2) by extension 'colcon_meta'
[1.173s] Level 1:colcon.colcon_core.package_identification:_identify(src/r-gator-teleop-2) by extensions ['ros']
[1.173s] Level 1:colcon.colcon_core.package_identification:_identify(src/r-gator-teleop-2) by extension 'ros'
[1.173s] DEBUG:colcon.colcon_core.package_identification:Package 'src/r-gator-teleop-2' with type 'ros.catkin' and name 'r-gator-teleop-2'
[1.173s] Level 1:colcon.colcon_core.package_identification:_identify(src_unclean) by extensions ['ignore', 'ignore_ament_install']
[1.174s] Level 1:colcon.colcon_core.package_identification:_identify(src_unclean) by extension 'ignore'
[1.174s] Level 1:colcon.colcon_core.package_identification:_identify(src_unclean) ignored
[1.174s] Level 1:colcon.colcon_core.package_discovery:discover_packages(recursive) using defaults
[1.174s] Level 1:colcon.colcon_core.package_discovery:discover_packages(ignore) discover
[1.174s] Level 1:colcon.colcon_core.package_discovery:discover_packages(ignore) using defaults
[1.174s] Level 1:colcon.colcon_core.package_discovery:discover_packages(path) discover
[1.174s] Level 1:colcon.colcon_core.package_discovery:discover_packages(path) using defaults
[1.287s] Level 1:colcon.colcon_core.package_discovery:discover_packages(prefix_path) check parameters
[1.287s] Level 1:colcon.colcon_core.package_discovery:discover_packages(prefix_path) discover
[1.323s] DEBUG:colcon.colcon_installed_package_information.package_discovery:Found 19 installed packages in /home/samee/ros2ws/install
[1.341s] DEBUG:colcon.colcon_installed_package_information.package_discovery:Found 312 installed packages in /opt/ros/humble
[1.342s] Level 1:colcon.colcon_core.package_discovery:discover_packages(prefix_path) using defaults
[1.426s] Level 5:colcon.colcon_core.verb:set package 'r-gator-description-2' build argument 'cmake_args' from command line to 'None'
[1.426s] Level 5:colcon.colcon_core.verb:set package 'r-gator-description-2' build argument 'cmake_target' from command line to 'None'
[1.426s] Level 5:colcon.colcon_core.verb:set package 'r-gator-description-2' build argument 'cmake_target_skip_unavailable' from command line to 'False'
[1.426s] Level 5:colcon.colcon_core.verb:set package 'r-gator-description-2' build argument 'cmake_clean_cache' from command line to 'False'
[1.426s] Level 5:colcon.colcon_core.verb:set package 'r-gator-description-2' build argument 'cmake_clean_first' from command line to 'False'
[1.426s] Level 5:colcon.colcon_core.verb:set package 'r-gator-description-2' build argument 'cmake_force_configure' from command line to 'False'
[1.426s] Level 5:colcon.colcon_core.verb:set package 'r-gator-description-2' build argument 'ament_cmake_args' from command line to 'None'
[1.426s] Level 5:colcon.colcon_core.verb:set package 'r-gator-description-2' build argument 'catkin_cmake_args' from command line to 'None'
[1.426s] Level 5:colcon.colcon_core.verb:set package 'r-gator-description-2' build argument 'catkin_skip_building_tests' from command line to 'False'
[1.426s] DEBUG:colcon.colcon_core.verb:Building package 'r-gator-description-2' with the following arguments: {'ament_cmake_args': None, 'build_base': '/home/samee/ros2ws/build/r-gator-description-2', 'catkin_cmake_args': None, 'catkin_skip_building_tests': False, 'cmake_args': None, 'cmake_clean_cache': False, 'cmake_clean_first': False, 'cmake_force_configure': False, 'cmake_target': None, 'cmake_target_skip_unavailable': False, 'install_base': '/home/samee/ros2ws/install/r-gator-description-2', 'merge_install': False, 'path': '/home/samee/ros2ws/src/r-gator-simulator-2/r-gator-description-2', 'symlink_install': False, 'test_result_base': None}
[1.443s] Level 5:colcon.colcon_core.verb:set package 'r-gator-gazebo-2' build argument 'cmake_args' from command line to 'None'
[1.443s] Level 5:colcon.colcon_core.verb:set package 'r-gator-gazebo-2' build argument 'cmake_target' from command line to 'None'
[1.443s] Level 5:colcon.colcon_core.verb:set package 'r-gator-gazebo-2' build argument 'cmake_target_skip_unavailable' from command line to 'False'
[1.443s] Level 5:colcon.colcon_core.verb:set package 'r-gator-gazebo-2' build argument 'cmake_clean_cache' from command line to 'False'
[1.443s] Level 5:colcon.colcon_core.verb:set package 'r-gator-gazebo-2' build argument 'cmake_clean_first' from command line to 'False'
[1.443s] Level 5:colcon.colcon_core.verb:set package 'r-gator-gazebo-2' build argument 'cmake_force_configure' from command line to 'False'
[1.443s] Level 5:colcon.colcon_core.verb:set package 'r-gator-gazebo-2' build argument 'ament_cmake_args' from command line to 'None'
[1.443s] Level 5:colcon.colcon_core.verb:set package 'r-gator-gazebo-2' build argument 'catkin_cmake_args' from command line to 'None'
[1.443s] Level 5:colcon.colcon_core.verb:set package 'r-gator-gazebo-2' build argument 'catkin_skip_building_tests' from command line to 'False'
[1.443s] DEBUG:colcon.colcon_core.verb:Building package 'r-gator-gazebo-2' with the following arguments: {'ament_cmake_args': None, 'build_base': '/home/samee/ros2ws/build/r-gator-gazebo-2', 'catkin_cmake_args': None, 'catkin_skip_building_tests': False, 'cmake_args': None, 'cmake_clean_cache': False, 'cmake_clean_first': False, 'cmake_force_configure': False, 'cmake_target': None, 'cmake_target_skip_unavailable': False, 'install_base': '/home/samee/ros2ws/install/r-gator-gazebo-2', 'merge_install': False, 'path': '/home/samee/ros2ws/src/r-gator-simulator-2/r-gator-gazebo-2', 'symlink_install': False, 'test_result_base': None}
[1.469s] Level 5:colcon.colcon_core.verb:set package 'r-gator-gazebo-tool-2' build argument 'cmake_args' from command line to 'None'
[1.469s] Level 5:colcon.colcon_core.verb:set package 'r-gator-gazebo-tool-2' build argument 'cmake_target' from command line to 'None'
[1.469s] Level 5:colcon.colcon_core.verb:set package 'r-gator-gazebo-tool-2' build argument 'cmake_target_skip_unavailable' from command line to 'False'
[1.469s] Level 5:colcon.colcon_core.verb:set package 'r-gator-gazebo-tool-2' build argument 'cmake_clean_cache' from command line to 'False'
[1.469s] Level 5:colcon.colcon_core.verb:set package 'r-gator-gazebo-tool-2' build argument 'cmake_clean_first' from command line to 'False'
[1.469s] Level 5:colcon.colcon_core.verb:set package 'r-gator-gazebo-tool-2' build argument 'cmake_force_configure' from command line to 'False'
[1.469s] Level 5:colcon.colcon_core.verb:set package 'r-gator-gazebo-tool-2' build argument 'ament_cmake_args' from command line to 'None'
[1.469s] Level 5:colcon.colcon_core.verb:set package 'r-gator-gazebo-tool-2' build argument 'catkin_cmake_args' from command line to 'None'
[1.469s] Level 5:colcon.colcon_core.verb:set package 'r-gator-gazebo-tool-2' build argument 'catkin_skip_building_tests' from command line to 'False'
[1.469s] DEBUG:colcon.colcon_core.verb:Building package 'r-gator-gazebo-tool-2' with the following arguments: {'ament_cmake_args': None, 'build_base': '/home/samee/ros2ws/build/r-gator-gazebo-tool-2', 'catkin_cmake_args': None, 'catkin_skip_building_tests': False, 'cmake_args': None, 'cmake_clean_cache': False, 'cmake_clean_first': False, 'cmake_force_configure': False, 'cmake_target': None, 'cmake_target_skip_unavailable': False, 'install_base': '/home/samee/ros2ws/install/r-gator-gazebo-tool-2', 'merge_install': False, 'path': '/home/samee/ros2ws/src/r-gator-simulator-2/r-gator-gazebo-tool-2', 'symlink_install': False, 'test_result_base': None}
[1.487s] Level 5:colcon.colcon_core.verb:set package 'r-gator-launch-2' build argument 'cmake_args' from command line to 'None'
[1.487s] Level 5:colcon.colcon_core.verb:set package 'r-gator-launch-2' build argument 'cmake_target' from command line to 'None'
[1.487s] Level 5:colcon.colcon_core.verb:set package 'r-gator-launch-2' build argument 'cmake_target_skip_unavailable' from command line to 'False'
[1.487s] Level 5:colcon.colcon_core.verb:set package 'r-gator-launch-2' build argument 'cmake_clean_cache' from command line to 'False'
[1.487s] Level 5:colcon.colcon_core.verb:set package 'r-gator-launch-2' build argument 'cmake_clean_first' from command line to 'False'
[1.487s] Level 5:colcon.colcon_core.verb:set package 'r-gator-launch-2' build argument 'cmake_force_configure' from command line to 'False'
[1.487s] Level 5:colcon.colcon_core.verb:set package 'r-gator-launch-2' build argument 'ament_cmake_args' from command line to 'None'
[1.487s] Level 5:colcon.colcon_core.verb:set package 'r-gator-launch-2' build argument 'catkin_cmake_args' from command line to 'None'
[1.487s] Level 5:colcon.colcon_core.verb:set package 'r-gator-launch-2' build argument 'catkin_skip_building_tests' from command line to 'False'
[1.487s] DEBUG:colcon.colcon_core.verb:Building package 'r-gator-launch-2' with the following arguments: {'ament_cmake_args': None, 'build_base': '/home/samee/ros2ws/build/r-gator-launch-2', 'catkin_cmake_args': None, 'catkin_skip_building_tests': False, 'cmake_args': None, 'cmake_clean_cache': False, 'cmake_clean_first': False, 'cmake_force_configure': False, 'cmake_target': None, 'cmake_target_skip_unavailable': False, 'install_base': '/home/samee/ros2ws/install/r-gator-launch-2', 'merge_install': False, 'path': '/home/samee/ros2ws/src/r-gator-simulator-2/r-gator-launch-2', 'symlink_install': False, 'test_result_base': None}
[1.504s] Level 5:colcon.colcon_core.verb:set package 'r-gator-model-2' build argument 'cmake_args' from command line to 'None'
[1.504s] Level 5:colcon.colcon_core.verb:set package 'r-gator-model-2' build argument 'cmake_target' from command line to 'None'
[1.504s] Level 5:colcon.colcon_core.verb:set package 'r-gator-model-2' build argument 'cmake_target_skip_unavailable' from command line to 'False'
[1.504s] Level 5:colcon.colcon_core.verb:set package 'r-gator-model-2' build argument 'cmake_clean_cache' from command line to 'False'
[1.504s] Level 5:colcon.colcon_core.verb:set package 'r-gator-model-2' build argument 'cmake_clean_first' from command line to 'False'
[1.504s] Level 5:colcon.colcon_core.verb:set package 'r-gator-model-2' build argument 'cmake_force_configure' from command line to 'False'
[1.504s] Level 5:colcon.colcon_core.verb:set package 'r-gator-model-2' build argument 'ament_cmake_args' from command line to 'None'
[1.504s] Level 5:colcon.colcon_core.verb:set package 'r-gator-model-2' build argument 'catkin_cmake_args' from command line to 'None'
[1.504s] Level 5:colcon.colcon_core.verb:set package 'r-gator-model-2' build argument 'catkin_skip_building_tests' from command line to 'False'
[1.504s] DEBUG:colcon.colcon_core.verb:Building package 'r-gator-model-2' with the following arguments: {'ament_cmake_args': None, 'build_base': '/home/samee/ros2ws/build/r-gator-model-2', 'catkin_cmake_args': None, 'catkin_skip_building_tests': False, 'cmake_args': None, 'cmake_clean_cache': False, 'cmake_clean_first': False, 'cmake_force_configure': False, 'cmake_target': None, 'cmake_target_skip_unavailable': False, 'install_base': '/home/samee/ros2ws/install/r-gator-model-2', 'merge_install': False, 'path': '/home/samee/ros2ws/src/r-gator-simulator-2/r-gator-model-2', 'symlink_install': False, 'test_result_base': None}
[1.521s] Level 5:colcon.colcon_core.verb:set package 'r-gator-teleop-2' build argument 'cmake_args' from command line to 'None'
[1.521s] Level 5:colcon.colcon_core.verb:set package 'r-gator-teleop-2' build argument 'cmake_target' from command line to 'None'
[1.521s] Level 5:colcon.colcon_core.verb:set package 'r-gator-teleop-2' build argument 'cmake_target_skip_unavailable' from command line to 'False'
[1.521s] Level 5:colcon.colcon_core.verb:set package 'r-gator-teleop-2' build argument 'cmake_clean_cache' from command line to 'False'
[1.521s] Level 5:colcon.colcon_core.verb:set package 'r-gator-teleop-2' build argument 'cmake_clean_first' from command line to 'False'
[1.521s] Level 5:colcon.colcon_core.verb:set package 'r-gator-teleop-2' build argument 'cmake_force_configure' from command line to 'False'
[1.521s] Level 5:colcon.colcon_core.verb:set package 'r-gator-teleop-2' build argument 'ament_cmake_args' from command line to 'None'
[1.521s] Level 5:colcon.colcon_core.verb:set package 'r-gator-teleop-2' build argument 'catkin_cmake_args' from command line to 'None'
[1.521s] Level 5:colcon.colcon_core.verb:set package 'r-gator-teleop-2' build argument 'catkin_skip_building_tests' from command line to 'False'
[1.521s] DEBUG:colcon.colcon_core.verb:Building package 'r-gator-teleop-2' with the following arguments: {'ament_cmake_args': None, 'build_base': '/home/samee/ros2ws/build/r-gator-teleop-2', 'catkin_cmake_args': None, 'catkin_skip_building_tests': False, 'cmake_args': None, 'cmake_clean_cache': False, 'cmake_clean_first': False, 'cmake_force_configure': False, 'cmake_target': None, 'cmake_target_skip_unavailable': False, 'install_base': '/home/samee/ros2ws/install/r-gator-teleop-2', 'merge_install': False, 'path': '/home/samee/ros2ws/src/r-gator-teleop-2', 'symlink_install': False, 'test_result_base': None}
[1.538s] INFO:colcon.colcon_core.executor:Executing jobs using 'parallel' executor
[1.556s] DEBUG:colcon.colcon_parallel_executor.executor.parallel:run_until_complete
[1.556s] INFO:colcon.colcon_ros.task.catkin.build:Building ROS package in '/home/samee/ros2ws/src/r-gator-simulator-2/r-gator-description-2' with build type 'catkin'
[1.556s] INFO:colcon.colcon_cmake.task.cmake.build:Building CMake package in '/home/samee/ros2ws/src/r-gator-simulator-2/r-gator-description-2'
[1.576s] INFO:colcon.colcon_core.plugin_system:Skipping extension 'colcon_core.shell.bat': Not used on non-Windows systems
[1.577s] INFO:colcon.colcon_core.shell:Skip shell extension 'powershell' for command environment: Not usable outside of PowerShell
[1.577s] DEBUG:colcon.colcon_core.shell:Skip shell extension 'dsv' for command environment
[1.631s] INFO:colcon.colcon_ros.task.ament_cmake.build:Building ROS package in '/home/samee/ros2ws/src/r-gator-simulator-2/r-gator-gazebo-2' with build type 'ament_cmake'
[1.631s] INFO:colcon.colcon_cmake.task.cmake.build:Building CMake package in '/home/samee/ros2ws/src/r-gator-simulator-2/r-gator-gazebo-2'
[1.649s] INFO:colcon.colcon_core.shell:Skip shell extension 'powershell' for command environment: Not usable outside of PowerShell
[1.649s] DEBUG:colcon.colcon_core.shell:Skip shell extension 'dsv' for command environment
[1.707s] INFO:colcon.colcon_ros.task.catkin.build:Building ROS package in '/home/samee/ros2ws/src/r-gator-simulator-2/r-gator-gazebo-tool-2' with build type 'catkin'
[1.707s] INFO:colcon.colcon_cmake.task.cmake.build:Building CMake package in '/home/samee/ros2ws/src/r-gator-simulator-2/r-gator-gazebo-tool-2'
[1.726s] INFO:colcon.colcon_core.shell:Skip shell extension 'powershell' for command environment: Not usable outside of PowerShell
[1.726s] DEBUG:colcon.colcon_core.shell:Skip shell extension 'dsv' for command environment
[1.799s] INFO:colcon.colcon_ros.task.ament_cmake.build:Building ROS package in '/home/samee/ros2ws/src/r-gator-simulator-2/r-gator-launch-2' with build type 'ament_cmake'
[1.799s] INFO:colcon.colcon_cmake.task.cmake.build:Building CMake package in '/home/samee/ros2ws/src/r-gator-simulator-2/r-gator-launch-2'
[1.822s] INFO:colcon.colcon_core.shell:Skip shell extension 'powershell' for command environment: Not usable outside of PowerShell
[1.823s] DEBUG:colcon.colcon_core.shell:Skip shell extension 'dsv' for command environment
[1.891s] INFO:colcon.colcon_ros.task.ament_cmake.build:Building ROS package in '/home/samee/ros2ws/src/r-gator-simulator-2/r-gator-model-2' with build type 'ament_cmake'
[1.891s] INFO:colcon.colcon_cmake.task.cmake.build:Building CMake package in '/home/samee/ros2ws/src/r-gator-simulator-2/r-gator-model-2'
[1.913s] INFO:colcon.colcon_core.shell:Skip shell extension 'powershell' for command environment: Not usable outside of PowerShell
[1.913s] DEBUG:colcon.colcon_core.shell:Skip shell extension 'dsv' for command environment
[1.983s] INFO:colcon.colcon_ros.task.catkin.build:Building ROS package in '/home/samee/ros2ws/src/r-gator-teleop-2' with build type 'catkin'
[1.983s] INFO:colcon.colcon_cmake.task.cmake.build:Building CMake package in '/home/samee/ros2ws/src/r-gator-teleop-2'
[2.005s] INFO:colcon.colcon_core.shell:Skip shell extension 'powershell' for command environment: Not usable outside of PowerShell
[2.005s] DEBUG:colcon.colcon_core.shell:Skip shell extension 'dsv' for command environment
[2.082s] DEBUG:colcon.colcon_core.event_handler.log_command:Invoking command in '/home/samee/ros2ws/build/r-gator-description-2': /usr/local/bin/cmake --build /home/samee/ros2ws/build/r-gator-description-2 -- -j12 -l12
[2.086s] DEBUG:colcon.colcon_core.event_handler.log_command:Invoking command in '/home/samee/ros2ws/build/r-gator-gazebo-2': CMAKE_PREFIX_PATH=/opt/ros/humble:${CMAKE_PREFIX_PATH} /usr/local/bin/cmake --build /home/samee/ros2ws/build/r-gator-gazebo-2 -- -j12 -l12
[2.091s] DEBUG:colcon.colcon_core.event_handler.log_command:Invoking command in '/home/samee/ros2ws/build/r-gator-gazebo-tool-2': /usr/local/bin/cmake --build /home/samee/ros2ws/build/r-gator-gazebo-tool-2 -- -j12 -l12
[2.097s] DEBUG:colcon.colcon_core.event_handler.log_command:Invoking command in '/home/samee/ros2ws/build/r-gator-launch-2': CMAKE_PREFIX_PATH=/opt/ros/humble:${CMAKE_PREFIX_PATH} /usr/local/bin/cmake --build /home/samee/ros2ws/build/r-gator-launch-2 -- -j12 -l12
[2.104s] DEBUG:colcon.colcon_core.event_handler.log_command:Invoking command in '/home/samee/ros2ws/build/r-gator-model-2': CMAKE_PREFIX_PATH=/opt/ros/humble:${CMAKE_PREFIX_PATH} /usr/local/bin/cmake --build /home/samee/ros2ws/build/r-gator-model-2 -- -j12 -l12
[2.115s] DEBUG:colcon.colcon_core.event_handler.log_command:Invoking command in '/home/samee/ros2ws/build/r-gator-teleop-2': /usr/local/bin/cmake --build /home/samee/ros2ws/build/r-gator-teleop-2 -- -j12 -l12
[2.117s] DEBUG:colcon.colcon_core.event_handler.log_command:Invoked command in '/home/samee/ros2ws/build/r-gator-description-2' returned '0': /usr/local/bin/cmake --build /home/samee/ros2ws/build/r-gator-description-2 -- -j12 -l12
[2.119s] DEBUG:colcon.colcon_core.event_handler.log_command:Invoked command in '/home/samee/ros2ws/build/r-gator-gazebo-2' returned '0': CMAKE_PREFIX_PATH=/opt/ros/humble:${CMAKE_PREFIX_PATH} /usr/local/bin/cmake --build /home/samee/ros2ws/build/r-gator-gazebo-2 -- -j12 -l12
[2.121s] DEBUG:colcon.colcon_core.event_handler.log_command:Invoked command in '/home/samee/ros2ws/build/r-gator-launch-2' returned '0': CMAKE_PREFIX_PATH=/opt/ros/humble:${CMAKE_PREFIX_PATH} /usr/local/bin/cmake --build /home/samee/ros2ws/build/r-gator-launch-2 -- -j12 -l12
[2.126s] DEBUG:colcon.colcon_core.event_handler.log_command:Invoked command in '/home/samee/ros2ws/build/r-gator-model-2' returned '0': CMAKE_PREFIX_PATH=/opt/ros/humble:${CMAKE_PREFIX_PATH} /usr/local/bin/cmake --build /home/samee/ros2ws/build/r-gator-model-2 -- -j12 -l12
[2.130s] DEBUG:colcon.colcon_core.event_handler.log_command:Invoked command in '/home/samee/ros2ws/build/r-gator-teleop-2' returned '0': /usr/local/bin/cmake --build /home/samee/ros2ws/build/r-gator-teleop-2 -- -j12 -l12
[2.147s] DEBUG:colcon.colcon_core.event_handler.log_command:Invoking command in '/home/samee/ros2ws/build/r-gator-gazebo-2': CMAKE_PREFIX_PATH=/opt/ros/humble:${CMAKE_PREFIX_PATH} /usr/local/bin/cmake --install /home/samee/ros2ws/build/r-gator-gazebo-2
[2.152s] DEBUG:colcon.colcon_core.event_handler.log_command:Invoking command in '/home/samee/ros2ws/build/r-gator-launch-2': CMAKE_PREFIX_PATH=/opt/ros/humble:${CMAKE_PREFIX_PATH} /usr/local/bin/cmake --install /home/samee/ros2ws/build/r-gator-launch-2
[2.165s] Level 1:colcon.colcon_core.environment:create_environment_scripts_only(r-gator-gazebo-2)
[2.167s] DEBUG:colcon.colcon_core.event_handler.log_command:Invoking command in '/home/samee/ros2ws/build/r-gator-model-2': CMAKE_PREFIX_PATH=/opt/ros/humble:${CMAKE_PREFIX_PATH} /usr/local/bin/cmake --install /home/samee/ros2ws/build/r-gator-model-2
[2.179s] DEBUG:colcon.colcon_core.event_handler.log_command:Invoking command in '/home/samee/ros2ws/build/r-gator-description-2': /usr/local/bin/cmake --install /home/samee/ros2ws/build/r-gator-description-2
[2.181s] DEBUG:colcon.colcon_core.event_handler.log_command:Invoked command in '/home/samee/ros2ws/build/r-gator-gazebo-2' returned '0': CMAKE_PREFIX_PATH=/opt/ros/humble:${CMAKE_PREFIX_PATH} /usr/local/bin/cmake --install /home/samee/ros2ws/build/r-gator-gazebo-2
[2.203s] Level 1:colcon.colcon_core.environment:checking '/home/samee/ros2ws/install/r-gator-gazebo-2' for CMake module files
[2.204s] Level 1:colcon.colcon_core.environment:checking '/home/samee/ros2ws/install/r-gator-gazebo-2' for CMake config files
[2.204s] Level 1:colcon.colcon_core.shell:create_environment_hook('r-gator-gazebo-2', 'cmake_prefix_path')
[2.226s] INFO:colcon.colcon_core.shell:Creating environment hook '/home/samee/ros2ws/install/r-gator-gazebo-2/share/r-gator-gazebo-2/hook/cmake_prefix_path.ps1'
[2.227s] INFO:colcon.colcon_core.shell:Creating environment descriptor '/home/samee/ros2ws/install/r-gator-gazebo-2/share/r-gator-gazebo-2/hook/cmake_prefix_path.dsv'
[2.228s] INFO:colcon.colcon_core.shell:Creating environment hook '/home/samee/ros2ws/install/r-gator-gazebo-2/share/r-gator-gazebo-2/hook/cmake_prefix_path.sh'
[2.229s] Level 1:colcon.colcon_core.environment:checking '/home/samee/ros2ws/install/r-gator-gazebo-2/bin'
[2.229s] Level 1:colcon.colcon_core.environment:checking '/home/samee/ros2ws/install/r-gator-gazebo-2/lib/pkgconfig/r-gator-gazebo-2.pc'
[2.230s] Level 1:colcon.colcon_core.environment:checking '/home/samee/ros2ws/install/r-gator-gazebo-2/lib/python3.10/site-packages'
[2.230s] Level 1:colcon.colcon_core.environment:checking '/home/samee/ros2ws/install/r-gator-gazebo-2/bin'
[2.251s] INFO:colcon.colcon_core.shell:Creating package script '/home/samee/ros2ws/install/r-gator-gazebo-2/share/r-gator-gazebo-2/package.ps1'
[2.252s] INFO:colcon.colcon_core.shell:Creating package descriptor '/home/samee/ros2ws/install/r-gator-gazebo-2/share/r-gator-gazebo-2/package.dsv'
[2.253s] INFO:colcon.colcon_core.shell:Creating package script '/home/samee/ros2ws/install/r-gator-gazebo-2/share/r-gator-gazebo-2/package.sh'
[2.254s] INFO:colcon.colcon_core.shell:Creating package script '/home/samee/ros2ws/install/r-gator-gazebo-2/share/r-gator-gazebo-2/package.bash'
[2.254s] INFO:colcon.colcon_core.shell:Creating package script '/home/samee/ros2ws/install/r-gator-gazebo-2/share/r-gator-gazebo-2/package.zsh'
[2.255s] Level 1:colcon.colcon_core.environment:create_file_with_runtime_dependencies(/home/samee/ros2ws/install/r-gator-gazebo-2/share/colcon-core/packages/r-gator-gazebo-2)
[2.259s] Level 1:colcon.colcon_core.environment:create_environment_scripts_only(r-gator-launch-2)
[2.264s] DEBUG:colcon.colcon_core.event_handler.log_command:Invoking command in '/home/samee/ros2ws/build/r-gator-teleop-2': /usr/local/bin/cmake --install /home/samee/ros2ws/build/r-gator-teleop-2
[2.264s] DEBUG:colcon.colcon_core.event_handler.log_command:Invoked command in '/home/samee/ros2ws/build/r-gator-launch-2' returned '0': CMAKE_PREFIX_PATH=/opt/ros/humble:${CMAKE_PREFIX_PATH} /usr/local/bin/cmake --install /home/samee/ros2ws/build/r-gator-launch-2
[2.288s] Level 1:colcon.colcon_core.environment:checking '/home/samee/ros2ws/install/r-gator-launch-2' for CMake module files
[2.289s] Level 1:colcon.colcon_core.environment:checking '/home/samee/ros2ws/install/r-gator-launch-2' for CMake config files
[2.289s] Level 1:colcon.colcon_core.shell:create_environment_hook('r-gator-launch-2', 'cmake_prefix_path')
[2.311s] INFO:colcon.colcon_core.shell:Creating environment hook '/home/samee/ros2ws/install/r-gator-launch-2/share/r-gator-launch-2/hook/cmake_prefix_path.ps1'
[2.312s] INFO:colcon.colcon_core.shell:Creating environment descriptor '/home/samee/ros2ws/install/r-gator-launch-2/share/r-gator-launch-2/hook/cmake_prefix_path.dsv'
[2.313s] INFO:colcon.colcon_core.shell:Creating environment hook '/home/samee/ros2ws/install/r-gator-launch-2/share/r-gator-launch-2/hook/cmake_prefix_path.sh'
[2.313s] Level 1:colcon.colcon_core.environment:checking '/home/samee/ros2ws/install/r-gator-launch-2/bin'
[2.313s] Level 1:colcon.colcon_core.environment:checking '/home/samee/ros2ws/install/r-gator-launch-2/lib/pkgconfig/r-gator-launch-2.pc'
[2.314s] Level 1:colcon.colcon_core.environment:checking '/home/samee/ros2ws/install/r-gator-launch-2/lib/python3.10/site-packages'
[2.314s] Level 1:colcon.colcon_core.environment:checking '/home/samee/ros2ws/install/r-gator-launch-2/bin'
[2.339s] INFO:colcon.colcon_core.shell:Creating package script '/home/samee/ros2ws/install/r-gator-launch-2/share/r-gator-launch-2/package.ps1'
[2.339s] INFO:colcon.colcon_core.shell:Creating package descriptor '/home/samee/ros2ws/install/r-gator-launch-2/share/r-gator-launch-2/package.dsv'
[2.340s] INFO:colcon.colcon_core.shell:Creating package script '/home/samee/ros2ws/install/r-gator-launch-2/share/r-gator-launch-2/package.sh'
[2.340s] INFO:colcon.colcon_core.shell:Creating package script '/home/samee/ros2ws/install/r-gator-launch-2/share/r-gator-launch-2/package.bash'
[2.341s] INFO:colcon.colcon_core.shell:Creating package script '/home/samee/ros2ws/install/r-gator-launch-2/share/r-gator-launch-2/package.zsh'
[2.341s] Level 1:colcon.colcon_core.environment:create_file_with_runtime_dependencies(/home/samee/ros2ws/install/r-gator-launch-2/share/colcon-core/packages/r-gator-launch-2)
[2.342s] Level 1:colcon.colcon_core.environment:create_environment_scripts_only(r-gator-model-2)
[2.342s] DEBUG:colcon.colcon_core.event_handler.log_command:Invoked command in '/home/samee/ros2ws/build/r-gator-model-2' returned '0': CMAKE_PREFIX_PATH=/opt/ros/humble:${CMAKE_PREFIX_PATH} /usr/local/bin/cmake --install /home/samee/ros2ws/build/r-gator-model-2
[2.366s] Level 1:colcon.colcon_core.environment:checking '/home/samee/ros2ws/install/r-gator-model-2' for CMake module files
[2.367s] Level 1:colcon.colcon_core.environment:checking '/home/samee/ros2ws/install/r-gator-model-2' for CMake config files
[2.368s] Level 1:colcon.colcon_core.shell:create_environment_hook('r-gator-model-2', 'cmake_prefix_path')
[2.393s] INFO:colcon.colcon_core.shell:Creating environment hook '/home/samee/ros2ws/install/r-gator-model-2/share/r-gator-model-2/hook/cmake_prefix_path.ps1'
[2.393s] INFO:colcon.colcon_core.shell:Creating environment descriptor '/home/samee/ros2ws/install/r-gator-model-2/share/r-gator-model-2/hook/cmake_prefix_path.dsv'
[2.394s] INFO:colcon.colcon_core.shell:Creating environment hook '/home/samee/ros2ws/install/r-gator-model-2/share/r-gator-model-2/hook/cmake_prefix_path.sh'
[2.394s] Level 1:colcon.colcon_core.environment:checking '/home/samee/ros2ws/install/r-gator-model-2/bin'
[2.394s] Level 1:colcon.colcon_core.environment:checking '/home/samee/ros2ws/install/r-gator-model-2/lib/pkgconfig/r-gator-model-2.pc'
[2.395s] Level 1:colcon.colcon_core.environment:checking '/home/samee/ros2ws/install/r-gator-model-2/lib/python3.10/site-packages'
[2.395s] Level 1:colcon.colcon_core.environment:checking '/home/samee/ros2ws/install/r-gator-model-2/bin'
[2.422s] INFO:colcon.colcon_core.shell:Creating package script '/home/samee/ros2ws/install/r-gator-model-2/share/r-gator-model-2/package.ps1'
[2.423s] INFO:colcon.colcon_core.shell:Creating package descriptor '/home/samee/ros2ws/install/r-gator-model-2/share/r-gator-model-2/package.dsv'
[2.423s] INFO:colcon.colcon_core.shell:Creating package script '/home/samee/ros2ws/install/r-gator-model-2/share/r-gator-model-2/package.sh'
[2.424s] INFO:colcon.colcon_core.shell:Creating package script '/home/samee/ros2ws/install/r-gator-model-2/share/r-gator-model-2/package.bash'
[2.424s] INFO:colcon.colcon_core.shell:Creating package script '/home/samee/ros2ws/install/r-gator-model-2/share/r-gator-model-2/package.zsh'
[2.424s] Level 1:colcon.colcon_core.environment:create_file_with_runtime_dependencies(/home/samee/ros2ws/install/r-gator-model-2/share/colcon-core/packages/r-gator-model-2)
[2.426s] DEBUG:colcon.colcon_core.event_handler.log_command:Invoked command in '/home/samee/ros2ws/build/r-gator-description-2' returned '0': /usr/local/bin/cmake --install /home/samee/ros2ws/build/r-gator-description-2
[2.453s] Level 1:colcon.colcon_core.environment:create_environment_scripts_only(r-gator-gazebo-2)
[2.484s] Level 1:colcon.colcon_core.environment:checking '/home/samee/ros2ws/install/r-gator-gazebo-2' for CMake module files
[2.484s] Level 1:colcon.colcon_core.environment:checking '/home/samee/ros2ws/install/r-gator-gazebo-2' for CMake config files
[2.485s] Level 1:colcon.colcon_core.shell:create_environment_hook('r-gator-gazebo-2', 'cmake_prefix_path')
[2.508s] INFO:colcon.colcon_core.shell:Creating environment hook '/home/samee/ros2ws/install/r-gator-gazebo-2/share/r-gator-gazebo-2/hook/cmake_prefix_path.ps1'
[2.508s] INFO:colcon.colcon_core.shell:Creating environment descriptor '/home/samee/ros2ws/install/r-gator-gazebo-2/share/r-gator-gazebo-2/hook/cmake_prefix_path.dsv'
[2.508s] INFO:colcon.colcon_core.shell:Creating environment hook '/home/samee/ros2ws/install/r-gator-gazebo-2/share/r-gator-gazebo-2/hook/cmake_prefix_path.sh'
[2.509s] Level 1:colcon.colcon_core.environment:checking '/home/samee/ros2ws/install/r-gator-gazebo-2/bin'
[2.509s] Level 1:colcon.colcon_core.environment:checking '/home/samee/ros2ws/install/r-gator-gazebo-2/lib/pkgconfig/r-gator-gazebo-2.pc'
[2.509s] Level 1:colcon.colcon_core.environment:checking '/home/samee/ros2ws/install/r-gator-gazebo-2/lib/python3.10/site-packages'
[2.510s] Level 1:colcon.colcon_core.environment:checking '/home/samee/ros2ws/install/r-gator-gazebo-2/bin'
[2.530s] INFO:colcon.colcon_core.shell:Creating package script '/home/samee/ros2ws/install/r-gator-gazebo-2/share/r-gator-gazebo-2/package.ps1'
[2.530s] INFO:colcon.colcon_core.shell:Creating package descriptor '/home/samee/ros2ws/install/r-gator-gazebo-2/share/r-gator-gazebo-2/package.dsv'
[2.531s] INFO:colcon.colcon_core.shell:Creating package script '/home/samee/ros2ws/install/r-gator-gazebo-2/share/r-gator-gazebo-2/package.sh'
[2.531s] INFO:colcon.colcon_core.shell:Creating package script '/home/samee/ros2ws/install/r-gator-gazebo-2/share/r-gator-gazebo-2/package.bash'
[2.532s] INFO:colcon.colcon_core.shell:Creating package script '/home/samee/ros2ws/install/r-gator-gazebo-2/share/r-gator-gazebo-2/package.zsh'
[2.532s] Level 1:colcon.colcon_core.environment:create_file_with_runtime_dependencies(/home/samee/ros2ws/install/r-gator-gazebo-2/share/colcon-core/packages/r-gator-gazebo-2)
[2.534s] DEBUG:colcon.colcon_core.event_handler.log_command:Invoked command in '/home/samee/ros2ws/build/r-gator-teleop-2' returned '0': /usr/local/bin/cmake --install /home/samee/ros2ws/build/r-gator-teleop-2
[2.554s] Level 1:colcon.colcon_core.environment:create_environment_scripts_only(r-gator-launch-2)
[2.576s] Level 1:colcon.colcon_core.environment:checking '/home/samee/ros2ws/install/r-gator-launch-2' for CMake module files
[2.577s] Level 1:colcon.colcon_core.environment:checking '/home/samee/ros2ws/install/r-gator-launch-2' for CMake config files
[2.577s] Level 1:colcon.colcon_core.shell:create_environment_hook('r-gator-launch-2', 'cmake_prefix_path')
[2.598s] INFO:colcon.colcon_core.shell:Creating environment hook '/home/samee/ros2ws/install/r-gator-launch-2/share/r-gator-launch-2/hook/cmake_prefix_path.ps1'
[2.598s] INFO:colcon.colcon_core.shell:Creating environment descriptor '/home/samee/ros2ws/install/r-gator-launch-2/share/r-gator-launch-2/hook/cmake_prefix_path.dsv'
[2.598s] INFO:colcon.colcon_core.shell:Creating environment hook '/home/samee/ros2ws/install/r-gator-launch-2/share/r-gator-launch-2/hook/cmake_prefix_path.sh'
[2.599s] Level 1:colcon.colcon_core.environment:checking '/home/samee/ros2ws/install/r-gator-launch-2/bin'
[2.599s] Level 1:colcon.colcon_core.environment:checking '/home/samee/ros2ws/install/r-gator-launch-2/lib/pkgconfig/r-gator-launch-2.pc'
[2.599s] Level 1:colcon.colcon_core.environment:checking '/home/samee/ros2ws/install/r-gator-launch-2/lib/python3.10/site-packages'
[2.599s] Level 1:colcon.colcon_core.environment:checking '/home/samee/ros2ws/install/r-gator-launch-2/bin'
[2.619s] INFO:colcon.colcon_core.shell:Creating package script '/home/samee/ros2ws/install/r-gator-launch-2/share/r-gator-launch-2/package.ps1'
[2.620s] INFO:colcon.colcon_core.shell:Creating package descriptor '/home/samee/ros2ws/install/r-gator-launch-2/share/r-gator-launch-2/package.dsv'
[2.620s] INFO:colcon.colcon_core.shell:Creating package script '/home/samee/ros2ws/install/r-gator-launch-2/share/r-gator-launch-2/package.sh'
[2.621s] INFO:colcon.colcon_core.shell:Creating package script '/home/samee/ros2ws/install/r-gator-launch-2/share/r-gator-launch-2/package.bash'
[2.621s] INFO:colcon.colcon_core.shell:Creating package script '/home/samee/ros2ws/install/r-gator-launch-2/share/r-gator-launch-2/package.zsh'
[2.621s] Level 1:colcon.colcon_core.environment:create_file_with_runtime_dependencies(/home/samee/ros2ws/install/r-gator-launch-2/share/colcon-core/packages/r-gator-launch-2)
[2.648s] Level 1:colcon.colcon_core.environment:create_environment_scripts_only(r-gator-model-2)
[2.670s] Level 1:colcon.colcon_core.environment:checking '/home/samee/ros2ws/install/r-gator-model-2' for CMake module files
[2.671s] Level 1:colcon.colcon_core.environment:checking '/home/samee/ros2ws/install/r-gator-model-2' for CMake config files
[2.671s] Level 1:colcon.colcon_core.shell:create_environment_hook('r-gator-model-2', 'cmake_prefix_path')
[2.694s] INFO:colcon.colcon_core.shell:Creating environment hook '/home/samee/ros2ws/install/r-gator-model-2/share/r-gator-model-2/hook/cmake_prefix_path.ps1'
[2.695s] INFO:colcon.colcon_core.shell:Creating environment descriptor '/home/samee/ros2ws/install/r-gator-model-2/share/r-gator-model-2/hook/cmake_prefix_path.dsv'
[2.696s] INFO:colcon.colcon_core.shell:Creating environment hook '/home/samee/ros2ws/install/r-gator-model-2/share/r-gator-model-2/hook/cmake_prefix_path.sh'
[2.696s] Level 1:colcon.colcon_core.environment:checking '/home/samee/ros2ws/install/r-gator-model-2/bin'
[2.696s] Level 1:colcon.colcon_core.environment:checking '/home/samee/ros2ws/install/r-gator-model-2/lib/pkgconfig/r-gator-model-2.pc'
[2.697s] Level 1:colcon.colcon_core.environment:checking '/home/samee/ros2ws/install/r-gator-model-2/lib/python3.10/site-packages'
[2.697s] Level 1:colcon.colcon_core.environment:checking '/home/samee/ros2ws/install/r-gator-model-2/bin'
[2.721s] INFO:colcon.colcon_core.shell:Creating package script '/home/samee/ros2ws/install/r-gator-model-2/share/r-gator-model-2/package.ps1'
[2.722s] INFO:colcon.colcon_core.shell:Creating package descriptor '/home/samee/ros2ws/install/r-gator-model-2/share/r-gator-model-2/package.dsv'
[2.722s] INFO:colcon.colcon_core.shell:Creating package script '/home/samee/ros2ws/install/r-gator-model-2/share/r-gator-model-2/package.sh'
[2.723s] INFO:colcon.colcon_core.shell:Creating package script '/home/samee/ros2ws/install/r-gator-model-2/share/r-gator-model-2/package.bash'
[2.723s] INFO:colcon.colcon_core.shell:Creating package script '/home/samee/ros2ws/install/r-gator-model-2/share/r-gator-model-2/package.zsh'
[2.724s] Level 1:colcon.colcon_core.environment:create_file_with_runtime_dependencies(/home/samee/ros2ws/install/r-gator-model-2/share/colcon-core/packages/r-gator-model-2)
[2.724s] Level 1:colcon.colcon_core.shell:create_environment_hook('r-gator-description-2', 'ros_package_path')
[2.745s] INFO:colcon.colcon_core.shell:Creating environment hook '/home/samee/ros2ws/install/r-gator-description-2/share/r-gator-description-2/hook/ros_package_path.ps1'
[2.746s] INFO:colcon.colcon_core.shell:Creating environment descriptor '/home/samee/ros2ws/install/r-gator-description-2/share/r-gator-description-2/hook/ros_package_path.dsv'
[2.746s] INFO:colcon.colcon_core.shell:Creating environment hook '/home/samee/ros2ws/install/r-gator-description-2/share/r-gator-description-2/hook/ros_package_path.sh'
[2.747s] Level 1:colcon.colcon_core.shell:create_environment_hook('r-gator-description-2', 'pkg_config_path')
[2.769s] INFO:colcon.colcon_core.shell:Creating environment hook '/home/samee/ros2ws/install/r-gator-description-2/share/r-gator-description-2/hook/pkg_config_path.ps1'
[2.769s] INFO:colcon.colcon_core.shell:Creating environment descriptor '/home/samee/ros2ws/install/r-gator-description-2/share/r-gator-description-2/hook/pkg_config_path.dsv'
[2.769s] INFO:colcon.colcon_core.shell:Creating environment hook '/home/samee/ros2ws/install/r-gator-description-2/share/r-gator-description-2/hook/pkg_config_path.sh'
[2.771s] Level 1:colcon.colcon_core.shell:create_environment_hook('r-gator-description-2', 'pkg_config_path_multiarch')
[2.797s] INFO:colcon.colcon_core.shell:Creating environment hook '/home/samee/ros2ws/install/r-gator-description-2/share/r-gator-description-2/hook/pkg_config_path_multiarch.ps1'
[2.798s] INFO:colcon.colcon_core.shell:Creating environment descriptor '/home/samee/ros2ws/install/r-gator-description-2/share/r-gator-description-2/hook/pkg_config_path_multiarch.dsv'
[2.798s] INFO:colcon.colcon_core.shell:Creating environment hook '/home/samee/ros2ws/install/r-gator-description-2/share/r-gator-description-2/hook/pkg_config_path_multiarch.sh'
[2.817s] Level 1:colcon.colcon_core.environment:create_environment_scripts_only(r-gator-description-2)
[2.835s] Level 1:colcon.colcon_core.environment:checking '/home/samee/ros2ws/install/r-gator-description-2' for CMake module files
[2.835s] Level 1:colcon.colcon_core.environment:checking '/home/samee/ros2ws/install/r-gator-description-2' for CMake config files
[2.836s] Level 1:colcon.colcon_core.shell:create_environment_hook('r-gator-description-2', 'cmake_prefix_path')
[2.853s] INFO:colcon.colcon_core.shell:Creating environment hook '/home/samee/ros2ws/install/r-gator-description-2/share/r-gator-description-2/hook/cmake_prefix_path.ps1'
[2.854s] INFO:colcon.colcon_core.shell:Creating environment descriptor '/home/samee/ros2ws/install/r-gator-description-2/share/r-gator-description-2/hook/cmake_prefix_path.dsv'
[2.854s] INFO:colcon.colcon_core.shell:Creating environment hook '/home/samee/ros2ws/install/r-gator-description-2/share/r-gator-description-2/hook/cmake_prefix_path.sh'
[2.854s] Level 1:colcon.colcon_core.environment:checking '/home/samee/ros2ws/install/r-gator-description-2/bin'
[2.854s] Level 1:colcon.colcon_core.environment:checking '/home/samee/ros2ws/install/r-gator-description-2/lib/pkgconfig/r-gator-description-2.pc'
[2.855s] Level 1:colcon.colcon_core.environment:checking '/home/samee/ros2ws/install/r-gator-description-2/lib/python3.10/site-packages'
[2.855s] Level 1:colcon.colcon_core.environment:checking '/home/samee/ros2ws/install/r-gator-description-2/bin'
[2.874s] INFO:colcon.colcon_core.shell:Creating package script '/home/samee/ros2ws/install/r-gator-description-2/share/r-gator-description-2/package.ps1'
[2.875s] INFO:colcon.colcon_core.shell:Creating package descriptor '/home/samee/ros2ws/install/r-gator-description-2/share/r-gator-description-2/package.dsv'
[2.875s] INFO:colcon.colcon_core.shell:Creating package script '/home/samee/ros2ws/install/r-gator-description-2/share/r-gator-description-2/package.sh'
[2.876s] INFO:colcon.colcon_core.shell:Creating package script '/home/samee/ros2ws/install/r-gator-description-2/share/r-gator-description-2/package.bash'
[2.876s] INFO:colcon.colcon_core.shell:Creating package script '/home/samee/ros2ws/install/r-gator-description-2/share/r-gator-description-2/package.zsh'
[2.876s] Level 1:colcon.colcon_core.environment:create_file_with_runtime_dependencies(/home/samee/ros2ws/install/r-gator-description-2/share/colcon-core/packages/r-gator-description-2)
[2.877s] Level 1:colcon.colcon_core.shell:create_environment_hook('r-gator-teleop-2', 'ros_package_path')
[2.897s] INFO:colcon.colcon_core.shell:Creating environment hook '/home/samee/ros2ws/install/r-gator-teleop-2/share/r-gator-teleop-2/hook/ros_package_path.ps1'
[2.897s] INFO:colcon.colcon_core.shell:Creating environment descriptor '/home/samee/ros2ws/install/r-gator-teleop-2/share/r-gator-teleop-2/hook/ros_package_path.dsv'
[2.897s] INFO:colcon.colcon_core.shell:Creating environment hook '/home/samee/ros2ws/install/r-gator-teleop-2/share/r-gator-teleop-2/hook/ros_package_path.sh'
[2.898s] Level 1:colcon.colcon_core.shell:create_environment_hook('r-gator-teleop-2', 'pkg_config_path')
[2.922s] INFO:colcon.colcon_core.shell:Creating environment hook '/home/samee/ros2ws/install/r-gator-teleop-2/share/r-gator-teleop-2/hook/pkg_config_path.ps1'
[2.923s] INFO:colcon.colcon_core.shell:Creating environment descriptor '/home/samee/ros2ws/install/r-gator-teleop-2/share/r-gator-teleop-2/hook/pkg_config_path.dsv'
[2.923s] INFO:colcon.colcon_core.shell:Creating environment hook '/home/samee/ros2ws/install/r-gator-teleop-2/share/r-gator-teleop-2/hook/pkg_config_path.sh'
[2.923s] Level 1:colcon.colcon_core.shell:create_environment_hook('r-gator-teleop-2', 'pkg_config_path_multiarch')
[2.948s] INFO:colcon.colcon_core.shell:Creating environment hook '/home/samee/ros2ws/install/r-gator-teleop-2/share/r-gator-teleop-2/hook/pkg_config_path_multiarch.ps1'
[2.949s] INFO:colcon.colcon_core.shell:Creating environment descriptor '/home/samee/ros2ws/install/r-gator-teleop-2/share/r-gator-teleop-2/hook/pkg_config_path_multiarch.dsv'
[2.949s] INFO:colcon.colcon_core.shell:Creating environment hook '/home/samee/ros2ws/install/r-gator-teleop-2/share/r-gator-teleop-2/hook/pkg_config_path_multiarch.sh'
[2.976s] Level 1:colcon.colcon_core.environment:create_environment_scripts_only(r-gator-teleop-2)
[3.001s] Level 1:colcon.colcon_core.environment:checking '/home/samee/ros2ws/install/r-gator-teleop-2' for CMake module files
[3.001s] Level 1:colcon.colcon_core.environment:checking '/home/samee/ros2ws/install/r-gator-teleop-2' for CMake config files
[3.001s] Level 1:colcon.colcon_core.shell:create_environment_hook('r-gator-teleop-2', 'cmake_prefix_path')
[3.027s] INFO:colcon.colcon_core.shell:Creating environment hook '/home/samee/ros2ws/install/r-gator-teleop-2/share/r-gator-teleop-2/hook/cmake_prefix_path.ps1'
[3.027s] INFO:colcon.colcon_core.shell:Creating environment descriptor '/home/samee/ros2ws/install/r-gator-teleop-2/share/r-gator-teleop-2/hook/cmake_prefix_path.dsv'
[3.028s] INFO:colcon.colcon_core.shell:Creating environment hook '/home/samee/ros2ws/install/r-gator-teleop-2/share/r-gator-teleop-2/hook/cmake_prefix_path.sh'
[3.028s] Level 1:colcon.colcon_core.environment:checking '/home/samee/ros2ws/install/r-gator-teleop-2/bin'
[3.028s] Level 1:colcon.colcon_core.environment:checking '/home/samee/ros2ws/install/r-gator-teleop-2/lib/pkgconfig/r-gator-teleop-2.pc'
[3.029s] Level 1:colcon.colcon_core.environment:checking '/home/samee/ros2ws/install/r-gator-teleop-2/lib/python3.10/site-packages'
[3.029s] Level 1:colcon.colcon_core.environment:checking '/home/samee/ros2ws/install/r-gator-teleop-2/bin'
[3.066s] INFO:colcon.colcon_core.shell:Creating package script '/home/samee/ros2ws/install/r-gator-teleop-2/share/r-gator-teleop-2/package.ps1'
[3.067s] INFO:colcon.colcon_core.shell:Creating package descriptor '/home/samee/ros2ws/install/r-gator-teleop-2/share/r-gator-teleop-2/package.dsv'
[3.068s] INFO:colcon.colcon_core.shell:Creating package script '/home/samee/ros2ws/install/r-gator-teleop-2/share/r-gator-teleop-2/package.sh'
[3.068s] INFO:colcon.colcon_core.shell:Creating package script '/home/samee/ros2ws/install/r-gator-teleop-2/share/r-gator-teleop-2/package.bash'
[3.069s] INFO:colcon.colcon_core.shell:Creating package script '/home/samee/ros2ws/install/r-gator-teleop-2/share/r-gator-teleop-2/package.zsh'
[3.070s] Level 1:colcon.colcon_core.environment:create_file_with_runtime_dependencies(/home/samee/ros2ws/install/r-gator-teleop-2/share/colcon-core/packages/r-gator-teleop-2)
[4.475s] DEBUG:colcon.colcon_core.event_handler.log_command:Invoked command in '/home/samee/ros2ws/build/r-gator-gazebo-tool-2' returned '2': /usr/local/bin/cmake --build /home/samee/ros2ws/build/r-gator-gazebo-tool-2 -- -j12 -l12
[4.500s] Level 1:colcon.colcon_core.shell:create_environment_hook('r-gator-gazebo-tool-2', 'ros_package_path')
[4.531s] INFO:colcon.colcon_core.shell:Creating environment hook '/home/samee/ros2ws/install/r-gator-gazebo-tool-2/share/r-gator-gazebo-tool-2/hook/ros_package_path.ps1'
[4.531s] INFO:colcon.colcon_core.shell:Creating environment descriptor '/home/samee/ros2ws/install/r-gator-gazebo-tool-2/share/r-gator-gazebo-tool-2/hook/ros_package_path.dsv'
[4.532s] INFO:colcon.colcon_core.shell:Creating environment hook '/home/samee/ros2ws/install/r-gator-gazebo-tool-2/share/r-gator-gazebo-tool-2/hook/ros_package_path.sh'
[4.533s] Level 1:colcon.colcon_core.shell:create_environment_hook('r-gator-gazebo-tool-2', 'pkg_config_path')
[4.569s] INFO:colcon.colcon_core.shell:Creating environment hook '/home/samee/ros2ws/install/r-gator-gazebo-tool-2/share/r-gator-gazebo-tool-2/hook/pkg_config_path.ps1'
[4.570s] INFO:colcon.colcon_core.shell:Creating environment descriptor '/home/samee/ros2ws/install/r-gator-gazebo-tool-2/share/r-gator-gazebo-tool-2/hook/pkg_config_path.dsv'
[4.570s] INFO:colcon.colcon_core.shell:Creating environment hook '/home/samee/ros2ws/install/r-gator-gazebo-tool-2/share/r-gator-gazebo-tool-2/hook/pkg_config_path.sh'
[4.570s] Level 1:colcon.colcon_core.shell:create_environment_hook('r-gator-gazebo-tool-2', 'pkg_config_path_multiarch')
[4.596s] INFO:colcon.colcon_core.shell:Creating environment hook '/home/samee/ros2ws/install/r-gator-gazebo-tool-2/share/r-gator-gazebo-tool-2/hook/pkg_config_path_multiarch.ps1'
[4.597s] INFO:colcon.colcon_core.shell:Creating environment descriptor '/home/samee/ros2ws/install/r-gator-gazebo-tool-2/share/r-gator-gazebo-tool-2/hook/pkg_config_path_multiarch.dsv'
[4.597s] INFO:colcon.colcon_core.shell:Creating environment hook '/home/samee/ros2ws/install/r-gator-gazebo-tool-2/share/r-gator-gazebo-tool-2/hook/pkg_config_path_multiarch.sh'
[4.621s] Level 1:colcon.colcon_core.environment:create_environment_scripts_only(r-gator-gazebo-tool-2)
[4.643s] Level 1:colcon.colcon_core.environment:checking '/home/samee/ros2ws/install/r-gator-gazebo-tool-2' for CMake module files
[4.644s] Level 1:colcon.colcon_core.environment:checking '/home/samee/ros2ws/install/r-gator-gazebo-tool-2' for CMake config files
[4.644s] Level 1:colcon.colcon_core.shell:create_environment_hook('r-gator-gazebo-tool-2', 'cmake_prefix_path')
[4.667s] INFO:colcon.colcon_core.shell:Creating environment hook '/home/samee/ros2ws/install/r-gator-gazebo-tool-2/share/r-gator-gazebo-tool-2/hook/cmake_prefix_path.ps1'
[4.668s] INFO:colcon.colcon_core.shell:Creating environment descriptor '/home/samee/ros2ws/install/r-gator-gazebo-tool-2/share/r-gator-gazebo-tool-2/hook/cmake_prefix_path.dsv'
[4.668s] INFO:colcon.colcon_core.shell:Creating environment hook '/home/samee/ros2ws/install/r-gator-gazebo-tool-2/share/r-gator-gazebo-tool-2/hook/cmake_prefix_path.sh'
[4.668s] Level 1:colcon.colcon_core.environment:checking '/home/samee/ros2ws/install/r-gator-gazebo-tool-2/lib'
[4.669s] Level 1:colcon.colcon_core.environment:checking '/home/samee/ros2ws/install/r-gator-gazebo-tool-2/bin'
[4.669s] Level 1:colcon.colcon_core.environment:checking '/home/samee/ros2ws/install/r-gator-gazebo-tool-2/lib/pkgconfig/r-gator-gazebo-tool-2.pc'
[4.669s] Level 1:colcon.colcon_core.environment:checking '/home/samee/ros2ws/install/r-gator-gazebo-tool-2/lib/python3.10/site-packages'
[4.669s] Level 1:colcon.colcon_core.environment:checking '/home/samee/ros2ws/install/r-gator-gazebo-tool-2/bin'
[4.694s] INFO:colcon.colcon_core.shell:Creating package script '/home/samee/ros2ws/install/r-gator-gazebo-tool-2/share/r-gator-gazebo-tool-2/package.ps1'
[4.695s] INFO:colcon.colcon_core.shell:Creating package descriptor '/home/samee/ros2ws/install/r-gator-gazebo-tool-2/share/r-gator-gazebo-tool-2/package.dsv'
[4.696s] INFO:colcon.colcon_core.shell:Creating package script '/home/samee/ros2ws/install/r-gator-gazebo-tool-2/share/r-gator-gazebo-tool-2/package.sh'
[4.696s] INFO:colcon.colcon_core.shell:Creating package script '/home/samee/ros2ws/install/r-gator-gazebo-tool-2/share/r-gator-gazebo-tool-2/package.bash'
[4.696s] INFO:colcon.colcon_core.shell:Creating package script '/home/samee/ros2ws/install/r-gator-gazebo-tool-2/share/r-gator-gazebo-tool-2/package.zsh'
[4.697s] Level 1:colcon.colcon_core.environment:create_file_with_runtime_dependencies(/home/samee/ros2ws/install/r-gator-gazebo-tool-2/share/colcon-core/packages/r-gator-gazebo-tool-2)
[4.707s] DEBUG:colcon.colcon_parallel_executor.executor.parallel:closing loop
[4.707s] DEBUG:colcon.colcon_parallel_executor.executor.parallel:loop closed
[4.707s] DEBUG:colcon.colcon_parallel_executor.executor.parallel:run_until_complete finished with '2'
[4.708s] DEBUG:colcon.colcon_core.event_reactor:joining thread
[4.734s] INFO:colcon.colcon_core.plugin_system:Skipping extension 'colcon_notification.desktop_notification.terminal_notifier': Not used on non-Darwin systems
[4.734s] INFO:colcon.colcon_core.plugin_system:Skipping extension 'colcon_notification.desktop_notification.win32': Not used on non-Windows systems
[4.734s] INFO:colcon.colcon_notification.desktop_notification:Sending desktop notification using 'notify2'
[4.787s] DEBUG:colcon.colcon_core.event_reactor:joined thread
[4.808s] INFO:colcon.colcon_core.shell:Creating prefix script '/home/samee/ros2ws/install/local_setup.ps1'
[4.809s] INFO:colcon.colcon_core.shell:Creating prefix util module '/home/samee/ros2ws/install/_local_setup_util_ps1.py'
[4.810s] INFO:colcon.colcon_core.shell:Creating prefix chain script '/home/samee/ros2ws/install/setup.ps1'
[4.831s] INFO:colcon.colcon_core.shell:Creating prefix script '/home/samee/ros2ws/install/local_setup.sh'
[4.832s] INFO:colcon.colcon_core.shell:Creating prefix util module '/home/samee/ros2ws/install/_local_setup_util_sh.py'
[4.832s] INFO:colcon.colcon_core.shell:Creating prefix chain script '/home/samee/ros2ws/install/setup.sh'
[4.855s] INFO:colcon.colcon_core.shell:Creating prefix script '/home/samee/ros2ws/install/local_setup.bash'
[4.855s] INFO:colcon.colcon_core.shell:Creating prefix chain script '/home/samee/ros2ws/install/setup.bash'
[4.878s] INFO:colcon.colcon_core.shell:Creating prefix script '/home/samee/ros2ws/install/local_setup.zsh'
[4.879s] INFO:colcon.colcon_core.shell:Creating prefix chain script '/home/samee/ros2ws/install/setup.zsh'
