[0.098s] Invoking command in '/home/samee/ros2ws/build/actor_collision': /usr/local/bin/cmake /home/samee/ros2ws/src/ros_drivers/actor_collision -DCATKIN_INSTALL_INTO_PREFIX_ROOT=0 -DCMAKE_INSTALL_PREFIX=/home/samee/ros2ws/install/actor_collision
[0.699s] -- The C compiler identification is GNU 11.4.0
[0.699s] -- The CXX compiler identification is GNU 11.4.0
[0.699s] -- Detecting C compiler ABI info
[0.699s] -- Detecting C compiler ABI info - done
[0.699s] -- Check for working C compiler: /usr/bin/cc - skipped
[0.699s] -- Detecting C compile features
[0.699s] -- Detecting C compile features - done
[0.699s] -- Detecting CXX compiler ABI info
[0.699s] -- Detecting CXX compiler ABI info - done
[0.700s] -- Check for working CXX compiler: /usr/bin/c++ - skipped
[0.700s] -- Detecting CXX compile features
[0.700s] -- Detecting CXX compile features - done
[0.700s] -- Performing Test COMPILER_SUPPORTS_CXX11
[0.705s] [0mCMake Deprecation Warning at CMakeLists.txt:1 (cmake_minimum_required):
[0.705s]   Compatibility with CMake < 3.5 will be removed from a future version of
[0.705s]   CMake.
[0.705s] 
[0.705s]   Update the VERSION argument <min> value or use a ...<max> suffix to tell
[0.705s]   CMake that the project does not need compatibility with older versions.
[0.705s] 
[0.705s] [0m
[0.729s] -- Performing Test COMPILER_SUPPORTS_CXX11 - Success
[0.730s] -- Performing Test COMPILER_SUPPORTS_CXX0X
[0.777s] -- Performing Test COMPILER_SUPPORTS_CXX0X - Success
[0.793s] [31mCMake Error at CMakeLists.txt:17 (find_package):
[0.793s]   By not providing "Findcatkin.cmake" in CMAKE_MODULE_PATH this project has
[0.793s]   asked CMake to find a package configuration file provided by "catkin", but
[0.793s]   CMake did not find one.
[0.793s] 
[0.793s]   Could not find a package configuration file provided by "catkin" with any
[0.793s]   of the following names:
[0.793s] 
[0.793s]     catkinConfig.cmake
[0.793s]     catkin-config.cmake
[0.793s] 
[0.793s]   Add the installation prefix of "catkin" to CMAKE_PREFIX_PATH or set
[0.794s]   "catkin_DIR" to a directory containing one of the above files.  If "catkin"
[0.794s]   provides a separate development package or SDK, be sure it has been
[0.794s]   installed.
[0.794s] 
[0.794s] [0m
[0.794s] -- Configuring incomplete, errors occurred!
