[0.233s] Invoking command in '/home/samee/ros2ws/build/r_gator_launch': CMAKE_PREFIX_PATH=/opt/ros/humble:${CMAKE_PREFIX_PATH} /usr/local/bin/cmake --build /home/samee/ros2ws/build/r_gator_launch -- -j12 -l12
[0.243s] Invoked command in '/home/samee/ros2ws/build/r_gator_launch' returned '0': CMAKE_PREFIX_PATH=/opt/ros/humble:${CMAKE_PREFIX_PATH} /usr/local/bin/cmake --build /home/samee/ros2ws/build/r_gator_launch -- -j12 -l12
[0.257s] Invoking command in '/home/samee/ros2ws/build/r_gator_launch': CMAKE_PREFIX_PATH=/opt/ros/humble:${CMAKE_PREFIX_PATH} /usr/local/bin/cmake --install /home/samee/ros2ws/build/r_gator_launch
[0.262s] -- Install configuration: ""
[0.263s] -- Up-to-date: /home/samee/ros2ws/install/r_gator_launch/share/ament_index/resource_index/package_run_dependencies/r_gator_launch
[0.264s] -- Up-to-date: /home/samee/ros2ws/install/r_gator_launch/share/ament_index/resource_index/parent_prefix_path/r_gator_launch
[0.264s] -- Up-to-date: /home/samee/ros2ws/install/r_gator_launch/share/r_gator_launch/environment/ament_prefix_path.sh
[0.265s] -- Up-to-date: /home/samee/ros2ws/install/r_gator_launch/share/r_gator_launch/environment/ament_prefix_path.dsv
[0.265s] -- Up-to-date: /home/samee/ros2ws/install/r_gator_launch/share/r_gator_launch/environment/path.sh
[0.265s] -- Up-to-date: /home/samee/ros2ws/install/r_gator_launch/share/r_gator_launch/environment/path.dsv
[0.265s] -- Up-to-date: /home/samee/ros2ws/install/r_gator_launch/share/r_gator_launch/local_setup.bash
[0.266s] -- Up-to-date: /home/samee/ros2ws/install/r_gator_launch/share/r_gator_launch/local_setup.sh
[0.266s] -- Up-to-date: /home/samee/ros2ws/install/r_gator_launch/share/r_gator_launch/local_setup.zsh
[0.266s] -- Up-to-date: /home/samee/ros2ws/install/r_gator_launch/share/r_gator_launch/local_setup.dsv
[0.266s] -- Installing: /home/samee/ros2ws/install/r_gator_launch/share/r_gator_launch/package.dsv
[0.267s] -- Up-to-date: /home/samee/ros2ws/install/r_gator_launch/share/ament_index/resource_index/packages/r_gator_launch
[0.267s] -- Up-to-date: /home/samee/ros2ws/install/r_gator_launch/share/r_gator_launch/cmake/r_gator_launchConfig.cmake
[0.267s] -- Up-to-date: /home/samee/ros2ws/install/r_gator_launch/share/r_gator_launch/cmake/r_gator_launchConfig-version.cmake
[0.267s] -- Up-to-date: /home/samee/ros2ws/install/r_gator_launch/share/r_gator_launch/package.xml
[0.273s] Invoked command in '/home/samee/ros2ws/build/r_gator_launch' returned '0': CMAKE_PREFIX_PATH=/opt/ros/humble:${CMAKE_PREFIX_PATH} /usr/local/bin/cmake --install /home/samee/ros2ws/build/r_gator_launch
