[01m[K/home/samee/ros2ws/src/r_gator_gazebo_tool/src/tf_broadcaster.cpp:1:10:[m[K [01;31m[Kfatal error: [m[Krclcpp/rclcpp.hpp: No such file or directory
    1 | #include [01;31m[K"rclcpp/rclcpp.hpp"[m[K
      |          [01;31m[K^~~~~~~~~~~~~~~~~~~[m[K
[01m[K/home/samee/ros2ws/src/r_gator_gazebo_tool/src/gazebo_odom_publisher.cpp:1:10:[m[K [01;31m[Kfatal error: [m[Krclcpp/rclcpp.hpp: No such file or directory
    1 | #include [01;31m[K"rclcpp/rclcpp.hpp"[m[K
      |          [01;31m[K^~~~~~~~~~~~~~~~~~~[m[K
compilation terminated.
compilation terminated.
gmake[2]: *** [CMakeFiles/r_gator_gazebo_tool_node.dir/build.make:76: CMakeFiles/r_gator_gazebo_tool_node.dir/src/gazebo_odom_publisher.cpp.o] Error 1
gmake[2]: *** [CMakeFiles/tf_broadcaster_node.dir/build.make:76: CMakeFiles/tf_broadcaster_node.dir/src/tf_broadcaster.cpp.o] Error 1
gmake[1]: *** [CMakeFiles/Makefile2:167: CMakeFiles/r_gator_gazebo_tool_node.dir/all] Error 2
gmake[1]: *** Waiting for unfinished jobs....
gmake[1]: *** [CMakeFiles/Makefile2:193: CMakeFiles/tf_broadcaster_node.dir/all] Error 2
[01m[K/home/samee/ros2ws/src/r_gator_gazebo_tool/src/gazebo_odom_publisher.cpp:6:10:[m[K [01;31m[Kfatal error: [m[Ktf2_geometry_msgs/tf2_geometry_msgs.h: No such file or directory
    6 | #include [01;31m[K"tf2_geometry_msgs/tf2_geometry_msgs.h"[m[K
      |          [01;31m[K^~~~~~~~~~~~~~~~~~~~~~~~~~~~~~~~~~~~~~~[m[K
compilation terminated.
gmake[2]: *** [CMakeFiles/r_gator_gazebo_tool.dir/build.make:90: CMakeFiles/r_gator_gazebo_tool.dir/src/gazebo_odom_publisher.cpp.o] Error 1
gmake[2]: *** Waiting for unfinished jobs....
[01m[K/home/samee/ros2ws/src/r_gator_gazebo_tool/src/tf_broadcaster.cpp:[m[K In member function ‘[01m[Kvoid TFBroadcaster::broadcast_transforms()[m[K’:
[01m[K/home/samee/ros2ws/src/r_gator_gazebo_tool/src/tf_broadcaster.cpp:33:7:[m[K [01;31m[Kerror: [m[K‘[01m[Ktf2[m[K’ has not been declared
   33 |       [01;31m[Ktf2[m[K::Transform map_to_path;
      |       [01;31m[K^~~[m[K
[01m[K/home/samee/ros2ws/src/r_gator_gazebo_tool/src/tf_broadcaster.cpp:34:7:[m[K [01;31m[Kerror: [m[K‘[01m[Kmap_to_path[m[K’ was not declared in this scope
   34 |       [01;31m[Kmap_to_path[m[K.setIdentity();
      |       [01;31m[K^~~~~~~~~~~[m[K
[01m[K/home/samee/ros2ws/src/r_gator_gazebo_tool/src/tf_broadcaster.cpp:39:34:[m[K [01;31m[Kerror: [m[K‘[01m[Ktf2[m[K’ has not been declared
   39 |       map_to_path_tf.transform = [01;31m[Ktf2[m[K::toMsg(map_to_path);
      |                                  [01;31m[K^~~[m[K
[01m[K/home/samee/ros2ws/src/r_gator_gazebo_tool/src/tf_broadcaster.cpp:41:7:[m[K [01;31m[Kerror: [m[K‘[01m[Ktf2[m[K’ has not been declared
   41 |       [01;31m[Ktf2[m[K::Transform map_to_odom;
      |       [01;31m[K^~~[m[K
[01m[K/home/samee/ros2ws/src/r_gator_gazebo_tool/src/tf_broadcaster.cpp:42:7:[m[K [01;31m[Kerror: [m[K‘[01m[Ktf2[m[K’ has not been declared
   42 |       [01;31m[Ktf2[m[K::Transform map_to_odom_tf;
      |       [01;31m[K^~~[m[K
[01m[K/home/samee/ros2ws/src/r_gator_gazebo_tool/src/tf_broadcaster.cpp:43:7:[m[K [01;31m[Kerror: [m[K‘[01m[Kmap_to_odom[m[K’ was not declared in this scope
   43 |       [01;31m[Kmap_to_odom[m[K.setOrigin(tf2::Vector3(tf_pose.position.x, tf_pose.position.y, tf_pose.position.z));
      |       [01;31m[K^~~~~~~~~~~[m[K
[01m[K/home/samee/ros2ws/src/r_gator_gazebo_tool/src/tf_broadcaster.cpp:43:29:[m[K [01;31m[Kerror: [m[K‘[01m[Ktf2[m[K’ has not been declared
   43 |       map_to_odom.setOrigin([01;31m[Ktf2[m[K::Vector3(tf_pose.position.x, tf_pose.position.y, tf_pose.position.z));
      |                             [01;31m[K^~~[m[K
[01m[K/home/samee/ros2ws/src/r_gator_gazebo_tool/src/tf_broadcaster.cpp:44:31:[m[K [01;31m[Kerror: [m[K‘[01m[Ktf2[m[K’ has not been declared
   44 |       map_to_odom.setRotation([01;31m[Ktf2[m[K::Quaternion(0, 0, 0, 1));
      |                               [01;31m[K^~~[m[K
[01m[K/home/samee/ros2ws/src/r_gator_gazebo_tool/src/tf_broadcaster.cpp:46:7:[m[K [01;31m[Kerror: [m[K‘[01m[Kmap_to_odom_tf[m[K’ was not declared in this scope; did you mean ‘[01m[Kmap_to_path_tf[m[K’?
   46 |       [01;31m[Kmap_to_odom_tf[m[K = map_to_path.inverseTimes(map_to_odom);
      |       [01;31m[K^~~~~~~~~~~~~~[m[K
      |       [32m[Kmap_to_path_tf[m[K
[01m[K/home/samee/ros2ws/src/r_gator_gazebo_tool/src/tf_broadcaster.cpp:51:35:[m[K [01;31m[Kerror: [m[K‘[01m[Ktf2[m[K’ has not been declared
   51 |       map_to_odom_msg.transform = [01;31m[Ktf2[m[K::toMsg(map_to_odom_tf);
      |                                   [01;31m[K^~~[m[K
gmake[2]: *** [CMakeFiles/r_gator_gazebo_tool.dir/build.make:76: CMakeFiles/r_gator_gazebo_tool.dir/src/tf_broadcaster.cpp.o] Error 1
gmake[1]: *** [CMakeFiles/Makefile2:141: CMakeFiles/r_gator_gazebo_tool.dir/all] Error 2
gmake: *** [Makefile:146: all] Error 2
