[0.313s] Invoking command in '/home/samee/ros2ws/build/rgator_model': /usr/local/bin/cmake /home/samee/ros2ws/src/rgator_model -DCATKIN_INSTALL_INTO_PREFIX_ROOT=0 -DCMAKE_INSTALL_PREFIX=/home/samee/ros2ws/install/rgator_model
[0.321s] [0mCMake Deprecation Warning at CMakeLists.txt:1 (cmake_minimum_required):
[0.321s]   Compatibility with CMake < 3.5 will be removed from a future version of
[0.321s]   CMake.
[0.322s] 
[0.322s]   Update the VERSION argument <min> value or use a ...<max> suffix to tell
[0.322s]   CMake that the project does not need compatibility with older versions.
[0.322s] 
[0.323s] [0m
[0.396s] [31mCMake Error at CMakeLists.txt:5 (find_package):
[0.396s]   By not providing "Findcatkin.cmake" in CMAKE_MODULE_PATH this project has
[0.397s]   asked CMake to find a package configuration file provided by "catkin", but
[0.397s]   CMake did not find one.
[0.397s] 
[0.398s]   Could not find a package configuration file provided by "catkin" with any
[0.398s]   of the following names:
[0.399s] 
[0.399s]     catkinConfig.cmake
[0.400s]     catkin-config.cmake
[0.400s] 
[0.401s]   Add the installation prefix of "catkin" to CMAKE_PREFIX_PATH or set
[0.402s]   "catkin_DIR" to a directory containing one of the above files.  If "catkin"
[0.402s]   provides a separate development package or SDK, be sure it has been
[0.403s]   installed.
[0.403s] 
[0.405s] [0m
[0.406s] -- Configuring incomplete, errors occurred!
[0.408s] Invoked command in '/home/samee/ros2ws/build/rgator_model' returned '1': /usr/local/bin/cmake /home/samee/ros2ws/src/rgator_model -DCATKIN_INSTALL_INTO_PREFIX_ROOT=0 -DCMAKE_INSTALL_PREFIX=/home/samee/ros2ws/install/rgator_model
