[1.149s] DEBUG:colcon:Command line arguments: ['/usr/bin/colcon', 'build', '--symlink-install']
[1.149s] DEBUG:colcon:Parsed command line arguments: Namespace(log_base=None, log_level=None, verb_name='build', build_base='build', install_base='install', merge_install=False, symlink_install=True, test_result_base=None, continue_on_error=False, executor='parallel', parallel_workers=12, event_handlers=None, ignore_user_meta=False, metas=['./colcon.meta'], base_paths=['.'], packages_ignore=None, packages_ignore_regex=None, paths=None, packages_up_to=None, packages_up_to_regex=None, packages_above=None, packages_above_and_dependencies=None, packages_above_depth=None, packages_select_by_dep=None, packages_skip_by_dep=None, packages_skip_up_to=None, packages_select_build_failed=False, packages_skip_build_finished=False, packages_select_test_failures=False, packages_skip_test_passed=False, packages_select=None, packages_skip=None, packages_select_regex=None, packages_skip_regex=None, packages_start=None, packages_end=None, allow_overriding=[], cmake_args=None, cmake_target=None, cmake_target_skip_unavailable=False, cmake_clean_cache=False, cmake_clean_first=False, cmake_force_configure=False, ament_cmake_args=None, catkin_cmake_args=None, catkin_skip_building_tests=False, verb_parser=<colcon_defaults.argument_parser.defaults.DefaultArgumentsDecorator object at 0x7fad85632bc0>, verb_extension=<colcon_core.verb.build.BuildVerb object at 0x7fad85ae72b0>, main=<bound method BuildVerb.main of <colcon_core.verb.build.BuildVerb object at 0x7fad85ae72b0>>)
[1.209s] Level 1:colcon.colcon_core.package_discovery:discover_packages(colcon_meta) check parameters
[1.209s] Level 1:colcon.colcon_core.package_discovery:discover_packages(recursive) check parameters
[1.209s] Level 1:colcon.colcon_core.package_discovery:discover_packages(ignore) check parameters
[1.209s] Level 1:colcon.colcon_core.package_discovery:discover_packages(path) check parameters
[1.209s] Level 1:colcon.colcon_core.package_discovery:discover_packages(colcon_meta) discover
[1.209s] Level 1:colcon.colcon_core.package_discovery:discover_packages(recursive) discover
[1.209s] INFO:colcon.colcon_core.package_discovery:Crawling recursively for packages in '/home/samee/ros2ws'
[1.210s] Level 1:colcon.colcon_core.package_identification:_identify(.) by extensions ['ignore', 'ignore_ament_install']
[1.210s] Level 1:colcon.colcon_core.package_identification:_identify(.) by extension 'ignore'
[1.210s] Level 1:colcon.colcon_core.package_identification:_identify(.) by extension 'ignore_ament_install'
[1.210s] Level 1:colcon.colcon_core.package_identification:_identify(.) by extensions ['colcon_pkg']
[1.210s] Level 1:colcon.colcon_core.package_identification:_identify(.) by extension 'colcon_pkg'
[1.210s] Level 1:colcon.colcon_core.package_identification:_identify(.) by extensions ['colcon_meta']
[1.210s] Level 1:colcon.colcon_core.package_identification:_identify(.) by extension 'colcon_meta'
[1.210s] Level 1:colcon.colcon_core.package_identification:_identify(.) by extensions ['ros']
[1.210s] Level 1:colcon.colcon_core.package_identification:_identify(.) by extension 'ros'
[1.224s] Level 1:colcon.colcon_core.package_identification:_identify(.) by extensions ['cmake', 'python']
[1.224s] Level 1:colcon.colcon_core.package_identification:_identify(.) by extension 'cmake'
[1.224s] Level 1:colcon.colcon_core.package_identification:_identify(.) by extension 'python'
[1.224s] Level 1:colcon.colcon_core.package_identification:_identify(.) by extensions ['python_setup_py']
[1.224s] Level 1:colcon.colcon_core.package_identification:_identify(.) by extension 'python_setup_py'
[1.224s] Level 1:colcon.colcon_core.package_identification:_identify(build) by extensions ['ignore', 'ignore_ament_install']
[1.224s] Level 1:colcon.colcon_core.package_identification:_identify(build) by extension 'ignore'
[1.224s] Level 1:colcon.colcon_core.package_identification:_identify(build) ignored
[1.225s] Level 1:colcon.colcon_core.package_identification:_identify(install) by extensions ['ignore', 'ignore_ament_install']
[1.225s] Level 1:colcon.colcon_core.package_identification:_identify(install) by extension 'ignore'
[1.225s] Level 1:colcon.colcon_core.package_identification:_identify(install) ignored
[1.225s] Level 1:colcon.colcon_core.package_identification:_identify(log) by extensions ['ignore', 'ignore_ament_install']
[1.225s] Level 1:colcon.colcon_core.package_identification:_identify(log) by extension 'ignore'
[1.225s] Level 1:colcon.colcon_core.package_identification:_identify(log) ignored
[1.225s] Level 1:colcon.colcon_core.package_identification:_identify(src) by extensions ['ignore', 'ignore_ament_install']
[1.225s] Level 1:colcon.colcon_core.package_identification:_identify(src) by extension 'ignore'
[1.225s] Level 1:colcon.colcon_core.package_identification:_identify(src) by extension 'ignore_ament_install'
[1.225s] Level 1:colcon.colcon_core.package_identification:_identify(src) by extensions ['colcon_pkg']
[1.225s] Level 1:colcon.colcon_core.package_identification:_identify(src) by extension 'colcon_pkg'
[1.225s] Level 1:colcon.colcon_core.package_identification:_identify(src) by extensions ['colcon_meta']
[1.225s] Level 1:colcon.colcon_core.package_identification:_identify(src) by extension 'colcon_meta'
[1.226s] Level 1:colcon.colcon_core.package_identification:_identify(src) by extensions ['ros']
[1.226s] Level 1:colcon.colcon_core.package_identification:_identify(src) by extension 'ros'
[1.226s] Level 1:colcon.colcon_core.package_identification:_identify(src) by extensions ['cmake', 'python']
[1.226s] Level 1:colcon.colcon_core.package_identification:_identify(src) by extension 'cmake'
[1.226s] Level 1:colcon.colcon_core.package_identification:_identify(src) by extension 'python'
[1.226s] Level 1:colcon.colcon_core.package_identification:_identify(src) by extensions ['python_setup_py']
[1.226s] Level 1:colcon.colcon_core.package_identification:_identify(src) by extension 'python_setup_py'
[1.226s] Level 1:colcon.colcon_core.package_identification:_identify(src/images) by extensions ['ignore', 'ignore_ament_install']
[1.226s] Level 1:colcon.colcon_core.package_identification:_identify(src/images) by extension 'ignore'
[1.226s] Level 1:colcon.colcon_core.package_identification:_identify(src/images) by extension 'ignore_ament_install'
[1.226s] Level 1:colcon.colcon_core.package_identification:_identify(src/images) by extensions ['colcon_pkg']
[1.226s] Level 1:colcon.colcon_core.package_identification:_identify(src/images) by extension 'colcon_pkg'
[1.226s] Level 1:colcon.colcon_core.package_identification:_identify(src/images) by extensions ['colcon_meta']
[1.227s] Level 1:colcon.colcon_core.package_identification:_identify(src/images) by extension 'colcon_meta'
[1.227s] Level 1:colcon.colcon_core.package_identification:_identify(src/images) by extensions ['ros']
[1.227s] Level 1:colcon.colcon_core.package_identification:_identify(src/images) by extension 'ros'
[1.227s] Level 1:colcon.colcon_core.package_identification:_identify(src/images) by extensions ['cmake', 'python']
[1.227s] Level 1:colcon.colcon_core.package_identification:_identify(src/images) by extension 'cmake'
[1.227s] Level 1:colcon.colcon_core.package_identification:_identify(src/images) by extension 'python'
[1.227s] Level 1:colcon.colcon_core.package_identification:_identify(src/images) by extensions ['python_setup_py']
[1.227s] Level 1:colcon.colcon_core.package_identification:_identify(src/images) by extension 'python_setup_py'
[1.227s] Level 1:colcon.colcon_core.package_identification:_identify(src/r-gator-simulator-2) by extensions ['ignore', 'ignore_ament_install']
[1.227s] Level 1:colcon.colcon_core.package_identification:_identify(src/r-gator-simulator-2) by extension 'ignore'
[1.227s] Level 1:colcon.colcon_core.package_identification:_identify(src/r-gator-simulator-2) by extension 'ignore_ament_install'
[1.227s] Level 1:colcon.colcon_core.package_identification:_identify(src/r-gator-simulator-2) by extensions ['colcon_pkg']
[1.227s] Level 1:colcon.colcon_core.package_identification:_identify(src/r-gator-simulator-2) by extension 'colcon_pkg'
[1.227s] Level 1:colcon.colcon_core.package_identification:_identify(src/r-gator-simulator-2) by extensions ['colcon_meta']
[1.227s] Level 1:colcon.colcon_core.package_identification:_identify(src/r-gator-simulator-2) by extension 'colcon_meta'
[1.227s] Level 1:colcon.colcon_core.package_identification:_identify(src/r-gator-simulator-2) by extensions ['ros']
[1.227s] Level 1:colcon.colcon_core.package_identification:_identify(src/r-gator-simulator-2) by extension 'ros'
[1.227s] Level 1:colcon.colcon_core.package_identification:_identify(src/r-gator-simulator-2) by extensions ['cmake', 'python']
[1.228s] Level 1:colcon.colcon_core.package_identification:_identify(src/r-gator-simulator-2) by extension 'cmake'
[1.228s] Level 1:colcon.colcon_core.package_identification:_identify(src/r-gator-simulator-2) by extension 'python'
[1.228s] Level 1:colcon.colcon_core.package_identification:_identify(src/r-gator-simulator-2) by extensions ['python_setup_py']
[1.228s] Level 1:colcon.colcon_core.package_identification:_identify(src/r-gator-simulator-2) by extension 'python_setup_py'
[1.228s] Level 1:colcon.colcon_core.package_identification:_identify(src/r-gator-simulator-2/r-gator-description-2) by extensions ['ignore', 'ignore_ament_install']
[1.228s] Level 1:colcon.colcon_core.package_identification:_identify(src/r-gator-simulator-2/r-gator-description-2) by extension 'ignore'
[1.228s] Level 1:colcon.colcon_core.package_identification:_identify(src/r-gator-simulator-2/r-gator-description-2) by extension 'ignore_ament_install'
[1.228s] Level 1:colcon.colcon_core.package_identification:_identify(src/r-gator-simulator-2/r-gator-description-2) by extensions ['colcon_pkg']
[1.228s] Level 1:colcon.colcon_core.package_identification:_identify(src/r-gator-simulator-2/r-gator-description-2) by extension 'colcon_pkg'
[1.228s] Level 1:colcon.colcon_core.package_identification:_identify(src/r-gator-simulator-2/r-gator-description-2) by extensions ['colcon_meta']
[1.228s] Level 1:colcon.colcon_core.package_identification:_identify(src/r-gator-simulator-2/r-gator-description-2) by extension 'colcon_meta'
[1.228s] Level 1:colcon.colcon_core.package_identification:_identify(src/r-gator-simulator-2/r-gator-description-2) by extensions ['ros']
[1.228s] Level 1:colcon.colcon_core.package_identification:_identify(src/r-gator-simulator-2/r-gator-description-2) by extension 'ros'
[1.231s] DEBUG:colcon.colcon_core.package_identification:Package 'src/r-gator-simulator-2/r-gator-description-2' with type 'ros.catkin' and name 'r-gator-description-2'
[1.231s] Level 1:colcon.colcon_core.package_identification:_identify(src/r-gator-simulator-2/r-gator-gazebo-2) by extensions ['ignore', 'ignore_ament_install']
[1.231s] Level 1:colcon.colcon_core.package_identification:_identify(src/r-gator-simulator-2/r-gator-gazebo-2) by extension 'ignore'
[1.231s] Level 1:colcon.colcon_core.package_identification:_identify(src/r-gator-simulator-2/r-gator-gazebo-2) by extension 'ignore_ament_install'
[1.231s] Level 1:colcon.colcon_core.package_identification:_identify(src/r-gator-simulator-2/r-gator-gazebo-2) by extensions ['colcon_pkg']
[1.231s] Level 1:colcon.colcon_core.package_identification:_identify(src/r-gator-simulator-2/r-gator-gazebo-2) by extension 'colcon_pkg'
[1.231s] Level 1:colcon.colcon_core.package_identification:_identify(src/r-gator-simulator-2/r-gator-gazebo-2) by extensions ['colcon_meta']
[1.232s] Level 1:colcon.colcon_core.package_identification:_identify(src/r-gator-simulator-2/r-gator-gazebo-2) by extension 'colcon_meta'
[1.232s] Level 1:colcon.colcon_core.package_identification:_identify(src/r-gator-simulator-2/r-gator-gazebo-2) by extensions ['ros']
[1.232s] Level 1:colcon.colcon_core.package_identification:_identify(src/r-gator-simulator-2/r-gator-gazebo-2) by extension 'ros'
[1.232s] DEBUG:colcon.colcon_core.package_identification:Package 'src/r-gator-simulator-2/r-gator-gazebo-2' with type 'ros.ament_cmake' and name 'r-gator-gazebo-2'
[1.232s] Level 1:colcon.colcon_core.package_identification:_identify(src/r-gator-simulator-2/r-gator-gazebo-tool-2) by extensions ['ignore', 'ignore_ament_install']
[1.232s] Level 1:colcon.colcon_core.package_identification:_identify(src/r-gator-simulator-2/r-gator-gazebo-tool-2) by extension 'ignore'
[1.232s] Level 1:colcon.colcon_core.package_identification:_identify(src/r-gator-simulator-2/r-gator-gazebo-tool-2) by extension 'ignore_ament_install'
[1.232s] Level 1:colcon.colcon_core.package_identification:_identify(src/r-gator-simulator-2/r-gator-gazebo-tool-2) by extensions ['colcon_pkg']
[1.232s] Level 1:colcon.colcon_core.package_identification:_identify(src/r-gator-simulator-2/r-gator-gazebo-tool-2) by extension 'colcon_pkg'
[1.232s] Level 1:colcon.colcon_core.package_identification:_identify(src/r-gator-simulator-2/r-gator-gazebo-tool-2) by extensions ['colcon_meta']
[1.233s] Level 1:colcon.colcon_core.package_identification:_identify(src/r-gator-simulator-2/r-gator-gazebo-tool-2) by extension 'colcon_meta'
[1.233s] Level 1:colcon.colcon_core.package_identification:_identify(src/r-gator-simulator-2/r-gator-gazebo-tool-2) by extensions ['ros']
[1.233s] Level 1:colcon.colcon_core.package_identification:_identify(src/r-gator-simulator-2/r-gator-gazebo-tool-2) by extension 'ros'
[1.234s] DEBUG:colcon.colcon_core.package_identification:Package 'src/r-gator-simulator-2/r-gator-gazebo-tool-2' with type 'ros.catkin' and name 'r-gator-gazebo-tool-2'
[1.234s] Level 1:colcon.colcon_core.package_identification:_identify(src/r-gator-simulator-2/r-gator-launch-2) by extensions ['ignore', 'ignore_ament_install']
[1.234s] Level 1:colcon.colcon_core.package_identification:_identify(src/r-gator-simulator-2/r-gator-launch-2) by extension 'ignore'
[1.234s] Level 1:colcon.colcon_core.package_identification:_identify(src/r-gator-simulator-2/r-gator-launch-2) by extension 'ignore_ament_install'
[1.234s] Level 1:colcon.colcon_core.package_identification:_identify(src/r-gator-simulator-2/r-gator-launch-2) by extensions ['colcon_pkg']
[1.234s] Level 1:colcon.colcon_core.package_identification:_identify(src/r-gator-simulator-2/r-gator-launch-2) by extension 'colcon_pkg'
[1.234s] Level 1:colcon.colcon_core.package_identification:_identify(src/r-gator-simulator-2/r-gator-launch-2) by extensions ['colcon_meta']
[1.234s] Level 1:colcon.colcon_core.package_identification:_identify(src/r-gator-simulator-2/r-gator-launch-2) by extension 'colcon_meta'
[1.234s] Level 1:colcon.colcon_core.package_identification:_identify(src/r-gator-simulator-2/r-gator-launch-2) by extensions ['ros']
[1.234s] Level 1:colcon.colcon_core.package_identification:_identify(src/r-gator-simulator-2/r-gator-launch-2) by extension 'ros'
[1.234s] DEBUG:colcon.colcon_core.package_identification:Package 'src/r-gator-simulator-2/r-gator-launch-2' with type 'ros.ament_cmake' and name 'r-gator-launch-2'
[1.235s] Level 1:colcon.colcon_core.package_identification:_identify(src/r-gator-simulator-2/r-gator-model-2) by extensions ['ignore', 'ignore_ament_install']
[1.235s] Level 1:colcon.colcon_core.package_identification:_identify(src/r-gator-simulator-2/r-gator-model-2) by extension 'ignore'
[1.235s] Level 1:colcon.colcon_core.package_identification:_identify(src/r-gator-simulator-2/r-gator-model-2) by extension 'ignore_ament_install'
[1.235s] Level 1:colcon.colcon_core.package_identification:_identify(src/r-gator-simulator-2/r-gator-model-2) by extensions ['colcon_pkg']
[1.235s] Level 1:colcon.colcon_core.package_identification:_identify(src/r-gator-simulator-2/r-gator-model-2) by extension 'colcon_pkg'
[1.235s] Level 1:colcon.colcon_core.package_identification:_identify(src/r-gator-simulator-2/r-gator-model-2) by extensions ['colcon_meta']
[1.235s] Level 1:colcon.colcon_core.package_identification:_identify(src/r-gator-simulator-2/r-gator-model-2) by extension 'colcon_meta'
[1.235s] Level 1:colcon.colcon_core.package_identification:_identify(src/r-gator-simulator-2/r-gator-model-2) by extensions ['ros']
[1.235s] Level 1:colcon.colcon_core.package_identification:_identify(src/r-gator-simulator-2/r-gator-model-2) by extension 'ros'
[1.235s] DEBUG:colcon.colcon_core.package_identification:Package 'src/r-gator-simulator-2/r-gator-model-2' with type 'ros.ament_cmake' and name 'r-gator-model-2'
[1.235s] Level 1:colcon.colcon_core.package_identification:_identify(src/r-gator-teleop-2) by extensions ['ignore', 'ignore_ament_install']
[1.236s] Level 1:colcon.colcon_core.package_identification:_identify(src/r-gator-teleop-2) by extension 'ignore'
[1.236s] Level 1:colcon.colcon_core.package_identification:_identify(src/r-gator-teleop-2) by extension 'ignore_ament_install'
[1.236s] Level 1:colcon.colcon_core.package_identification:_identify(src/r-gator-teleop-2) by extensions ['colcon_pkg']
[1.236s] Level 1:colcon.colcon_core.package_identification:_identify(src/r-gator-teleop-2) by extension 'colcon_pkg'
[1.236s] Level 1:colcon.colcon_core.package_identification:_identify(src/r-gator-teleop-2) by extensions ['colcon_meta']
[1.236s] Level 1:colcon.colcon_core.package_identification:_identify(src/r-gator-teleop-2) by extension 'colcon_meta'
[1.236s] Level 1:colcon.colcon_core.package_identification:_identify(src/r-gator-teleop-2) by extensions ['ros']
[1.236s] Level 1:colcon.colcon_core.package_identification:_identify(src/r-gator-teleop-2) by extension 'ros'
[1.237s] DEBUG:colcon.colcon_core.package_identification:Package 'src/r-gator-teleop-2' with type 'ros.catkin' and name 'r-gator-teleop-2'
[1.237s] Level 1:colcon.colcon_core.package_identification:_identify(src_unclean) by extensions ['ignore', 'ignore_ament_install']
[1.237s] Level 1:colcon.colcon_core.package_identification:_identify(src_unclean) by extension 'ignore'
[1.237s] Level 1:colcon.colcon_core.package_identification:_identify(src_unclean) ignored
[1.237s] Level 1:colcon.colcon_core.package_discovery:discover_packages(recursive) using defaults
[1.237s] Level 1:colcon.colcon_core.package_discovery:discover_packages(ignore) discover
[1.237s] Level 1:colcon.colcon_core.package_discovery:discover_packages(ignore) using defaults
[1.237s] Level 1:colcon.colcon_core.package_discovery:discover_packages(path) discover
[1.237s] Level 1:colcon.colcon_core.package_discovery:discover_packages(path) using defaults
[1.345s] Level 1:colcon.colcon_core.package_discovery:discover_packages(prefix_path) check parameters
[1.345s] Level 1:colcon.colcon_core.package_discovery:discover_packages(prefix_path) discover
[1.382s] DEBUG:colcon.colcon_installed_package_information.package_discovery:Found 308 installed packages in /opt/ros/humble
[1.383s] Level 1:colcon.colcon_core.package_discovery:discover_packages(prefix_path) using defaults
[1.468s] Level 5:colcon.colcon_core.verb:set package 'r-gator-description-2' build argument 'cmake_args' from command line to 'None'
[1.468s] Level 5:colcon.colcon_core.verb:set package 'r-gator-description-2' build argument 'cmake_target' from command line to 'None'
[1.468s] Level 5:colcon.colcon_core.verb:set package 'r-gator-description-2' build argument 'cmake_target_skip_unavailable' from command line to 'False'
[1.468s] Level 5:colcon.colcon_core.verb:set package 'r-gator-description-2' build argument 'cmake_clean_cache' from command line to 'False'
[1.468s] Level 5:colcon.colcon_core.verb:set package 'r-gator-description-2' build argument 'cmake_clean_first' from command line to 'False'
[1.468s] Level 5:colcon.colcon_core.verb:set package 'r-gator-description-2' build argument 'cmake_force_configure' from command line to 'False'
[1.468s] Level 5:colcon.colcon_core.verb:set package 'r-gator-description-2' build argument 'ament_cmake_args' from command line to 'None'
[1.468s] Level 5:colcon.colcon_core.verb:set package 'r-gator-description-2' build argument 'catkin_cmake_args' from command line to 'None'
[1.468s] Level 5:colcon.colcon_core.verb:set package 'r-gator-description-2' build argument 'catkin_skip_building_tests' from command line to 'False'
[1.468s] DEBUG:colcon.colcon_core.verb:Building package 'r-gator-description-2' with the following arguments: {'ament_cmake_args': None, 'build_base': '/home/samee/ros2ws/build/r-gator-description-2', 'catkin_cmake_args': None, 'catkin_skip_building_tests': False, 'cmake_args': None, 'cmake_clean_cache': False, 'cmake_clean_first': False, 'cmake_force_configure': False, 'cmake_target': None, 'cmake_target_skip_unavailable': False, 'install_base': '/home/samee/ros2ws/install/r-gator-description-2', 'merge_install': False, 'path': '/home/samee/ros2ws/src/r-gator-simulator-2/r-gator-description-2', 'symlink_install': True, 'test_result_base': None}
[1.485s] Level 5:colcon.colcon_core.verb:set package 'r-gator-gazebo-2' build argument 'cmake_args' from command line to 'None'
[1.486s] Level 5:colcon.colcon_core.verb:set package 'r-gator-gazebo-2' build argument 'cmake_target' from command line to 'None'
[1.486s] Level 5:colcon.colcon_core.verb:set package 'r-gator-gazebo-2' build argument 'cmake_target_skip_unavailable' from command line to 'False'
[1.486s] Level 5:colcon.colcon_core.verb:set package 'r-gator-gazebo-2' build argument 'cmake_clean_cache' from command line to 'False'
[1.486s] Level 5:colcon.colcon_core.verb:set package 'r-gator-gazebo-2' build argument 'cmake_clean_first' from command line to 'False'
[1.486s] Level 5:colcon.colcon_core.verb:set package 'r-gator-gazebo-2' build argument 'cmake_force_configure' from command line to 'False'
[1.486s] Level 5:colcon.colcon_core.verb:set package 'r-gator-gazebo-2' build argument 'ament_cmake_args' from command line to 'None'
[1.486s] Level 5:colcon.colcon_core.verb:set package 'r-gator-gazebo-2' build argument 'catkin_cmake_args' from command line to 'None'
[1.486s] Level 5:colcon.colcon_core.verb:set package 'r-gator-gazebo-2' build argument 'catkin_skip_building_tests' from command line to 'False'
[1.486s] DEBUG:colcon.colcon_core.verb:Building package 'r-gator-gazebo-2' with the following arguments: {'ament_cmake_args': None, 'build_base': '/home/samee/ros2ws/build/r-gator-gazebo-2', 'catkin_cmake_args': None, 'catkin_skip_building_tests': False, 'cmake_args': None, 'cmake_clean_cache': False, 'cmake_clean_first': False, 'cmake_force_configure': False, 'cmake_target': None, 'cmake_target_skip_unavailable': False, 'install_base': '/home/samee/ros2ws/install/r-gator-gazebo-2', 'merge_install': False, 'path': '/home/samee/ros2ws/src/r-gator-simulator-2/r-gator-gazebo-2', 'symlink_install': True, 'test_result_base': None}
[1.503s] Level 5:colcon.colcon_core.verb:set package 'r-gator-gazebo-tool-2' build argument 'cmake_args' from command line to 'None'
[1.503s] Level 5:colcon.colcon_core.verb:set package 'r-gator-gazebo-tool-2' build argument 'cmake_target' from command line to 'None'
[1.503s] Level 5:colcon.colcon_core.verb:set package 'r-gator-gazebo-tool-2' build argument 'cmake_target_skip_unavailable' from command line to 'False'
[1.503s] Level 5:colcon.colcon_core.verb:set package 'r-gator-gazebo-tool-2' build argument 'cmake_clean_cache' from command line to 'False'
[1.503s] Level 5:colcon.colcon_core.verb:set package 'r-gator-gazebo-tool-2' build argument 'cmake_clean_first' from command line to 'False'
[1.503s] Level 5:colcon.colcon_core.verb:set package 'r-gator-gazebo-tool-2' build argument 'cmake_force_configure' from command line to 'False'
[1.503s] Level 5:colcon.colcon_core.verb:set package 'r-gator-gazebo-tool-2' build argument 'ament_cmake_args' from command line to 'None'
[1.503s] Level 5:colcon.colcon_core.verb:set package 'r-gator-gazebo-tool-2' build argument 'catkin_cmake_args' from command line to 'None'
[1.503s] Level 5:colcon.colcon_core.verb:set package 'r-gator-gazebo-tool-2' build argument 'catkin_skip_building_tests' from command line to 'False'
[1.503s] DEBUG:colcon.colcon_core.verb:Building package 'r-gator-gazebo-tool-2' with the following arguments: {'ament_cmake_args': None, 'build_base': '/home/samee/ros2ws/build/r-gator-gazebo-tool-2', 'catkin_cmake_args': None, 'catkin_skip_building_tests': False, 'cmake_args': None, 'cmake_clean_cache': False, 'cmake_clean_first': False, 'cmake_force_configure': False, 'cmake_target': None, 'cmake_target_skip_unavailable': False, 'install_base': '/home/samee/ros2ws/install/r-gator-gazebo-tool-2', 'merge_install': False, 'path': '/home/samee/ros2ws/src/r-gator-simulator-2/r-gator-gazebo-tool-2', 'symlink_install': True, 'test_result_base': None}
[1.528s] Level 5:colcon.colcon_core.verb:set package 'r-gator-launch-2' build argument 'cmake_args' from command line to 'None'
[1.528s] Level 5:colcon.colcon_core.verb:set package 'r-gator-launch-2' build argument 'cmake_target' from command line to 'None'
[1.528s] Level 5:colcon.colcon_core.verb:set package 'r-gator-launch-2' build argument 'cmake_target_skip_unavailable' from command line to 'False'
[1.528s] Level 5:colcon.colcon_core.verb:set package 'r-gator-launch-2' build argument 'cmake_clean_cache' from command line to 'False'
[1.528s] Level 5:colcon.colcon_core.verb:set package 'r-gator-launch-2' build argument 'cmake_clean_first' from command line to 'False'
[1.528s] Level 5:colcon.colcon_core.verb:set package 'r-gator-launch-2' build argument 'cmake_force_configure' from command line to 'False'
[1.528s] Level 5:colcon.colcon_core.verb:set package 'r-gator-launch-2' build argument 'ament_cmake_args' from command line to 'None'
[1.528s] Level 5:colcon.colcon_core.verb:set package 'r-gator-launch-2' build argument 'catkin_cmake_args' from command line to 'None'
[1.528s] Level 5:colcon.colcon_core.verb:set package 'r-gator-launch-2' build argument 'catkin_skip_building_tests' from command line to 'False'
[1.528s] DEBUG:colcon.colcon_core.verb:Building package 'r-gator-launch-2' with the following arguments: {'ament_cmake_args': None, 'build_base': '/home/samee/ros2ws/build/r-gator-launch-2', 'catkin_cmake_args': None, 'catkin_skip_building_tests': False, 'cmake_args': None, 'cmake_clean_cache': False, 'cmake_clean_first': False, 'cmake_force_configure': False, 'cmake_target': None, 'cmake_target_skip_unavailable': False, 'install_base': '/home/samee/ros2ws/install/r-gator-launch-2', 'merge_install': False, 'path': '/home/samee/ros2ws/src/r-gator-simulator-2/r-gator-launch-2', 'symlink_install': True, 'test_result_base': None}
[1.545s] Level 5:colcon.colcon_core.verb:set package 'r-gator-model-2' build argument 'cmake_args' from command line to 'None'
[1.546s] Level 5:colcon.colcon_core.verb:set package 'r-gator-model-2' build argument 'cmake_target' from command line to 'None'
[1.546s] Level 5:colcon.colcon_core.verb:set package 'r-gator-model-2' build argument 'cmake_target_skip_unavailable' from command line to 'False'
[1.546s] Level 5:colcon.colcon_core.verb:set package 'r-gator-model-2' build argument 'cmake_clean_cache' from command line to 'False'
[1.546s] Level 5:colcon.colcon_core.verb:set package 'r-gator-model-2' build argument 'cmake_clean_first' from command line to 'False'
[1.546s] Level 5:colcon.colcon_core.verb:set package 'r-gator-model-2' build argument 'cmake_force_configure' from command line to 'False'
[1.546s] Level 5:colcon.colcon_core.verb:set package 'r-gator-model-2' build argument 'ament_cmake_args' from command line to 'None'
[1.546s] Level 5:colcon.colcon_core.verb:set package 'r-gator-model-2' build argument 'catkin_cmake_args' from command line to 'None'
[1.546s] Level 5:colcon.colcon_core.verb:set package 'r-gator-model-2' build argument 'catkin_skip_building_tests' from command line to 'False'
[1.546s] DEBUG:colcon.colcon_core.verb:Building package 'r-gator-model-2' with the following arguments: {'ament_cmake_args': None, 'build_base': '/home/samee/ros2ws/build/r-gator-model-2', 'catkin_cmake_args': None, 'catkin_skip_building_tests': False, 'cmake_args': None, 'cmake_clean_cache': False, 'cmake_clean_first': False, 'cmake_force_configure': False, 'cmake_target': None, 'cmake_target_skip_unavailable': False, 'install_base': '/home/samee/ros2ws/install/r-gator-model-2', 'merge_install': False, 'path': '/home/samee/ros2ws/src/r-gator-simulator-2/r-gator-model-2', 'symlink_install': True, 'test_result_base': None}
[1.563s] Level 5:colcon.colcon_core.verb:set package 'r-gator-teleop-2' build argument 'cmake_args' from command line to 'None'
[1.563s] Level 5:colcon.colcon_core.verb:set package 'r-gator-teleop-2' build argument 'cmake_target' from command line to 'None'
[1.563s] Level 5:colcon.colcon_core.verb:set package 'r-gator-teleop-2' build argument 'cmake_target_skip_unavailable' from command line to 'False'
[1.563s] Level 5:colcon.colcon_core.verb:set package 'r-gator-teleop-2' build argument 'cmake_clean_cache' from command line to 'False'
[1.563s] Level 5:colcon.colcon_core.verb:set package 'r-gator-teleop-2' build argument 'cmake_clean_first' from command line to 'False'
[1.563s] Level 5:colcon.colcon_core.verb:set package 'r-gator-teleop-2' build argument 'cmake_force_configure' from command line to 'False'
[1.563s] Level 5:colcon.colcon_core.verb:set package 'r-gator-teleop-2' build argument 'ament_cmake_args' from command line to 'None'
[1.563s] Level 5:colcon.colcon_core.verb:set package 'r-gator-teleop-2' build argument 'catkin_cmake_args' from command line to 'None'
[1.563s] Level 5:colcon.colcon_core.verb:set package 'r-gator-teleop-2' build argument 'catkin_skip_building_tests' from command line to 'False'
[1.563s] DEBUG:colcon.colcon_core.verb:Building package 'r-gator-teleop-2' with the following arguments: {'ament_cmake_args': None, 'build_base': '/home/samee/ros2ws/build/r-gator-teleop-2', 'catkin_cmake_args': None, 'catkin_skip_building_tests': False, 'cmake_args': None, 'cmake_clean_cache': False, 'cmake_clean_first': False, 'cmake_force_configure': False, 'cmake_target': None, 'cmake_target_skip_unavailable': False, 'install_base': '/home/samee/ros2ws/install/r-gator-teleop-2', 'merge_install': False, 'path': '/home/samee/ros2ws/src/r-gator-teleop-2', 'symlink_install': True, 'test_result_base': None}
[1.580s] INFO:colcon.colcon_core.executor:Executing jobs using 'parallel' executor
[1.599s] DEBUG:colcon.colcon_parallel_executor.executor.parallel:run_until_complete
[1.599s] INFO:colcon.colcon_ros.task.catkin.build:Building ROS package in '/home/samee/ros2ws/src/r-gator-simulator-2/r-gator-description-2' with build type 'catkin'
[1.599s] INFO:colcon.colcon_cmake.task.cmake.build:Building CMake package in '/home/samee/ros2ws/src/r-gator-simulator-2/r-gator-description-2'
[1.620s] INFO:colcon.colcon_core.plugin_system:Skipping extension 'colcon_core.shell.bat': Not used on non-Windows systems
[1.620s] INFO:colcon.colcon_core.shell:Skip shell extension 'powershell' for command environment: Not usable outside of PowerShell
[1.620s] DEBUG:colcon.colcon_core.shell:Skip shell extension 'dsv' for command environment
[1.661s] INFO:colcon.colcon_ros.task.ament_cmake.build:Building ROS package in '/home/samee/ros2ws/src/r-gator-simulator-2/r-gator-gazebo-2' with build type 'ament_cmake'
[1.661s] INFO:colcon.colcon_cmake.task.cmake.build:Building CMake package in '/home/samee/ros2ws/src/r-gator-simulator-2/r-gator-gazebo-2'
[1.680s] INFO:colcon.colcon_core.shell:Skip shell extension 'powershell' for command environment: Not usable outside of PowerShell
[1.680s] DEBUG:colcon.colcon_core.shell:Skip shell extension 'dsv' for command environment
[1.719s] INFO:colcon.colcon_ros.task.catkin.build:Building ROS package in '/home/samee/ros2ws/src/r-gator-simulator-2/r-gator-gazebo-tool-2' with build type 'catkin'
[1.719s] INFO:colcon.colcon_cmake.task.cmake.build:Building CMake package in '/home/samee/ros2ws/src/r-gator-simulator-2/r-gator-gazebo-tool-2'
[1.738s] INFO:colcon.colcon_core.shell:Skip shell extension 'powershell' for command environment: Not usable outside of PowerShell
[1.738s] DEBUG:colcon.colcon_core.shell:Skip shell extension 'dsv' for command environment
[1.779s] INFO:colcon.colcon_ros.task.ament_cmake.build:Building ROS package in '/home/samee/ros2ws/src/r-gator-simulator-2/r-gator-launch-2' with build type 'ament_cmake'
[1.779s] INFO:colcon.colcon_cmake.task.cmake.build:Building CMake package in '/home/samee/ros2ws/src/r-gator-simulator-2/r-gator-launch-2'
[1.798s] INFO:colcon.colcon_core.shell:Skip shell extension 'powershell' for command environment: Not usable outside of PowerShell
[1.798s] DEBUG:colcon.colcon_core.shell:Skip shell extension 'dsv' for command environment
[1.838s] INFO:colcon.colcon_ros.task.ament_cmake.build:Building ROS package in '/home/samee/ros2ws/src/r-gator-simulator-2/r-gator-model-2' with build type 'ament_cmake'
[1.839s] INFO:colcon.colcon_cmake.task.cmake.build:Building CMake package in '/home/samee/ros2ws/src/r-gator-simulator-2/r-gator-model-2'
[1.858s] INFO:colcon.colcon_core.shell:Skip shell extension 'powershell' for command environment: Not usable outside of PowerShell
[1.858s] DEBUG:colcon.colcon_core.shell:Skip shell extension 'dsv' for command environment
[1.897s] INFO:colcon.colcon_ros.task.catkin.build:Building ROS package in '/home/samee/ros2ws/src/r-gator-teleop-2' with build type 'catkin'
[1.898s] INFO:colcon.colcon_cmake.task.cmake.build:Building CMake package in '/home/samee/ros2ws/src/r-gator-teleop-2'
[1.917s] INFO:colcon.colcon_core.shell:Skip shell extension 'powershell' for command environment: Not usable outside of PowerShell
[1.917s] DEBUG:colcon.colcon_core.shell:Skip shell extension 'dsv' for command environment
[1.962s] DEBUG:colcon.colcon_core.event_handler.log_command:Invoking command in '/home/samee/ros2ws/build/r-gator-description-2': /usr/local/bin/cmake --build /home/samee/ros2ws/build/r-gator-description-2 -- -j12 -l12
[1.964s] DEBUG:colcon.colcon_core.event_handler.log_command:Invoking command in '/home/samee/ros2ws/build/r-gator-gazebo-2': CMAKE_PREFIX_PATH=/opt/ros/humble /usr/local/bin/cmake --build /home/samee/ros2ws/build/r-gator-gazebo-2 -- -j12 -l12
[1.966s] DEBUG:colcon.colcon_core.event_handler.log_command:Invoking command in '/home/samee/ros2ws/build/r-gator-gazebo-tool-2': /usr/local/bin/cmake --build /home/samee/ros2ws/build/r-gator-gazebo-tool-2 -- -j12 -l12
[1.969s] DEBUG:colcon.colcon_core.event_handler.log_command:Invoking command in '/home/samee/ros2ws/build/r-gator-launch-2': CMAKE_PREFIX_PATH=/opt/ros/humble /usr/local/bin/cmake --build /home/samee/ros2ws/build/r-gator-launch-2 -- -j12 -l12
[1.972s] DEBUG:colcon.colcon_core.event_handler.log_command:Invoking command in '/home/samee/ros2ws/build/r-gator-model-2': CMAKE_PREFIX_PATH=/opt/ros/humble /usr/local/bin/cmake --build /home/samee/ros2ws/build/r-gator-model-2 -- -j12 -l12
[1.977s] DEBUG:colcon.colcon_core.event_handler.log_command:Invoking command in '/home/samee/ros2ws/build/r-gator-teleop-2': /usr/local/bin/cmake --build /home/samee/ros2ws/build/r-gator-teleop-2 -- -j12 -l12
[1.978s] DEBUG:colcon.colcon_core.event_handler.log_command:Invoked command in '/home/samee/ros2ws/build/r-gator-description-2' returned '0': /usr/local/bin/cmake --build /home/samee/ros2ws/build/r-gator-description-2 -- -j12 -l12
[1.979s] DEBUG:colcon.colcon_core.event_handler.log_command:Invoked command in '/home/samee/ros2ws/build/r-gator-gazebo-2' returned '0': CMAKE_PREFIX_PATH=/opt/ros/humble /usr/local/bin/cmake --build /home/samee/ros2ws/build/r-gator-gazebo-2 -- -j12 -l12
[1.981s] DEBUG:colcon.colcon_core.event_handler.log_command:Invoked command in '/home/samee/ros2ws/build/r-gator-launch-2' returned '0': CMAKE_PREFIX_PATH=/opt/ros/humble /usr/local/bin/cmake --build /home/samee/ros2ws/build/r-gator-launch-2 -- -j12 -l12
[1.983s] DEBUG:colcon.colcon_core.event_handler.log_command:Invoked command in '/home/samee/ros2ws/build/r-gator-model-2' returned '0': CMAKE_PREFIX_PATH=/opt/ros/humble /usr/local/bin/cmake --build /home/samee/ros2ws/build/r-gator-model-2 -- -j12 -l12
[1.986s] DEBUG:colcon.colcon_core.event_handler.log_command:Invoked command in '/home/samee/ros2ws/build/r-gator-teleop-2' returned '0': /usr/local/bin/cmake --build /home/samee/ros2ws/build/r-gator-teleop-2 -- -j12 -l12
[1.994s] DEBUG:colcon.colcon_core.event_handler.log_command:Invoking command in '/home/samee/ros2ws/build/r-gator-gazebo-2': CMAKE_PREFIX_PATH=/opt/ros/humble /usr/local/bin/cmake --install /home/samee/ros2ws/build/r-gator-gazebo-2
[1.997s] DEBUG:colcon.colcon_core.event_handler.log_command:Invoking command in '/home/samee/ros2ws/build/r-gator-launch-2': CMAKE_PREFIX_PATH=/opt/ros/humble /usr/local/bin/cmake --install /home/samee/ros2ws/build/r-gator-launch-2
[2.003s] DEBUG:colcon.colcon_core.event_handler.log_command:Invoking command in '/home/samee/ros2ws/build/r-gator-model-2': CMAKE_PREFIX_PATH=/opt/ros/humble /usr/local/bin/cmake --install /home/samee/ros2ws/build/r-gator-model-2
[2.003s] Level 1:colcon.colcon_core.environment:create_environment_scripts_only(r-gator-gazebo-2)
[2.011s] DEBUG:colcon.colcon_core.event_handler.log_command:Invoking command in '/home/samee/ros2ws/build/r-gator-description-2': /usr/local/bin/cmake --install /home/samee/ros2ws/build/r-gator-description-2
[2.013s] DEBUG:colcon.colcon_core.event_handler.log_command:Invoked command in '/home/samee/ros2ws/build/r-gator-gazebo-2' returned '0': CMAKE_PREFIX_PATH=/opt/ros/humble /usr/local/bin/cmake --install /home/samee/ros2ws/build/r-gator-gazebo-2
[2.033s] Level 1:colcon.colcon_core.environment:checking '/home/samee/ros2ws/install/r-gator-gazebo-2' for CMake module files
[2.033s] Level 1:colcon.colcon_core.environment:checking '/home/samee/ros2ws/install/r-gator-gazebo-2' for CMake config files
[2.033s] Level 1:colcon.colcon_core.shell:create_environment_hook('r-gator-gazebo-2', 'cmake_prefix_path')
[2.050s] INFO:colcon.colcon_core.shell:Creating environment hook '/home/samee/ros2ws/install/r-gator-gazebo-2/share/r-gator-gazebo-2/hook/cmake_prefix_path.ps1'
[2.051s] INFO:colcon.colcon_core.shell:Creating environment descriptor '/home/samee/ros2ws/install/r-gator-gazebo-2/share/r-gator-gazebo-2/hook/cmake_prefix_path.dsv'
[2.051s] INFO:colcon.colcon_core.shell:Creating environment hook '/home/samee/ros2ws/install/r-gator-gazebo-2/share/r-gator-gazebo-2/hook/cmake_prefix_path.sh'
[2.052s] Level 1:colcon.colcon_core.environment:checking '/home/samee/ros2ws/install/r-gator-gazebo-2/bin'
[2.052s] Level 1:colcon.colcon_core.environment:checking '/home/samee/ros2ws/install/r-gator-gazebo-2/lib/pkgconfig/r-gator-gazebo-2.pc'
[2.052s] Level 1:colcon.colcon_core.environment:checking '/home/samee/ros2ws/install/r-gator-gazebo-2/lib/python3.10/site-packages'
[2.053s] Level 1:colcon.colcon_core.environment:checking '/home/samee/ros2ws/install/r-gator-gazebo-2/bin'
[2.070s] INFO:colcon.colcon_core.shell:Creating package script '/home/samee/ros2ws/install/r-gator-gazebo-2/share/r-gator-gazebo-2/package.ps1'
[2.070s] INFO:colcon.colcon_core.shell:Creating package descriptor '/home/samee/ros2ws/install/r-gator-gazebo-2/share/r-gator-gazebo-2/package.dsv'
[2.071s] INFO:colcon.colcon_core.shell:Creating package script '/home/samee/ros2ws/install/r-gator-gazebo-2/share/r-gator-gazebo-2/package.sh'
[2.071s] INFO:colcon.colcon_core.shell:Creating package script '/home/samee/ros2ws/install/r-gator-gazebo-2/share/r-gator-gazebo-2/package.bash'
[2.072s] INFO:colcon.colcon_core.shell:Creating package script '/home/samee/ros2ws/install/r-gator-gazebo-2/share/r-gator-gazebo-2/package.zsh'
[2.072s] Level 1:colcon.colcon_core.environment:create_file_with_runtime_dependencies(/home/samee/ros2ws/install/r-gator-gazebo-2/share/colcon-core/packages/r-gator-gazebo-2)
[2.074s] Level 1:colcon.colcon_core.environment:create_environment_scripts_only(r-gator-launch-2)
[2.075s] DEBUG:colcon.colcon_core.event_handler.log_command:Invoked command in '/home/samee/ros2ws/build/r-gator-launch-2' returned '0': CMAKE_PREFIX_PATH=/opt/ros/humble /usr/local/bin/cmake --install /home/samee/ros2ws/build/r-gator-launch-2
[2.093s] Level 1:colcon.colcon_core.environment:checking '/home/samee/ros2ws/install/r-gator-launch-2' for CMake module files
[2.093s] Level 1:colcon.colcon_core.environment:checking '/home/samee/ros2ws/install/r-gator-launch-2' for CMake config files
[2.094s] Level 1:colcon.colcon_core.shell:create_environment_hook('r-gator-launch-2', 'cmake_prefix_path')
[2.112s] INFO:colcon.colcon_core.shell:Creating environment hook '/home/samee/ros2ws/install/r-gator-launch-2/share/r-gator-launch-2/hook/cmake_prefix_path.ps1'
[2.112s] INFO:colcon.colcon_core.shell:Creating environment descriptor '/home/samee/ros2ws/install/r-gator-launch-2/share/r-gator-launch-2/hook/cmake_prefix_path.dsv'
[2.113s] INFO:colcon.colcon_core.shell:Creating environment hook '/home/samee/ros2ws/install/r-gator-launch-2/share/r-gator-launch-2/hook/cmake_prefix_path.sh'
[2.113s] Level 1:colcon.colcon_core.environment:checking '/home/samee/ros2ws/install/r-gator-launch-2/bin'
[2.113s] Level 1:colcon.colcon_core.environment:checking '/home/samee/ros2ws/install/r-gator-launch-2/lib/pkgconfig/r-gator-launch-2.pc'
[2.114s] Level 1:colcon.colcon_core.environment:checking '/home/samee/ros2ws/install/r-gator-launch-2/lib/python3.10/site-packages'
[2.114s] Level 1:colcon.colcon_core.environment:checking '/home/samee/ros2ws/install/r-gator-launch-2/bin'
[2.132s] INFO:colcon.colcon_core.shell:Creating package script '/home/samee/ros2ws/install/r-gator-launch-2/share/r-gator-launch-2/package.ps1'
[2.132s] INFO:colcon.colcon_core.shell:Creating package descriptor '/home/samee/ros2ws/install/r-gator-launch-2/share/r-gator-launch-2/package.dsv'
[2.133s] INFO:colcon.colcon_core.shell:Creating package script '/home/samee/ros2ws/install/r-gator-launch-2/share/r-gator-launch-2/package.sh'
[2.133s] INFO:colcon.colcon_core.shell:Creating package script '/home/samee/ros2ws/install/r-gator-launch-2/share/r-gator-launch-2/package.bash'
[2.133s] INFO:colcon.colcon_core.shell:Creating package script '/home/samee/ros2ws/install/r-gator-launch-2/share/r-gator-launch-2/package.zsh'
[2.134s] Level 1:colcon.colcon_core.environment:create_file_with_runtime_dependencies(/home/samee/ros2ws/install/r-gator-launch-2/share/colcon-core/packages/r-gator-launch-2)
[2.134s] Level 1:colcon.colcon_core.environment:create_environment_scripts_only(r-gator-model-2)
[2.135s] DEBUG:colcon.colcon_core.event_handler.log_command:Invoked command in '/home/samee/ros2ws/build/r-gator-model-2' returned '0': CMAKE_PREFIX_PATH=/opt/ros/humble /usr/local/bin/cmake --install /home/samee/ros2ws/build/r-gator-model-2
[2.154s] Level 1:colcon.colcon_core.environment:checking '/home/samee/ros2ws/install/r-gator-model-2' for CMake module files
[2.155s] Level 1:colcon.colcon_core.environment:checking '/home/samee/ros2ws/install/r-gator-model-2' for CMake config files
[2.155s] Level 1:colcon.colcon_core.shell:create_environment_hook('r-gator-model-2', 'cmake_prefix_path')
[2.174s] INFO:colcon.colcon_core.shell:Creating environment hook '/home/samee/ros2ws/install/r-gator-model-2/share/r-gator-model-2/hook/cmake_prefix_path.ps1'
[2.174s] INFO:colcon.colcon_core.shell:Creating environment descriptor '/home/samee/ros2ws/install/r-gator-model-2/share/r-gator-model-2/hook/cmake_prefix_path.dsv'
[2.175s] INFO:colcon.colcon_core.shell:Creating environment hook '/home/samee/ros2ws/install/r-gator-model-2/share/r-gator-model-2/hook/cmake_prefix_path.sh'
[2.175s] Level 1:colcon.colcon_core.environment:checking '/home/samee/ros2ws/install/r-gator-model-2/bin'
[2.175s] Level 1:colcon.colcon_core.environment:checking '/home/samee/ros2ws/install/r-gator-model-2/lib/pkgconfig/r-gator-model-2.pc'
[2.175s] Level 1:colcon.colcon_core.environment:checking '/home/samee/ros2ws/install/r-gator-model-2/lib/python3.10/site-packages'
[2.176s] Level 1:colcon.colcon_core.environment:checking '/home/samee/ros2ws/install/r-gator-model-2/bin'
[2.193s] INFO:colcon.colcon_core.shell:Creating package script '/home/samee/ros2ws/install/r-gator-model-2/share/r-gator-model-2/package.ps1'
[2.194s] INFO:colcon.colcon_core.shell:Creating package descriptor '/home/samee/ros2ws/install/r-gator-model-2/share/r-gator-model-2/package.dsv'
[2.194s] INFO:colcon.colcon_core.shell:Creating package script '/home/samee/ros2ws/install/r-gator-model-2/share/r-gator-model-2/package.sh'
[2.194s] INFO:colcon.colcon_core.shell:Creating package script '/home/samee/ros2ws/install/r-gator-model-2/share/r-gator-model-2/package.bash'
[2.195s] INFO:colcon.colcon_core.shell:Creating package script '/home/samee/ros2ws/install/r-gator-model-2/share/r-gator-model-2/package.zsh'
[2.195s] Level 1:colcon.colcon_core.environment:create_file_with_runtime_dependencies(/home/samee/ros2ws/install/r-gator-model-2/share/colcon-core/packages/r-gator-model-2)
[2.197s] DEBUG:colcon.colcon_core.event_handler.log_command:Invoking command in '/home/samee/ros2ws/build/r-gator-teleop-2': /usr/local/bin/cmake --install /home/samee/ros2ws/build/r-gator-teleop-2
[2.198s] DEBUG:colcon.colcon_core.event_handler.log_command:Invoked command in '/home/samee/ros2ws/build/r-gator-description-2' returned '0': /usr/local/bin/cmake --install /home/samee/ros2ws/build/r-gator-description-2
[2.222s] Level 1:colcon.colcon_core.environment:create_environment_scripts_only(r-gator-gazebo-2)
[2.242s] Level 1:colcon.colcon_core.environment:checking '/home/samee/ros2ws/install/r-gator-gazebo-2' for CMake module files
[2.242s] Level 1:colcon.colcon_core.environment:checking '/home/samee/ros2ws/install/r-gator-gazebo-2' for CMake config files
[2.242s] Level 1:colcon.colcon_core.shell:create_environment_hook('r-gator-gazebo-2', 'cmake_prefix_path')
[2.262s] INFO:colcon.colcon_core.shell:Creating environment hook '/home/samee/ros2ws/install/r-gator-gazebo-2/share/r-gator-gazebo-2/hook/cmake_prefix_path.ps1'
[2.262s] INFO:colcon.colcon_core.shell:Creating environment descriptor '/home/samee/ros2ws/install/r-gator-gazebo-2/share/r-gator-gazebo-2/hook/cmake_prefix_path.dsv'
[2.263s] INFO:colcon.colcon_core.shell:Creating environment hook '/home/samee/ros2ws/install/r-gator-gazebo-2/share/r-gator-gazebo-2/hook/cmake_prefix_path.sh'
[2.263s] Level 1:colcon.colcon_core.environment:checking '/home/samee/ros2ws/install/r-gator-gazebo-2/bin'
[2.263s] Level 1:colcon.colcon_core.environment:checking '/home/samee/ros2ws/install/r-gator-gazebo-2/lib/pkgconfig/r-gator-gazebo-2.pc'
[2.263s] Level 1:colcon.colcon_core.environment:checking '/home/samee/ros2ws/install/r-gator-gazebo-2/lib/python3.10/site-packages'
[2.264s] Level 1:colcon.colcon_core.environment:checking '/home/samee/ros2ws/install/r-gator-gazebo-2/bin'
[2.283s] INFO:colcon.colcon_core.shell:Creating package script '/home/samee/ros2ws/install/r-gator-gazebo-2/share/r-gator-gazebo-2/package.ps1'
[2.283s] INFO:colcon.colcon_core.shell:Creating package descriptor '/home/samee/ros2ws/install/r-gator-gazebo-2/share/r-gator-gazebo-2/package.dsv'
[2.284s] INFO:colcon.colcon_core.shell:Creating package script '/home/samee/ros2ws/install/r-gator-gazebo-2/share/r-gator-gazebo-2/package.sh'
[2.284s] INFO:colcon.colcon_core.shell:Creating package script '/home/samee/ros2ws/install/r-gator-gazebo-2/share/r-gator-gazebo-2/package.bash'
[2.285s] INFO:colcon.colcon_core.shell:Creating package script '/home/samee/ros2ws/install/r-gator-gazebo-2/share/r-gator-gazebo-2/package.zsh'
[2.285s] Level 1:colcon.colcon_core.environment:create_file_with_runtime_dependencies(/home/samee/ros2ws/install/r-gator-gazebo-2/share/colcon-core/packages/r-gator-gazebo-2)
[2.306s] Level 1:colcon.colcon_core.environment:create_environment_scripts_only(r-gator-launch-2)
[2.327s] Level 1:colcon.colcon_core.environment:checking '/home/samee/ros2ws/install/r-gator-launch-2' for CMake module files
[2.327s] Level 1:colcon.colcon_core.environment:checking '/home/samee/ros2ws/install/r-gator-launch-2' for CMake config files
[2.328s] Level 1:colcon.colcon_core.shell:create_environment_hook('r-gator-launch-2', 'cmake_prefix_path')
[2.348s] INFO:colcon.colcon_core.shell:Creating environment hook '/home/samee/ros2ws/install/r-gator-launch-2/share/r-gator-launch-2/hook/cmake_prefix_path.ps1'
[2.348s] INFO:colcon.colcon_core.shell:Creating environment descriptor '/home/samee/ros2ws/install/r-gator-launch-2/share/r-gator-launch-2/hook/cmake_prefix_path.dsv'
[2.349s] INFO:colcon.colcon_core.shell:Creating environment hook '/home/samee/ros2ws/install/r-gator-launch-2/share/r-gator-launch-2/hook/cmake_prefix_path.sh'
[2.349s] Level 1:colcon.colcon_core.environment:checking '/home/samee/ros2ws/install/r-gator-launch-2/bin'
[2.349s] Level 1:colcon.colcon_core.environment:checking '/home/samee/ros2ws/install/r-gator-launch-2/lib/pkgconfig/r-gator-launch-2.pc'
[2.349s] Level 1:colcon.colcon_core.environment:checking '/home/samee/ros2ws/install/r-gator-launch-2/lib/python3.10/site-packages'
[2.350s] Level 1:colcon.colcon_core.environment:checking '/home/samee/ros2ws/install/r-gator-launch-2/bin'
[2.369s] INFO:colcon.colcon_core.shell:Creating package script '/home/samee/ros2ws/install/r-gator-launch-2/share/r-gator-launch-2/package.ps1'
[2.370s] INFO:colcon.colcon_core.shell:Creating package descriptor '/home/samee/ros2ws/install/r-gator-launch-2/share/r-gator-launch-2/package.dsv'
[2.370s] INFO:colcon.colcon_core.shell:Creating package script '/home/samee/ros2ws/install/r-gator-launch-2/share/r-gator-launch-2/package.sh'
[2.370s] INFO:colcon.colcon_core.shell:Creating package script '/home/samee/ros2ws/install/r-gator-launch-2/share/r-gator-launch-2/package.bash'
[2.371s] INFO:colcon.colcon_core.shell:Creating package script '/home/samee/ros2ws/install/r-gator-launch-2/share/r-gator-launch-2/package.zsh'
[2.371s] Level 1:colcon.colcon_core.environment:create_file_with_runtime_dependencies(/home/samee/ros2ws/install/r-gator-launch-2/share/colcon-core/packages/r-gator-launch-2)
[2.392s] Level 1:colcon.colcon_core.environment:create_environment_scripts_only(r-gator-model-2)
[2.413s] Level 1:colcon.colcon_core.environment:checking '/home/samee/ros2ws/install/r-gator-model-2' for CMake module files
[2.414s] Level 1:colcon.colcon_core.environment:checking '/home/samee/ros2ws/install/r-gator-model-2' for CMake config files
[2.414s] Level 1:colcon.colcon_core.shell:create_environment_hook('r-gator-model-2', 'cmake_prefix_path')
[2.435s] INFO:colcon.colcon_core.shell:Creating environment hook '/home/samee/ros2ws/install/r-gator-model-2/share/r-gator-model-2/hook/cmake_prefix_path.ps1'
[2.435s] INFO:colcon.colcon_core.shell:Creating environment descriptor '/home/samee/ros2ws/install/r-gator-model-2/share/r-gator-model-2/hook/cmake_prefix_path.dsv'
[2.436s] INFO:colcon.colcon_core.shell:Creating environment hook '/home/samee/ros2ws/install/r-gator-model-2/share/r-gator-model-2/hook/cmake_prefix_path.sh'
[2.436s] Level 1:colcon.colcon_core.environment:checking '/home/samee/ros2ws/install/r-gator-model-2/bin'
[2.436s] Level 1:colcon.colcon_core.environment:checking '/home/samee/ros2ws/install/r-gator-model-2/lib/pkgconfig/r-gator-model-2.pc'
[2.437s] Level 1:colcon.colcon_core.environment:checking '/home/samee/ros2ws/install/r-gator-model-2/lib/python3.10/site-packages'
[2.437s] Level 1:colcon.colcon_core.environment:checking '/home/samee/ros2ws/install/r-gator-model-2/bin'
[2.456s] INFO:colcon.colcon_core.shell:Creating package script '/home/samee/ros2ws/install/r-gator-model-2/share/r-gator-model-2/package.ps1'
[2.457s] INFO:colcon.colcon_core.shell:Creating package descriptor '/home/samee/ros2ws/install/r-gator-model-2/share/r-gator-model-2/package.dsv'
[2.457s] INFO:colcon.colcon_core.shell:Creating package script '/home/samee/ros2ws/install/r-gator-model-2/share/r-gator-model-2/package.sh'
[2.458s] INFO:colcon.colcon_core.shell:Creating package script '/home/samee/ros2ws/install/r-gator-model-2/share/r-gator-model-2/package.bash'
[2.458s] INFO:colcon.colcon_core.shell:Creating package script '/home/samee/ros2ws/install/r-gator-model-2/share/r-gator-model-2/package.zsh'
[2.459s] Level 1:colcon.colcon_core.environment:create_file_with_runtime_dependencies(/home/samee/ros2ws/install/r-gator-model-2/share/colcon-core/packages/r-gator-model-2)
[2.459s] Level 1:colcon.colcon_core.shell:create_environment_hook('r-gator-description-2', 'ros_package_path')
[2.479s] INFO:colcon.colcon_core.shell:Creating environment hook '/home/samee/ros2ws/install/r-gator-description-2/share/r-gator-description-2/hook/ros_package_path.ps1'
[2.480s] INFO:colcon.colcon_core.shell:Creating environment descriptor '/home/samee/ros2ws/install/r-gator-description-2/share/r-gator-description-2/hook/ros_package_path.dsv'
[2.480s] INFO:colcon.colcon_core.shell:Creating environment hook '/home/samee/ros2ws/install/r-gator-description-2/share/r-gator-description-2/hook/ros_package_path.sh'
[2.481s] Level 1:colcon.colcon_core.shell:create_environment_hook('r-gator-description-2', 'pkg_config_path')
[2.499s] INFO:colcon.colcon_core.shell:Creating environment hook '/home/samee/ros2ws/install/r-gator-description-2/share/r-gator-description-2/hook/pkg_config_path.ps1'
[2.500s] INFO:colcon.colcon_core.shell:Creating environment descriptor '/home/samee/ros2ws/install/r-gator-description-2/share/r-gator-description-2/hook/pkg_config_path.dsv'
[2.500s] INFO:colcon.colcon_core.shell:Creating environment hook '/home/samee/ros2ws/install/r-gator-description-2/share/r-gator-description-2/hook/pkg_config_path.sh'
[2.502s] Level 1:colcon.colcon_core.shell:create_environment_hook('r-gator-description-2', 'pkg_config_path_multiarch')
[2.520s] INFO:colcon.colcon_core.shell:Creating environment hook '/home/samee/ros2ws/install/r-gator-description-2/share/r-gator-description-2/hook/pkg_config_path_multiarch.ps1'
[2.520s] INFO:colcon.colcon_core.shell:Creating environment descriptor '/home/samee/ros2ws/install/r-gator-description-2/share/r-gator-description-2/hook/pkg_config_path_multiarch.dsv'
[2.521s] INFO:colcon.colcon_core.shell:Creating environment hook '/home/samee/ros2ws/install/r-gator-description-2/share/r-gator-description-2/hook/pkg_config_path_multiarch.sh'
[2.540s] Level 1:colcon.colcon_core.environment:create_environment_scripts_only(r-gator-description-2)
[2.559s] Level 1:colcon.colcon_core.environment:checking '/home/samee/ros2ws/install/r-gator-description-2' for CMake module files
[2.559s] Level 1:colcon.colcon_core.environment:checking '/home/samee/ros2ws/install/r-gator-description-2' for CMake config files
[2.559s] Level 1:colcon.colcon_core.shell:create_environment_hook('r-gator-description-2', 'cmake_prefix_path')
[2.577s] INFO:colcon.colcon_core.shell:Creating environment hook '/home/samee/ros2ws/install/r-gator-description-2/share/r-gator-description-2/hook/cmake_prefix_path.ps1'
[2.577s] INFO:colcon.colcon_core.shell:Creating environment descriptor '/home/samee/ros2ws/install/r-gator-description-2/share/r-gator-description-2/hook/cmake_prefix_path.dsv'
[2.578s] INFO:colcon.colcon_core.shell:Creating environment hook '/home/samee/ros2ws/install/r-gator-description-2/share/r-gator-description-2/hook/cmake_prefix_path.sh'
[2.578s] Level 1:colcon.colcon_core.environment:checking '/home/samee/ros2ws/install/r-gator-description-2/bin'
[2.578s] Level 1:colcon.colcon_core.environment:checking '/home/samee/ros2ws/install/r-gator-description-2/lib/pkgconfig/r-gator-description-2.pc'
[2.578s] Level 1:colcon.colcon_core.environment:checking '/home/samee/ros2ws/install/r-gator-description-2/lib/python3.10/site-packages'
[2.579s] Level 1:colcon.colcon_core.environment:checking '/home/samee/ros2ws/install/r-gator-description-2/bin'
[2.597s] INFO:colcon.colcon_core.shell:Creating package script '/home/samee/ros2ws/install/r-gator-description-2/share/r-gator-description-2/package.ps1'
[2.598s] INFO:colcon.colcon_core.shell:Creating package descriptor '/home/samee/ros2ws/install/r-gator-description-2/share/r-gator-description-2/package.dsv'
[2.598s] INFO:colcon.colcon_core.shell:Creating package script '/home/samee/ros2ws/install/r-gator-description-2/share/r-gator-description-2/package.sh'
[2.598s] INFO:colcon.colcon_core.shell:Creating package script '/home/samee/ros2ws/install/r-gator-description-2/share/r-gator-description-2/package.bash'
[2.599s] INFO:colcon.colcon_core.shell:Creating package script '/home/samee/ros2ws/install/r-gator-description-2/share/r-gator-description-2/package.zsh'
[2.599s] Level 1:colcon.colcon_core.environment:create_file_with_runtime_dependencies(/home/samee/ros2ws/install/r-gator-description-2/share/colcon-core/packages/r-gator-description-2)
[2.601s] DEBUG:colcon.colcon_core.event_handler.log_command:Invoked command in '/home/samee/ros2ws/build/r-gator-teleop-2' returned '0': /usr/local/bin/cmake --install /home/samee/ros2ws/build/r-gator-teleop-2
[2.610s] Level 1:colcon.colcon_core.shell:create_environment_hook('r-gator-teleop-2', 'ros_package_path')
[2.631s] INFO:colcon.colcon_core.shell:Creating environment hook '/home/samee/ros2ws/install/r-gator-teleop-2/share/r-gator-teleop-2/hook/ros_package_path.ps1'
[2.631s] INFO:colcon.colcon_core.shell:Creating environment descriptor '/home/samee/ros2ws/install/r-gator-teleop-2/share/r-gator-teleop-2/hook/ros_package_path.dsv'
[2.631s] INFO:colcon.colcon_core.shell:Creating environment hook '/home/samee/ros2ws/install/r-gator-teleop-2/share/r-gator-teleop-2/hook/ros_package_path.sh'
[2.632s] Level 1:colcon.colcon_core.shell:create_environment_hook('r-gator-teleop-2', 'pkg_config_path')
[2.652s] INFO:colcon.colcon_core.shell:Creating environment hook '/home/samee/ros2ws/install/r-gator-teleop-2/share/r-gator-teleop-2/hook/pkg_config_path.ps1'
[2.652s] INFO:colcon.colcon_core.shell:Creating environment descriptor '/home/samee/ros2ws/install/r-gator-teleop-2/share/r-gator-teleop-2/hook/pkg_config_path.dsv'
[2.652s] INFO:colcon.colcon_core.shell:Creating environment hook '/home/samee/ros2ws/install/r-gator-teleop-2/share/r-gator-teleop-2/hook/pkg_config_path.sh'
[2.653s] Level 1:colcon.colcon_core.shell:create_environment_hook('r-gator-teleop-2', 'pkg_config_path_multiarch')
[2.672s] INFO:colcon.colcon_core.shell:Creating environment hook '/home/samee/ros2ws/install/r-gator-teleop-2/share/r-gator-teleop-2/hook/pkg_config_path_multiarch.ps1'
[2.672s] INFO:colcon.colcon_core.shell:Creating environment descriptor '/home/samee/ros2ws/install/r-gator-teleop-2/share/r-gator-teleop-2/hook/pkg_config_path_multiarch.dsv'
[2.672s] INFO:colcon.colcon_core.shell:Creating environment hook '/home/samee/ros2ws/install/r-gator-teleop-2/share/r-gator-teleop-2/hook/pkg_config_path_multiarch.sh'
[2.692s] Level 1:colcon.colcon_core.environment:create_environment_scripts_only(r-gator-teleop-2)
[2.711s] Level 1:colcon.colcon_core.environment:checking '/home/samee/ros2ws/install/r-gator-teleop-2' for CMake module files
[2.711s] Level 1:colcon.colcon_core.environment:checking '/home/samee/ros2ws/install/r-gator-teleop-2' for CMake config files
[2.711s] Level 1:colcon.colcon_core.shell:create_environment_hook('r-gator-teleop-2', 'cmake_prefix_path')
[2.731s] INFO:colcon.colcon_core.shell:Creating environment hook '/home/samee/ros2ws/install/r-gator-teleop-2/share/r-gator-teleop-2/hook/cmake_prefix_path.ps1'
[2.731s] INFO:colcon.colcon_core.shell:Creating environment descriptor '/home/samee/ros2ws/install/r-gator-teleop-2/share/r-gator-teleop-2/hook/cmake_prefix_path.dsv'
[2.731s] INFO:colcon.colcon_core.shell:Creating environment hook '/home/samee/ros2ws/install/r-gator-teleop-2/share/r-gator-teleop-2/hook/cmake_prefix_path.sh'
[2.732s] Level 1:colcon.colcon_core.environment:checking '/home/samee/ros2ws/install/r-gator-teleop-2/bin'
[2.732s] Level 1:colcon.colcon_core.environment:checking '/home/samee/ros2ws/install/r-gator-teleop-2/lib/pkgconfig/r-gator-teleop-2.pc'
[2.732s] Level 1:colcon.colcon_core.environment:checking '/home/samee/ros2ws/install/r-gator-teleop-2/lib/python3.10/site-packages'
[2.732s] Level 1:colcon.colcon_core.environment:checking '/home/samee/ros2ws/install/r-gator-teleop-2/bin'
[2.751s] INFO:colcon.colcon_core.shell:Creating package script '/home/samee/ros2ws/install/r-gator-teleop-2/share/r-gator-teleop-2/package.ps1'
[2.752s] INFO:colcon.colcon_core.shell:Creating package descriptor '/home/samee/ros2ws/install/r-gator-teleop-2/share/r-gator-teleop-2/package.dsv'
[2.753s] INFO:colcon.colcon_core.shell:Creating package script '/home/samee/ros2ws/install/r-gator-teleop-2/share/r-gator-teleop-2/package.sh'
[2.753s] INFO:colcon.colcon_core.shell:Creating package script '/home/samee/ros2ws/install/r-gator-teleop-2/share/r-gator-teleop-2/package.bash'
[2.753s] INFO:colcon.colcon_core.shell:Creating package script '/home/samee/ros2ws/install/r-gator-teleop-2/share/r-gator-teleop-2/package.zsh'
[2.754s] Level 1:colcon.colcon_core.environment:create_file_with_runtime_dependencies(/home/samee/ros2ws/install/r-gator-teleop-2/share/colcon-core/packages/r-gator-teleop-2)
[4.071s] DEBUG:colcon.colcon_core.event_handler.log_command:Invoked command in '/home/samee/ros2ws/build/r-gator-gazebo-tool-2' returned '2': /usr/local/bin/cmake --build /home/samee/ros2ws/build/r-gator-gazebo-tool-2 -- -j12 -l12
[4.083s] Level 1:colcon.colcon_core.shell:create_environment_hook('r-gator-gazebo-tool-2', 'ros_package_path')
[4.098s] INFO:colcon.colcon_core.shell:Creating environment hook '/home/samee/ros2ws/install/r-gator-gazebo-tool-2/share/r-gator-gazebo-tool-2/hook/ros_package_path.ps1'
[4.099s] INFO:colcon.colcon_core.shell:Creating environment descriptor '/home/samee/ros2ws/install/r-gator-gazebo-tool-2/share/r-gator-gazebo-tool-2/hook/ros_package_path.dsv'
[4.099s] INFO:colcon.colcon_core.shell:Creating environment hook '/home/samee/ros2ws/install/r-gator-gazebo-tool-2/share/r-gator-gazebo-tool-2/hook/ros_package_path.sh'
[4.100s] Level 1:colcon.colcon_core.shell:create_environment_hook('r-gator-gazebo-tool-2', 'pkg_config_path')
[4.116s] INFO:colcon.colcon_core.shell:Creating environment hook '/home/samee/ros2ws/install/r-gator-gazebo-tool-2/share/r-gator-gazebo-tool-2/hook/pkg_config_path.ps1'
[4.116s] INFO:colcon.colcon_core.shell:Creating environment descriptor '/home/samee/ros2ws/install/r-gator-gazebo-tool-2/share/r-gator-gazebo-tool-2/hook/pkg_config_path.dsv'
[4.117s] INFO:colcon.colcon_core.shell:Creating environment hook '/home/samee/ros2ws/install/r-gator-gazebo-tool-2/share/r-gator-gazebo-tool-2/hook/pkg_config_path.sh'
[4.117s] Level 1:colcon.colcon_core.shell:create_environment_hook('r-gator-gazebo-tool-2', 'pkg_config_path_multiarch')
[4.134s] INFO:colcon.colcon_core.shell:Creating environment hook '/home/samee/ros2ws/install/r-gator-gazebo-tool-2/share/r-gator-gazebo-tool-2/hook/pkg_config_path_multiarch.ps1'
[4.135s] INFO:colcon.colcon_core.shell:Creating environment descriptor '/home/samee/ros2ws/install/r-gator-gazebo-tool-2/share/r-gator-gazebo-tool-2/hook/pkg_config_path_multiarch.dsv'
[4.135s] INFO:colcon.colcon_core.shell:Creating environment hook '/home/samee/ros2ws/install/r-gator-gazebo-tool-2/share/r-gator-gazebo-tool-2/hook/pkg_config_path_multiarch.sh'
[4.152s] Level 1:colcon.colcon_core.environment:create_environment_scripts_only(r-gator-gazebo-tool-2)
[4.168s] Level 1:colcon.colcon_core.environment:checking '/home/samee/ros2ws/install/r-gator-gazebo-tool-2' for CMake module files
[4.169s] Level 1:colcon.colcon_core.environment:checking '/home/samee/ros2ws/install/r-gator-gazebo-tool-2' for CMake config files
[4.169s] Level 1:colcon.colcon_core.environment:checking '/home/samee/ros2ws/install/r-gator-gazebo-tool-2/bin'
[4.169s] Level 1:colcon.colcon_core.environment:checking '/home/samee/ros2ws/install/r-gator-gazebo-tool-2/lib/pkgconfig/r-gator-gazebo-tool-2.pc'
[4.169s] Level 1:colcon.colcon_core.environment:checking '/home/samee/ros2ws/install/r-gator-gazebo-tool-2/lib/python3.10/site-packages'
[4.169s] Level 1:colcon.colcon_core.environment:checking '/home/samee/ros2ws/install/r-gator-gazebo-tool-2/bin'
[4.186s] INFO:colcon.colcon_core.shell:Creating package script '/home/samee/ros2ws/install/r-gator-gazebo-tool-2/share/r-gator-gazebo-tool-2/package.ps1'
[4.187s] INFO:colcon.colcon_core.shell:Creating package descriptor '/home/samee/ros2ws/install/r-gator-gazebo-tool-2/share/r-gator-gazebo-tool-2/package.dsv'
[4.187s] INFO:colcon.colcon_core.shell:Creating package script '/home/samee/ros2ws/install/r-gator-gazebo-tool-2/share/r-gator-gazebo-tool-2/package.sh'
[4.187s] INFO:colcon.colcon_core.shell:Creating package script '/home/samee/ros2ws/install/r-gator-gazebo-tool-2/share/r-gator-gazebo-tool-2/package.bash'
[4.188s] INFO:colcon.colcon_core.shell:Creating package script '/home/samee/ros2ws/install/r-gator-gazebo-tool-2/share/r-gator-gazebo-tool-2/package.zsh'
[4.188s] Level 1:colcon.colcon_core.environment:create_file_with_runtime_dependencies(/home/samee/ros2ws/install/r-gator-gazebo-tool-2/share/colcon-core/packages/r-gator-gazebo-tool-2)
[4.198s] DEBUG:colcon.colcon_parallel_executor.executor.parallel:closing loop
[4.198s] DEBUG:colcon.colcon_parallel_executor.executor.parallel:loop closed
[4.198s] DEBUG:colcon.colcon_parallel_executor.executor.parallel:run_until_complete finished with '2'
[4.198s] DEBUG:colcon.colcon_core.event_reactor:joining thread
[4.235s] INFO:colcon.colcon_core.plugin_system:Skipping extension 'colcon_notification.desktop_notification.terminal_notifier': Not used on non-Darwin systems
[4.235s] INFO:colcon.colcon_core.plugin_system:Skipping extension 'colcon_notification.desktop_notification.win32': Not used on non-Windows systems
[4.235s] INFO:colcon.colcon_notification.desktop_notification:Sending desktop notification using 'notify2'
[4.259s] DEBUG:colcon.colcon_core.event_reactor:joined thread
[4.275s] INFO:colcon.colcon_core.shell:Creating prefix script '/home/samee/ros2ws/install/local_setup.ps1'
[4.276s] INFO:colcon.colcon_core.shell:Creating prefix util module '/home/samee/ros2ws/install/_local_setup_util_ps1.py'
[4.277s] INFO:colcon.colcon_core.shell:Creating prefix chain script '/home/samee/ros2ws/install/setup.ps1'
[4.296s] INFO:colcon.colcon_core.shell:Creating prefix script '/home/samee/ros2ws/install/local_setup.sh'
[4.296s] INFO:colcon.colcon_core.shell:Creating prefix util module '/home/samee/ros2ws/install/_local_setup_util_sh.py'
[4.297s] INFO:colcon.colcon_core.shell:Creating prefix chain script '/home/samee/ros2ws/install/setup.sh'
[4.315s] INFO:colcon.colcon_core.shell:Creating prefix script '/home/samee/ros2ws/install/local_setup.bash'
[4.316s] INFO:colcon.colcon_core.shell:Creating prefix chain script '/home/samee/ros2ws/install/setup.bash'
[4.336s] INFO:colcon.colcon_core.shell:Creating prefix script '/home/samee/ros2ws/install/local_setup.zsh'
[4.336s] INFO:colcon.colcon_core.shell:Creating prefix chain script '/home/samee/ros2ws/install/setup.zsh'
