[0.270s] Invoking command in '/home/samee/ros2ws/build/r-gator-gazebo-tool-2': /usr/local/bin/cmake --build /home/samee/ros2ws/build/r-gator-gazebo-tool-2 -- -j12 -l12
[0.294s] [ 25%] [32mBuilding CXX object CMakeFiles/tf_broadcaster_node.dir/src/tf_broadcaster.cpp.o[0m
[0.294s] [ 50%] [32mBuilding CXX object CMakeFiles/r-gator-gazebo-tool-2_node.dir/src/gazebo_odom_publisher.cpp.o[0m
[0.490s] [01m[K/home/samee/ros2ws/src/r-gator-simulator-2/r-gator-gazebo-tool-2/src/tf_broadcaster.cpp:10:10:[m[K [01;31m[Kfatal error: [m[Knav_msgs/nav_msgs.hpp: No such file or directory
[0.491s]    10 | #include [01;31m[K<nav_msgs/nav_msgs.hpp>[m[K
[0.491s]       |          [01;31m[K^~~~~~~~~~~~~~~~~~~~~~~[m[K
[0.491s] compilation terminated.
[0.493s] gmake[2]: *** [CMakeFiles/tf_broadcaster_node.dir/build.make:76: CMakeFiles/tf_broadcaster_node.dir/src/tf_broadcaster.cpp.o] Error 1
[0.493s] gmake[1]: *** [CMakeFiles/Makefile2:165: CMakeFiles/tf_broadcaster_node.dir/all] Error 2
[0.494s] gmake[1]: *** Waiting for unfinished jobs....
[2.185s] [01m[K/home/samee/ros2ws/src/r-gator-simulator-2/r-gator-gazebo-tool-2/src/gazebo_odom_publisher.cpp:35:5:[m[K [01;31m[Kerror: [m[K‘[01m[Ktf2[m[K’ does not name a type
[2.185s]    35 |     [01;31m[Ktf2[m[K::Transform transform;
[2.186s]       |     [01;31m[K^~~[m[K
[2.186s] [01m[K/home/samee/ros2ws/src/r-gator-simulator-2/r-gator-gazebo-tool-2/src/gazebo_odom_publisher.cpp:36:5:[m[K [01;31m[Kerror: [m[K‘[01m[Ktf2[m[K’ does not name a type
[2.186s]    36 |     [01;31m[Ktf2[m[K::Quaternion quaternion;
[2.186s]       |     [01;31m[K^~~[m[K
[3.024s] gmake[2]: *** [CMakeFiles/r-gator-gazebo-tool-2_node.dir/build.make:76: CMakeFiles/r-gator-gazebo-tool-2_node.dir/src/gazebo_odom_publisher.cpp.o] Error 1
[3.025s] gmake[1]: *** [CMakeFiles/Makefile2:139: CMakeFiles/r-gator-gazebo-tool-2_node.dir/all] Error 2
[3.025s] gmake: *** [Makefile:146: all] Error 2
[3.026s] Invoked command in '/home/samee/ros2ws/build/r-gator-gazebo-tool-2' returned '2': /usr/local/bin/cmake --build /home/samee/ros2ws/build/r-gator-gazebo-tool-2 -- -j12 -l12
