[1.070s] DEBUG:colcon:Command line arguments: ['/usr/bin/colcon', 'build']
[1.070s] DEBUG:colcon:Parsed command line arguments: Namespace(log_base=None, log_level=None, verb_name='build', build_base='build', install_base='install', merge_install=False, symlink_install=False, test_result_base=None, continue_on_error=False, executor='parallel', parallel_workers=12, event_handlers=None, ignore_user_meta=False, metas=['./colcon.meta'], base_paths=['.'], packages_ignore=None, packages_ignore_regex=None, paths=None, packages_up_to=None, packages_up_to_regex=None, packages_above=None, packages_above_and_dependencies=None, packages_above_depth=None, packages_select_by_dep=None, packages_skip_by_dep=None, packages_skip_up_to=None, packages_select_build_failed=False, packages_skip_build_finished=False, packages_select_test_failures=False, packages_skip_test_passed=False, packages_select=None, packages_skip=None, packages_select_regex=None, packages_skip_regex=None, packages_start=None, packages_end=None, allow_overriding=[], cmake_args=None, cmake_target=None, cmake_target_skip_unavailable=False, cmake_clean_cache=False, cmake_clean_first=False, cmake_force_configure=False, ament_cmake_args=None, catkin_cmake_args=None, catkin_skip_building_tests=False, verb_parser=<colcon_defaults.argument_parser.defaults.DefaultArgumentsDecorator object at 0x7f5b25394160>, verb_extension=<colcon_core.verb.build.BuildVerb object at 0x7f5b257d6fe0>, main=<bound method BuildVerb.main of <colcon_core.verb.build.BuildVerb object at 0x7f5b257d6fe0>>)
[1.119s] Level 1:colcon.colcon_core.package_discovery:discover_packages(colcon_meta) check parameters
[1.119s] Level 1:colcon.colcon_core.package_discovery:discover_packages(recursive) check parameters
[1.119s] Level 1:colcon.colcon_core.package_discovery:discover_packages(ignore) check parameters
[1.119s] Level 1:colcon.colcon_core.package_discovery:discover_packages(path) check parameters
[1.119s] Level 1:colcon.colcon_core.package_discovery:discover_packages(colcon_meta) discover
[1.119s] Level 1:colcon.colcon_core.package_discovery:discover_packages(recursive) discover
[1.119s] INFO:colcon.colcon_core.package_discovery:Crawling recursively for packages in '/home/samee/ros2ws'
[1.119s] Level 1:colcon.colcon_core.package_identification:_identify(.) by extensions ['ignore', 'ignore_ament_install']
[1.120s] Level 1:colcon.colcon_core.package_identification:_identify(.) by extension 'ignore'
[1.120s] Level 1:colcon.colcon_core.package_identification:_identify(.) by extension 'ignore_ament_install'
[1.120s] Level 1:colcon.colcon_core.package_identification:_identify(.) by extensions ['colcon_pkg']
[1.120s] Level 1:colcon.colcon_core.package_identification:_identify(.) by extension 'colcon_pkg'
[1.120s] Level 1:colcon.colcon_core.package_identification:_identify(.) by extensions ['colcon_meta']
[1.120s] Level 1:colcon.colcon_core.package_identification:_identify(.) by extension 'colcon_meta'
[1.120s] Level 1:colcon.colcon_core.package_identification:_identify(.) by extensions ['ros']
[1.120s] Level 1:colcon.colcon_core.package_identification:_identify(.) by extension 'ros'
[1.130s] Level 1:colcon.colcon_core.package_identification:_identify(.) by extensions ['cmake', 'python']
[1.130s] Level 1:colcon.colcon_core.package_identification:_identify(.) by extension 'cmake'
[1.130s] Level 1:colcon.colcon_core.package_identification:_identify(.) by extension 'python'
[1.130s] Level 1:colcon.colcon_core.package_identification:_identify(.) by extensions ['python_setup_py']
[1.130s] Level 1:colcon.colcon_core.package_identification:_identify(.) by extension 'python_setup_py'
[1.131s] Level 1:colcon.colcon_core.package_identification:_identify(build) by extensions ['ignore', 'ignore_ament_install']
[1.131s] Level 1:colcon.colcon_core.package_identification:_identify(build) by extension 'ignore'
[1.131s] Level 1:colcon.colcon_core.package_identification:_identify(build) ignored
[1.131s] Level 1:colcon.colcon_core.package_identification:_identify(install) by extensions ['ignore', 'ignore_ament_install']
[1.131s] Level 1:colcon.colcon_core.package_identification:_identify(install) by extension 'ignore'
[1.131s] Level 1:colcon.colcon_core.package_identification:_identify(install) ignored
[1.131s] Level 1:colcon.colcon_core.package_identification:_identify(log) by extensions ['ignore', 'ignore_ament_install']
[1.131s] Level 1:colcon.colcon_core.package_identification:_identify(log) by extension 'ignore'
[1.131s] Level 1:colcon.colcon_core.package_identification:_identify(log) ignored
[1.131s] Level 1:colcon.colcon_core.package_identification:_identify(src) by extensions ['ignore', 'ignore_ament_install']
[1.131s] Level 1:colcon.colcon_core.package_identification:_identify(src) by extension 'ignore'
[1.131s] Level 1:colcon.colcon_core.package_identification:_identify(src) by extension 'ignore_ament_install'
[1.132s] Level 1:colcon.colcon_core.package_identification:_identify(src) by extensions ['colcon_pkg']
[1.132s] Level 1:colcon.colcon_core.package_identification:_identify(src) by extension 'colcon_pkg'
[1.132s] Level 1:colcon.colcon_core.package_identification:_identify(src) by extensions ['colcon_meta']
[1.132s] Level 1:colcon.colcon_core.package_identification:_identify(src) by extension 'colcon_meta'
[1.132s] Level 1:colcon.colcon_core.package_identification:_identify(src) by extensions ['ros']
[1.132s] Level 1:colcon.colcon_core.package_identification:_identify(src) by extension 'ros'
[1.132s] Level 1:colcon.colcon_core.package_identification:_identify(src) by extensions ['cmake', 'python']
[1.132s] Level 1:colcon.colcon_core.package_identification:_identify(src) by extension 'cmake'
[1.132s] Level 1:colcon.colcon_core.package_identification:_identify(src) by extension 'python'
[1.132s] Level 1:colcon.colcon_core.package_identification:_identify(src) by extensions ['python_setup_py']
[1.132s] Level 1:colcon.colcon_core.package_identification:_identify(src) by extension 'python_setup_py'
[1.132s] Level 1:colcon.colcon_core.package_identification:_identify(src/images) by extensions ['ignore', 'ignore_ament_install']
[1.132s] Level 1:colcon.colcon_core.package_identification:_identify(src/images) by extension 'ignore'
[1.132s] Level 1:colcon.colcon_core.package_identification:_identify(src/images) by extension 'ignore_ament_install'
[1.132s] Level 1:colcon.colcon_core.package_identification:_identify(src/images) by extensions ['colcon_pkg']
[1.132s] Level 1:colcon.colcon_core.package_identification:_identify(src/images) by extension 'colcon_pkg'
[1.132s] Level 1:colcon.colcon_core.package_identification:_identify(src/images) by extensions ['colcon_meta']
[1.132s] Level 1:colcon.colcon_core.package_identification:_identify(src/images) by extension 'colcon_meta'
[1.132s] Level 1:colcon.colcon_core.package_identification:_identify(src/images) by extensions ['ros']
[1.132s] Level 1:colcon.colcon_core.package_identification:_identify(src/images) by extension 'ros'
[1.133s] Level 1:colcon.colcon_core.package_identification:_identify(src/images) by extensions ['cmake', 'python']
[1.133s] Level 1:colcon.colcon_core.package_identification:_identify(src/images) by extension 'cmake'
[1.133s] Level 1:colcon.colcon_core.package_identification:_identify(src/images) by extension 'python'
[1.133s] Level 1:colcon.colcon_core.package_identification:_identify(src/images) by extensions ['python_setup_py']
[1.133s] Level 1:colcon.colcon_core.package_identification:_identify(src/images) by extension 'python_setup_py'
[1.133s] Level 1:colcon.colcon_core.package_identification:_identify(src/r_gator_description) by extensions ['ignore', 'ignore_ament_install']
[1.133s] Level 1:colcon.colcon_core.package_identification:_identify(src/r_gator_description) by extension 'ignore'
[1.133s] Level 1:colcon.colcon_core.package_identification:_identify(src/r_gator_description) by extension 'ignore_ament_install'
[1.133s] Level 1:colcon.colcon_core.package_identification:_identify(src/r_gator_description) by extensions ['colcon_pkg']
[1.133s] Level 1:colcon.colcon_core.package_identification:_identify(src/r_gator_description) by extension 'colcon_pkg'
[1.133s] Level 1:colcon.colcon_core.package_identification:_identify(src/r_gator_description) by extensions ['colcon_meta']
[1.133s] Level 1:colcon.colcon_core.package_identification:_identify(src/r_gator_description) by extension 'colcon_meta'
[1.133s] Level 1:colcon.colcon_core.package_identification:_identify(src/r_gator_description) by extensions ['ros']
[1.133s] Level 1:colcon.colcon_core.package_identification:_identify(src/r_gator_description) by extension 'ros'
[1.136s] DEBUG:colcon.colcon_core.package_identification:Package 'src/r_gator_description' with type 'ros.ament_cmake' and name 'r_gator_description'
[1.136s] Level 1:colcon.colcon_core.package_identification:_identify(src/r_gator_gazebo) by extensions ['ignore', 'ignore_ament_install']
[1.136s] Level 1:colcon.colcon_core.package_identification:_identify(src/r_gator_gazebo) by extension 'ignore'
[1.136s] Level 1:colcon.colcon_core.package_identification:_identify(src/r_gator_gazebo) by extension 'ignore_ament_install'
[1.136s] Level 1:colcon.colcon_core.package_identification:_identify(src/r_gator_gazebo) by extensions ['colcon_pkg']
[1.136s] Level 1:colcon.colcon_core.package_identification:_identify(src/r_gator_gazebo) by extension 'colcon_pkg'
[1.136s] Level 1:colcon.colcon_core.package_identification:_identify(src/r_gator_gazebo) by extensions ['colcon_meta']
[1.136s] Level 1:colcon.colcon_core.package_identification:_identify(src/r_gator_gazebo) by extension 'colcon_meta'
[1.136s] Level 1:colcon.colcon_core.package_identification:_identify(src/r_gator_gazebo) by extensions ['ros']
[1.136s] Level 1:colcon.colcon_core.package_identification:_identify(src/r_gator_gazebo) by extension 'ros'
[1.138s] DEBUG:colcon.colcon_core.package_identification:Package 'src/r_gator_gazebo' with type 'ros.ament_cmake' and name 'r_gator_gazebo'
[1.138s] Level 1:colcon.colcon_core.package_identification:_identify(src/r_gator_gazebo_tool) by extensions ['ignore', 'ignore_ament_install']
[1.138s] Level 1:colcon.colcon_core.package_identification:_identify(src/r_gator_gazebo_tool) by extension 'ignore'
[1.138s] Level 1:colcon.colcon_core.package_identification:_identify(src/r_gator_gazebo_tool) by extension 'ignore_ament_install'
[1.138s] Level 1:colcon.colcon_core.package_identification:_identify(src/r_gator_gazebo_tool) by extensions ['colcon_pkg']
[1.138s] Level 1:colcon.colcon_core.package_identification:_identify(src/r_gator_gazebo_tool) by extension 'colcon_pkg'
[1.138s] Level 1:colcon.colcon_core.package_identification:_identify(src/r_gator_gazebo_tool) by extensions ['colcon_meta']
[1.138s] Level 1:colcon.colcon_core.package_identification:_identify(src/r_gator_gazebo_tool) by extension 'colcon_meta'
[1.138s] Level 1:colcon.colcon_core.package_identification:_identify(src/r_gator_gazebo_tool) by extensions ['ros']
[1.138s] Level 1:colcon.colcon_core.package_identification:_identify(src/r_gator_gazebo_tool) by extension 'ros'
[1.139s] DEBUG:colcon.colcon_core.package_identification:Package 'src/r_gator_gazebo_tool' with type 'ros.ament_cmake' and name 'r_gator_gazebo_tool'
[1.139s] Level 1:colcon.colcon_core.package_identification:_identify(src/r_gator_launch) by extensions ['ignore', 'ignore_ament_install']
[1.139s] Level 1:colcon.colcon_core.package_identification:_identify(src/r_gator_launch) by extension 'ignore'
[1.139s] Level 1:colcon.colcon_core.package_identification:_identify(src/r_gator_launch) by extension 'ignore_ament_install'
[1.139s] Level 1:colcon.colcon_core.package_identification:_identify(src/r_gator_launch) by extensions ['colcon_pkg']
[1.139s] Level 1:colcon.colcon_core.package_identification:_identify(src/r_gator_launch) by extension 'colcon_pkg'
[1.139s] Level 1:colcon.colcon_core.package_identification:_identify(src/r_gator_launch) by extensions ['colcon_meta']
[1.139s] Level 1:colcon.colcon_core.package_identification:_identify(src/r_gator_launch) by extension 'colcon_meta'
[1.139s] Level 1:colcon.colcon_core.package_identification:_identify(src/r_gator_launch) by extensions ['ros']
[1.140s] Level 1:colcon.colcon_core.package_identification:_identify(src/r_gator_launch) by extension 'ros'
[1.140s] DEBUG:colcon.colcon_core.package_identification:Package 'src/r_gator_launch' with type 'ros.ament_cmake' and name 'r_gator_launch'
[1.140s] Level 1:colcon.colcon_core.package_identification:_identify(src/r_gator_teleop) by extensions ['ignore', 'ignore_ament_install']
[1.140s] Level 1:colcon.colcon_core.package_identification:_identify(src/r_gator_teleop) by extension 'ignore'
[1.140s] Level 1:colcon.colcon_core.package_identification:_identify(src/r_gator_teleop) by extension 'ignore_ament_install'
[1.140s] Level 1:colcon.colcon_core.package_identification:_identify(src/r_gator_teleop) by extensions ['colcon_pkg']
[1.140s] Level 1:colcon.colcon_core.package_identification:_identify(src/r_gator_teleop) by extension 'colcon_pkg'
[1.140s] Level 1:colcon.colcon_core.package_identification:_identify(src/r_gator_teleop) by extensions ['colcon_meta']
[1.140s] Level 1:colcon.colcon_core.package_identification:_identify(src/r_gator_teleop) by extension 'colcon_meta'
[1.140s] Level 1:colcon.colcon_core.package_identification:_identify(src/r_gator_teleop) by extensions ['ros']
[1.140s] Level 1:colcon.colcon_core.package_identification:_identify(src/r_gator_teleop) by extension 'ros'
[1.141s] DEBUG:colcon.colcon_core.package_identification:Package 'src/r_gator_teleop' with type 'ros.ament_cmake' and name 'r_gator_teleop'
[1.141s] Level 1:colcon.colcon_core.package_identification:_identify(src/rgator_model) by extensions ['ignore', 'ignore_ament_install']
[1.141s] Level 1:colcon.colcon_core.package_identification:_identify(src/rgator_model) by extension 'ignore'
[1.141s] Level 1:colcon.colcon_core.package_identification:_identify(src/rgator_model) by extension 'ignore_ament_install'
[1.141s] Level 1:colcon.colcon_core.package_identification:_identify(src/rgator_model) by extensions ['colcon_pkg']
[1.142s] Level 1:colcon.colcon_core.package_identification:_identify(src/rgator_model) by extension 'colcon_pkg'
[1.142s] Level 1:colcon.colcon_core.package_identification:_identify(src/rgator_model) by extensions ['colcon_meta']
[1.142s] Level 1:colcon.colcon_core.package_identification:_identify(src/rgator_model) by extension 'colcon_meta'
[1.142s] Level 1:colcon.colcon_core.package_identification:_identify(src/rgator_model) by extensions ['ros']
[1.142s] Level 1:colcon.colcon_core.package_identification:_identify(src/rgator_model) by extension 'ros'
[1.142s] DEBUG:colcon.colcon_core.package_identification:Package 'src/rgator_model' with type 'ros.ament_cmake' and name 'rgator_model'
[1.142s] Level 1:colcon.colcon_core.package_identification:_identify(src/src) by extensions ['ignore', 'ignore_ament_install']
[1.143s] Level 1:colcon.colcon_core.package_identification:_identify(src/src) by extension 'ignore'
[1.143s] Level 1:colcon.colcon_core.package_identification:_identify(src/src) by extension 'ignore_ament_install'
[1.143s] Level 1:colcon.colcon_core.package_identification:_identify(src/src) by extensions ['colcon_pkg']
[1.143s] Level 1:colcon.colcon_core.package_identification:_identify(src/src) by extension 'colcon_pkg'
[1.143s] Level 1:colcon.colcon_core.package_identification:_identify(src/src) by extensions ['colcon_meta']
[1.143s] Level 1:colcon.colcon_core.package_identification:_identify(src/src) by extension 'colcon_meta'
[1.143s] Level 1:colcon.colcon_core.package_identification:_identify(src/src) by extensions ['ros']
[1.143s] Level 1:colcon.colcon_core.package_identification:_identify(src/src) by extension 'ros'
[1.143s] Level 1:colcon.colcon_core.package_identification:_identify(src/src) by extensions ['cmake', 'python']
[1.143s] Level 1:colcon.colcon_core.package_identification:_identify(src/src) by extension 'cmake'
[1.143s] Level 1:colcon.colcon_core.package_identification:_identify(src/src) by extension 'python'
[1.143s] Level 1:colcon.colcon_core.package_identification:_identify(src/src) by extensions ['python_setup_py']
[1.143s] Level 1:colcon.colcon_core.package_identification:_identify(src/src) by extension 'python_setup_py'
[1.143s] Level 1:colcon.colcon_core.package_discovery:discover_packages(recursive) using defaults
[1.143s] Level 1:colcon.colcon_core.package_discovery:discover_packages(ignore) discover
[1.143s] Level 1:colcon.colcon_core.package_discovery:discover_packages(ignore) using defaults
[1.143s] Level 1:colcon.colcon_core.package_discovery:discover_packages(path) discover
[1.143s] Level 1:colcon.colcon_core.package_discovery:discover_packages(path) using defaults
[1.242s] Level 1:colcon.colcon_core.package_discovery:discover_packages(prefix_path) check parameters
[1.243s] Level 1:colcon.colcon_core.package_discovery:discover_packages(prefix_path) discover
[1.276s] DEBUG:colcon.colcon_installed_package_information.package_discovery:Found 6 installed packages in /home/samee/ros2ws/install
[1.300s] DEBUG:colcon.colcon_installed_package_information.package_discovery:Found 300 installed packages in /opt/ros/humble
[1.301s] Level 1:colcon.colcon_core.package_discovery:discover_packages(prefix_path) using defaults
[1.400s] Level 5:colcon.colcon_core.verb:set package 'r_gator_description' build argument 'cmake_args' from command line to 'None'
[1.400s] Level 5:colcon.colcon_core.verb:set package 'r_gator_description' build argument 'cmake_target' from command line to 'None'
[1.400s] Level 5:colcon.colcon_core.verb:set package 'r_gator_description' build argument 'cmake_target_skip_unavailable' from command line to 'False'
[1.400s] Level 5:colcon.colcon_core.verb:set package 'r_gator_description' build argument 'cmake_clean_cache' from command line to 'False'
[1.400s] Level 5:colcon.colcon_core.verb:set package 'r_gator_description' build argument 'cmake_clean_first' from command line to 'False'
[1.400s] Level 5:colcon.colcon_core.verb:set package 'r_gator_description' build argument 'cmake_force_configure' from command line to 'False'
[1.400s] Level 5:colcon.colcon_core.verb:set package 'r_gator_description' build argument 'ament_cmake_args' from command line to 'None'
[1.400s] Level 5:colcon.colcon_core.verb:set package 'r_gator_description' build argument 'catkin_cmake_args' from command line to 'None'
[1.400s] Level 5:colcon.colcon_core.verb:set package 'r_gator_description' build argument 'catkin_skip_building_tests' from command line to 'False'
[1.400s] DEBUG:colcon.colcon_core.verb:Building package 'r_gator_description' with the following arguments: {'ament_cmake_args': None, 'build_base': '/home/samee/ros2ws/build/r_gator_description', 'catkin_cmake_args': None, 'catkin_skip_building_tests': False, 'cmake_args': None, 'cmake_clean_cache': False, 'cmake_clean_first': False, 'cmake_force_configure': False, 'cmake_target': None, 'cmake_target_skip_unavailable': False, 'install_base': '/home/samee/ros2ws/install/r_gator_description', 'merge_install': False, 'path': '/home/samee/ros2ws/src/r_gator_description', 'symlink_install': False, 'test_result_base': None}
[1.416s] Level 5:colcon.colcon_core.verb:set package 'r_gator_gazebo' build argument 'cmake_args' from command line to 'None'
[1.416s] Level 5:colcon.colcon_core.verb:set package 'r_gator_gazebo' build argument 'cmake_target' from command line to 'None'
[1.416s] Level 5:colcon.colcon_core.verb:set package 'r_gator_gazebo' build argument 'cmake_target_skip_unavailable' from command line to 'False'
[1.417s] Level 5:colcon.colcon_core.verb:set package 'r_gator_gazebo' build argument 'cmake_clean_cache' from command line to 'False'
[1.417s] Level 5:colcon.colcon_core.verb:set package 'r_gator_gazebo' build argument 'cmake_clean_first' from command line to 'False'
[1.417s] Level 5:colcon.colcon_core.verb:set package 'r_gator_gazebo' build argument 'cmake_force_configure' from command line to 'False'
[1.417s] Level 5:colcon.colcon_core.verb:set package 'r_gator_gazebo' build argument 'ament_cmake_args' from command line to 'None'
[1.417s] Level 5:colcon.colcon_core.verb:set package 'r_gator_gazebo' build argument 'catkin_cmake_args' from command line to 'None'
[1.417s] Level 5:colcon.colcon_core.verb:set package 'r_gator_gazebo' build argument 'catkin_skip_building_tests' from command line to 'False'
[1.417s] DEBUG:colcon.colcon_core.verb:Building package 'r_gator_gazebo' with the following arguments: {'ament_cmake_args': None, 'build_base': '/home/samee/ros2ws/build/r_gator_gazebo', 'catkin_cmake_args': None, 'catkin_skip_building_tests': False, 'cmake_args': None, 'cmake_clean_cache': False, 'cmake_clean_first': False, 'cmake_force_configure': False, 'cmake_target': None, 'cmake_target_skip_unavailable': False, 'install_base': '/home/samee/ros2ws/install/r_gator_gazebo', 'merge_install': False, 'path': '/home/samee/ros2ws/src/r_gator_gazebo', 'symlink_install': False, 'test_result_base': None}
[1.433s] Level 5:colcon.colcon_core.verb:set package 'r_gator_gazebo_tool' build argument 'cmake_args' from command line to 'None'
[1.433s] Level 5:colcon.colcon_core.verb:set package 'r_gator_gazebo_tool' build argument 'cmake_target' from command line to 'None'
[1.433s] Level 5:colcon.colcon_core.verb:set package 'r_gator_gazebo_tool' build argument 'cmake_target_skip_unavailable' from command line to 'False'
[1.433s] Level 5:colcon.colcon_core.verb:set package 'r_gator_gazebo_tool' build argument 'cmake_clean_cache' from command line to 'False'
[1.433s] Level 5:colcon.colcon_core.verb:set package 'r_gator_gazebo_tool' build argument 'cmake_clean_first' from command line to 'False'
[1.433s] Level 5:colcon.colcon_core.verb:set package 'r_gator_gazebo_tool' build argument 'cmake_force_configure' from command line to 'False'
[1.433s] Level 5:colcon.colcon_core.verb:set package 'r_gator_gazebo_tool' build argument 'ament_cmake_args' from command line to 'None'
[1.433s] Level 5:colcon.colcon_core.verb:set package 'r_gator_gazebo_tool' build argument 'catkin_cmake_args' from command line to 'None'
[1.433s] Level 5:colcon.colcon_core.verb:set package 'r_gator_gazebo_tool' build argument 'catkin_skip_building_tests' from command line to 'False'
[1.433s] DEBUG:colcon.colcon_core.verb:Building package 'r_gator_gazebo_tool' with the following arguments: {'ament_cmake_args': None, 'build_base': '/home/samee/ros2ws/build/r_gator_gazebo_tool', 'catkin_cmake_args': None, 'catkin_skip_building_tests': False, 'cmake_args': None, 'cmake_clean_cache': False, 'cmake_clean_first': False, 'cmake_force_configure': False, 'cmake_target': None, 'cmake_target_skip_unavailable': False, 'install_base': '/home/samee/ros2ws/install/r_gator_gazebo_tool', 'merge_install': False, 'path': '/home/samee/ros2ws/src/r_gator_gazebo_tool', 'symlink_install': False, 'test_result_base': None}
[1.450s] Level 5:colcon.colcon_core.verb:set package 'r_gator_launch' build argument 'cmake_args' from command line to 'None'
[1.450s] Level 5:colcon.colcon_core.verb:set package 'r_gator_launch' build argument 'cmake_target' from command line to 'None'
[1.450s] Level 5:colcon.colcon_core.verb:set package 'r_gator_launch' build argument 'cmake_target_skip_unavailable' from command line to 'False'
[1.450s] Level 5:colcon.colcon_core.verb:set package 'r_gator_launch' build argument 'cmake_clean_cache' from command line to 'False'
[1.450s] Level 5:colcon.colcon_core.verb:set package 'r_gator_launch' build argument 'cmake_clean_first' from command line to 'False'
[1.450s] Level 5:colcon.colcon_core.verb:set package 'r_gator_launch' build argument 'cmake_force_configure' from command line to 'False'
[1.450s] Level 5:colcon.colcon_core.verb:set package 'r_gator_launch' build argument 'ament_cmake_args' from command line to 'None'
[1.450s] Level 5:colcon.colcon_core.verb:set package 'r_gator_launch' build argument 'catkin_cmake_args' from command line to 'None'
[1.450s] Level 5:colcon.colcon_core.verb:set package 'r_gator_launch' build argument 'catkin_skip_building_tests' from command line to 'False'
[1.450s] DEBUG:colcon.colcon_core.verb:Building package 'r_gator_launch' with the following arguments: {'ament_cmake_args': None, 'build_base': '/home/samee/ros2ws/build/r_gator_launch', 'catkin_cmake_args': None, 'catkin_skip_building_tests': False, 'cmake_args': None, 'cmake_clean_cache': False, 'cmake_clean_first': False, 'cmake_force_configure': False, 'cmake_target': None, 'cmake_target_skip_unavailable': False, 'install_base': '/home/samee/ros2ws/install/r_gator_launch', 'merge_install': False, 'path': '/home/samee/ros2ws/src/r_gator_launch', 'symlink_install': False, 'test_result_base': None}
[1.466s] Level 5:colcon.colcon_core.verb:set package 'r_gator_teleop' build argument 'cmake_args' from command line to 'None'
[1.466s] Level 5:colcon.colcon_core.verb:set package 'r_gator_teleop' build argument 'cmake_target' from command line to 'None'
[1.467s] Level 5:colcon.colcon_core.verb:set package 'r_gator_teleop' build argument 'cmake_target_skip_unavailable' from command line to 'False'
[1.467s] Level 5:colcon.colcon_core.verb:set package 'r_gator_teleop' build argument 'cmake_clean_cache' from command line to 'False'
[1.467s] Level 5:colcon.colcon_core.verb:set package 'r_gator_teleop' build argument 'cmake_clean_first' from command line to 'False'
[1.467s] Level 5:colcon.colcon_core.verb:set package 'r_gator_teleop' build argument 'cmake_force_configure' from command line to 'False'
[1.467s] Level 5:colcon.colcon_core.verb:set package 'r_gator_teleop' build argument 'ament_cmake_args' from command line to 'None'
[1.467s] Level 5:colcon.colcon_core.verb:set package 'r_gator_teleop' build argument 'catkin_cmake_args' from command line to 'None'
[1.467s] Level 5:colcon.colcon_core.verb:set package 'r_gator_teleop' build argument 'catkin_skip_building_tests' from command line to 'False'
[1.467s] DEBUG:colcon.colcon_core.verb:Building package 'r_gator_teleop' with the following arguments: {'ament_cmake_args': None, 'build_base': '/home/samee/ros2ws/build/r_gator_teleop', 'catkin_cmake_args': None, 'catkin_skip_building_tests': False, 'cmake_args': None, 'cmake_clean_cache': False, 'cmake_clean_first': False, 'cmake_force_configure': False, 'cmake_target': None, 'cmake_target_skip_unavailable': False, 'install_base': '/home/samee/ros2ws/install/r_gator_teleop', 'merge_install': False, 'path': '/home/samee/ros2ws/src/r_gator_teleop', 'symlink_install': False, 'test_result_base': None}
[1.483s] Level 5:colcon.colcon_core.verb:set package 'rgator_model' build argument 'cmake_args' from command line to 'None'
[1.483s] Level 5:colcon.colcon_core.verb:set package 'rgator_model' build argument 'cmake_target' from command line to 'None'
[1.483s] Level 5:colcon.colcon_core.verb:set package 'rgator_model' build argument 'cmake_target_skip_unavailable' from command line to 'False'
[1.483s] Level 5:colcon.colcon_core.verb:set package 'rgator_model' build argument 'cmake_clean_cache' from command line to 'False'
[1.483s] Level 5:colcon.colcon_core.verb:set package 'rgator_model' build argument 'cmake_clean_first' from command line to 'False'
[1.483s] Level 5:colcon.colcon_core.verb:set package 'rgator_model' build argument 'cmake_force_configure' from command line to 'False'
[1.483s] Level 5:colcon.colcon_core.verb:set package 'rgator_model' build argument 'ament_cmake_args' from command line to 'None'
[1.483s] Level 5:colcon.colcon_core.verb:set package 'rgator_model' build argument 'catkin_cmake_args' from command line to 'None'
[1.483s] Level 5:colcon.colcon_core.verb:set package 'rgator_model' build argument 'catkin_skip_building_tests' from command line to 'False'
[1.483s] DEBUG:colcon.colcon_core.verb:Building package 'rgator_model' with the following arguments: {'ament_cmake_args': None, 'build_base': '/home/samee/ros2ws/build/rgator_model', 'catkin_cmake_args': None, 'catkin_skip_building_tests': False, 'cmake_args': None, 'cmake_clean_cache': False, 'cmake_clean_first': False, 'cmake_force_configure': False, 'cmake_target': None, 'cmake_target_skip_unavailable': False, 'install_base': '/home/samee/ros2ws/install/rgator_model', 'merge_install': False, 'path': '/home/samee/ros2ws/src/rgator_model', 'symlink_install': False, 'test_result_base': None}
[1.499s] INFO:colcon.colcon_core.executor:Executing jobs using 'parallel' executor
[1.516s] DEBUG:colcon.colcon_parallel_executor.executor.parallel:run_until_complete
[1.516s] INFO:colcon.colcon_ros.task.ament_cmake.build:Building ROS package in '/home/samee/ros2ws/src/r_gator_description' with build type 'ament_cmake'
[1.516s] INFO:colcon.colcon_cmake.task.cmake.build:Building CMake package in '/home/samee/ros2ws/src/r_gator_description'
[1.535s] INFO:colcon.colcon_core.plugin_system:Skipping extension 'colcon_core.shell.bat': Not used on non-Windows systems
[1.535s] INFO:colcon.colcon_core.shell:Skip shell extension 'powershell' for command environment: Not usable outside of PowerShell
[1.536s] DEBUG:colcon.colcon_core.shell:Skip shell extension 'dsv' for command environment
[1.590s] INFO:colcon.colcon_ros.task.ament_cmake.build:Building ROS package in '/home/samee/ros2ws/src/r_gator_gazebo' with build type 'ament_cmake'
[1.591s] INFO:colcon.colcon_cmake.task.cmake.build:Building CMake package in '/home/samee/ros2ws/src/r_gator_gazebo'
[1.613s] INFO:colcon.colcon_core.shell:Skip shell extension 'powershell' for command environment: Not usable outside of PowerShell
[1.613s] DEBUG:colcon.colcon_core.shell:Skip shell extension 'dsv' for command environment
[1.682s] INFO:colcon.colcon_ros.task.ament_cmake.build:Building ROS package in '/home/samee/ros2ws/src/r_gator_gazebo_tool' with build type 'ament_cmake'
[1.682s] INFO:colcon.colcon_cmake.task.cmake.build:Building CMake package in '/home/samee/ros2ws/src/r_gator_gazebo_tool'
[1.698s] INFO:colcon.colcon_core.shell:Skip shell extension 'powershell' for command environment: Not usable outside of PowerShell
[1.698s] DEBUG:colcon.colcon_core.shell:Skip shell extension 'dsv' for command environment
[1.758s] INFO:colcon.colcon_ros.task.ament_cmake.build:Building ROS package in '/home/samee/ros2ws/src/r_gator_launch' with build type 'ament_cmake'
[1.758s] INFO:colcon.colcon_cmake.task.cmake.build:Building CMake package in '/home/samee/ros2ws/src/r_gator_launch'
[1.782s] INFO:colcon.colcon_core.shell:Skip shell extension 'powershell' for command environment: Not usable outside of PowerShell
[1.782s] DEBUG:colcon.colcon_core.shell:Skip shell extension 'dsv' for command environment
[1.837s] INFO:colcon.colcon_ros.task.ament_cmake.build:Building ROS package in '/home/samee/ros2ws/src/r_gator_teleop' with build type 'ament_cmake'
[1.837s] INFO:colcon.colcon_cmake.task.cmake.build:Building CMake package in '/home/samee/ros2ws/src/r_gator_teleop'
[1.853s] INFO:colcon.colcon_core.shell:Skip shell extension 'powershell' for command environment: Not usable outside of PowerShell
[1.854s] DEBUG:colcon.colcon_core.shell:Skip shell extension 'dsv' for command environment
[1.903s] INFO:colcon.colcon_ros.task.ament_cmake.build:Building ROS package in '/home/samee/ros2ws/src/rgator_model' with build type 'ament_cmake'
[1.903s] INFO:colcon.colcon_cmake.task.cmake.build:Building CMake package in '/home/samee/ros2ws/src/rgator_model'
[1.920s] INFO:colcon.colcon_core.shell:Skip shell extension 'powershell' for command environment: Not usable outside of PowerShell
[1.920s] DEBUG:colcon.colcon_core.shell:Skip shell extension 'dsv' for command environment
[1.977s] DEBUG:colcon.colcon_core.event_handler.log_command:Invoking command in '/home/samee/ros2ws/build/r_gator_description': CMAKE_PREFIX_PATH=/opt/ros/humble:${CMAKE_PREFIX_PATH} /usr/local/bin/cmake --build /home/samee/ros2ws/build/r_gator_description -- -j12 -l12
[1.979s] DEBUG:colcon.colcon_core.event_handler.log_command:Invoking command in '/home/samee/ros2ws/build/r_gator_gazebo': CMAKE_PREFIX_PATH=/opt/ros/humble:${CMAKE_PREFIX_PATH} /usr/local/bin/cmake --build /home/samee/ros2ws/build/r_gator_gazebo -- -j12 -l12
[1.981s] DEBUG:colcon.colcon_core.event_handler.log_command:Invoking command in '/home/samee/ros2ws/build/r_gator_gazebo_tool': CMAKE_PREFIX_PATH=/opt/ros/humble:${CMAKE_PREFIX_PATH} /usr/local/bin/cmake --build /home/samee/ros2ws/build/r_gator_gazebo_tool -- -j12 -l12
[1.983s] DEBUG:colcon.colcon_core.event_handler.log_command:Invoking command in '/home/samee/ros2ws/build/r_gator_launch': CMAKE_PREFIX_PATH=/opt/ros/humble:${CMAKE_PREFIX_PATH} /usr/local/bin/cmake --build /home/samee/ros2ws/build/r_gator_launch -- -j12 -l12
[1.986s] DEBUG:colcon.colcon_core.event_handler.log_command:Invoking command in '/home/samee/ros2ws/build/r_gator_teleop': CMAKE_PREFIX_PATH=/opt/ros/humble:${CMAKE_PREFIX_PATH} /usr/local/bin/cmake --build /home/samee/ros2ws/build/r_gator_teleop -- -j12 -l12
[1.990s] DEBUG:colcon.colcon_core.event_handler.log_command:Invoking command in '/home/samee/ros2ws/build/rgator_model': CMAKE_PREFIX_PATH=/opt/ros/humble:${CMAKE_PREFIX_PATH} /usr/local/bin/cmake --build /home/samee/ros2ws/build/rgator_model -- -j12 -l12
[1.990s] DEBUG:colcon.colcon_core.event_handler.log_command:Invoked command in '/home/samee/ros2ws/build/r_gator_description' returned '0': CMAKE_PREFIX_PATH=/opt/ros/humble:${CMAKE_PREFIX_PATH} /usr/local/bin/cmake --build /home/samee/ros2ws/build/r_gator_description -- -j12 -l12
[1.991s] DEBUG:colcon.colcon_core.event_handler.log_command:Invoked command in '/home/samee/ros2ws/build/r_gator_gazebo' returned '0': CMAKE_PREFIX_PATH=/opt/ros/humble:${CMAKE_PREFIX_PATH} /usr/local/bin/cmake --build /home/samee/ros2ws/build/r_gator_gazebo -- -j12 -l12
[1.993s] DEBUG:colcon.colcon_core.event_handler.log_command:Invoked command in '/home/samee/ros2ws/build/r_gator_launch' returned '0': CMAKE_PREFIX_PATH=/opt/ros/humble:${CMAKE_PREFIX_PATH} /usr/local/bin/cmake --build /home/samee/ros2ws/build/r_gator_launch -- -j12 -l12
[1.995s] DEBUG:colcon.colcon_core.event_handler.log_command:Invoked command in '/home/samee/ros2ws/build/r_gator_teleop' returned '0': CMAKE_PREFIX_PATH=/opt/ros/humble:${CMAKE_PREFIX_PATH} /usr/local/bin/cmake --build /home/samee/ros2ws/build/r_gator_teleop -- -j12 -l12
[1.998s] DEBUG:colcon.colcon_core.event_handler.log_command:Invoked command in '/home/samee/ros2ws/build/rgator_model' returned '0': CMAKE_PREFIX_PATH=/opt/ros/humble:${CMAKE_PREFIX_PATH} /usr/local/bin/cmake --build /home/samee/ros2ws/build/rgator_model -- -j12 -l12
[2.004s] DEBUG:colcon.colcon_core.event_handler.log_command:Invoking command in '/home/samee/ros2ws/build/r_gator_description': CMAKE_PREFIX_PATH=/opt/ros/humble:${CMAKE_PREFIX_PATH} /usr/local/bin/cmake --install /home/samee/ros2ws/build/r_gator_description
[2.005s] DEBUG:colcon.colcon_core.event_handler.log_command:Invoking command in '/home/samee/ros2ws/build/r_gator_gazebo': CMAKE_PREFIX_PATH=/opt/ros/humble:${CMAKE_PREFIX_PATH} /usr/local/bin/cmake --install /home/samee/ros2ws/build/r_gator_gazebo
[2.009s] Level 1:colcon.colcon_core.environment:create_environment_scripts_only(r_gator_description)
[2.016s] DEBUG:colcon.colcon_core.event_handler.log_command:Invoking command in '/home/samee/ros2ws/build/r_gator_launch': CMAKE_PREFIX_PATH=/opt/ros/humble:${CMAKE_PREFIX_PATH} /usr/local/bin/cmake --install /home/samee/ros2ws/build/r_gator_launch
[2.017s] DEBUG:colcon.colcon_core.event_handler.log_command:Invoking command in '/home/samee/ros2ws/build/r_gator_teleop': CMAKE_PREFIX_PATH=/opt/ros/humble:${CMAKE_PREFIX_PATH} /usr/local/bin/cmake --install /home/samee/ros2ws/build/r_gator_teleop
[2.018s] DEBUG:colcon.colcon_core.event_handler.log_command:Invoked command in '/home/samee/ros2ws/build/r_gator_description' returned '0': CMAKE_PREFIX_PATH=/opt/ros/humble:${CMAKE_PREFIX_PATH} /usr/local/bin/cmake --install /home/samee/ros2ws/build/r_gator_description
[2.046s] Level 1:colcon.colcon_core.environment:checking '/home/samee/ros2ws/install/r_gator_description' for CMake module files
[2.046s] Level 1:colcon.colcon_core.environment:checking '/home/samee/ros2ws/install/r_gator_description' for CMake config files
[2.046s] Level 1:colcon.colcon_core.shell:create_environment_hook('r_gator_description', 'cmake_prefix_path')
[2.063s] INFO:colcon.colcon_core.shell:Creating environment hook '/home/samee/ros2ws/install/r_gator_description/share/r_gator_description/hook/cmake_prefix_path.ps1'
[2.063s] INFO:colcon.colcon_core.shell:Creating environment descriptor '/home/samee/ros2ws/install/r_gator_description/share/r_gator_description/hook/cmake_prefix_path.dsv'
[2.064s] INFO:colcon.colcon_core.shell:Creating environment hook '/home/samee/ros2ws/install/r_gator_description/share/r_gator_description/hook/cmake_prefix_path.sh'
[2.064s] Level 1:colcon.colcon_core.environment:checking '/home/samee/ros2ws/install/r_gator_description/lib'
[2.065s] Level 1:colcon.colcon_core.environment:checking '/home/samee/ros2ws/install/r_gator_description/bin'
[2.065s] Level 1:colcon.colcon_core.environment:checking '/home/samee/ros2ws/install/r_gator_description/lib/pkgconfig/r_gator_description.pc'
[2.065s] Level 1:colcon.colcon_core.environment:checking '/home/samee/ros2ws/install/r_gator_description/lib/python3.10/site-packages'
[2.065s] Level 1:colcon.colcon_core.shell:create_environment_hook('r_gator_description', 'pythonpath')
[2.082s] INFO:colcon.colcon_core.shell:Creating environment hook '/home/samee/ros2ws/install/r_gator_description/share/r_gator_description/hook/pythonpath.ps1'
[2.082s] INFO:colcon.colcon_core.shell:Creating environment descriptor '/home/samee/ros2ws/install/r_gator_description/share/r_gator_description/hook/pythonpath.dsv'
[2.082s] INFO:colcon.colcon_core.shell:Creating environment hook '/home/samee/ros2ws/install/r_gator_description/share/r_gator_description/hook/pythonpath.sh'
[2.083s] Level 1:colcon.colcon_core.environment:checking '/home/samee/ros2ws/install/r_gator_description/bin'
[2.099s] INFO:colcon.colcon_core.shell:Creating package script '/home/samee/ros2ws/install/r_gator_description/share/r_gator_description/package.ps1'
[2.100s] INFO:colcon.colcon_core.shell:Creating package descriptor '/home/samee/ros2ws/install/r_gator_description/share/r_gator_description/package.dsv'
[2.100s] INFO:colcon.colcon_core.shell:Creating package script '/home/samee/ros2ws/install/r_gator_description/share/r_gator_description/package.sh'
[2.101s] INFO:colcon.colcon_core.shell:Creating package script '/home/samee/ros2ws/install/r_gator_description/share/r_gator_description/package.bash'
[2.102s] INFO:colcon.colcon_core.shell:Creating package script '/home/samee/ros2ws/install/r_gator_description/share/r_gator_description/package.zsh'
[2.102s] Level 1:colcon.colcon_core.environment:create_file_with_runtime_dependencies(/home/samee/ros2ws/install/r_gator_description/share/colcon-core/packages/r_gator_description)
[2.105s] Level 1:colcon.colcon_core.environment:create_environment_scripts_only(r_gator_gazebo)
[2.108s] DEBUG:colcon.colcon_core.event_handler.log_command:Invoking command in '/home/samee/ros2ws/build/rgator_model': CMAKE_PREFIX_PATH=/opt/ros/humble:${CMAKE_PREFIX_PATH} /usr/local/bin/cmake --install /home/samee/ros2ws/build/rgator_model
[2.109s] DEBUG:colcon.colcon_core.event_handler.log_command:Invoked command in '/home/samee/ros2ws/build/r_gator_gazebo' returned '0': CMAKE_PREFIX_PATH=/opt/ros/humble:${CMAKE_PREFIX_PATH} /usr/local/bin/cmake --install /home/samee/ros2ws/build/r_gator_gazebo
[2.126s] Level 1:colcon.colcon_core.environment:checking '/home/samee/ros2ws/install/r_gator_gazebo' for CMake module files
[2.126s] Level 1:colcon.colcon_core.environment:checking '/home/samee/ros2ws/install/r_gator_gazebo' for CMake config files
[2.126s] Level 1:colcon.colcon_core.shell:create_environment_hook('r_gator_gazebo', 'cmake_prefix_path')
[2.144s] INFO:colcon.colcon_core.shell:Creating environment hook '/home/samee/ros2ws/install/r_gator_gazebo/share/r_gator_gazebo/hook/cmake_prefix_path.ps1'
[2.144s] INFO:colcon.colcon_core.shell:Creating environment descriptor '/home/samee/ros2ws/install/r_gator_gazebo/share/r_gator_gazebo/hook/cmake_prefix_path.dsv'
[2.145s] INFO:colcon.colcon_core.shell:Creating environment hook '/home/samee/ros2ws/install/r_gator_gazebo/share/r_gator_gazebo/hook/cmake_prefix_path.sh'
[2.145s] Level 1:colcon.colcon_core.environment:checking '/home/samee/ros2ws/install/r_gator_gazebo/lib'
[2.145s] Level 1:colcon.colcon_core.environment:checking '/home/samee/ros2ws/install/r_gator_gazebo/bin'
[2.145s] Level 1:colcon.colcon_core.environment:checking '/home/samee/ros2ws/install/r_gator_gazebo/lib/pkgconfig/r_gator_gazebo.pc'
[2.146s] Level 1:colcon.colcon_core.environment:checking '/home/samee/ros2ws/install/r_gator_gazebo/lib/python3.10/site-packages'
[2.146s] Level 1:colcon.colcon_core.shell:create_environment_hook('r_gator_gazebo', 'pythonpath')
[2.162s] INFO:colcon.colcon_core.shell:Creating environment hook '/home/samee/ros2ws/install/r_gator_gazebo/share/r_gator_gazebo/hook/pythonpath.ps1'
[2.163s] INFO:colcon.colcon_core.shell:Creating environment descriptor '/home/samee/ros2ws/install/r_gator_gazebo/share/r_gator_gazebo/hook/pythonpath.dsv'
[2.163s] INFO:colcon.colcon_core.shell:Creating environment hook '/home/samee/ros2ws/install/r_gator_gazebo/share/r_gator_gazebo/hook/pythonpath.sh'
[2.163s] Level 1:colcon.colcon_core.environment:checking '/home/samee/ros2ws/install/r_gator_gazebo/bin'
[2.180s] INFO:colcon.colcon_core.shell:Creating package script '/home/samee/ros2ws/install/r_gator_gazebo/share/r_gator_gazebo/package.ps1'
[2.180s] INFO:colcon.colcon_core.shell:Creating package descriptor '/home/samee/ros2ws/install/r_gator_gazebo/share/r_gator_gazebo/package.dsv'
[2.181s] INFO:colcon.colcon_core.shell:Creating package script '/home/samee/ros2ws/install/r_gator_gazebo/share/r_gator_gazebo/package.sh'
[2.181s] INFO:colcon.colcon_core.shell:Creating package script '/home/samee/ros2ws/install/r_gator_gazebo/share/r_gator_gazebo/package.bash'
[2.181s] INFO:colcon.colcon_core.shell:Creating package script '/home/samee/ros2ws/install/r_gator_gazebo/share/r_gator_gazebo/package.zsh'
[2.181s] Level 1:colcon.colcon_core.environment:create_file_with_runtime_dependencies(/home/samee/ros2ws/install/r_gator_gazebo/share/colcon-core/packages/r_gator_gazebo)
[2.183s] Level 1:colcon.colcon_core.environment:create_environment_scripts_only(r_gator_launch)
[2.183s] DEBUG:colcon.colcon_core.event_handler.log_command:Invoked command in '/home/samee/ros2ws/build/r_gator_launch' returned '0': CMAKE_PREFIX_PATH=/opt/ros/humble:${CMAKE_PREFIX_PATH} /usr/local/bin/cmake --install /home/samee/ros2ws/build/r_gator_launch
[2.200s] Level 1:colcon.colcon_core.environment:checking '/home/samee/ros2ws/install/r_gator_launch' for CMake module files
[2.200s] Level 1:colcon.colcon_core.environment:checking '/home/samee/ros2ws/install/r_gator_launch' for CMake config files
[2.200s] Level 1:colcon.colcon_core.shell:create_environment_hook('r_gator_launch', 'cmake_prefix_path')
[2.217s] INFO:colcon.colcon_core.shell:Creating environment hook '/home/samee/ros2ws/install/r_gator_launch/share/r_gator_launch/hook/cmake_prefix_path.ps1'
[2.217s] INFO:colcon.colcon_core.shell:Creating environment descriptor '/home/samee/ros2ws/install/r_gator_launch/share/r_gator_launch/hook/cmake_prefix_path.dsv'
[2.218s] INFO:colcon.colcon_core.shell:Creating environment hook '/home/samee/ros2ws/install/r_gator_launch/share/r_gator_launch/hook/cmake_prefix_path.sh'
[2.218s] Level 1:colcon.colcon_core.environment:checking '/home/samee/ros2ws/install/r_gator_launch/lib'
[2.218s] Level 1:colcon.colcon_core.environment:checking '/home/samee/ros2ws/install/r_gator_launch/bin'
[2.218s] Level 1:colcon.colcon_core.environment:checking '/home/samee/ros2ws/install/r_gator_launch/lib/pkgconfig/r_gator_launch.pc'
[2.218s] Level 1:colcon.colcon_core.environment:checking '/home/samee/ros2ws/install/r_gator_launch/lib/python3.10/site-packages'
[2.218s] Level 1:colcon.colcon_core.shell:create_environment_hook('r_gator_launch', 'pythonpath')
[2.236s] INFO:colcon.colcon_core.shell:Creating environment hook '/home/samee/ros2ws/install/r_gator_launch/share/r_gator_launch/hook/pythonpath.ps1'
[2.236s] INFO:colcon.colcon_core.shell:Creating environment descriptor '/home/samee/ros2ws/install/r_gator_launch/share/r_gator_launch/hook/pythonpath.dsv'
[2.237s] INFO:colcon.colcon_core.shell:Creating environment hook '/home/samee/ros2ws/install/r_gator_launch/share/r_gator_launch/hook/pythonpath.sh'
[2.237s] Level 1:colcon.colcon_core.environment:checking '/home/samee/ros2ws/install/r_gator_launch/bin'
[2.254s] INFO:colcon.colcon_core.shell:Creating package script '/home/samee/ros2ws/install/r_gator_launch/share/r_gator_launch/package.ps1'
[2.255s] INFO:colcon.colcon_core.shell:Creating package descriptor '/home/samee/ros2ws/install/r_gator_launch/share/r_gator_launch/package.dsv'
[2.255s] INFO:colcon.colcon_core.shell:Creating package script '/home/samee/ros2ws/install/r_gator_launch/share/r_gator_launch/package.sh'
[2.255s] INFO:colcon.colcon_core.shell:Creating package script '/home/samee/ros2ws/install/r_gator_launch/share/r_gator_launch/package.bash'
[2.256s] INFO:colcon.colcon_core.shell:Creating package script '/home/samee/ros2ws/install/r_gator_launch/share/r_gator_launch/package.zsh'
[2.256s] Level 1:colcon.colcon_core.environment:create_file_with_runtime_dependencies(/home/samee/ros2ws/install/r_gator_launch/share/colcon-core/packages/r_gator_launch)
[2.257s] Level 1:colcon.colcon_core.environment:create_environment_scripts_only(r_gator_teleop)
[2.257s] DEBUG:colcon.colcon_core.event_handler.log_command:Invoked command in '/home/samee/ros2ws/build/r_gator_teleop' returned '0': CMAKE_PREFIX_PATH=/opt/ros/humble:${CMAKE_PREFIX_PATH} /usr/local/bin/cmake --install /home/samee/ros2ws/build/r_gator_teleop
[2.275s] Level 1:colcon.colcon_core.environment:checking '/home/samee/ros2ws/install/r_gator_teleop' for CMake module files
[2.275s] Level 1:colcon.colcon_core.environment:checking '/home/samee/ros2ws/install/r_gator_teleop' for CMake config files
[2.276s] Level 1:colcon.colcon_core.shell:create_environment_hook('r_gator_teleop', 'cmake_prefix_path')
[2.294s] INFO:colcon.colcon_core.shell:Creating environment hook '/home/samee/ros2ws/install/r_gator_teleop/share/r_gator_teleop/hook/cmake_prefix_path.ps1'
[2.294s] INFO:colcon.colcon_core.shell:Creating environment descriptor '/home/samee/ros2ws/install/r_gator_teleop/share/r_gator_teleop/hook/cmake_prefix_path.dsv'
[2.294s] INFO:colcon.colcon_core.shell:Creating environment hook '/home/samee/ros2ws/install/r_gator_teleop/share/r_gator_teleop/hook/cmake_prefix_path.sh'
[2.295s] Level 1:colcon.colcon_core.environment:checking '/home/samee/ros2ws/install/r_gator_teleop/bin'
[2.295s] Level 1:colcon.colcon_core.environment:checking '/home/samee/ros2ws/install/r_gator_teleop/lib/pkgconfig/r_gator_teleop.pc'
[2.295s] Level 1:colcon.colcon_core.environment:checking '/home/samee/ros2ws/install/r_gator_teleop/lib/python3.10/site-packages'
[2.295s] Level 1:colcon.colcon_core.environment:checking '/home/samee/ros2ws/install/r_gator_teleop/bin'
[2.312s] INFO:colcon.colcon_core.shell:Creating package script '/home/samee/ros2ws/install/r_gator_teleop/share/r_gator_teleop/package.ps1'
[2.312s] INFO:colcon.colcon_core.shell:Creating package descriptor '/home/samee/ros2ws/install/r_gator_teleop/share/r_gator_teleop/package.dsv'
[2.312s] INFO:colcon.colcon_core.shell:Creating package script '/home/samee/ros2ws/install/r_gator_teleop/share/r_gator_teleop/package.sh'
[2.313s] INFO:colcon.colcon_core.shell:Creating package script '/home/samee/ros2ws/install/r_gator_teleop/share/r_gator_teleop/package.bash'
[2.313s] INFO:colcon.colcon_core.shell:Creating package script '/home/samee/ros2ws/install/r_gator_teleop/share/r_gator_teleop/package.zsh'
[2.313s] Level 1:colcon.colcon_core.environment:create_file_with_runtime_dependencies(/home/samee/ros2ws/install/r_gator_teleop/share/colcon-core/packages/r_gator_teleop)
[2.332s] Level 1:colcon.colcon_core.environment:create_environment_scripts_only(r_gator_description)
[2.350s] Level 1:colcon.colcon_core.environment:checking '/home/samee/ros2ws/install/r_gator_description' for CMake module files
[2.350s] Level 1:colcon.colcon_core.environment:checking '/home/samee/ros2ws/install/r_gator_description' for CMake config files
[2.350s] Level 1:colcon.colcon_core.shell:create_environment_hook('r_gator_description', 'cmake_prefix_path')
[2.375s] INFO:colcon.colcon_core.shell:Creating environment hook '/home/samee/ros2ws/install/r_gator_description/share/r_gator_description/hook/cmake_prefix_path.ps1'
[2.375s] INFO:colcon.colcon_core.shell:Creating environment descriptor '/home/samee/ros2ws/install/r_gator_description/share/r_gator_description/hook/cmake_prefix_path.dsv'
[2.376s] INFO:colcon.colcon_core.shell:Creating environment hook '/home/samee/ros2ws/install/r_gator_description/share/r_gator_description/hook/cmake_prefix_path.sh'
[2.376s] Level 1:colcon.colcon_core.environment:checking '/home/samee/ros2ws/install/r_gator_description/lib'
[2.376s] Level 1:colcon.colcon_core.environment:checking '/home/samee/ros2ws/install/r_gator_description/bin'
[2.376s] Level 1:colcon.colcon_core.environment:checking '/home/samee/ros2ws/install/r_gator_description/lib/pkgconfig/r_gator_description.pc'
[2.376s] Level 1:colcon.colcon_core.environment:checking '/home/samee/ros2ws/install/r_gator_description/lib/python3.10/site-packages'
[2.376s] Level 1:colcon.colcon_core.shell:create_environment_hook('r_gator_description', 'pythonpath')
[2.394s] INFO:colcon.colcon_core.shell:Creating environment hook '/home/samee/ros2ws/install/r_gator_description/share/r_gator_description/hook/pythonpath.ps1'
[2.394s] INFO:colcon.colcon_core.shell:Creating environment descriptor '/home/samee/ros2ws/install/r_gator_description/share/r_gator_description/hook/pythonpath.dsv'
[2.394s] INFO:colcon.colcon_core.shell:Creating environment hook '/home/samee/ros2ws/install/r_gator_description/share/r_gator_description/hook/pythonpath.sh'
[2.395s] Level 1:colcon.colcon_core.environment:checking '/home/samee/ros2ws/install/r_gator_description/bin'
[2.412s] INFO:colcon.colcon_core.shell:Creating package script '/home/samee/ros2ws/install/r_gator_description/share/r_gator_description/package.ps1'
[2.413s] INFO:colcon.colcon_core.shell:Creating package descriptor '/home/samee/ros2ws/install/r_gator_description/share/r_gator_description/package.dsv'
[2.413s] INFO:colcon.colcon_core.shell:Creating package script '/home/samee/ros2ws/install/r_gator_description/share/r_gator_description/package.sh'
[2.413s] INFO:colcon.colcon_core.shell:Creating package script '/home/samee/ros2ws/install/r_gator_description/share/r_gator_description/package.bash'
[2.414s] INFO:colcon.colcon_core.shell:Creating package script '/home/samee/ros2ws/install/r_gator_description/share/r_gator_description/package.zsh'
[2.414s] Level 1:colcon.colcon_core.environment:create_file_with_runtime_dependencies(/home/samee/ros2ws/install/r_gator_description/share/colcon-core/packages/r_gator_description)
[2.432s] Level 1:colcon.colcon_core.environment:create_environment_scripts_only(r_gator_gazebo)
[2.450s] Level 1:colcon.colcon_core.environment:checking '/home/samee/ros2ws/install/r_gator_gazebo' for CMake module files
[2.451s] Level 1:colcon.colcon_core.environment:checking '/home/samee/ros2ws/install/r_gator_gazebo' for CMake config files
[2.451s] Level 1:colcon.colcon_core.shell:create_environment_hook('r_gator_gazebo', 'cmake_prefix_path')
[2.468s] INFO:colcon.colcon_core.shell:Creating environment hook '/home/samee/ros2ws/install/r_gator_gazebo/share/r_gator_gazebo/hook/cmake_prefix_path.ps1'
[2.469s] INFO:colcon.colcon_core.shell:Creating environment descriptor '/home/samee/ros2ws/install/r_gator_gazebo/share/r_gator_gazebo/hook/cmake_prefix_path.dsv'
[2.469s] INFO:colcon.colcon_core.shell:Creating environment hook '/home/samee/ros2ws/install/r_gator_gazebo/share/r_gator_gazebo/hook/cmake_prefix_path.sh'
[2.469s] Level 1:colcon.colcon_core.environment:checking '/home/samee/ros2ws/install/r_gator_gazebo/lib'
[2.470s] Level 1:colcon.colcon_core.environment:checking '/home/samee/ros2ws/install/r_gator_gazebo/bin'
[2.470s] Level 1:colcon.colcon_core.environment:checking '/home/samee/ros2ws/install/r_gator_gazebo/lib/pkgconfig/r_gator_gazebo.pc'
[2.470s] Level 1:colcon.colcon_core.environment:checking '/home/samee/ros2ws/install/r_gator_gazebo/lib/python3.10/site-packages'
[2.470s] Level 1:colcon.colcon_core.shell:create_environment_hook('r_gator_gazebo', 'pythonpath')
[2.488s] INFO:colcon.colcon_core.shell:Creating environment hook '/home/samee/ros2ws/install/r_gator_gazebo/share/r_gator_gazebo/hook/pythonpath.ps1'
[2.488s] INFO:colcon.colcon_core.shell:Creating environment descriptor '/home/samee/ros2ws/install/r_gator_gazebo/share/r_gator_gazebo/hook/pythonpath.dsv'
[2.488s] INFO:colcon.colcon_core.shell:Creating environment hook '/home/samee/ros2ws/install/r_gator_gazebo/share/r_gator_gazebo/hook/pythonpath.sh'
[2.489s] Level 1:colcon.colcon_core.environment:checking '/home/samee/ros2ws/install/r_gator_gazebo/bin'
[2.506s] INFO:colcon.colcon_core.shell:Creating package script '/home/samee/ros2ws/install/r_gator_gazebo/share/r_gator_gazebo/package.ps1'
[2.507s] INFO:colcon.colcon_core.shell:Creating package descriptor '/home/samee/ros2ws/install/r_gator_gazebo/share/r_gator_gazebo/package.dsv'
[2.507s] INFO:colcon.colcon_core.shell:Creating package script '/home/samee/ros2ws/install/r_gator_gazebo/share/r_gator_gazebo/package.sh'
[2.508s] INFO:colcon.colcon_core.shell:Creating package script '/home/samee/ros2ws/install/r_gator_gazebo/share/r_gator_gazebo/package.bash'
[2.508s] INFO:colcon.colcon_core.shell:Creating package script '/home/samee/ros2ws/install/r_gator_gazebo/share/r_gator_gazebo/package.zsh'
[2.508s] Level 1:colcon.colcon_core.environment:create_file_with_runtime_dependencies(/home/samee/ros2ws/install/r_gator_gazebo/share/colcon-core/packages/r_gator_gazebo)
[2.509s] Level 1:colcon.colcon_core.environment:create_environment_scripts_only(rgator_model)
[2.509s] DEBUG:colcon.colcon_core.event_handler.log_command:Invoked command in '/home/samee/ros2ws/build/rgator_model' returned '0': CMAKE_PREFIX_PATH=/opt/ros/humble:${CMAKE_PREFIX_PATH} /usr/local/bin/cmake --install /home/samee/ros2ws/build/rgator_model
[2.528s] Level 1:colcon.colcon_core.environment:checking '/home/samee/ros2ws/install/rgator_model' for CMake module files
[2.528s] Level 1:colcon.colcon_core.environment:checking '/home/samee/ros2ws/install/rgator_model' for CMake config files
[2.528s] Level 1:colcon.colcon_core.shell:create_environment_hook('rgator_model', 'cmake_prefix_path')
[2.547s] INFO:colcon.colcon_core.shell:Creating environment hook '/home/samee/ros2ws/install/rgator_model/share/rgator_model/hook/cmake_prefix_path.ps1'
[2.548s] INFO:colcon.colcon_core.shell:Creating environment descriptor '/home/samee/ros2ws/install/rgator_model/share/rgator_model/hook/cmake_prefix_path.dsv'
[2.548s] INFO:colcon.colcon_core.shell:Creating environment hook '/home/samee/ros2ws/install/rgator_model/share/rgator_model/hook/cmake_prefix_path.sh'
[2.548s] Level 1:colcon.colcon_core.environment:checking '/home/samee/ros2ws/install/rgator_model/lib'
[2.549s] Level 1:colcon.colcon_core.environment:checking '/home/samee/ros2ws/install/rgator_model/bin'
[2.549s] Level 1:colcon.colcon_core.environment:checking '/home/samee/ros2ws/install/rgator_model/lib/pkgconfig/rgator_model.pc'
[2.549s] Level 1:colcon.colcon_core.environment:checking '/home/samee/ros2ws/install/rgator_model/lib/python3.10/site-packages'
[2.549s] Level 1:colcon.colcon_core.shell:create_environment_hook('rgator_model', 'pythonpath')
[2.567s] INFO:colcon.colcon_core.shell:Creating environment hook '/home/samee/ros2ws/install/rgator_model/share/rgator_model/hook/pythonpath.ps1'
[2.567s] INFO:colcon.colcon_core.shell:Creating environment descriptor '/home/samee/ros2ws/install/rgator_model/share/rgator_model/hook/pythonpath.dsv'
[2.567s] INFO:colcon.colcon_core.shell:Creating environment hook '/home/samee/ros2ws/install/rgator_model/share/rgator_model/hook/pythonpath.sh'
[2.568s] Level 1:colcon.colcon_core.environment:checking '/home/samee/ros2ws/install/rgator_model/bin'
[2.585s] INFO:colcon.colcon_core.shell:Creating package script '/home/samee/ros2ws/install/rgator_model/share/rgator_model/package.ps1'
[2.585s] INFO:colcon.colcon_core.shell:Creating package descriptor '/home/samee/ros2ws/install/rgator_model/share/rgator_model/package.dsv'
[2.586s] INFO:colcon.colcon_core.shell:Creating package script '/home/samee/ros2ws/install/rgator_model/share/rgator_model/package.sh'
[2.586s] INFO:colcon.colcon_core.shell:Creating package script '/home/samee/ros2ws/install/rgator_model/share/rgator_model/package.bash'
[2.586s] INFO:colcon.colcon_core.shell:Creating package script '/home/samee/ros2ws/install/rgator_model/share/rgator_model/package.zsh'
[2.587s] Level 1:colcon.colcon_core.environment:create_file_with_runtime_dependencies(/home/samee/ros2ws/install/rgator_model/share/colcon-core/packages/rgator_model)
[2.605s] Level 1:colcon.colcon_core.environment:create_environment_scripts_only(r_gator_launch)
[2.622s] Level 1:colcon.colcon_core.environment:checking '/home/samee/ros2ws/install/r_gator_launch' for CMake module files
[2.622s] Level 1:colcon.colcon_core.environment:checking '/home/samee/ros2ws/install/r_gator_launch' for CMake config files
[2.622s] Level 1:colcon.colcon_core.shell:create_environment_hook('r_gator_launch', 'cmake_prefix_path')
[2.640s] INFO:colcon.colcon_core.shell:Creating environment hook '/home/samee/ros2ws/install/r_gator_launch/share/r_gator_launch/hook/cmake_prefix_path.ps1'
[2.640s] INFO:colcon.colcon_core.shell:Creating environment descriptor '/home/samee/ros2ws/install/r_gator_launch/share/r_gator_launch/hook/cmake_prefix_path.dsv'
[2.640s] INFO:colcon.colcon_core.shell:Creating environment hook '/home/samee/ros2ws/install/r_gator_launch/share/r_gator_launch/hook/cmake_prefix_path.sh'
[2.641s] Level 1:colcon.colcon_core.environment:checking '/home/samee/ros2ws/install/r_gator_launch/lib'
[2.641s] Level 1:colcon.colcon_core.environment:checking '/home/samee/ros2ws/install/r_gator_launch/bin'
[2.641s] Level 1:colcon.colcon_core.environment:checking '/home/samee/ros2ws/install/r_gator_launch/lib/pkgconfig/r_gator_launch.pc'
[2.641s] Level 1:colcon.colcon_core.environment:checking '/home/samee/ros2ws/install/r_gator_launch/lib/python3.10/site-packages'
[2.641s] Level 1:colcon.colcon_core.shell:create_environment_hook('r_gator_launch', 'pythonpath')
[2.659s] INFO:colcon.colcon_core.shell:Creating environment hook '/home/samee/ros2ws/install/r_gator_launch/share/r_gator_launch/hook/pythonpath.ps1'
[2.659s] INFO:colcon.colcon_core.shell:Creating environment descriptor '/home/samee/ros2ws/install/r_gator_launch/share/r_gator_launch/hook/pythonpath.dsv'
[2.660s] INFO:colcon.colcon_core.shell:Creating environment hook '/home/samee/ros2ws/install/r_gator_launch/share/r_gator_launch/hook/pythonpath.sh'
[2.660s] Level 1:colcon.colcon_core.environment:checking '/home/samee/ros2ws/install/r_gator_launch/bin'
[2.677s] INFO:colcon.colcon_core.shell:Creating package script '/home/samee/ros2ws/install/r_gator_launch/share/r_gator_launch/package.ps1'
[2.678s] INFO:colcon.colcon_core.shell:Creating package descriptor '/home/samee/ros2ws/install/r_gator_launch/share/r_gator_launch/package.dsv'
[2.678s] INFO:colcon.colcon_core.shell:Creating package script '/home/samee/ros2ws/install/r_gator_launch/share/r_gator_launch/package.sh'
[2.679s] INFO:colcon.colcon_core.shell:Creating package script '/home/samee/ros2ws/install/r_gator_launch/share/r_gator_launch/package.bash'
[2.679s] INFO:colcon.colcon_core.shell:Creating package script '/home/samee/ros2ws/install/r_gator_launch/share/r_gator_launch/package.zsh'
[2.679s] Level 1:colcon.colcon_core.environment:create_file_with_runtime_dependencies(/home/samee/ros2ws/install/r_gator_launch/share/colcon-core/packages/r_gator_launch)
[2.698s] Level 1:colcon.colcon_core.environment:create_environment_scripts_only(r_gator_teleop)
[2.716s] Level 1:colcon.colcon_core.environment:checking '/home/samee/ros2ws/install/r_gator_teleop' for CMake module files
[2.716s] Level 1:colcon.colcon_core.environment:checking '/home/samee/ros2ws/install/r_gator_teleop' for CMake config files
[2.716s] Level 1:colcon.colcon_core.shell:create_environment_hook('r_gator_teleop', 'cmake_prefix_path')
[2.735s] INFO:colcon.colcon_core.shell:Creating environment hook '/home/samee/ros2ws/install/r_gator_teleop/share/r_gator_teleop/hook/cmake_prefix_path.ps1'
[2.736s] INFO:colcon.colcon_core.shell:Creating environment descriptor '/home/samee/ros2ws/install/r_gator_teleop/share/r_gator_teleop/hook/cmake_prefix_path.dsv'
[2.736s] INFO:colcon.colcon_core.shell:Creating environment hook '/home/samee/ros2ws/install/r_gator_teleop/share/r_gator_teleop/hook/cmake_prefix_path.sh'
[2.737s] Level 1:colcon.colcon_core.environment:checking '/home/samee/ros2ws/install/r_gator_teleop/bin'
[2.737s] Level 1:colcon.colcon_core.environment:checking '/home/samee/ros2ws/install/r_gator_teleop/lib/pkgconfig/r_gator_teleop.pc'
[2.737s] Level 1:colcon.colcon_core.environment:checking '/home/samee/ros2ws/install/r_gator_teleop/lib/python3.10/site-packages'
[2.737s] Level 1:colcon.colcon_core.environment:checking '/home/samee/ros2ws/install/r_gator_teleop/bin'
[2.756s] INFO:colcon.colcon_core.shell:Creating package script '/home/samee/ros2ws/install/r_gator_teleop/share/r_gator_teleop/package.ps1'
[2.756s] INFO:colcon.colcon_core.shell:Creating package descriptor '/home/samee/ros2ws/install/r_gator_teleop/share/r_gator_teleop/package.dsv'
[2.756s] INFO:colcon.colcon_core.shell:Creating package script '/home/samee/ros2ws/install/r_gator_teleop/share/r_gator_teleop/package.sh'
[2.757s] INFO:colcon.colcon_core.shell:Creating package script '/home/samee/ros2ws/install/r_gator_teleop/share/r_gator_teleop/package.bash'
[2.757s] INFO:colcon.colcon_core.shell:Creating package script '/home/samee/ros2ws/install/r_gator_teleop/share/r_gator_teleop/package.zsh'
[2.758s] Level 1:colcon.colcon_core.environment:create_file_with_runtime_dependencies(/home/samee/ros2ws/install/r_gator_teleop/share/colcon-core/packages/r_gator_teleop)
[2.777s] Level 1:colcon.colcon_core.environment:create_environment_scripts_only(rgator_model)
[2.795s] Level 1:colcon.colcon_core.environment:checking '/home/samee/ros2ws/install/rgator_model' for CMake module files
[2.796s] Level 1:colcon.colcon_core.environment:checking '/home/samee/ros2ws/install/rgator_model' for CMake config files
[2.796s] Level 1:colcon.colcon_core.shell:create_environment_hook('rgator_model', 'cmake_prefix_path')
[2.814s] INFO:colcon.colcon_core.shell:Creating environment hook '/home/samee/ros2ws/install/rgator_model/share/rgator_model/hook/cmake_prefix_path.ps1'
[2.815s] INFO:colcon.colcon_core.shell:Creating environment descriptor '/home/samee/ros2ws/install/rgator_model/share/rgator_model/hook/cmake_prefix_path.dsv'
[2.815s] INFO:colcon.colcon_core.shell:Creating environment hook '/home/samee/ros2ws/install/rgator_model/share/rgator_model/hook/cmake_prefix_path.sh'
[2.815s] Level 1:colcon.colcon_core.environment:checking '/home/samee/ros2ws/install/rgator_model/lib'
[2.815s] Level 1:colcon.colcon_core.environment:checking '/home/samee/ros2ws/install/rgator_model/bin'
[2.815s] Level 1:colcon.colcon_core.environment:checking '/home/samee/ros2ws/install/rgator_model/lib/pkgconfig/rgator_model.pc'
[2.816s] Level 1:colcon.colcon_core.environment:checking '/home/samee/ros2ws/install/rgator_model/lib/python3.10/site-packages'
[2.816s] Level 1:colcon.colcon_core.shell:create_environment_hook('rgator_model', 'pythonpath')
[2.834s] INFO:colcon.colcon_core.shell:Creating environment hook '/home/samee/ros2ws/install/rgator_model/share/rgator_model/hook/pythonpath.ps1'
[2.835s] INFO:colcon.colcon_core.shell:Creating environment descriptor '/home/samee/ros2ws/install/rgator_model/share/rgator_model/hook/pythonpath.dsv'
[2.835s] INFO:colcon.colcon_core.shell:Creating environment hook '/home/samee/ros2ws/install/rgator_model/share/rgator_model/hook/pythonpath.sh'
[2.836s] Level 1:colcon.colcon_core.environment:checking '/home/samee/ros2ws/install/rgator_model/bin'
[2.853s] INFO:colcon.colcon_core.shell:Creating package script '/home/samee/ros2ws/install/rgator_model/share/rgator_model/package.ps1'
[2.853s] INFO:colcon.colcon_core.shell:Creating package descriptor '/home/samee/ros2ws/install/rgator_model/share/rgator_model/package.dsv'
[2.854s] INFO:colcon.colcon_core.shell:Creating package script '/home/samee/ros2ws/install/rgator_model/share/rgator_model/package.sh'
[2.854s] INFO:colcon.colcon_core.shell:Creating package script '/home/samee/ros2ws/install/rgator_model/share/rgator_model/package.bash'
[2.855s] INFO:colcon.colcon_core.shell:Creating package script '/home/samee/ros2ws/install/rgator_model/share/rgator_model/package.zsh'
[2.855s] Level 1:colcon.colcon_core.environment:create_file_with_runtime_dependencies(/home/samee/ros2ws/install/rgator_model/share/colcon-core/packages/rgator_model)
[2.937s] DEBUG:colcon.colcon_core.event_handler.log_command:Invoked command in '/home/samee/ros2ws/build/r_gator_gazebo_tool' returned '2': CMAKE_PREFIX_PATH=/opt/ros/humble:${CMAKE_PREFIX_PATH} /usr/local/bin/cmake --build /home/samee/ros2ws/build/r_gator_gazebo_tool -- -j12 -l12
[2.966s] Level 1:colcon.colcon_core.environment:create_environment_scripts_only(r_gator_gazebo_tool)
[2.982s] Level 1:colcon.colcon_core.environment:checking '/home/samee/ros2ws/install/r_gator_gazebo_tool' for CMake module files
[2.982s] Level 1:colcon.colcon_core.environment:checking '/home/samee/ros2ws/install/r_gator_gazebo_tool' for CMake config files
[2.982s] Level 1:colcon.colcon_core.environment:checking '/home/samee/ros2ws/install/r_gator_gazebo_tool/bin'
[2.982s] Level 1:colcon.colcon_core.environment:checking '/home/samee/ros2ws/install/r_gator_gazebo_tool/lib/pkgconfig/r_gator_gazebo_tool.pc'
[2.983s] Level 1:colcon.colcon_core.environment:checking '/home/samee/ros2ws/install/r_gator_gazebo_tool/lib/python3.10/site-packages'
[2.983s] Level 1:colcon.colcon_core.environment:checking '/home/samee/ros2ws/install/r_gator_gazebo_tool/bin'
[2.999s] INFO:colcon.colcon_core.shell:Creating package script '/home/samee/ros2ws/install/r_gator_gazebo_tool/share/r_gator_gazebo_tool/package.ps1'
[3.000s] INFO:colcon.colcon_core.shell:Creating package descriptor '/home/samee/ros2ws/install/r_gator_gazebo_tool/share/r_gator_gazebo_tool/package.dsv'
[3.000s] INFO:colcon.colcon_core.shell:Creating package script '/home/samee/ros2ws/install/r_gator_gazebo_tool/share/r_gator_gazebo_tool/package.sh'
[3.000s] INFO:colcon.colcon_core.shell:Creating package script '/home/samee/ros2ws/install/r_gator_gazebo_tool/share/r_gator_gazebo_tool/package.bash'
[3.001s] INFO:colcon.colcon_core.shell:Creating package script '/home/samee/ros2ws/install/r_gator_gazebo_tool/share/r_gator_gazebo_tool/package.zsh'
[3.001s] Level 1:colcon.colcon_core.environment:create_file_with_runtime_dependencies(/home/samee/ros2ws/install/r_gator_gazebo_tool/share/colcon-core/packages/r_gator_gazebo_tool)
[3.011s] DEBUG:colcon.colcon_parallel_executor.executor.parallel:closing loop
[3.011s] DEBUG:colcon.colcon_parallel_executor.executor.parallel:loop closed
[3.012s] DEBUG:colcon.colcon_parallel_executor.executor.parallel:run_until_complete finished with '2'
[3.012s] DEBUG:colcon.colcon_core.event_reactor:joining thread
[3.031s] INFO:colcon.colcon_core.plugin_system:Skipping extension 'colcon_notification.desktop_notification.notify_send': Could not find 'notify-send'
[3.031s] INFO:colcon.colcon_core.plugin_system:Skipping extension 'colcon_notification.desktop_notification.terminal_notifier': Not used on non-Darwin systems
[3.032s] INFO:colcon.colcon_core.plugin_system:Skipping extension 'colcon_notification.desktop_notification.win32': Not used on non-Windows systems
[3.032s] INFO:colcon.colcon_notification.desktop_notification:Sending desktop notification using 'notify2'
[3.078s] DEBUG:colcon.colcon_core.event_reactor:joined thread
[3.094s] INFO:colcon.colcon_core.shell:Creating prefix script '/home/samee/ros2ws/install/local_setup.ps1'
[3.095s] INFO:colcon.colcon_core.shell:Creating prefix util module '/home/samee/ros2ws/install/_local_setup_util_ps1.py'
[3.096s] INFO:colcon.colcon_core.shell:Creating prefix chain script '/home/samee/ros2ws/install/setup.ps1'
[3.113s] INFO:colcon.colcon_core.shell:Creating prefix script '/home/samee/ros2ws/install/local_setup.sh'
[3.113s] INFO:colcon.colcon_core.shell:Creating prefix util module '/home/samee/ros2ws/install/_local_setup_util_sh.py'
[3.113s] INFO:colcon.colcon_core.shell:Creating prefix chain script '/home/samee/ros2ws/install/setup.sh'
[3.131s] INFO:colcon.colcon_core.shell:Creating prefix script '/home/samee/ros2ws/install/local_setup.bash'
[3.132s] INFO:colcon.colcon_core.shell:Creating prefix chain script '/home/samee/ros2ws/install/setup.bash'
[3.150s] INFO:colcon.colcon_core.shell:Creating prefix script '/home/samee/ros2ws/install/local_setup.zsh'
[3.150s] INFO:colcon.colcon_core.shell:Creating prefix chain script '/home/samee/ros2ws/install/setup.zsh'
