[0.612s] Invoking command in '/home/samee/ros2ws/build/hector_gazebo_thermal_camera': /usr/local/bin/cmake /home/samee/ros2ws/src/ros_drivers/hector_gazebo/hector_gazebo_thermal_camera -DCATKIN_INSTALL_INTO_PREFIX_ROOT=0 -DCMAKE_INSTALL_PREFIX=/home/samee/ros2ws/install/hector_gazebo_thermal_camera
[0.744s] -- The C compiler identification is GNU 11.4.0
[0.884s] -- The CXX compiler identification is GNU 11.4.0
[0.904s] -- Detecting C compiler ABI info
[0.995s] -- Detecting C compiler ABI info - done
[1.027s] -- Check for working C compiler: /usr/bin/cc - skipped
[1.027s] -- Detecting C compile features
[1.028s] -- Detecting C compile features - done
[1.044s] -- Detecting CXX compiler ABI info
[1.169s] -- Detecting CXX compiler ABI info - done
[1.186s] -- Check for working CXX compiler: /usr/bin/c++ - skipped
[1.187s] -- Detecting CXX compile features
[1.188s] -- Detecting CXX compile features - done
[1.210s] -- Configuring incomplete, errors occurred!
[1.211s] [31mCMake Error at CMakeLists.txt:7 (find_package):
[1.211s]   By not providing "Findcatkin.cmake" in CMAKE_MODULE_PATH this project has
[1.211s]   asked CMake to find a package configuration file provided by "catkin", but
[1.212s]   CMake did not find one.
[1.214s] 
[1.214s]   Could not find a package configuration file provided by "catkin" with any
[1.214s]   of the following names:
[1.214s] 
[1.215s]     catkinConfig.cmake
[1.215s]     catkin-config.cmake
[1.215s] 
[1.215s]   Add the installation prefix of "catkin" to CMAKE_PREFIX_PATH or set
[1.215s]   "catkin_DIR" to a directory containing one of the above files.  If "catkin"
[1.215s]   provides a separate development package or SDK, be sure it has been
[1.215s]   installed.
[1.215s] 
[1.215s] [0m
[1.244s] Invoked command in '/home/samee/ros2ws/build/hector_gazebo_thermal_camera' returned '1': /usr/local/bin/cmake /home/samee/ros2ws/src/ros_drivers/hector_gazebo/hector_gazebo_thermal_camera -DCATKIN_INSTALL_INTO_PREFIX_ROOT=0 -DCMAKE_INSTALL_PREFIX=/home/samee/ros2ws/install/hector_gazebo_thermal_camera
