[3.315s] DEBUG:colcon:Command line arguments: ['/usr/bin/colcon', 'build']
[3.315s] DEBUG:colcon:Parsed command line arguments: Namespace(log_base=None, log_level=None, verb_name='build', build_base='build', install_base='install', merge_install=False, symlink_install=False, test_result_base=None, continue_on_error=False, executor='parallel', parallel_workers=12, event_handlers=None, ignore_user_meta=False, metas=['./colcon.meta'], base_paths=['.'], packages_ignore=None, packages_ignore_regex=None, paths=None, packages_up_to=None, packages_up_to_regex=None, packages_above=None, packages_above_and_dependencies=None, packages_above_depth=None, packages_select_by_dep=None, packages_skip_by_dep=None, packages_skip_up_to=None, packages_select_build_failed=False, packages_skip_build_finished=False, packages_select_test_failures=False, packages_skip_test_passed=False, packages_select=None, packages_skip=None, packages_select_regex=None, packages_skip_regex=None, packages_start=None, packages_end=None, allow_overriding=[], cmake_args=None, cmake_target=None, cmake_target_skip_unavailable=False, cmake_clean_cache=False, cmake_clean_first=False, cmake_force_configure=False, ament_cmake_args=None, catkin_cmake_args=None, catkin_skip_building_tests=False, verb_parser=<colcon_defaults.argument_parser.defaults.DefaultArgumentsDecorator object at 0x7fed82e46d10>, verb_extension=<colcon_core.verb.build.BuildVerb object at 0x7fed83262710>, main=<bound method BuildVerb.main of <colcon_core.verb.build.BuildVerb object at 0x7fed83262710>>)
[3.477s] Level 1:colcon.colcon_core.package_discovery:discover_packages(colcon_meta) check parameters
[3.478s] Level 1:colcon.colcon_core.package_discovery:discover_packages(recursive) check parameters
[3.478s] Level 1:colcon.colcon_core.package_discovery:discover_packages(ignore) check parameters
[3.478s] Level 1:colcon.colcon_core.package_discovery:discover_packages(path) check parameters
[3.478s] Level 1:colcon.colcon_core.package_discovery:discover_packages(colcon_meta) discover
[3.479s] Level 1:colcon.colcon_core.package_discovery:discover_packages(recursive) discover
[3.479s] INFO:colcon.colcon_core.package_discovery:Crawling recursively for packages in '/home/samee/ros2ws'
[3.479s] Level 1:colcon.colcon_core.package_identification:_identify(.) by extensions ['ignore', 'ignore_ament_install']
[3.480s] Level 1:colcon.colcon_core.package_identification:_identify(.) by extension 'ignore'
[3.480s] Level 1:colcon.colcon_core.package_identification:_identify(.) by extension 'ignore_ament_install'
[3.480s] Level 1:colcon.colcon_core.package_identification:_identify(.) by extensions ['colcon_pkg']
[3.480s] Level 1:colcon.colcon_core.package_identification:_identify(.) by extension 'colcon_pkg'
[3.480s] Level 1:colcon.colcon_core.package_identification:_identify(.) by extensions ['colcon_meta']
[3.481s] Level 1:colcon.colcon_core.package_identification:_identify(.) by extension 'colcon_meta'
[3.481s] Level 1:colcon.colcon_core.package_identification:_identify(.) by extensions ['ros']
[3.481s] Level 1:colcon.colcon_core.package_identification:_identify(.) by extension 'ros'
[3.534s] Level 1:colcon.colcon_core.package_identification:_identify(.) by extensions ['cmake', 'python']
[3.535s] Level 1:colcon.colcon_core.package_identification:_identify(.) by extension 'cmake'
[3.535s] Level 1:colcon.colcon_core.package_identification:_identify(.) by extension 'python'
[3.535s] Level 1:colcon.colcon_core.package_identification:_identify(.) by extensions ['python_setup_py']
[3.535s] Level 1:colcon.colcon_core.package_identification:_identify(.) by extension 'python_setup_py'
[3.536s] Level 1:colcon.colcon_core.package_identification:_identify(build) by extensions ['ignore', 'ignore_ament_install']
[3.536s] Level 1:colcon.colcon_core.package_identification:_identify(build) by extension 'ignore'
[3.537s] Level 1:colcon.colcon_core.package_identification:_identify(build) ignored
[3.537s] Level 1:colcon.colcon_core.package_identification:_identify(install) by extensions ['ignore', 'ignore_ament_install']
[3.537s] Level 1:colcon.colcon_core.package_identification:_identify(install) by extension 'ignore'
[3.538s] Level 1:colcon.colcon_core.package_identification:_identify(install) ignored
[3.538s] Level 1:colcon.colcon_core.package_identification:_identify(log) by extensions ['ignore', 'ignore_ament_install']
[3.538s] Level 1:colcon.colcon_core.package_identification:_identify(log) by extension 'ignore'
[3.539s] Level 1:colcon.colcon_core.package_identification:_identify(log) ignored
[3.539s] Level 1:colcon.colcon_core.package_identification:_identify(src) by extensions ['ignore', 'ignore_ament_install']
[3.539s] Level 1:colcon.colcon_core.package_identification:_identify(src) by extension 'ignore'
[3.540s] Level 1:colcon.colcon_core.package_identification:_identify(src) by extension 'ignore_ament_install'
[3.540s] Level 1:colcon.colcon_core.package_identification:_identify(src) by extensions ['colcon_pkg']
[3.540s] Level 1:colcon.colcon_core.package_identification:_identify(src) by extension 'colcon_pkg'
[3.540s] Level 1:colcon.colcon_core.package_identification:_identify(src) by extensions ['colcon_meta']
[3.540s] Level 1:colcon.colcon_core.package_identification:_identify(src) by extension 'colcon_meta'
[3.540s] Level 1:colcon.colcon_core.package_identification:_identify(src) by extensions ['ros']
[3.541s] Level 1:colcon.colcon_core.package_identification:_identify(src) by extension 'ros'
[3.541s] Level 1:colcon.colcon_core.package_identification:_identify(src) by extensions ['cmake', 'python']
[3.541s] Level 1:colcon.colcon_core.package_identification:_identify(src) by extension 'cmake'
[3.541s] Level 1:colcon.colcon_core.package_identification:_identify(src) by extension 'python'
[3.542s] Level 1:colcon.colcon_core.package_identification:_identify(src) by extensions ['python_setup_py']
[3.542s] Level 1:colcon.colcon_core.package_identification:_identify(src) by extension 'python_setup_py'
[3.542s] Level 1:colcon.colcon_core.package_identification:_identify(src/images) by extensions ['ignore', 'ignore_ament_install']
[3.543s] Level 1:colcon.colcon_core.package_identification:_identify(src/images) by extension 'ignore'
[3.543s] Level 1:colcon.colcon_core.package_identification:_identify(src/images) by extension 'ignore_ament_install'
[3.543s] Level 1:colcon.colcon_core.package_identification:_identify(src/images) by extensions ['colcon_pkg']
[3.543s] Level 1:colcon.colcon_core.package_identification:_identify(src/images) by extension 'colcon_pkg'
[3.543s] Level 1:colcon.colcon_core.package_identification:_identify(src/images) by extensions ['colcon_meta']
[3.544s] Level 1:colcon.colcon_core.package_identification:_identify(src/images) by extension 'colcon_meta'
[3.544s] Level 1:colcon.colcon_core.package_identification:_identify(src/images) by extensions ['ros']
[3.544s] Level 1:colcon.colcon_core.package_identification:_identify(src/images) by extension 'ros'
[3.544s] Level 1:colcon.colcon_core.package_identification:_identify(src/images) by extensions ['cmake', 'python']
[3.544s] Level 1:colcon.colcon_core.package_identification:_identify(src/images) by extension 'cmake'
[3.544s] Level 1:colcon.colcon_core.package_identification:_identify(src/images) by extension 'python'
[3.545s] Level 1:colcon.colcon_core.package_identification:_identify(src/images) by extensions ['python_setup_py']
[3.545s] Level 1:colcon.colcon_core.package_identification:_identify(src/images) by extension 'python_setup_py'
[3.545s] Level 1:colcon.colcon_core.package_identification:_identify(src/r_gator_description) by extensions ['ignore', 'ignore_ament_install']
[3.546s] Level 1:colcon.colcon_core.package_identification:_identify(src/r_gator_description) by extension 'ignore'
[3.546s] Level 1:colcon.colcon_core.package_identification:_identify(src/r_gator_description) by extension 'ignore_ament_install'
[3.546s] Level 1:colcon.colcon_core.package_identification:_identify(src/r_gator_description) by extensions ['colcon_pkg']
[3.546s] Level 1:colcon.colcon_core.package_identification:_identify(src/r_gator_description) by extension 'colcon_pkg'
[3.546s] Level 1:colcon.colcon_core.package_identification:_identify(src/r_gator_description) by extensions ['colcon_meta']
[3.546s] Level 1:colcon.colcon_core.package_identification:_identify(src/r_gator_description) by extension 'colcon_meta'
[3.547s] Level 1:colcon.colcon_core.package_identification:_identify(src/r_gator_description) by extensions ['ros']
[3.547s] Level 1:colcon.colcon_core.package_identification:_identify(src/r_gator_description) by extension 'ros'
[3.559s] DEBUG:colcon.colcon_core.package_identification:Package 'src/r_gator_description' with type 'ros.ament_python' and name 'r_gator_description'
[3.560s] Level 1:colcon.colcon_core.package_identification:_identify(src/r_gator_gazebo) by extensions ['ignore', 'ignore_ament_install']
[3.560s] Level 1:colcon.colcon_core.package_identification:_identify(src/r_gator_gazebo) by extension 'ignore'
[3.561s] Level 1:colcon.colcon_core.package_identification:_identify(src/r_gator_gazebo) by extension 'ignore_ament_install'
[3.561s] Level 1:colcon.colcon_core.package_identification:_identify(src/r_gator_gazebo) by extensions ['colcon_pkg']
[3.561s] Level 1:colcon.colcon_core.package_identification:_identify(src/r_gator_gazebo) by extension 'colcon_pkg'
[3.561s] Level 1:colcon.colcon_core.package_identification:_identify(src/r_gator_gazebo) by extensions ['colcon_meta']
[3.561s] Level 1:colcon.colcon_core.package_identification:_identify(src/r_gator_gazebo) by extension 'colcon_meta'
[3.562s] Level 1:colcon.colcon_core.package_identification:_identify(src/r_gator_gazebo) by extensions ['ros']
[3.562s] Level 1:colcon.colcon_core.package_identification:_identify(src/r_gator_gazebo) by extension 'ros'
[3.568s] DEBUG:colcon.colcon_core.package_identification:Package 'src/r_gator_gazebo' with type 'ros.ament_python' and name 'r_gator_gazebo'
[3.568s] Level 1:colcon.colcon_core.package_identification:_identify(src/r_gator_launch) by extensions ['ignore', 'ignore_ament_install']
[3.569s] Level 1:colcon.colcon_core.package_identification:_identify(src/r_gator_launch) by extension 'ignore'
[3.569s] Level 1:colcon.colcon_core.package_identification:_identify(src/r_gator_launch) by extension 'ignore_ament_install'
[3.569s] Level 1:colcon.colcon_core.package_identification:_identify(src/r_gator_launch) by extensions ['colcon_pkg']
[3.570s] Level 1:colcon.colcon_core.package_identification:_identify(src/r_gator_launch) by extension 'colcon_pkg'
[3.570s] Level 1:colcon.colcon_core.package_identification:_identify(src/r_gator_launch) by extensions ['colcon_meta']
[3.570s] Level 1:colcon.colcon_core.package_identification:_identify(src/r_gator_launch) by extension 'colcon_meta'
[3.570s] Level 1:colcon.colcon_core.package_identification:_identify(src/r_gator_launch) by extensions ['ros']
[3.570s] Level 1:colcon.colcon_core.package_identification:_identify(src/r_gator_launch) by extension 'ros'
[3.572s] DEBUG:colcon.colcon_core.package_identification:Package 'src/r_gator_launch' with type 'ros.ament_python' and name 'r_gator_launch'
[3.573s] Level 1:colcon.colcon_core.package_identification:_identify(src/r_gator_teleop) by extensions ['ignore', 'ignore_ament_install']
[3.573s] Level 1:colcon.colcon_core.package_identification:_identify(src/r_gator_teleop) by extension 'ignore'
[3.573s] Level 1:colcon.colcon_core.package_identification:_identify(src/r_gator_teleop) by extension 'ignore_ament_install'
[3.574s] Level 1:colcon.colcon_core.package_identification:_identify(src/r_gator_teleop) by extensions ['colcon_pkg']
[3.574s] Level 1:colcon.colcon_core.package_identification:_identify(src/r_gator_teleop) by extension 'colcon_pkg'
[3.574s] Level 1:colcon.colcon_core.package_identification:_identify(src/r_gator_teleop) by extensions ['colcon_meta']
[3.574s] Level 1:colcon.colcon_core.package_identification:_identify(src/r_gator_teleop) by extension 'colcon_meta'
[3.574s] Level 1:colcon.colcon_core.package_identification:_identify(src/r_gator_teleop) by extensions ['ros']
[3.575s] Level 1:colcon.colcon_core.package_identification:_identify(src/r_gator_teleop) by extension 'ros'
[3.578s] DEBUG:colcon.colcon_core.package_identification:Package 'src/r_gator_teleop' with type 'ros.ament_cmake' and name 'r_gator_teleop'
[3.579s] Level 1:colcon.colcon_core.package_identification:_identify(src/rgator_model) by extensions ['ignore', 'ignore_ament_install']
[3.579s] Level 1:colcon.colcon_core.package_identification:_identify(src/rgator_model) by extension 'ignore'
[3.580s] Level 1:colcon.colcon_core.package_identification:_identify(src/rgator_model) by extension 'ignore_ament_install'
[3.580s] Level 1:colcon.colcon_core.package_identification:_identify(src/rgator_model) by extensions ['colcon_pkg']
[3.580s] Level 1:colcon.colcon_core.package_identification:_identify(src/rgator_model) by extension 'colcon_pkg'
[3.580s] Level 1:colcon.colcon_core.package_identification:_identify(src/rgator_model) by extensions ['colcon_meta']
[3.580s] Level 1:colcon.colcon_core.package_identification:_identify(src/rgator_model) by extension 'colcon_meta'
[3.581s] Level 1:colcon.colcon_core.package_identification:_identify(src/rgator_model) by extensions ['ros']
[3.581s] Level 1:colcon.colcon_core.package_identification:_identify(src/rgator_model) by extension 'ros'
[3.584s] DEBUG:colcon.colcon_core.package_identification:Package 'src/rgator_model' with type 'ros.ament_python' and name 'rgator_model'
[3.585s] Level 1:colcon.colcon_core.package_discovery:discover_packages(recursive) using defaults
[3.585s] Level 1:colcon.colcon_core.package_discovery:discover_packages(ignore) discover
[3.585s] Level 1:colcon.colcon_core.package_discovery:discover_packages(ignore) using defaults
[3.585s] Level 1:colcon.colcon_core.package_discovery:discover_packages(path) discover
[3.585s] Level 1:colcon.colcon_core.package_discovery:discover_packages(path) using defaults
[3.893s] Level 1:colcon.colcon_core.package_discovery:discover_packages(prefix_path) check parameters
[3.894s] Level 1:colcon.colcon_core.package_discovery:discover_packages(prefix_path) discover
[3.940s] Level 1:colcon.colcon_core.package_discovery:discover_packages(prefix_path) using defaults
[4.030s] Level 5:colcon.colcon_core.verb:set package 'r_gator_description' build argument 'cmake_args' from command line to 'None'
[4.030s] Level 5:colcon.colcon_core.verb:set package 'r_gator_description' build argument 'cmake_target' from command line to 'None'
[4.030s] Level 5:colcon.colcon_core.verb:set package 'r_gator_description' build argument 'cmake_target_skip_unavailable' from command line to 'False'
[4.030s] Level 5:colcon.colcon_core.verb:set package 'r_gator_description' build argument 'cmake_clean_cache' from command line to 'False'
[4.030s] Level 5:colcon.colcon_core.verb:set package 'r_gator_description' build argument 'cmake_clean_first' from command line to 'False'
[4.031s] Level 5:colcon.colcon_core.verb:set package 'r_gator_description' build argument 'cmake_force_configure' from command line to 'False'
[4.031s] Level 5:colcon.colcon_core.verb:set package 'r_gator_description' build argument 'ament_cmake_args' from command line to 'None'
[4.031s] Level 5:colcon.colcon_core.verb:set package 'r_gator_description' build argument 'catkin_cmake_args' from command line to 'None'
[4.031s] Level 5:colcon.colcon_core.verb:set package 'r_gator_description' build argument 'catkin_skip_building_tests' from command line to 'False'
[4.031s] DEBUG:colcon.colcon_core.verb:Building package 'r_gator_description' with the following arguments: {'ament_cmake_args': None, 'build_base': '/home/samee/ros2ws/build/r_gator_description', 'catkin_cmake_args': None, 'catkin_skip_building_tests': False, 'cmake_args': None, 'cmake_clean_cache': False, 'cmake_clean_first': False, 'cmake_force_configure': False, 'cmake_target': None, 'cmake_target_skip_unavailable': False, 'install_base': '/home/samee/ros2ws/install/r_gator_description', 'merge_install': False, 'path': '/home/samee/ros2ws/src/r_gator_description', 'symlink_install': False, 'test_result_base': None}
[4.080s] Level 5:colcon.colcon_core.verb:set package 'r_gator_gazebo' build argument 'cmake_args' from command line to 'None'
[4.080s] Level 5:colcon.colcon_core.verb:set package 'r_gator_gazebo' build argument 'cmake_target' from command line to 'None'
[4.080s] Level 5:colcon.colcon_core.verb:set package 'r_gator_gazebo' build argument 'cmake_target_skip_unavailable' from command line to 'False'
[4.080s] Level 5:colcon.colcon_core.verb:set package 'r_gator_gazebo' build argument 'cmake_clean_cache' from command line to 'False'
[4.081s] Level 5:colcon.colcon_core.verb:set package 'r_gator_gazebo' build argument 'cmake_clean_first' from command line to 'False'
[4.081s] Level 5:colcon.colcon_core.verb:set package 'r_gator_gazebo' build argument 'cmake_force_configure' from command line to 'False'
[4.081s] Level 5:colcon.colcon_core.verb:set package 'r_gator_gazebo' build argument 'ament_cmake_args' from command line to 'None'
[4.081s] Level 5:colcon.colcon_core.verb:set package 'r_gator_gazebo' build argument 'catkin_cmake_args' from command line to 'None'
[4.081s] Level 5:colcon.colcon_core.verb:set package 'r_gator_gazebo' build argument 'catkin_skip_building_tests' from command line to 'False'
[4.081s] DEBUG:colcon.colcon_core.verb:Building package 'r_gator_gazebo' with the following arguments: {'ament_cmake_args': None, 'build_base': '/home/samee/ros2ws/build/r_gator_gazebo', 'catkin_cmake_args': None, 'catkin_skip_building_tests': False, 'cmake_args': None, 'cmake_clean_cache': False, 'cmake_clean_first': False, 'cmake_force_configure': False, 'cmake_target': None, 'cmake_target_skip_unavailable': False, 'install_base': '/home/samee/ros2ws/install/r_gator_gazebo', 'merge_install': False, 'path': '/home/samee/ros2ws/src/r_gator_gazebo', 'symlink_install': False, 'test_result_base': None}
[4.128s] Level 5:colcon.colcon_core.verb:set package 'r_gator_launch' build argument 'cmake_args' from command line to 'None'
[4.128s] Level 5:colcon.colcon_core.verb:set package 'r_gator_launch' build argument 'cmake_target' from command line to 'None'
[4.128s] Level 5:colcon.colcon_core.verb:set package 'r_gator_launch' build argument 'cmake_target_skip_unavailable' from command line to 'False'
[4.128s] Level 5:colcon.colcon_core.verb:set package 'r_gator_launch' build argument 'cmake_clean_cache' from command line to 'False'
[4.128s] Level 5:colcon.colcon_core.verb:set package 'r_gator_launch' build argument 'cmake_clean_first' from command line to 'False'
[4.128s] Level 5:colcon.colcon_core.verb:set package 'r_gator_launch' build argument 'cmake_force_configure' from command line to 'False'
[4.129s] Level 5:colcon.colcon_core.verb:set package 'r_gator_launch' build argument 'ament_cmake_args' from command line to 'None'
[4.129s] Level 5:colcon.colcon_core.verb:set package 'r_gator_launch' build argument 'catkin_cmake_args' from command line to 'None'
[4.129s] Level 5:colcon.colcon_core.verb:set package 'r_gator_launch' build argument 'catkin_skip_building_tests' from command line to 'False'
[4.129s] DEBUG:colcon.colcon_core.verb:Building package 'r_gator_launch' with the following arguments: {'ament_cmake_args': None, 'build_base': '/home/samee/ros2ws/build/r_gator_launch', 'catkin_cmake_args': None, 'catkin_skip_building_tests': False, 'cmake_args': None, 'cmake_clean_cache': False, 'cmake_clean_first': False, 'cmake_force_configure': False, 'cmake_target': None, 'cmake_target_skip_unavailable': False, 'install_base': '/home/samee/ros2ws/install/r_gator_launch', 'merge_install': False, 'path': '/home/samee/ros2ws/src/r_gator_launch', 'symlink_install': False, 'test_result_base': None}
[4.175s] Level 5:colcon.colcon_core.verb:set package 'r_gator_teleop' build argument 'cmake_args' from command line to 'None'
[4.175s] Level 5:colcon.colcon_core.verb:set package 'r_gator_teleop' build argument 'cmake_target' from command line to 'None'
[4.176s] Level 5:colcon.colcon_core.verb:set package 'r_gator_teleop' build argument 'cmake_target_skip_unavailable' from command line to 'False'
[4.176s] Level 5:colcon.colcon_core.verb:set package 'r_gator_teleop' build argument 'cmake_clean_cache' from command line to 'False'
[4.176s] Level 5:colcon.colcon_core.verb:set package 'r_gator_teleop' build argument 'cmake_clean_first' from command line to 'False'
[4.176s] Level 5:colcon.colcon_core.verb:set package 'r_gator_teleop' build argument 'cmake_force_configure' from command line to 'False'
[4.176s] Level 5:colcon.colcon_core.verb:set package 'r_gator_teleop' build argument 'ament_cmake_args' from command line to 'None'
[4.176s] Level 5:colcon.colcon_core.verb:set package 'r_gator_teleop' build argument 'catkin_cmake_args' from command line to 'None'
[4.176s] Level 5:colcon.colcon_core.verb:set package 'r_gator_teleop' build argument 'catkin_skip_building_tests' from command line to 'False'
[4.177s] DEBUG:colcon.colcon_core.verb:Building package 'r_gator_teleop' with the following arguments: {'ament_cmake_args': None, 'build_base': '/home/samee/ros2ws/build/r_gator_teleop', 'catkin_cmake_args': None, 'catkin_skip_building_tests': False, 'cmake_args': None, 'cmake_clean_cache': False, 'cmake_clean_first': False, 'cmake_force_configure': False, 'cmake_target': None, 'cmake_target_skip_unavailable': False, 'install_base': '/home/samee/ros2ws/install/r_gator_teleop', 'merge_install': False, 'path': '/home/samee/ros2ws/src/r_gator_teleop', 'symlink_install': False, 'test_result_base': None}
[4.225s] Level 5:colcon.colcon_core.verb:set package 'rgator_model' build argument 'cmake_args' from command line to 'None'
[4.225s] Level 5:colcon.colcon_core.verb:set package 'rgator_model' build argument 'cmake_target' from command line to 'None'
[4.225s] Level 5:colcon.colcon_core.verb:set package 'rgator_model' build argument 'cmake_target_skip_unavailable' from command line to 'False'
[4.225s] Level 5:colcon.colcon_core.verb:set package 'rgator_model' build argument 'cmake_clean_cache' from command line to 'False'
[4.226s] Level 5:colcon.colcon_core.verb:set package 'rgator_model' build argument 'cmake_clean_first' from command line to 'False'
[4.226s] Level 5:colcon.colcon_core.verb:set package 'rgator_model' build argument 'cmake_force_configure' from command line to 'False'
[4.226s] Level 5:colcon.colcon_core.verb:set package 'rgator_model' build argument 'ament_cmake_args' from command line to 'None'
[4.226s] Level 5:colcon.colcon_core.verb:set package 'rgator_model' build argument 'catkin_cmake_args' from command line to 'None'
[4.226s] Level 5:colcon.colcon_core.verb:set package 'rgator_model' build argument 'catkin_skip_building_tests' from command line to 'False'
[4.226s] DEBUG:colcon.colcon_core.verb:Building package 'rgator_model' with the following arguments: {'ament_cmake_args': None, 'build_base': '/home/samee/ros2ws/build/rgator_model', 'catkin_cmake_args': None, 'catkin_skip_building_tests': False, 'cmake_args': None, 'cmake_clean_cache': False, 'cmake_clean_first': False, 'cmake_force_configure': False, 'cmake_target': None, 'cmake_target_skip_unavailable': False, 'install_base': '/home/samee/ros2ws/install/rgator_model', 'merge_install': False, 'path': '/home/samee/ros2ws/src/rgator_model', 'symlink_install': False, 'test_result_base': None}
[4.276s] INFO:colcon.colcon_core.executor:Executing jobs using 'parallel' executor
[4.322s] DEBUG:colcon.colcon_parallel_executor.executor.parallel:run_until_complete
[4.323s] INFO:colcon.colcon_ros.task.ament_python.build:Building ROS package in '/home/samee/ros2ws/src/r_gator_description' with build type 'ament_python'
[4.324s] Level 1:colcon.colcon_core.shell:create_environment_hook('r_gator_description', 'ament_prefix_path')
[4.391s] INFO:colcon.colcon_core.plugin_system:Skipping extension 'colcon_core.shell.bat': Not used on non-Windows systems
[4.393s] INFO:colcon.colcon_core.shell:Creating environment hook '/home/samee/ros2ws/install/r_gator_description/share/r_gator_description/hook/ament_prefix_path.ps1'
[4.395s] INFO:colcon.colcon_core.shell:Creating environment descriptor '/home/samee/ros2ws/install/r_gator_description/share/r_gator_description/hook/ament_prefix_path.dsv'
[4.397s] INFO:colcon.colcon_core.shell:Creating environment hook '/home/samee/ros2ws/install/r_gator_description/share/r_gator_description/hook/ament_prefix_path.sh'
[4.449s] INFO:colcon.colcon_core.shell:Skip shell extension 'powershell' for command environment: Not usable outside of PowerShell
[4.449s] DEBUG:colcon.colcon_core.shell:Skip shell extension 'dsv' for command environment
[4.502s] INFO:colcon.colcon_ros.task.ament_python.build:Building ROS package in '/home/samee/ros2ws/src/r_gator_gazebo' with build type 'ament_python'
[4.502s] Level 1:colcon.colcon_core.shell:create_environment_hook('r_gator_gazebo', 'ament_prefix_path')
[4.556s] INFO:colcon.colcon_core.shell:Creating environment hook '/home/samee/ros2ws/install/r_gator_gazebo/share/r_gator_gazebo/hook/ament_prefix_path.ps1'
[4.558s] INFO:colcon.colcon_core.shell:Creating environment descriptor '/home/samee/ros2ws/install/r_gator_gazebo/share/r_gator_gazebo/hook/ament_prefix_path.dsv'
[4.560s] INFO:colcon.colcon_core.shell:Creating environment hook '/home/samee/ros2ws/install/r_gator_gazebo/share/r_gator_gazebo/hook/ament_prefix_path.sh'
[4.610s] INFO:colcon.colcon_core.shell:Skip shell extension 'powershell' for command environment: Not usable outside of PowerShell
[4.610s] DEBUG:colcon.colcon_core.shell:Skip shell extension 'dsv' for command environment
[4.663s] INFO:colcon.colcon_ros.task.ament_python.build:Building ROS package in '/home/samee/ros2ws/src/r_gator_launch' with build type 'ament_python'
[4.663s] Level 1:colcon.colcon_core.shell:create_environment_hook('r_gator_launch', 'ament_prefix_path')
[4.719s] INFO:colcon.colcon_core.shell:Creating environment hook '/home/samee/ros2ws/install/r_gator_launch/share/r_gator_launch/hook/ament_prefix_path.ps1'
[4.721s] INFO:colcon.colcon_core.shell:Creating environment descriptor '/home/samee/ros2ws/install/r_gator_launch/share/r_gator_launch/hook/ament_prefix_path.dsv'
[4.722s] INFO:colcon.colcon_core.shell:Creating environment hook '/home/samee/ros2ws/install/r_gator_launch/share/r_gator_launch/hook/ament_prefix_path.sh'
[4.775s] INFO:colcon.colcon_core.shell:Skip shell extension 'powershell' for command environment: Not usable outside of PowerShell
[4.775s] DEBUG:colcon.colcon_core.shell:Skip shell extension 'dsv' for command environment
[4.825s] INFO:colcon.colcon_ros.task.ament_cmake.build:Building ROS package in '/home/samee/ros2ws/src/r_gator_teleop' with build type 'ament_cmake'
[4.826s] INFO:colcon.colcon_cmake.task.cmake.build:Building CMake package in '/home/samee/ros2ws/src/r_gator_teleop'
[4.873s] INFO:colcon.colcon_core.shell:Skip shell extension 'powershell' for command environment: Not usable outside of PowerShell
[4.874s] DEBUG:colcon.colcon_core.shell:Skip shell extension 'dsv' for command environment
[4.923s] INFO:colcon.colcon_ros.task.ament_python.build:Building ROS package in '/home/samee/ros2ws/src/rgator_model' with build type 'ament_python'
[4.924s] Level 1:colcon.colcon_core.shell:create_environment_hook('rgator_model', 'ament_prefix_path')
[4.973s] INFO:colcon.colcon_core.shell:Creating environment hook '/home/samee/ros2ws/install/rgator_model/share/rgator_model/hook/ament_prefix_path.ps1'
[4.974s] INFO:colcon.colcon_core.shell:Creating environment descriptor '/home/samee/ros2ws/install/rgator_model/share/rgator_model/hook/ament_prefix_path.dsv'
[4.976s] INFO:colcon.colcon_core.shell:Creating environment hook '/home/samee/ros2ws/install/rgator_model/share/rgator_model/hook/ament_prefix_path.sh'
[5.025s] INFO:colcon.colcon_core.shell:Skip shell extension 'powershell' for command environment: Not usable outside of PowerShell
[5.025s] DEBUG:colcon.colcon_core.shell:Skip shell extension 'dsv' for command environment
[6.099s] WARNING:colcon.colcon_ros.task.ament_python.build:Package 'r_gator_description' doesn't explicitly install the 'package.xml' file (colcon-ros currently does it implicitly but that fallback will be removed in the future)
[6.100s] INFO:colcon.colcon_core.task.python.build:Building Python package in '/home/samee/ros2ws/src/r_gator_description'
[6.150s] INFO:colcon.colcon_core.shell:Skip shell extension 'powershell' for command environment: Not usable outside of PowerShell
[6.150s] DEBUG:colcon.colcon_core.shell:Skip shell extension 'dsv' for command environment
[7.187s] INFO:colcon.colcon_core.task.python.build:Building Python package in '/home/samee/ros2ws/src/r_gator_gazebo'
[7.230s] INFO:colcon.colcon_core.shell:Skip shell extension 'powershell' for command environment: Not usable outside of PowerShell
[7.231s] DEBUG:colcon.colcon_core.shell:Skip shell extension 'dsv' for command environment
[8.248s] INFO:colcon.colcon_core.task.python.build:Building Python package in '/home/samee/ros2ws/src/r_gator_launch'
[8.299s] INFO:colcon.colcon_core.shell:Skip shell extension 'powershell' for command environment: Not usable outside of PowerShell
[8.300s] DEBUG:colcon.colcon_core.shell:Skip shell extension 'dsv' for command environment
[8.368s] DEBUG:colcon.colcon_core.event_handler.log_command:Invoking command in '/home/samee/ros2ws/build/r_gator_teleop': /usr/local/bin/cmake --build /home/samee/ros2ws/build/r_gator_teleop -- -j12 -l12
[9.404s] INFO:colcon.colcon_core.task.python.build:Building Python package in '/home/samee/ros2ws/src/rgator_model'
[9.451s] INFO:colcon.colcon_core.shell:Skip shell extension 'powershell' for command environment: Not usable outside of PowerShell
[9.452s] DEBUG:colcon.colcon_core.shell:Skip shell extension 'dsv' for command environment
[11.226s] DEBUG:colcon.colcon_core.event_handler.log_command:Invoking command in '/home/samee/ros2ws/src/r_gator_launch': PYTHONPATH=/home/samee/ros2ws/build/r_gator_launch/prefix_override:/home/samee/ros2ws/install/r_gator_launch/lib/python3.10/site-packages: /usr/bin/python3 setup.py egg_info --egg-base ../../build/r_gator_launch build --build-base /home/samee/ros2ws/build/r_gator_launch/build install --record /home/samee/ros2ws/build/r_gator_launch/install.log --single-version-externally-managed
[11.259s] DEBUG:colcon.colcon_core.event_handler.log_command:Invoking command in '/home/samee/ros2ws/src/r_gator_gazebo': PYTHONPATH=/home/samee/ros2ws/build/r_gator_gazebo/prefix_override:/home/samee/ros2ws/install/r_gator_gazebo/lib/python3.10/site-packages: /usr/bin/python3 setup.py egg_info --egg-base ../../build/r_gator_gazebo build --build-base /home/samee/ros2ws/build/r_gator_gazebo/build install --record /home/samee/ros2ws/build/r_gator_gazebo/install.log --single-version-externally-managed
[11.267s] DEBUG:colcon.colcon_core.event_handler.log_command:Invoking command in '/home/samee/ros2ws/src/rgator_model': PYTHONPATH=/home/samee/ros2ws/build/rgator_model/prefix_override:/home/samee/ros2ws/install/rgator_model/lib/python3.10/site-packages: /usr/bin/python3 setup.py egg_info --egg-base ../../build/rgator_model build --build-base /home/samee/ros2ws/build/rgator_model/build install --record /home/samee/ros2ws/build/rgator_model/install.log --single-version-externally-managed
[11.279s] DEBUG:colcon.colcon_core.event_handler.log_command:Invoking command in '/home/samee/ros2ws/src/r_gator_description': PYTHONPATH=/home/samee/ros2ws/build/r_gator_description/prefix_override:/home/samee/ros2ws/install/r_gator_description/lib/python3.10/site-packages: /usr/bin/python3 setup.py egg_info --egg-base ../../build/r_gator_description build --build-base /home/samee/ros2ws/build/r_gator_description/build install --record /home/samee/ros2ws/build/r_gator_description/install.log --single-version-externally-managed
[12.380s] DEBUG:colcon.colcon_core.event_handler.log_command:Invoked command in '/home/samee/ros2ws/src/r_gator_launch' returned '1': PYTHONPATH=/home/samee/ros2ws/build/r_gator_launch/prefix_override:/home/samee/ros2ws/install/r_gator_launch/lib/python3.10/site-packages: /usr/bin/python3 setup.py egg_info --egg-base ../../build/r_gator_launch build --build-base /home/samee/ros2ws/build/r_gator_launch/build install --record /home/samee/ros2ws/build/r_gator_launch/install.log --single-version-externally-managed
[18.616s] DEBUG:colcon.colcon_parallel_executor.executor.parallel:closing loop
[18.616s] DEBUG:colcon.colcon_parallel_executor.executor.parallel:loop closed
[18.616s] DEBUG:colcon.colcon_parallel_executor.executor.parallel:run_until_complete finished with '1'
[18.616s] DEBUG:colcon.colcon_core.event_reactor:joining thread
[18.638s] INFO:colcon.colcon_core.plugin_system:Skipping extension 'colcon_notification.desktop_notification.notify_send': Could not find 'notify-send'
[18.638s] INFO:colcon.colcon_core.plugin_system:Skipping extension 'colcon_notification.desktop_notification.terminal_notifier': Not used on non-Darwin systems
[18.638s] INFO:colcon.colcon_core.plugin_system:Skipping extension 'colcon_notification.desktop_notification.win32': Not used on non-Windows systems
[18.638s] INFO:colcon.colcon_notification.desktop_notification:Sending desktop notification using 'notify2'
[43.675s] DEBUG:colcon.colcon_notification.desktop_notification.notify2:Failed to initialize notify2: org.freedesktop.DBus.Error.NoReply: Did not receive a reply. Possible causes include: the remote application did not send a reply, the message bus security policy blocked the reply, the reply timeout expired, or the network connection was broken.
[43.676s] DEBUG:colcon.colcon_core.event_reactor:joined thread
[43.693s] INFO:colcon.colcon_core.shell:Creating prefix script '/home/samee/ros2ws/install/local_setup.ps1'
[43.695s] INFO:colcon.colcon_core.shell:Creating prefix util module '/home/samee/ros2ws/install/_local_setup_util_ps1.py'
[43.697s] INFO:colcon.colcon_core.shell:Creating prefix chain script '/home/samee/ros2ws/install/setup.ps1'
[43.715s] INFO:colcon.colcon_core.shell:Creating prefix script '/home/samee/ros2ws/install/local_setup.sh'
[43.716s] INFO:colcon.colcon_core.shell:Creating prefix util module '/home/samee/ros2ws/install/_local_setup_util_sh.py'
[43.716s] INFO:colcon.colcon_core.shell:Creating prefix chain script '/home/samee/ros2ws/install/setup.sh'
[43.734s] INFO:colcon.colcon_core.shell:Creating prefix script '/home/samee/ros2ws/install/local_setup.bash'
[43.735s] INFO:colcon.colcon_core.shell:Creating prefix chain script '/home/samee/ros2ws/install/setup.bash'
[43.754s] INFO:colcon.colcon_core.shell:Creating prefix script '/home/samee/ros2ws/install/local_setup.zsh'
[43.756s] INFO:colcon.colcon_core.shell:Creating prefix chain script '/home/samee/ros2ws/install/setup.zsh'
