[0.397s] Invoking command in '/home/samee/ros2ws/build/r-gator-description': CMAKE_PREFIX_PATH=${CMAKE_PREFIX_PATH}:/opt/ros/humble /usr/local/bin/cmake --build /home/samee/ros2ws/build/r-gator-description -- -j12 -l12
[0.413s] Invoked command in '/home/samee/ros2ws/build/r-gator-description' returned '0': CMAKE_PREFIX_PATH=${CMAKE_PREFIX_PATH}:/opt/ros/humble /usr/local/bin/cmake --build /home/samee/ros2ws/build/r-gator-description -- -j12 -l12
[0.425s] Invoking command in '/home/samee/ros2ws/build/r-gator-description': CMAKE_PREFIX_PATH=${CMAKE_PREFIX_PATH}:/opt/ros/humble /usr/local/bin/cmake --install /home/samee/ros2ws/build/r-gator-description
[0.427s] -- Install configuration: ""
[0.428s] -- Up-to-date: /home/samee/ros2ws/install/r-gator-description/share/ament_index/resource_index/package_run_dependencies/r-gator-description
[0.428s] -- Up-to-date: /home/samee/ros2ws/install/r-gator-description/share/ament_index/resource_index/parent_prefix_path/r-gator-description
[0.429s] -- Up-to-date: /home/samee/ros2ws/install/r-gator-description/share/r-gator-description/environment/ament_prefix_path.sh
[0.429s] -- Up-to-date: /home/samee/ros2ws/install/r-gator-description/share/r-gator-description/environment/ament_prefix_path.dsv
[0.430s] -- Up-to-date: /home/samee/ros2ws/install/r-gator-description/share/r-gator-description/environment/path.sh
[0.430s] -- Up-to-date: /home/samee/ros2ws/install/r-gator-description/share/r-gator-description/environment/path.dsv
[0.430s] -- Up-to-date: /home/samee/ros2ws/install/r-gator-description/share/r-gator-description/local_setup.bash
[0.431s] -- Up-to-date: /home/samee/ros2ws/install/r-gator-description/share/r-gator-description/local_setup.sh
[0.431s] -- Up-to-date: /home/samee/ros2ws/install/r-gator-description/share/r-gator-description/local_setup.zsh
[0.431s] -- Up-to-date: /home/samee/ros2ws/install/r-gator-description/share/r-gator-description/local_setup.dsv
[0.431s] -- Installing: /home/samee/ros2ws/install/r-gator-description/share/r-gator-description/package.dsv
[0.431s] -- Up-to-date: /home/samee/ros2ws/install/r-gator-description/share/ament_index/resource_index/packages/r-gator-description
[0.431s] -- Up-to-date: /home/samee/ros2ws/install/r-gator-description/share/r-gator-description/cmake/r-gator-descriptionConfig.cmake
[0.431s] -- Up-to-date: /home/samee/ros2ws/install/r-gator-description/share/r-gator-description/cmake/r-gator-descriptionConfig-version.cmake
[0.431s] -- Up-to-date: /home/samee/ros2ws/install/r-gator-description/share/r-gator-description/package.xml
[0.443s] Invoked command in '/home/samee/ros2ws/build/r-gator-description' returned '0': CMAKE_PREFIX_PATH=${CMAKE_PREFIX_PATH}:/opt/ros/humble /usr/local/bin/cmake --install /home/samee/ros2ws/build/r-gator-description
