[0.173s] Invoking command in '/home/samee/ros2ws/build/r-gator-model-2': CMAKE_PREFIX_PATH=/opt/ros/humble:${CMAKE_PREFIX_PATH} /usr/local/bin/cmake --build /home/samee/ros2ws/build/r-gator-model-2 -- -j12 -l12
[0.182s] Invoked command in '/home/samee/ros2ws/build/r-gator-model-2' returned '0': CMAKE_PREFIX_PATH=/opt/ros/humble:${CMAKE_PREFIX_PATH} /usr/local/bin/cmake --build /home/samee/ros2ws/build/r-gator-model-2 -- -j12 -l12
[0.205s] Invoking command in '/home/samee/ros2ws/build/r-gator-model-2': CMAKE_PREFIX_PATH=/opt/ros/humble:${CMAKE_PREFIX_PATH} /usr/local/bin/cmake --install /home/samee/ros2ws/build/r-gator-model-2
[0.209s] -- Install configuration: ""
[0.210s] -- Execute custom install script
[0.210s] -- Up-to-date symlink: /home/samee/ros2ws/install/r-gator-model-2/share/ament_index/resource_index/package_run_dependencies/r-gator-model-2
[0.211s] -- Up-to-date symlink: /home/samee/ros2ws/install/r-gator-model-2/share/ament_index/resource_index/parent_prefix_path/r-gator-model-2
[0.211s] -- Up-to-date symlink: /home/samee/ros2ws/install/r-gator-model-2/share/r-gator-model-2/environment/ament_prefix_path.sh
[0.211s] -- Up-to-date symlink: /home/samee/ros2ws/install/r-gator-model-2/share/r-gator-model-2/environment/ament_prefix_path.dsv
[0.211s] -- Up-to-date symlink: /home/samee/ros2ws/install/r-gator-model-2/share/r-gator-model-2/environment/path.sh
[0.211s] -- Up-to-date symlink: /home/samee/ros2ws/install/r-gator-model-2/share/r-gator-model-2/environment/path.dsv
[0.211s] -- Up-to-date symlink: /home/samee/ros2ws/install/r-gator-model-2/share/r-gator-model-2/local_setup.bash
[0.211s] -- Up-to-date symlink: /home/samee/ros2ws/install/r-gator-model-2/share/r-gator-model-2/local_setup.sh
[0.212s] -- Up-to-date symlink: /home/samee/ros2ws/install/r-gator-model-2/share/r-gator-model-2/local_setup.zsh
[0.212s] -- Up-to-date symlink: /home/samee/ros2ws/install/r-gator-model-2/share/r-gator-model-2/local_setup.dsv
[0.212s] -- Symlinking: /home/samee/ros2ws/install/r-gator-model-2/share/r-gator-model-2/package.dsv
[0.213s] -- Up-to-date symlink: /home/samee/ros2ws/install/r-gator-model-2/share/ament_index/resource_index/packages/r-gator-model-2
[0.214s] -- Up-to-date symlink: /home/samee/ros2ws/install/r-gator-model-2/share/r-gator-model-2/cmake/r-gator-model-2Config.cmake
[0.214s] -- Up-to-date symlink: /home/samee/ros2ws/install/r-gator-model-2/share/r-gator-model-2/cmake/r-gator-model-2Config-version.cmake
[0.215s] -- Up-to-date symlink: /home/samee/ros2ws/install/r-gator-model-2/share/r-gator-model-2/package.xml
[0.373s] Invoked command in '/home/samee/ros2ws/build/r-gator-model-2' returned '0': CMAKE_PREFIX_PATH=/opt/ros/humble:${CMAKE_PREFIX_PATH} /usr/local/bin/cmake --install /home/samee/ros2ws/build/r-gator-model-2
