[1.030s] DEBUG:colcon:Command line arguments: ['/usr/bin/colcon', 'build']
[1.030s] DEBUG:colcon:Parsed command line arguments: Namespace(log_base=None, log_level=None, verb_name='build', build_base='build', install_base='install', merge_install=False, symlink_install=False, test_result_base=None, continue_on_error=False, executor='parallel', parallel_workers=12, event_handlers=None, ignore_user_meta=False, metas=['./colcon.meta'], base_paths=['.'], packages_ignore=None, packages_ignore_regex=None, paths=None, packages_up_to=None, packages_up_to_regex=None, packages_above=None, packages_above_and_dependencies=None, packages_above_depth=None, packages_select_by_dep=None, packages_skip_by_dep=None, packages_skip_up_to=None, packages_select_build_failed=False, packages_skip_build_finished=False, packages_select_test_failures=False, packages_skip_test_passed=False, packages_select=None, packages_skip=None, packages_select_regex=None, packages_skip_regex=None, packages_start=None, packages_end=None, allow_overriding=[], cmake_args=None, cmake_target=None, cmake_target_skip_unavailable=False, cmake_clean_cache=False, cmake_clean_first=False, cmake_force_configure=False, ament_cmake_args=None, catkin_cmake_args=None, catkin_skip_building_tests=False, verb_parser=<colcon_defaults.argument_parser.defaults.DefaultArgumentsDecorator object at 0x7f45efcbed40>, verb_extension=<colcon_core.verb.build.BuildVerb object at 0x7f45f01ef190>, main=<bound method BuildVerb.main of <colcon_core.verb.build.BuildVerb object at 0x7f45f01ef190>>)
[1.086s] Level 1:colcon.colcon_core.package_discovery:discover_packages(colcon_meta) check parameters
[1.086s] Level 1:colcon.colcon_core.package_discovery:discover_packages(recursive) check parameters
[1.086s] Level 1:colcon.colcon_core.package_discovery:discover_packages(ignore) check parameters
[1.086s] Level 1:colcon.colcon_core.package_discovery:discover_packages(path) check parameters
[1.086s] Level 1:colcon.colcon_core.package_discovery:discover_packages(colcon_meta) discover
[1.086s] Level 1:colcon.colcon_core.package_discovery:discover_packages(recursive) discover
[1.086s] INFO:colcon.colcon_core.package_discovery:Crawling recursively for packages in '/home/samee/ros2ws/src/r-gator-simulator-2/r-gator-gazebo-tool-2'
[1.086s] Level 1:colcon.colcon_core.package_identification:_identify(.) by extensions ['ignore', 'ignore_ament_install']
[1.086s] Level 1:colcon.colcon_core.package_identification:_identify(.) by extension 'ignore'
[1.086s] Level 1:colcon.colcon_core.package_identification:_identify(.) by extension 'ignore_ament_install'
[1.086s] Level 1:colcon.colcon_core.package_identification:_identify(.) by extensions ['colcon_pkg']
[1.086s] Level 1:colcon.colcon_core.package_identification:_identify(.) by extension 'colcon_pkg'
[1.086s] Level 1:colcon.colcon_core.package_identification:_identify(.) by extensions ['colcon_meta']
[1.086s] Level 1:colcon.colcon_core.package_identification:_identify(.) by extension 'colcon_meta'
[1.086s] Level 1:colcon.colcon_core.package_identification:_identify(.) by extensions ['ros']
[1.086s] Level 1:colcon.colcon_core.package_identification:_identify(.) by extension 'ros'
[1.101s] DEBUG:colcon.colcon_core.package_identification:Package '.' with type 'ros.catkin' and name 'r-gator-gazebo-tool-2'
[1.101s] Level 1:colcon.colcon_core.package_discovery:discover_packages(recursive) using defaults
[1.101s] Level 1:colcon.colcon_core.package_discovery:discover_packages(ignore) discover
[1.101s] Level 1:colcon.colcon_core.package_discovery:discover_packages(ignore) using defaults
[1.101s] Level 1:colcon.colcon_core.package_discovery:discover_packages(path) discover
[1.101s] Level 1:colcon.colcon_core.package_discovery:discover_packages(path) using defaults
[1.195s] Level 1:colcon.colcon_core.package_discovery:discover_packages(prefix_path) check parameters
[1.196s] Level 1:colcon.colcon_core.package_discovery:discover_packages(prefix_path) discover
[1.228s] DEBUG:colcon.colcon_installed_package_information.package_discovery:Found 19 installed packages in /home/samee/ros2ws/install
[1.244s] DEBUG:colcon.colcon_installed_package_information.package_discovery:Found 312 installed packages in /opt/ros/humble
[1.245s] Level 1:colcon.colcon_core.package_discovery:discover_packages(prefix_path) using defaults
[1.325s] Level 5:colcon.colcon_core.verb:set package 'r-gator-gazebo-tool-2' build argument 'cmake_args' from command line to 'None'
[1.325s] Level 5:colcon.colcon_core.verb:set package 'r-gator-gazebo-tool-2' build argument 'cmake_target' from command line to 'None'
[1.325s] Level 5:colcon.colcon_core.verb:set package 'r-gator-gazebo-tool-2' build argument 'cmake_target_skip_unavailable' from command line to 'False'
[1.325s] Level 5:colcon.colcon_core.verb:set package 'r-gator-gazebo-tool-2' build argument 'cmake_clean_cache' from command line to 'False'
[1.325s] Level 5:colcon.colcon_core.verb:set package 'r-gator-gazebo-tool-2' build argument 'cmake_clean_first' from command line to 'False'
[1.325s] Level 5:colcon.colcon_core.verb:set package 'r-gator-gazebo-tool-2' build argument 'cmake_force_configure' from command line to 'False'
[1.325s] Level 5:colcon.colcon_core.verb:set package 'r-gator-gazebo-tool-2' build argument 'ament_cmake_args' from command line to 'None'
[1.325s] Level 5:colcon.colcon_core.verb:set package 'r-gator-gazebo-tool-2' build argument 'catkin_cmake_args' from command line to 'None'
[1.325s] Level 5:colcon.colcon_core.verb:set package 'r-gator-gazebo-tool-2' build argument 'catkin_skip_building_tests' from command line to 'False'
[1.325s] DEBUG:colcon.colcon_core.verb:Building package 'r-gator-gazebo-tool-2' with the following arguments: {'ament_cmake_args': None, 'build_base': '/home/samee/ros2ws/src/r-gator-simulator-2/r-gator-gazebo-tool-2/build/r-gator-gazebo-tool-2', 'catkin_cmake_args': None, 'catkin_skip_building_tests': False, 'cmake_args': None, 'cmake_clean_cache': False, 'cmake_clean_first': False, 'cmake_force_configure': False, 'cmake_target': None, 'cmake_target_skip_unavailable': False, 'install_base': '/home/samee/ros2ws/src/r-gator-simulator-2/r-gator-gazebo-tool-2/install/r-gator-gazebo-tool-2', 'merge_install': False, 'path': '/home/samee/ros2ws/src/r-gator-simulator-2/r-gator-gazebo-tool-2', 'symlink_install': False, 'test_result_base': None}
[1.341s] INFO:colcon.colcon_core.executor:Executing jobs using 'parallel' executor
[1.365s] DEBUG:colcon.colcon_parallel_executor.executor.parallel:run_until_complete
[1.365s] INFO:colcon.colcon_ros.task.catkin.build:Building ROS package in '/home/samee/ros2ws/src/r-gator-simulator-2/r-gator-gazebo-tool-2' with build type 'catkin'
[1.365s] INFO:colcon.colcon_cmake.task.cmake.build:Building CMake package in '/home/samee/ros2ws/src/r-gator-simulator-2/r-gator-gazebo-tool-2'
[1.383s] INFO:colcon.colcon_core.plugin_system:Skipping extension 'colcon_core.shell.bat': Not used on non-Windows systems
[1.383s] INFO:colcon.colcon_core.shell:Skip shell extension 'powershell' for command environment: Not usable outside of PowerShell
[1.383s] DEBUG:colcon.colcon_core.shell:Skip shell extension 'dsv' for command environment
[1.438s] DEBUG:colcon.colcon_core.event_handler.log_command:Invoking command in '/home/samee/ros2ws/src/r-gator-simulator-2/r-gator-gazebo-tool-2/build/r-gator-gazebo-tool-2': /usr/local/bin/cmake /home/samee/ros2ws/src/r-gator-simulator-2/r-gator-gazebo-tool-2 -DCATKIN_INSTALL_INTO_PREFIX_ROOT=0 -DCMAKE_INSTALL_PREFIX=/home/samee/ros2ws/src/r-gator-simulator-2/r-gator-gazebo-tool-2/install/r-gator-gazebo-tool-2
[4.232s] DEBUG:colcon.colcon_core.event_handler.log_command:Invoked command in '/home/samee/ros2ws/src/r-gator-simulator-2/r-gator-gazebo-tool-2/build/r-gator-gazebo-tool-2' returned '0': /usr/local/bin/cmake /home/samee/ros2ws/src/r-gator-simulator-2/r-gator-gazebo-tool-2 -DCATKIN_INSTALL_INTO_PREFIX_ROOT=0 -DCMAKE_INSTALL_PREFIX=/home/samee/ros2ws/src/r-gator-simulator-2/r-gator-gazebo-tool-2/install/r-gator-gazebo-tool-2
[4.233s] DEBUG:colcon.colcon_core.event_handler.log_command:Invoking command in '/home/samee/ros2ws/src/r-gator-simulator-2/r-gator-gazebo-tool-2/build/r-gator-gazebo-tool-2': /usr/local/bin/cmake --build /home/samee/ros2ws/src/r-gator-simulator-2/r-gator-gazebo-tool-2/build/r-gator-gazebo-tool-2 -- -j12 -l12
[14.146s] DEBUG:colcon.colcon_core.event_handler.log_command:Invoked command in '/home/samee/ros2ws/src/r-gator-simulator-2/r-gator-gazebo-tool-2/build/r-gator-gazebo-tool-2' returned '0': /usr/local/bin/cmake --build /home/samee/ros2ws/src/r-gator-simulator-2/r-gator-gazebo-tool-2/build/r-gator-gazebo-tool-2 -- -j12 -l12
[14.173s] DEBUG:colcon.colcon_core.event_handler.log_command:Invoking command in '/home/samee/ros2ws/src/r-gator-simulator-2/r-gator-gazebo-tool-2/build/r-gator-gazebo-tool-2': /usr/local/bin/cmake --install /home/samee/ros2ws/src/r-gator-simulator-2/r-gator-gazebo-tool-2/build/r-gator-gazebo-tool-2
[14.181s] DEBUG:colcon.colcon_core.event_handler.log_command:Invoked command in '/home/samee/ros2ws/src/r-gator-simulator-2/r-gator-gazebo-tool-2/build/r-gator-gazebo-tool-2' returned '0': /usr/local/bin/cmake --install /home/samee/ros2ws/src/r-gator-simulator-2/r-gator-gazebo-tool-2/build/r-gator-gazebo-tool-2
[14.193s] Level 1:colcon.colcon_core.shell:create_environment_hook('r-gator-gazebo-tool-2', 'ros_package_path')
[14.209s] INFO:colcon.colcon_core.shell:Creating environment hook '/home/samee/ros2ws/src/r-gator-simulator-2/r-gator-gazebo-tool-2/install/r-gator-gazebo-tool-2/share/r-gator-gazebo-tool-2/hook/ros_package_path.ps1'
[14.210s] INFO:colcon.colcon_core.shell:Creating environment descriptor '/home/samee/ros2ws/src/r-gator-simulator-2/r-gator-gazebo-tool-2/install/r-gator-gazebo-tool-2/share/r-gator-gazebo-tool-2/hook/ros_package_path.dsv'
[14.210s] INFO:colcon.colcon_core.shell:Creating environment hook '/home/samee/ros2ws/src/r-gator-simulator-2/r-gator-gazebo-tool-2/install/r-gator-gazebo-tool-2/share/r-gator-gazebo-tool-2/hook/ros_package_path.sh'
[14.211s] Level 1:colcon.colcon_core.shell:create_environment_hook('r-gator-gazebo-tool-2', 'pkg_config_path')
[14.229s] INFO:colcon.colcon_core.shell:Creating environment hook '/home/samee/ros2ws/src/r-gator-simulator-2/r-gator-gazebo-tool-2/install/r-gator-gazebo-tool-2/share/r-gator-gazebo-tool-2/hook/pkg_config_path.ps1'
[14.229s] INFO:colcon.colcon_core.shell:Creating environment descriptor '/home/samee/ros2ws/src/r-gator-simulator-2/r-gator-gazebo-tool-2/install/r-gator-gazebo-tool-2/share/r-gator-gazebo-tool-2/hook/pkg_config_path.dsv'
[14.229s] INFO:colcon.colcon_core.shell:Creating environment hook '/home/samee/ros2ws/src/r-gator-simulator-2/r-gator-gazebo-tool-2/install/r-gator-gazebo-tool-2/share/r-gator-gazebo-tool-2/hook/pkg_config_path.sh'
[14.231s] Level 1:colcon.colcon_core.shell:create_environment_hook('r-gator-gazebo-tool-2', 'pkg_config_path_multiarch')
[14.249s] INFO:colcon.colcon_core.shell:Creating environment hook '/home/samee/ros2ws/src/r-gator-simulator-2/r-gator-gazebo-tool-2/install/r-gator-gazebo-tool-2/share/r-gator-gazebo-tool-2/hook/pkg_config_path_multiarch.ps1'
[14.249s] INFO:colcon.colcon_core.shell:Creating environment descriptor '/home/samee/ros2ws/src/r-gator-simulator-2/r-gator-gazebo-tool-2/install/r-gator-gazebo-tool-2/share/r-gator-gazebo-tool-2/hook/pkg_config_path_multiarch.dsv'
[14.249s] INFO:colcon.colcon_core.shell:Creating environment hook '/home/samee/ros2ws/src/r-gator-simulator-2/r-gator-gazebo-tool-2/install/r-gator-gazebo-tool-2/share/r-gator-gazebo-tool-2/hook/pkg_config_path_multiarch.sh'
[14.268s] Level 1:colcon.colcon_core.environment:create_environment_scripts_only(r-gator-gazebo-tool-2)
[14.288s] Level 1:colcon.colcon_core.environment:checking '/home/samee/ros2ws/src/r-gator-simulator-2/r-gator-gazebo-tool-2/install/r-gator-gazebo-tool-2' for CMake module files
[14.289s] Level 1:colcon.colcon_core.environment:checking '/home/samee/ros2ws/src/r-gator-simulator-2/r-gator-gazebo-tool-2/install/r-gator-gazebo-tool-2' for CMake config files
[14.289s] Level 1:colcon.colcon_core.shell:create_environment_hook('r-gator-gazebo-tool-2', 'cmake_prefix_path')
[14.307s] INFO:colcon.colcon_core.shell:Creating environment hook '/home/samee/ros2ws/src/r-gator-simulator-2/r-gator-gazebo-tool-2/install/r-gator-gazebo-tool-2/share/r-gator-gazebo-tool-2/hook/cmake_prefix_path.ps1'
[14.308s] INFO:colcon.colcon_core.shell:Creating environment descriptor '/home/samee/ros2ws/src/r-gator-simulator-2/r-gator-gazebo-tool-2/install/r-gator-gazebo-tool-2/share/r-gator-gazebo-tool-2/hook/cmake_prefix_path.dsv'
[14.308s] INFO:colcon.colcon_core.shell:Creating environment hook '/home/samee/ros2ws/src/r-gator-simulator-2/r-gator-gazebo-tool-2/install/r-gator-gazebo-tool-2/share/r-gator-gazebo-tool-2/hook/cmake_prefix_path.sh'
[14.309s] Level 1:colcon.colcon_core.environment:checking '/home/samee/ros2ws/src/r-gator-simulator-2/r-gator-gazebo-tool-2/install/r-gator-gazebo-tool-2/lib'
[14.309s] Level 1:colcon.colcon_core.environment:checking '/home/samee/ros2ws/src/r-gator-simulator-2/r-gator-gazebo-tool-2/install/r-gator-gazebo-tool-2/bin'
[14.309s] Level 1:colcon.colcon_core.environment:checking '/home/samee/ros2ws/src/r-gator-simulator-2/r-gator-gazebo-tool-2/install/r-gator-gazebo-tool-2/lib/pkgconfig/r-gator-gazebo-tool-2.pc'
[14.309s] Level 1:colcon.colcon_core.environment:checking '/home/samee/ros2ws/src/r-gator-simulator-2/r-gator-gazebo-tool-2/install/r-gator-gazebo-tool-2/lib/python3.10/site-packages'
[14.309s] Level 1:colcon.colcon_core.environment:checking '/home/samee/ros2ws/src/r-gator-simulator-2/r-gator-gazebo-tool-2/install/r-gator-gazebo-tool-2/bin'
[14.330s] INFO:colcon.colcon_core.shell:Creating package script '/home/samee/ros2ws/src/r-gator-simulator-2/r-gator-gazebo-tool-2/install/r-gator-gazebo-tool-2/share/r-gator-gazebo-tool-2/package.ps1'
[14.331s] INFO:colcon.colcon_core.shell:Creating package descriptor '/home/samee/ros2ws/src/r-gator-simulator-2/r-gator-gazebo-tool-2/install/r-gator-gazebo-tool-2/share/r-gator-gazebo-tool-2/package.dsv'
[14.331s] INFO:colcon.colcon_core.shell:Creating package script '/home/samee/ros2ws/src/r-gator-simulator-2/r-gator-gazebo-tool-2/install/r-gator-gazebo-tool-2/share/r-gator-gazebo-tool-2/package.sh'
[14.332s] INFO:colcon.colcon_core.shell:Creating package script '/home/samee/ros2ws/src/r-gator-simulator-2/r-gator-gazebo-tool-2/install/r-gator-gazebo-tool-2/share/r-gator-gazebo-tool-2/package.bash'
[14.333s] INFO:colcon.colcon_core.shell:Creating package script '/home/samee/ros2ws/src/r-gator-simulator-2/r-gator-gazebo-tool-2/install/r-gator-gazebo-tool-2/share/r-gator-gazebo-tool-2/package.zsh'
[14.333s] Level 1:colcon.colcon_core.environment:create_file_with_runtime_dependencies(/home/samee/ros2ws/src/r-gator-simulator-2/r-gator-gazebo-tool-2/install/r-gator-gazebo-tool-2/share/colcon-core/packages/r-gator-gazebo-tool-2)
[14.333s] DEBUG:colcon.colcon_parallel_executor.executor.parallel:closing loop
[14.334s] DEBUG:colcon.colcon_parallel_executor.executor.parallel:loop closed
[14.334s] DEBUG:colcon.colcon_parallel_executor.executor.parallel:run_until_complete finished with '0'
[14.334s] DEBUG:colcon.colcon_core.event_reactor:joining thread
[14.356s] INFO:colcon.colcon_core.plugin_system:Skipping extension 'colcon_notification.desktop_notification.terminal_notifier': Not used on non-Darwin systems
[14.356s] INFO:colcon.colcon_core.plugin_system:Skipping extension 'colcon_notification.desktop_notification.win32': Not used on non-Windows systems
[14.356s] INFO:colcon.colcon_notification.desktop_notification:Sending desktop notification using 'notify2'
[14.385s] DEBUG:colcon.colcon_core.event_reactor:joined thread
[14.404s] INFO:colcon.colcon_core.shell:Creating prefix script '/home/samee/ros2ws/src/r-gator-simulator-2/r-gator-gazebo-tool-2/install/local_setup.ps1'
[14.405s] INFO:colcon.colcon_core.shell:Creating prefix util module '/home/samee/ros2ws/src/r-gator-simulator-2/r-gator-gazebo-tool-2/install/_local_setup_util_ps1.py'
[14.406s] INFO:colcon.colcon_core.shell:Creating prefix chain script '/home/samee/ros2ws/src/r-gator-simulator-2/r-gator-gazebo-tool-2/install/setup.ps1'
[14.427s] INFO:colcon.colcon_core.shell:Creating prefix script '/home/samee/ros2ws/src/r-gator-simulator-2/r-gator-gazebo-tool-2/install/local_setup.sh'
[14.427s] INFO:colcon.colcon_core.shell:Creating prefix util module '/home/samee/ros2ws/src/r-gator-simulator-2/r-gator-gazebo-tool-2/install/_local_setup_util_sh.py'
[14.428s] INFO:colcon.colcon_core.shell:Creating prefix chain script '/home/samee/ros2ws/src/r-gator-simulator-2/r-gator-gazebo-tool-2/install/setup.sh'
[14.451s] INFO:colcon.colcon_core.shell:Creating prefix script '/home/samee/ros2ws/src/r-gator-simulator-2/r-gator-gazebo-tool-2/install/local_setup.bash'
[14.452s] INFO:colcon.colcon_core.shell:Creating prefix chain script '/home/samee/ros2ws/src/r-gator-simulator-2/r-gator-gazebo-tool-2/install/setup.bash'
[14.475s] INFO:colcon.colcon_core.shell:Creating prefix script '/home/samee/ros2ws/src/r-gator-simulator-2/r-gator-gazebo-tool-2/install/local_setup.zsh'
[14.476s] INFO:colcon.colcon_core.shell:Creating prefix chain script '/home/samee/ros2ws/src/r-gator-simulator-2/r-gator-gazebo-tool-2/install/setup.zsh'
