[0.226s] Invoking command in '/home/samee/ros2ws/build/r-gator-launch-2': CMAKE_PREFIX_PATH=/home/samee/ros2ws/install/r-gator-model-2:/home/samee/ros2ws/install/r-gator-launch-2:/home/samee/ros2ws/install/r-gator-gazebo-2:/opt/ros/humble:/home/samee/ros2ws/install/r-gator-description-2:/home/samee/ros2ws/install/r-gator-teleop-2:/home/samee/ros2ws/install/r-gator-teleop:/home/samee/ros2ws/install/r-gator-model:/home/samee/ros2ws/install/r-gator-launch:/home/samee/ros2ws/install/r-gator-gazebo-tool:/home/samee/ros2ws/install/r-gator-gazebo:/home/samee/ros2ws/install/r-gator-description /usr/local/bin/cmake --build /home/samee/ros2ws/build/r-gator-launch-2 -- -j12 -l12
[0.236s] -- Found ament_cmake: 1.3.6 (/opt/ros/humble/share/ament_cmake/cmake)
[0.423s] -- Found ament_lint_auto: 0.12.9 (/opt/ros/humble/share/ament_lint_auto/cmake)
[0.488s] -- Added test 'flake8' to check Python code syntax and style conventions
[0.488s] -- Added test 'lint_cmake' to check CMake code style
[0.489s] -- Added test 'pep257' to check Python code against some of the docstring style conventions in PEP 257
[0.490s] -- Added test 'xmllint' to check XML markup files
[0.490s] -- Configuring done (0.3s)
[0.493s] -- Generating done (0.0s)
[0.494s] -- Build files have been written to: /home/samee/ros2ws/build/r-gator-launch-2
[0.542s] Invoked command in '/home/samee/ros2ws/build/r-gator-launch-2' returned '0': CMAKE_PREFIX_PATH=/home/samee/ros2ws/install/r-gator-model-2:/home/samee/ros2ws/install/r-gator-launch-2:/home/samee/ros2ws/install/r-gator-gazebo-2:/opt/ros/humble:/home/samee/ros2ws/install/r-gator-description-2:/home/samee/ros2ws/install/r-gator-teleop-2:/home/samee/ros2ws/install/r-gator-teleop:/home/samee/ros2ws/install/r-gator-model:/home/samee/ros2ws/install/r-gator-launch:/home/samee/ros2ws/install/r-gator-gazebo-tool:/home/samee/ros2ws/install/r-gator-gazebo:/home/samee/ros2ws/install/r-gator-description /usr/local/bin/cmake --build /home/samee/ros2ws/build/r-gator-launch-2 -- -j12 -l12
[0.789s] Invoking command in '/home/samee/ros2ws/build/r-gator-launch-2': CMAKE_PREFIX_PATH=/home/samee/ros2ws/install/r-gator-model-2:/home/samee/ros2ws/install/r-gator-launch-2:/home/samee/ros2ws/install/r-gator-gazebo-2:/opt/ros/humble:/home/samee/ros2ws/install/r-gator-description-2:/home/samee/ros2ws/install/r-gator-teleop-2:/home/samee/ros2ws/install/r-gator-teleop:/home/samee/ros2ws/install/r-gator-model:/home/samee/ros2ws/install/r-gator-launch:/home/samee/ros2ws/install/r-gator-gazebo-tool:/home/samee/ros2ws/install/r-gator-gazebo:/home/samee/ros2ws/install/r-gator-description /usr/local/bin/cmake --install /home/samee/ros2ws/build/r-gator-launch-2
[0.790s] -- Install configuration: ""
[0.791s] -- Installing: /home/samee/ros2ws/install/r-gator-launch-2/share/r-gator-launch-2//launch
[0.791s] -- Installing: /home/samee/ros2ws/install/r-gator-launch-2/share/r-gator-launch-2//launch/r-gator-sensor-info.launch.py
[0.791s] -- Installing: /home/samee/ros2ws/install/r-gator-launch-2/share/r-gator-launch-2//launch/r-gator-init.launch.py
[0.791s] -- Installing: /home/samee/ros2ws/install/r-gator-launch-2/share/r-gator-launch-2//launch/r-gator-highbay.launch.py
[0.791s] -- Up-to-date: /home/samee/ros2ws/install/r-gator-launch-2/share/ament_index/resource_index/package_run_dependencies/r-gator-launch-2
[0.791s] -- Installing: /home/samee/ros2ws/install/r-gator-launch-2/share/ament_index/resource_index/parent_prefix_path/r-gator-launch-2
[0.791s] -- Up-to-date: /home/samee/ros2ws/install/r-gator-launch-2/share/r-gator-launch-2/environment/ament_prefix_path.sh
[0.791s] -- Installing: /home/samee/ros2ws/install/r-gator-launch-2/share/r-gator-launch-2/environment/ament_prefix_path.dsv
[0.791s] -- Up-to-date: /home/samee/ros2ws/install/r-gator-launch-2/share/r-gator-launch-2/environment/path.sh
[0.791s] -- Installing: /home/samee/ros2ws/install/r-gator-launch-2/share/r-gator-launch-2/environment/path.dsv
[0.792s] -- Up-to-date: /home/samee/ros2ws/install/r-gator-launch-2/share/r-gator-launch-2/local_setup.bash
[0.792s] -- Up-to-date: /home/samee/ros2ws/install/r-gator-launch-2/share/r-gator-launch-2/local_setup.sh
[0.792s] -- Up-to-date: /home/samee/ros2ws/install/r-gator-launch-2/share/r-gator-launch-2/local_setup.zsh
[0.792s] -- Installing: /home/samee/ros2ws/install/r-gator-launch-2/share/r-gator-launch-2/local_setup.dsv
[0.792s] -- Installing: /home/samee/ros2ws/install/r-gator-launch-2/share/r-gator-launch-2/package.dsv
[0.793s] -- Up-to-date: /home/samee/ros2ws/install/r-gator-launch-2/share/ament_index/resource_index/packages/r-gator-launch-2
[0.793s] -- Up-to-date: /home/samee/ros2ws/install/r-gator-launch-2/share/r-gator-launch-2/cmake/r-gator-launch-2Config.cmake
[0.793s] -- Up-to-date: /home/samee/ros2ws/install/r-gator-launch-2/share/r-gator-launch-2/cmake/r-gator-launch-2Config-version.cmake
[0.793s] -- Up-to-date: /home/samee/ros2ws/install/r-gator-launch-2/share/r-gator-launch-2/package.xml
[0.793s] Invoked command in '/home/samee/ros2ws/build/r-gator-launch-2' returned '0': CMAKE_PREFIX_PATH=/home/samee/ros2ws/install/r-gator-model-2:/home/samee/ros2ws/install/r-gator-launch-2:/home/samee/ros2ws/install/r-gator-gazebo-2:/opt/ros/humble:/home/samee/ros2ws/install/r-gator-description-2:/home/samee/ros2ws/install/r-gator-teleop-2:/home/samee/ros2ws/install/r-gator-teleop:/home/samee/ros2ws/install/r-gator-model:/home/samee/ros2ws/install/r-gator-launch:/home/samee/ros2ws/install/r-gator-gazebo-tool:/home/samee/ros2ws/install/r-gator-gazebo:/home/samee/ros2ws/install/r-gator-description /usr/local/bin/cmake --install /home/samee/ros2ws/build/r-gator-launch-2
