[0.370s] Invoking command in '/home/samee/ros2ws/build/r-gator-description-2': /usr/local/bin/cmake /home/samee/ros2ws/src/r-gator-simulator-2/r-gator-description-2 -DCATKIN_INSTALL_INTO_PREFIX_ROOT=0 -DCMAKE_INSTALL_PREFIX=/home/samee/ros2ws/install/r-gator-description-2
[0.412s] -- The C compiler identification is GNU 11.4.0
[0.463s] -- The CXX compiler identification is GNU 11.4.0
[0.477s] -- Detecting C compiler ABI info
[0.532s] -- Detecting C compiler ABI info - done
[0.553s] -- Check for working C compiler: /usr/bin/cc - skipped
[0.554s] -- Detecting C compile features
[0.554s] -- Detecting C compile features - done
[0.562s] -- Detecting CXX compiler ABI info
[0.638s] -- Detecting CXX compiler ABI info - done
[0.651s] -- Check for working CXX compiler: /usr/bin/c++ - skipped
[0.651s] -- Detecting CXX compile features
[0.652s] -- Detecting CXX compile features - done
[0.654s] -- Found ament_cmake: 1.3.6 (/opt/ros/humble/share/ament_cmake/cmake)
[1.410s] -- Found Python3: /usr/bin/python3.10 (found version "3.10.12") found components: Interpreter 
[1.498s] -- Found ament_lint_auto: 0.12.9 (/opt/ros/humble/share/ament_lint_auto/cmake)
[1.560s] -- Configuring done (1.2s)
[1.563s] -- Generating done (0.0s)
[1.563s] [33mCMake Warning:
[1.563s]   Manually-specified variables were not used by the project:
[1.564s] 
[1.564s]     CATKIN_INSTALL_INTO_PREFIX_ROOT
[1.564s] 
[1.564s] [0m
[1.564s] -- Build files have been written to: /home/samee/ros2ws/build/r-gator-description-2
[1.568s] Invoked command in '/home/samee/ros2ws/build/r-gator-description-2' returned '0': /usr/local/bin/cmake /home/samee/ros2ws/src/r-gator-simulator-2/r-gator-description-2 -DCATKIN_INSTALL_INTO_PREFIX_ROOT=0 -DCMAKE_INSTALL_PREFIX=/home/samee/ros2ws/install/r-gator-description-2
[1.570s] Invoking command in '/home/samee/ros2ws/build/r-gator-description-2': /usr/local/bin/cmake --build /home/samee/ros2ws/build/r-gator-description-2 -- -j12 -l12
[1.580s] Invoked command in '/home/samee/ros2ws/build/r-gator-description-2' returned '0': /usr/local/bin/cmake --build /home/samee/ros2ws/build/r-gator-description-2 -- -j12 -l12
[1.658s] Invoking command in '/home/samee/ros2ws/build/r-gator-description-2': /usr/local/bin/cmake --install /home/samee/ros2ws/build/r-gator-description-2
[1.659s] -- Install configuration: ""
[1.659s] -- Installing: /home/samee/ros2ws/install/r-gator-description-2/share/r-gator-description-2/launch
[1.660s] -- Installing: /home/samee/ros2ws/install/r-gator-description-2/share/r-gator-description-2/launch/r-gator-description-2.py
[1.660s] [31mCMake Error at cmake_install.cmake:50 (file):
[1.660s]   file INSTALL cannot find
[1.660s]   "/home/samee/ros2ws/src/r-gator-simulator-2/r-gator-description-2/config":
[1.660s]   No such file or directory.
[1.661s] 
[1.661s] [0m
[1.784s] Invoked command in '/home/samee/ros2ws/build/r-gator-description-2' returned '1': /usr/local/bin/cmake --install /home/samee/ros2ws/build/r-gator-description-2
