[1.236s] DEBUG:colcon:Command line arguments: ['/usr/bin/colcon', 'build']
[1.236s] DEBUG:colcon:Parsed command line arguments: Namespace(log_base=None, log_level=None, verb_name='build', build_base='build', install_base='install', merge_install=False, symlink_install=False, test_result_base=None, continue_on_error=False, executor='parallel', parallel_workers=12, event_handlers=None, ignore_user_meta=False, metas=['./colcon.meta'], base_paths=['.'], packages_ignore=None, packages_ignore_regex=None, paths=None, packages_up_to=None, packages_up_to_regex=None, packages_above=None, packages_above_and_dependencies=None, packages_above_depth=None, packages_select_by_dep=None, packages_skip_by_dep=None, packages_skip_up_to=None, packages_select_build_failed=False, packages_skip_build_finished=False, packages_select_test_failures=False, packages_skip_test_passed=False, packages_select=None, packages_skip=None, packages_select_regex=None, packages_skip_regex=None, packages_start=None, packages_end=None, allow_overriding=[], cmake_args=None, cmake_target=None, cmake_target_skip_unavailable=False, cmake_clean_cache=False, cmake_clean_first=False, cmake_force_configure=False, ament_cmake_args=None, catkin_cmake_args=None, catkin_skip_building_tests=False, verb_parser=<colcon_defaults.argument_parser.defaults.DefaultArgumentsDecorator object at 0x7f0a9a6bacb0>, verb_extension=<colcon_core.verb.build.BuildVerb object at 0x7f0a9abf3850>, main=<bound method BuildVerb.main of <colcon_core.verb.build.BuildVerb object at 0x7f0a9abf3850>>)
[1.299s] Level 1:colcon.colcon_core.package_discovery:discover_packages(colcon_meta) check parameters
[1.299s] Level 1:colcon.colcon_core.package_discovery:discover_packages(recursive) check parameters
[1.299s] Level 1:colcon.colcon_core.package_discovery:discover_packages(ignore) check parameters
[1.299s] Level 1:colcon.colcon_core.package_discovery:discover_packages(path) check parameters
[1.299s] Level 1:colcon.colcon_core.package_discovery:discover_packages(colcon_meta) discover
[1.299s] Level 1:colcon.colcon_core.package_discovery:discover_packages(recursive) discover
[1.300s] INFO:colcon.colcon_core.package_discovery:Crawling recursively for packages in '/home/samee/ros2ws'
[1.300s] Level 1:colcon.colcon_core.package_identification:_identify(.) by extensions ['ignore', 'ignore_ament_install']
[1.300s] Level 1:colcon.colcon_core.package_identification:_identify(.) by extension 'ignore'
[1.300s] Level 1:colcon.colcon_core.package_identification:_identify(.) by extension 'ignore_ament_install'
[1.300s] Level 1:colcon.colcon_core.package_identification:_identify(.) by extensions ['colcon_pkg']
[1.300s] Level 1:colcon.colcon_core.package_identification:_identify(.) by extension 'colcon_pkg'
[1.300s] Level 1:colcon.colcon_core.package_identification:_identify(.) by extensions ['colcon_meta']
[1.300s] Level 1:colcon.colcon_core.package_identification:_identify(.) by extension 'colcon_meta'
[1.300s] Level 1:colcon.colcon_core.package_identification:_identify(.) by extensions ['ros']
[1.300s] Level 1:colcon.colcon_core.package_identification:_identify(.) by extension 'ros'
[1.315s] Level 1:colcon.colcon_core.package_identification:_identify(.) by extensions ['cmake', 'python']
[1.315s] Level 1:colcon.colcon_core.package_identification:_identify(.) by extension 'cmake'
[1.315s] Level 1:colcon.colcon_core.package_identification:_identify(.) by extension 'python'
[1.315s] Level 1:colcon.colcon_core.package_identification:_identify(.) by extensions ['python_setup_py']
[1.315s] Level 1:colcon.colcon_core.package_identification:_identify(.) by extension 'python_setup_py'
[1.315s] Level 1:colcon.colcon_core.package_identification:_identify(build) by extensions ['ignore', 'ignore_ament_install']
[1.315s] Level 1:colcon.colcon_core.package_identification:_identify(build) by extension 'ignore'
[1.315s] Level 1:colcon.colcon_core.package_identification:_identify(build) ignored
[1.315s] Level 1:colcon.colcon_core.package_identification:_identify(install) by extensions ['ignore', 'ignore_ament_install']
[1.315s] Level 1:colcon.colcon_core.package_identification:_identify(install) by extension 'ignore'
[1.316s] Level 1:colcon.colcon_core.package_identification:_identify(install) ignored
[1.316s] Level 1:colcon.colcon_core.package_identification:_identify(log) by extensions ['ignore', 'ignore_ament_install']
[1.316s] Level 1:colcon.colcon_core.package_identification:_identify(log) by extension 'ignore'
[1.316s] Level 1:colcon.colcon_core.package_identification:_identify(log) ignored
[1.316s] Level 1:colcon.colcon_core.package_identification:_identify(src) by extensions ['ignore', 'ignore_ament_install']
[1.316s] Level 1:colcon.colcon_core.package_identification:_identify(src) by extension 'ignore'
[1.316s] Level 1:colcon.colcon_core.package_identification:_identify(src) by extension 'ignore_ament_install'
[1.316s] Level 1:colcon.colcon_core.package_identification:_identify(src) by extensions ['colcon_pkg']
[1.316s] Level 1:colcon.colcon_core.package_identification:_identify(src) by extension 'colcon_pkg'
[1.316s] Level 1:colcon.colcon_core.package_identification:_identify(src) by extensions ['colcon_meta']
[1.316s] Level 1:colcon.colcon_core.package_identification:_identify(src) by extension 'colcon_meta'
[1.316s] Level 1:colcon.colcon_core.package_identification:_identify(src) by extensions ['ros']
[1.316s] Level 1:colcon.colcon_core.package_identification:_identify(src) by extension 'ros'
[1.316s] Level 1:colcon.colcon_core.package_identification:_identify(src) by extensions ['cmake', 'python']
[1.316s] Level 1:colcon.colcon_core.package_identification:_identify(src) by extension 'cmake'
[1.317s] Level 1:colcon.colcon_core.package_identification:_identify(src) by extension 'python'
[1.317s] Level 1:colcon.colcon_core.package_identification:_identify(src) by extensions ['python_setup_py']
[1.317s] Level 1:colcon.colcon_core.package_identification:_identify(src) by extension 'python_setup_py'
[1.317s] Level 1:colcon.colcon_core.package_identification:_identify(src/images) by extensions ['ignore', 'ignore_ament_install']
[1.317s] Level 1:colcon.colcon_core.package_identification:_identify(src/images) by extension 'ignore'
[1.317s] Level 1:colcon.colcon_core.package_identification:_identify(src/images) by extension 'ignore_ament_install'
[1.317s] Level 1:colcon.colcon_core.package_identification:_identify(src/images) by extensions ['colcon_pkg']
[1.317s] Level 1:colcon.colcon_core.package_identification:_identify(src/images) by extension 'colcon_pkg'
[1.317s] Level 1:colcon.colcon_core.package_identification:_identify(src/images) by extensions ['colcon_meta']
[1.317s] Level 1:colcon.colcon_core.package_identification:_identify(src/images) by extension 'colcon_meta'
[1.317s] Level 1:colcon.colcon_core.package_identification:_identify(src/images) by extensions ['ros']
[1.317s] Level 1:colcon.colcon_core.package_identification:_identify(src/images) by extension 'ros'
[1.317s] Level 1:colcon.colcon_core.package_identification:_identify(src/images) by extensions ['cmake', 'python']
[1.317s] Level 1:colcon.colcon_core.package_identification:_identify(src/images) by extension 'cmake'
[1.317s] Level 1:colcon.colcon_core.package_identification:_identify(src/images) by extension 'python'
[1.317s] Level 1:colcon.colcon_core.package_identification:_identify(src/images) by extensions ['python_setup_py']
[1.317s] Level 1:colcon.colcon_core.package_identification:_identify(src/images) by extension 'python_setup_py'
[1.317s] Level 1:colcon.colcon_core.package_identification:_identify(src/r-gator-simulator-2) by extensions ['ignore', 'ignore_ament_install']
[1.318s] Level 1:colcon.colcon_core.package_identification:_identify(src/r-gator-simulator-2) by extension 'ignore'
[1.318s] Level 1:colcon.colcon_core.package_identification:_identify(src/r-gator-simulator-2) by extension 'ignore_ament_install'
[1.318s] Level 1:colcon.colcon_core.package_identification:_identify(src/r-gator-simulator-2) by extensions ['colcon_pkg']
[1.318s] Level 1:colcon.colcon_core.package_identification:_identify(src/r-gator-simulator-2) by extension 'colcon_pkg'
[1.318s] Level 1:colcon.colcon_core.package_identification:_identify(src/r-gator-simulator-2) by extensions ['colcon_meta']
[1.318s] Level 1:colcon.colcon_core.package_identification:_identify(src/r-gator-simulator-2) by extension 'colcon_meta'
[1.318s] Level 1:colcon.colcon_core.package_identification:_identify(src/r-gator-simulator-2) by extensions ['ros']
[1.318s] Level 1:colcon.colcon_core.package_identification:_identify(src/r-gator-simulator-2) by extension 'ros'
[1.318s] Level 1:colcon.colcon_core.package_identification:_identify(src/r-gator-simulator-2) by extensions ['cmake', 'python']
[1.318s] Level 1:colcon.colcon_core.package_identification:_identify(src/r-gator-simulator-2) by extension 'cmake'
[1.318s] Level 1:colcon.colcon_core.package_identification:_identify(src/r-gator-simulator-2) by extension 'python'
[1.318s] Level 1:colcon.colcon_core.package_identification:_identify(src/r-gator-simulator-2) by extensions ['python_setup_py']
[1.318s] Level 1:colcon.colcon_core.package_identification:_identify(src/r-gator-simulator-2) by extension 'python_setup_py'
[1.318s] Level 1:colcon.colcon_core.package_identification:_identify(src/r-gator-simulator-2/r-gator-description-2) by extensions ['ignore', 'ignore_ament_install']
[1.318s] Level 1:colcon.colcon_core.package_identification:_identify(src/r-gator-simulator-2/r-gator-description-2) by extension 'ignore'
[1.318s] Level 1:colcon.colcon_core.package_identification:_identify(src/r-gator-simulator-2/r-gator-description-2) by extension 'ignore_ament_install'
[1.318s] Level 1:colcon.colcon_core.package_identification:_identify(src/r-gator-simulator-2/r-gator-description-2) by extensions ['colcon_pkg']
[1.318s] Level 1:colcon.colcon_core.package_identification:_identify(src/r-gator-simulator-2/r-gator-description-2) by extension 'colcon_pkg'
[1.318s] Level 1:colcon.colcon_core.package_identification:_identify(src/r-gator-simulator-2/r-gator-description-2) by extensions ['colcon_meta']
[1.319s] Level 1:colcon.colcon_core.package_identification:_identify(src/r-gator-simulator-2/r-gator-description-2) by extension 'colcon_meta'
[1.319s] Level 1:colcon.colcon_core.package_identification:_identify(src/r-gator-simulator-2/r-gator-description-2) by extensions ['ros']
[1.319s] Level 1:colcon.colcon_core.package_identification:_identify(src/r-gator-simulator-2/r-gator-description-2) by extension 'ros'
[1.322s] DEBUG:colcon.colcon_core.package_identification:Package 'src/r-gator-simulator-2/r-gator-description-2' with type 'ros.catkin' and name 'r-gator-description-2'
[1.322s] Level 1:colcon.colcon_core.package_identification:_identify(src/r-gator-simulator-2/r-gator-gazebo-2) by extensions ['ignore', 'ignore_ament_install']
[1.322s] Level 1:colcon.colcon_core.package_identification:_identify(src/r-gator-simulator-2/r-gator-gazebo-2) by extension 'ignore'
[1.322s] Level 1:colcon.colcon_core.package_identification:_identify(src/r-gator-simulator-2/r-gator-gazebo-2) by extension 'ignore_ament_install'
[1.322s] Level 1:colcon.colcon_core.package_identification:_identify(src/r-gator-simulator-2/r-gator-gazebo-2) by extensions ['colcon_pkg']
[1.322s] Level 1:colcon.colcon_core.package_identification:_identify(src/r-gator-simulator-2/r-gator-gazebo-2) by extension 'colcon_pkg'
[1.322s] Level 1:colcon.colcon_core.package_identification:_identify(src/r-gator-simulator-2/r-gator-gazebo-2) by extensions ['colcon_meta']
[1.322s] Level 1:colcon.colcon_core.package_identification:_identify(src/r-gator-simulator-2/r-gator-gazebo-2) by extension 'colcon_meta'
[1.322s] Level 1:colcon.colcon_core.package_identification:_identify(src/r-gator-simulator-2/r-gator-gazebo-2) by extensions ['ros']
[1.322s] Level 1:colcon.colcon_core.package_identification:_identify(src/r-gator-simulator-2/r-gator-gazebo-2) by extension 'ros'
[1.323s] DEBUG:colcon.colcon_core.package_identification:Package 'src/r-gator-simulator-2/r-gator-gazebo-2' with type 'ros.ament_cmake' and name 'r-gator-gazebo-2'
[1.323s] Level 1:colcon.colcon_core.package_identification:_identify(src/r-gator-simulator-2/r-gator-gazebo-tool-2) by extensions ['ignore', 'ignore_ament_install']
[1.323s] Level 1:colcon.colcon_core.package_identification:_identify(src/r-gator-simulator-2/r-gator-gazebo-tool-2) by extension 'ignore'
[1.323s] Level 1:colcon.colcon_core.package_identification:_identify(src/r-gator-simulator-2/r-gator-gazebo-tool-2) by extension 'ignore_ament_install'
[1.323s] Level 1:colcon.colcon_core.package_identification:_identify(src/r-gator-simulator-2/r-gator-gazebo-tool-2) by extensions ['colcon_pkg']
[1.323s] Level 1:colcon.colcon_core.package_identification:_identify(src/r-gator-simulator-2/r-gator-gazebo-tool-2) by extension 'colcon_pkg'
[1.323s] Level 1:colcon.colcon_core.package_identification:_identify(src/r-gator-simulator-2/r-gator-gazebo-tool-2) by extensions ['colcon_meta']
[1.323s] Level 1:colcon.colcon_core.package_identification:_identify(src/r-gator-simulator-2/r-gator-gazebo-tool-2) by extension 'colcon_meta'
[1.323s] Level 1:colcon.colcon_core.package_identification:_identify(src/r-gator-simulator-2/r-gator-gazebo-tool-2) by extensions ['ros']
[1.323s] Level 1:colcon.colcon_core.package_identification:_identify(src/r-gator-simulator-2/r-gator-gazebo-tool-2) by extension 'ros'
[1.324s] DEBUG:colcon.colcon_core.package_identification:Package 'src/r-gator-simulator-2/r-gator-gazebo-tool-2' with type 'ros.catkin' and name 'r-gator-gazebo-tool-2'
[1.324s] Level 1:colcon.colcon_core.package_identification:_identify(src/r-gator-simulator-2/r-gator-launch-2) by extensions ['ignore', 'ignore_ament_install']
[1.325s] Level 1:colcon.colcon_core.package_identification:_identify(src/r-gator-simulator-2/r-gator-launch-2) by extension 'ignore'
[1.325s] Level 1:colcon.colcon_core.package_identification:_identify(src/r-gator-simulator-2/r-gator-launch-2) by extension 'ignore_ament_install'
[1.325s] Level 1:colcon.colcon_core.package_identification:_identify(src/r-gator-simulator-2/r-gator-launch-2) by extensions ['colcon_pkg']
[1.325s] Level 1:colcon.colcon_core.package_identification:_identify(src/r-gator-simulator-2/r-gator-launch-2) by extension 'colcon_pkg'
[1.325s] Level 1:colcon.colcon_core.package_identification:_identify(src/r-gator-simulator-2/r-gator-launch-2) by extensions ['colcon_meta']
[1.325s] Level 1:colcon.colcon_core.package_identification:_identify(src/r-gator-simulator-2/r-gator-launch-2) by extension 'colcon_meta'
[1.325s] Level 1:colcon.colcon_core.package_identification:_identify(src/r-gator-simulator-2/r-gator-launch-2) by extensions ['ros']
[1.325s] Level 1:colcon.colcon_core.package_identification:_identify(src/r-gator-simulator-2/r-gator-launch-2) by extension 'ros'
[1.325s] DEBUG:colcon.colcon_core.package_identification:Package 'src/r-gator-simulator-2/r-gator-launch-2' with type 'ros.ament_cmake' and name 'r-gator-launch-2'
[1.325s] Level 1:colcon.colcon_core.package_identification:_identify(src/r-gator-simulator-2/r-gator-model-2) by extensions ['ignore', 'ignore_ament_install']
[1.326s] Level 1:colcon.colcon_core.package_identification:_identify(src/r-gator-simulator-2/r-gator-model-2) by extension 'ignore'
[1.326s] Level 1:colcon.colcon_core.package_identification:_identify(src/r-gator-simulator-2/r-gator-model-2) by extension 'ignore_ament_install'
[1.326s] Level 1:colcon.colcon_core.package_identification:_identify(src/r-gator-simulator-2/r-gator-model-2) by extensions ['colcon_pkg']
[1.326s] Level 1:colcon.colcon_core.package_identification:_identify(src/r-gator-simulator-2/r-gator-model-2) by extension 'colcon_pkg'
[1.326s] Level 1:colcon.colcon_core.package_identification:_identify(src/r-gator-simulator-2/r-gator-model-2) by extensions ['colcon_meta']
[1.326s] Level 1:colcon.colcon_core.package_identification:_identify(src/r-gator-simulator-2/r-gator-model-2) by extension 'colcon_meta'
[1.326s] Level 1:colcon.colcon_core.package_identification:_identify(src/r-gator-simulator-2/r-gator-model-2) by extensions ['ros']
[1.326s] Level 1:colcon.colcon_core.package_identification:_identify(src/r-gator-simulator-2/r-gator-model-2) by extension 'ros'
[1.326s] DEBUG:colcon.colcon_core.package_identification:Package 'src/r-gator-simulator-2/r-gator-model-2' with type 'ros.ament_cmake' and name 'r-gator-model-2'
[1.326s] Level 1:colcon.colcon_core.package_identification:_identify(src/r-gator-teleop-2) by extensions ['ignore', 'ignore_ament_install']
[1.326s] Level 1:colcon.colcon_core.package_identification:_identify(src/r-gator-teleop-2) by extension 'ignore'
[1.327s] Level 1:colcon.colcon_core.package_identification:_identify(src/r-gator-teleop-2) by extension 'ignore_ament_install'
[1.327s] Level 1:colcon.colcon_core.package_identification:_identify(src/r-gator-teleop-2) by extensions ['colcon_pkg']
[1.327s] Level 1:colcon.colcon_core.package_identification:_identify(src/r-gator-teleop-2) by extension 'colcon_pkg'
[1.327s] Level 1:colcon.colcon_core.package_identification:_identify(src/r-gator-teleop-2) by extensions ['colcon_meta']
[1.327s] Level 1:colcon.colcon_core.package_identification:_identify(src/r-gator-teleop-2) by extension 'colcon_meta'
[1.327s] Level 1:colcon.colcon_core.package_identification:_identify(src/r-gator-teleop-2) by extensions ['ros']
[1.327s] Level 1:colcon.colcon_core.package_identification:_identify(src/r-gator-teleop-2) by extension 'ros'
[1.327s] DEBUG:colcon.colcon_core.package_identification:Package 'src/r-gator-teleop-2' with type 'ros.catkin' and name 'r-gator-teleop-2'
[1.328s] Level 1:colcon.colcon_core.package_identification:_identify(src_unclean) by extensions ['ignore', 'ignore_ament_install']
[1.328s] Level 1:colcon.colcon_core.package_identification:_identify(src_unclean) by extension 'ignore'
[1.328s] Level 1:colcon.colcon_core.package_identification:_identify(src_unclean) ignored
[1.328s] Level 1:colcon.colcon_core.package_discovery:discover_packages(recursive) using defaults
[1.328s] Level 1:colcon.colcon_core.package_discovery:discover_packages(ignore) discover
[1.328s] Level 1:colcon.colcon_core.package_discovery:discover_packages(ignore) using defaults
[1.328s] Level 1:colcon.colcon_core.package_discovery:discover_packages(path) discover
[1.328s] Level 1:colcon.colcon_core.package_discovery:discover_packages(path) using defaults
[1.438s] Level 1:colcon.colcon_core.package_discovery:discover_packages(prefix_path) check parameters
[1.438s] Level 1:colcon.colcon_core.package_discovery:discover_packages(prefix_path) discover
[1.475s] DEBUG:colcon.colcon_installed_package_information.package_discovery:Found 19 installed packages in /home/samee/ros2ws/install
[1.494s] DEBUG:colcon.colcon_installed_package_information.package_discovery:Found 312 installed packages in /opt/ros/humble
[1.496s] Level 1:colcon.colcon_core.package_discovery:discover_packages(prefix_path) using defaults
[1.585s] Level 5:colcon.colcon_core.verb:set package 'r-gator-description-2' build argument 'cmake_args' from command line to 'None'
[1.585s] Level 5:colcon.colcon_core.verb:set package 'r-gator-description-2' build argument 'cmake_target' from command line to 'None'
[1.585s] Level 5:colcon.colcon_core.verb:set package 'r-gator-description-2' build argument 'cmake_target_skip_unavailable' from command line to 'False'
[1.585s] Level 5:colcon.colcon_core.verb:set package 'r-gator-description-2' build argument 'cmake_clean_cache' from command line to 'False'
[1.585s] Level 5:colcon.colcon_core.verb:set package 'r-gator-description-2' build argument 'cmake_clean_first' from command line to 'False'
[1.585s] Level 5:colcon.colcon_core.verb:set package 'r-gator-description-2' build argument 'cmake_force_configure' from command line to 'False'
[1.585s] Level 5:colcon.colcon_core.verb:set package 'r-gator-description-2' build argument 'ament_cmake_args' from command line to 'None'
[1.585s] Level 5:colcon.colcon_core.verb:set package 'r-gator-description-2' build argument 'catkin_cmake_args' from command line to 'None'
[1.585s] Level 5:colcon.colcon_core.verb:set package 'r-gator-description-2' build argument 'catkin_skip_building_tests' from command line to 'False'
[1.585s] DEBUG:colcon.colcon_core.verb:Building package 'r-gator-description-2' with the following arguments: {'ament_cmake_args': None, 'build_base': '/home/samee/ros2ws/build/r-gator-description-2', 'catkin_cmake_args': None, 'catkin_skip_building_tests': False, 'cmake_args': None, 'cmake_clean_cache': False, 'cmake_clean_first': False, 'cmake_force_configure': False, 'cmake_target': None, 'cmake_target_skip_unavailable': False, 'install_base': '/home/samee/ros2ws/install/r-gator-description-2', 'merge_install': False, 'path': '/home/samee/ros2ws/src/r-gator-simulator-2/r-gator-description-2', 'symlink_install': False, 'test_result_base': None}
[1.604s] Level 5:colcon.colcon_core.verb:set package 'r-gator-gazebo-2' build argument 'cmake_args' from command line to 'None'
[1.604s] Level 5:colcon.colcon_core.verb:set package 'r-gator-gazebo-2' build argument 'cmake_target' from command line to 'None'
[1.604s] Level 5:colcon.colcon_core.verb:set package 'r-gator-gazebo-2' build argument 'cmake_target_skip_unavailable' from command line to 'False'
[1.604s] Level 5:colcon.colcon_core.verb:set package 'r-gator-gazebo-2' build argument 'cmake_clean_cache' from command line to 'False'
[1.604s] Level 5:colcon.colcon_core.verb:set package 'r-gator-gazebo-2' build argument 'cmake_clean_first' from command line to 'False'
[1.604s] Level 5:colcon.colcon_core.verb:set package 'r-gator-gazebo-2' build argument 'cmake_force_configure' from command line to 'False'
[1.604s] Level 5:colcon.colcon_core.verb:set package 'r-gator-gazebo-2' build argument 'ament_cmake_args' from command line to 'None'
[1.604s] Level 5:colcon.colcon_core.verb:set package 'r-gator-gazebo-2' build argument 'catkin_cmake_args' from command line to 'None'
[1.604s] Level 5:colcon.colcon_core.verb:set package 'r-gator-gazebo-2' build argument 'catkin_skip_building_tests' from command line to 'False'
[1.604s] DEBUG:colcon.colcon_core.verb:Building package 'r-gator-gazebo-2' with the following arguments: {'ament_cmake_args': None, 'build_base': '/home/samee/ros2ws/build/r-gator-gazebo-2', 'catkin_cmake_args': None, 'catkin_skip_building_tests': False, 'cmake_args': None, 'cmake_clean_cache': False, 'cmake_clean_first': False, 'cmake_force_configure': False, 'cmake_target': None, 'cmake_target_skip_unavailable': False, 'install_base': '/home/samee/ros2ws/install/r-gator-gazebo-2', 'merge_install': False, 'path': '/home/samee/ros2ws/src/r-gator-simulator-2/r-gator-gazebo-2', 'symlink_install': False, 'test_result_base': None}
[1.632s] Level 5:colcon.colcon_core.verb:set package 'r-gator-gazebo-tool-2' build argument 'cmake_args' from command line to 'None'
[1.632s] Level 5:colcon.colcon_core.verb:set package 'r-gator-gazebo-tool-2' build argument 'cmake_target' from command line to 'None'
[1.632s] Level 5:colcon.colcon_core.verb:set package 'r-gator-gazebo-tool-2' build argument 'cmake_target_skip_unavailable' from command line to 'False'
[1.632s] Level 5:colcon.colcon_core.verb:set package 'r-gator-gazebo-tool-2' build argument 'cmake_clean_cache' from command line to 'False'
[1.632s] Level 5:colcon.colcon_core.verb:set package 'r-gator-gazebo-tool-2' build argument 'cmake_clean_first' from command line to 'False'
[1.632s] Level 5:colcon.colcon_core.verb:set package 'r-gator-gazebo-tool-2' build argument 'cmake_force_configure' from command line to 'False'
[1.632s] Level 5:colcon.colcon_core.verb:set package 'r-gator-gazebo-tool-2' build argument 'ament_cmake_args' from command line to 'None'
[1.632s] Level 5:colcon.colcon_core.verb:set package 'r-gator-gazebo-tool-2' build argument 'catkin_cmake_args' from command line to 'None'
[1.632s] Level 5:colcon.colcon_core.verb:set package 'r-gator-gazebo-tool-2' build argument 'catkin_skip_building_tests' from command line to 'False'
[1.632s] DEBUG:colcon.colcon_core.verb:Building package 'r-gator-gazebo-tool-2' with the following arguments: {'ament_cmake_args': None, 'build_base': '/home/samee/ros2ws/build/r-gator-gazebo-tool-2', 'catkin_cmake_args': None, 'catkin_skip_building_tests': False, 'cmake_args': None, 'cmake_clean_cache': False, 'cmake_clean_first': False, 'cmake_force_configure': False, 'cmake_target': None, 'cmake_target_skip_unavailable': False, 'install_base': '/home/samee/ros2ws/install/r-gator-gazebo-tool-2', 'merge_install': False, 'path': '/home/samee/ros2ws/src/r-gator-simulator-2/r-gator-gazebo-tool-2', 'symlink_install': False, 'test_result_base': None}
[1.651s] Level 5:colcon.colcon_core.verb:set package 'r-gator-launch-2' build argument 'cmake_args' from command line to 'None'
[1.651s] Level 5:colcon.colcon_core.verb:set package 'r-gator-launch-2' build argument 'cmake_target' from command line to 'None'
[1.651s] Level 5:colcon.colcon_core.verb:set package 'r-gator-launch-2' build argument 'cmake_target_skip_unavailable' from command line to 'False'
[1.651s] Level 5:colcon.colcon_core.verb:set package 'r-gator-launch-2' build argument 'cmake_clean_cache' from command line to 'False'
[1.651s] Level 5:colcon.colcon_core.verb:set package 'r-gator-launch-2' build argument 'cmake_clean_first' from command line to 'False'
[1.651s] Level 5:colcon.colcon_core.verb:set package 'r-gator-launch-2' build argument 'cmake_force_configure' from command line to 'False'
[1.651s] Level 5:colcon.colcon_core.verb:set package 'r-gator-launch-2' build argument 'ament_cmake_args' from command line to 'None'
[1.651s] Level 5:colcon.colcon_core.verb:set package 'r-gator-launch-2' build argument 'catkin_cmake_args' from command line to 'None'
[1.651s] Level 5:colcon.colcon_core.verb:set package 'r-gator-launch-2' build argument 'catkin_skip_building_tests' from command line to 'False'
[1.651s] DEBUG:colcon.colcon_core.verb:Building package 'r-gator-launch-2' with the following arguments: {'ament_cmake_args': None, 'build_base': '/home/samee/ros2ws/build/r-gator-launch-2', 'catkin_cmake_args': None, 'catkin_skip_building_tests': False, 'cmake_args': None, 'cmake_clean_cache': False, 'cmake_clean_first': False, 'cmake_force_configure': False, 'cmake_target': None, 'cmake_target_skip_unavailable': False, 'install_base': '/home/samee/ros2ws/install/r-gator-launch-2', 'merge_install': False, 'path': '/home/samee/ros2ws/src/r-gator-simulator-2/r-gator-launch-2', 'symlink_install': False, 'test_result_base': None}
[1.669s] Level 5:colcon.colcon_core.verb:set package 'r-gator-model-2' build argument 'cmake_args' from command line to 'None'
[1.669s] Level 5:colcon.colcon_core.verb:set package 'r-gator-model-2' build argument 'cmake_target' from command line to 'None'
[1.669s] Level 5:colcon.colcon_core.verb:set package 'r-gator-model-2' build argument 'cmake_target_skip_unavailable' from command line to 'False'
[1.669s] Level 5:colcon.colcon_core.verb:set package 'r-gator-model-2' build argument 'cmake_clean_cache' from command line to 'False'
[1.669s] Level 5:colcon.colcon_core.verb:set package 'r-gator-model-2' build argument 'cmake_clean_first' from command line to 'False'
[1.669s] Level 5:colcon.colcon_core.verb:set package 'r-gator-model-2' build argument 'cmake_force_configure' from command line to 'False'
[1.669s] Level 5:colcon.colcon_core.verb:set package 'r-gator-model-2' build argument 'ament_cmake_args' from command line to 'None'
[1.669s] Level 5:colcon.colcon_core.verb:set package 'r-gator-model-2' build argument 'catkin_cmake_args' from command line to 'None'
[1.669s] Level 5:colcon.colcon_core.verb:set package 'r-gator-model-2' build argument 'catkin_skip_building_tests' from command line to 'False'
[1.669s] DEBUG:colcon.colcon_core.verb:Building package 'r-gator-model-2' with the following arguments: {'ament_cmake_args': None, 'build_base': '/home/samee/ros2ws/build/r-gator-model-2', 'catkin_cmake_args': None, 'catkin_skip_building_tests': False, 'cmake_args': None, 'cmake_clean_cache': False, 'cmake_clean_first': False, 'cmake_force_configure': False, 'cmake_target': None, 'cmake_target_skip_unavailable': False, 'install_base': '/home/samee/ros2ws/install/r-gator-model-2', 'merge_install': False, 'path': '/home/samee/ros2ws/src/r-gator-simulator-2/r-gator-model-2', 'symlink_install': False, 'test_result_base': None}
[1.693s] Level 5:colcon.colcon_core.verb:set package 'r-gator-teleop-2' build argument 'cmake_args' from command line to 'None'
[1.693s] Level 5:colcon.colcon_core.verb:set package 'r-gator-teleop-2' build argument 'cmake_target' from command line to 'None'
[1.694s] Level 5:colcon.colcon_core.verb:set package 'r-gator-teleop-2' build argument 'cmake_target_skip_unavailable' from command line to 'False'
[1.694s] Level 5:colcon.colcon_core.verb:set package 'r-gator-teleop-2' build argument 'cmake_clean_cache' from command line to 'False'
[1.694s] Level 5:colcon.colcon_core.verb:set package 'r-gator-teleop-2' build argument 'cmake_clean_first' from command line to 'False'
[1.694s] Level 5:colcon.colcon_core.verb:set package 'r-gator-teleop-2' build argument 'cmake_force_configure' from command line to 'False'
[1.694s] Level 5:colcon.colcon_core.verb:set package 'r-gator-teleop-2' build argument 'ament_cmake_args' from command line to 'None'
[1.694s] Level 5:colcon.colcon_core.verb:set package 'r-gator-teleop-2' build argument 'catkin_cmake_args' from command line to 'None'
[1.694s] Level 5:colcon.colcon_core.verb:set package 'r-gator-teleop-2' build argument 'catkin_skip_building_tests' from command line to 'False'
[1.694s] DEBUG:colcon.colcon_core.verb:Building package 'r-gator-teleop-2' with the following arguments: {'ament_cmake_args': None, 'build_base': '/home/samee/ros2ws/build/r-gator-teleop-2', 'catkin_cmake_args': None, 'catkin_skip_building_tests': False, 'cmake_args': None, 'cmake_clean_cache': False, 'cmake_clean_first': False, 'cmake_force_configure': False, 'cmake_target': None, 'cmake_target_skip_unavailable': False, 'install_base': '/home/samee/ros2ws/install/r-gator-teleop-2', 'merge_install': False, 'path': '/home/samee/ros2ws/src/r-gator-teleop-2', 'symlink_install': False, 'test_result_base': None}
[1.721s] INFO:colcon.colcon_core.executor:Executing jobs using 'parallel' executor
[1.740s] DEBUG:colcon.colcon_parallel_executor.executor.parallel:run_until_complete
[1.740s] INFO:colcon.colcon_ros.task.catkin.build:Building ROS package in '/home/samee/ros2ws/src/r-gator-simulator-2/r-gator-description-2' with build type 'catkin'
[1.740s] INFO:colcon.colcon_cmake.task.cmake.build:Building CMake package in '/home/samee/ros2ws/src/r-gator-simulator-2/r-gator-description-2'
[1.760s] INFO:colcon.colcon_core.plugin_system:Skipping extension 'colcon_core.shell.bat': Not used on non-Windows systems
[1.761s] INFO:colcon.colcon_core.shell:Skip shell extension 'powershell' for command environment: Not usable outside of PowerShell
[1.761s] DEBUG:colcon.colcon_core.shell:Skip shell extension 'dsv' for command environment
[1.818s] INFO:colcon.colcon_ros.task.ament_cmake.build:Building ROS package in '/home/samee/ros2ws/src/r-gator-simulator-2/r-gator-gazebo-2' with build type 'ament_cmake'
[1.818s] INFO:colcon.colcon_cmake.task.cmake.build:Building CMake package in '/home/samee/ros2ws/src/r-gator-simulator-2/r-gator-gazebo-2'
[1.837s] INFO:colcon.colcon_core.shell:Skip shell extension 'powershell' for command environment: Not usable outside of PowerShell
[1.837s] DEBUG:colcon.colcon_core.shell:Skip shell extension 'dsv' for command environment
[1.896s] INFO:colcon.colcon_ros.task.catkin.build:Building ROS package in '/home/samee/ros2ws/src/r-gator-simulator-2/r-gator-gazebo-tool-2' with build type 'catkin'
[1.897s] INFO:colcon.colcon_cmake.task.cmake.build:Building CMake package in '/home/samee/ros2ws/src/r-gator-simulator-2/r-gator-gazebo-tool-2'
[1.916s] INFO:colcon.colcon_core.shell:Skip shell extension 'powershell' for command environment: Not usable outside of PowerShell
[1.916s] DEBUG:colcon.colcon_core.shell:Skip shell extension 'dsv' for command environment
[1.975s] INFO:colcon.colcon_ros.task.ament_cmake.build:Building ROS package in '/home/samee/ros2ws/src/r-gator-simulator-2/r-gator-launch-2' with build type 'ament_cmake'
[1.975s] INFO:colcon.colcon_cmake.task.cmake.build:Building CMake package in '/home/samee/ros2ws/src/r-gator-simulator-2/r-gator-launch-2'
[1.994s] INFO:colcon.colcon_core.shell:Skip shell extension 'powershell' for command environment: Not usable outside of PowerShell
[1.994s] DEBUG:colcon.colcon_core.shell:Skip shell extension 'dsv' for command environment
[2.052s] INFO:colcon.colcon_ros.task.ament_cmake.build:Building ROS package in '/home/samee/ros2ws/src/r-gator-simulator-2/r-gator-model-2' with build type 'ament_cmake'
[2.053s] INFO:colcon.colcon_cmake.task.cmake.build:Building CMake package in '/home/samee/ros2ws/src/r-gator-simulator-2/r-gator-model-2'
[2.072s] INFO:colcon.colcon_core.shell:Skip shell extension 'powershell' for command environment: Not usable outside of PowerShell
[2.072s] DEBUG:colcon.colcon_core.shell:Skip shell extension 'dsv' for command environment
[2.130s] INFO:colcon.colcon_ros.task.catkin.build:Building ROS package in '/home/samee/ros2ws/src/r-gator-teleop-2' with build type 'catkin'
[2.131s] INFO:colcon.colcon_cmake.task.cmake.build:Building CMake package in '/home/samee/ros2ws/src/r-gator-teleop-2'
[2.150s] INFO:colcon.colcon_core.shell:Skip shell extension 'powershell' for command environment: Not usable outside of PowerShell
[2.150s] DEBUG:colcon.colcon_core.shell:Skip shell extension 'dsv' for command environment
[2.214s] DEBUG:colcon.colcon_core.event_handler.log_command:Invoking command in '/home/samee/ros2ws/build/r-gator-description-2': /usr/local/bin/cmake --build /home/samee/ros2ws/build/r-gator-description-2 -- -j12 -l12
[2.217s] DEBUG:colcon.colcon_core.event_handler.log_command:Invoking command in '/home/samee/ros2ws/build/r-gator-gazebo-2': CMAKE_PREFIX_PATH=/opt/ros/humble:${CMAKE_PREFIX_PATH} /usr/local/bin/cmake --build /home/samee/ros2ws/build/r-gator-gazebo-2 -- -j12 -l12
[2.219s] DEBUG:colcon.colcon_core.event_handler.log_command:Invoking command in '/home/samee/ros2ws/build/r-gator-gazebo-tool-2': /usr/local/bin/cmake --build /home/samee/ros2ws/build/r-gator-gazebo-tool-2 -- -j12 -l12
[2.222s] DEBUG:colcon.colcon_core.event_handler.log_command:Invoking command in '/home/samee/ros2ws/build/r-gator-launch-2': CMAKE_PREFIX_PATH=/opt/ros/humble:${CMAKE_PREFIX_PATH} /usr/local/bin/cmake --build /home/samee/ros2ws/build/r-gator-launch-2 -- -j12 -l12
[2.226s] DEBUG:colcon.colcon_core.event_handler.log_command:Invoking command in '/home/samee/ros2ws/build/r-gator-model-2': CMAKE_PREFIX_PATH=/opt/ros/humble:${CMAKE_PREFIX_PATH} /usr/local/bin/cmake --build /home/samee/ros2ws/build/r-gator-model-2 -- -j12 -l12
[2.231s] DEBUG:colcon.colcon_core.event_handler.log_command:Invoking command in '/home/samee/ros2ws/build/r-gator-teleop-2': /usr/local/bin/cmake --build /home/samee/ros2ws/build/r-gator-teleop-2 -- -j12 -l12
[2.232s] DEBUG:colcon.colcon_core.event_handler.log_command:Invoked command in '/home/samee/ros2ws/build/r-gator-description-2' returned '0': /usr/local/bin/cmake --build /home/samee/ros2ws/build/r-gator-description-2 -- -j12 -l12
[2.233s] DEBUG:colcon.colcon_core.event_handler.log_command:Invoked command in '/home/samee/ros2ws/build/r-gator-gazebo-2' returned '0': CMAKE_PREFIX_PATH=/opt/ros/humble:${CMAKE_PREFIX_PATH} /usr/local/bin/cmake --build /home/samee/ros2ws/build/r-gator-gazebo-2 -- -j12 -l12
[2.234s] DEBUG:colcon.colcon_core.event_handler.log_command:Invoked command in '/home/samee/ros2ws/build/r-gator-launch-2' returned '0': CMAKE_PREFIX_PATH=/opt/ros/humble:${CMAKE_PREFIX_PATH} /usr/local/bin/cmake --build /home/samee/ros2ws/build/r-gator-launch-2 -- -j12 -l12
[2.235s] DEBUG:colcon.colcon_core.event_handler.log_command:Invoked command in '/home/samee/ros2ws/build/r-gator-model-2' returned '0': CMAKE_PREFIX_PATH=/opt/ros/humble:${CMAKE_PREFIX_PATH} /usr/local/bin/cmake --build /home/samee/ros2ws/build/r-gator-model-2 -- -j12 -l12
[2.238s] DEBUG:colcon.colcon_core.event_handler.log_command:Invoked command in '/home/samee/ros2ws/build/r-gator-teleop-2' returned '0': /usr/local/bin/cmake --build /home/samee/ros2ws/build/r-gator-teleop-2 -- -j12 -l12
[2.245s] DEBUG:colcon.colcon_core.event_handler.log_command:Invoking command in '/home/samee/ros2ws/build/r-gator-gazebo-2': CMAKE_PREFIX_PATH=/opt/ros/humble:${CMAKE_PREFIX_PATH} /usr/local/bin/cmake --install /home/samee/ros2ws/build/r-gator-gazebo-2
[2.248s] DEBUG:colcon.colcon_core.event_handler.log_command:Invoking command in '/home/samee/ros2ws/build/r-gator-launch-2': CMAKE_PREFIX_PATH=/opt/ros/humble:${CMAKE_PREFIX_PATH} /usr/local/bin/cmake --install /home/samee/ros2ws/build/r-gator-launch-2
[2.257s] Level 1:colcon.colcon_core.environment:create_environment_scripts_only(r-gator-gazebo-2)
[2.258s] DEBUG:colcon.colcon_core.event_handler.log_command:Invoking command in '/home/samee/ros2ws/build/r-gator-model-2': CMAKE_PREFIX_PATH=/opt/ros/humble:${CMAKE_PREFIX_PATH} /usr/local/bin/cmake --install /home/samee/ros2ws/build/r-gator-model-2
[2.265s] DEBUG:colcon.colcon_core.event_handler.log_command:Invoking command in '/home/samee/ros2ws/build/r-gator-description-2': /usr/local/bin/cmake --install /home/samee/ros2ws/build/r-gator-description-2
[2.266s] DEBUG:colcon.colcon_core.event_handler.log_command:Invoked command in '/home/samee/ros2ws/build/r-gator-gazebo-2' returned '0': CMAKE_PREFIX_PATH=/opt/ros/humble:${CMAKE_PREFIX_PATH} /usr/local/bin/cmake --install /home/samee/ros2ws/build/r-gator-gazebo-2
[2.286s] Level 1:colcon.colcon_core.environment:checking '/home/samee/ros2ws/install/r-gator-gazebo-2' for CMake module files
[2.286s] Level 1:colcon.colcon_core.environment:checking '/home/samee/ros2ws/install/r-gator-gazebo-2' for CMake config files
[2.287s] Level 1:colcon.colcon_core.shell:create_environment_hook('r-gator-gazebo-2', 'cmake_prefix_path')
[2.305s] INFO:colcon.colcon_core.shell:Creating environment hook '/home/samee/ros2ws/install/r-gator-gazebo-2/share/r-gator-gazebo-2/hook/cmake_prefix_path.ps1'
[2.306s] INFO:colcon.colcon_core.shell:Creating environment descriptor '/home/samee/ros2ws/install/r-gator-gazebo-2/share/r-gator-gazebo-2/hook/cmake_prefix_path.dsv'
[2.306s] INFO:colcon.colcon_core.shell:Creating environment hook '/home/samee/ros2ws/install/r-gator-gazebo-2/share/r-gator-gazebo-2/hook/cmake_prefix_path.sh'
[2.307s] Level 1:colcon.colcon_core.environment:checking '/home/samee/ros2ws/install/r-gator-gazebo-2/bin'
[2.307s] Level 1:colcon.colcon_core.environment:checking '/home/samee/ros2ws/install/r-gator-gazebo-2/lib/pkgconfig/r-gator-gazebo-2.pc'
[2.307s] Level 1:colcon.colcon_core.environment:checking '/home/samee/ros2ws/install/r-gator-gazebo-2/lib/python3.10/site-packages'
[2.308s] Level 1:colcon.colcon_core.environment:checking '/home/samee/ros2ws/install/r-gator-gazebo-2/bin'
[2.328s] INFO:colcon.colcon_core.shell:Creating package script '/home/samee/ros2ws/install/r-gator-gazebo-2/share/r-gator-gazebo-2/package.ps1'
[2.328s] INFO:colcon.colcon_core.shell:Creating package descriptor '/home/samee/ros2ws/install/r-gator-gazebo-2/share/r-gator-gazebo-2/package.dsv'
[2.329s] INFO:colcon.colcon_core.shell:Creating package script '/home/samee/ros2ws/install/r-gator-gazebo-2/share/r-gator-gazebo-2/package.sh'
[2.330s] INFO:colcon.colcon_core.shell:Creating package script '/home/samee/ros2ws/install/r-gator-gazebo-2/share/r-gator-gazebo-2/package.bash'
[2.330s] INFO:colcon.colcon_core.shell:Creating package script '/home/samee/ros2ws/install/r-gator-gazebo-2/share/r-gator-gazebo-2/package.zsh'
[2.331s] Level 1:colcon.colcon_core.environment:create_file_with_runtime_dependencies(/home/samee/ros2ws/install/r-gator-gazebo-2/share/colcon-core/packages/r-gator-gazebo-2)
[2.333s] Level 1:colcon.colcon_core.environment:create_environment_scripts_only(r-gator-launch-2)
[2.334s] DEBUG:colcon.colcon_core.event_handler.log_command:Invoked command in '/home/samee/ros2ws/build/r-gator-launch-2' returned '0': CMAKE_PREFIX_PATH=/opt/ros/humble:${CMAKE_PREFIX_PATH} /usr/local/bin/cmake --install /home/samee/ros2ws/build/r-gator-launch-2
[2.361s] Level 1:colcon.colcon_core.environment:checking '/home/samee/ros2ws/install/r-gator-launch-2' for CMake module files
[2.362s] Level 1:colcon.colcon_core.environment:checking '/home/samee/ros2ws/install/r-gator-launch-2' for CMake config files
[2.362s] Level 1:colcon.colcon_core.shell:create_environment_hook('r-gator-launch-2', 'cmake_prefix_path')
[2.390s] INFO:colcon.colcon_core.shell:Creating environment hook '/home/samee/ros2ws/install/r-gator-launch-2/share/r-gator-launch-2/hook/cmake_prefix_path.ps1'
[2.391s] INFO:colcon.colcon_core.shell:Creating environment descriptor '/home/samee/ros2ws/install/r-gator-launch-2/share/r-gator-launch-2/hook/cmake_prefix_path.dsv'
[2.391s] INFO:colcon.colcon_core.shell:Creating environment hook '/home/samee/ros2ws/install/r-gator-launch-2/share/r-gator-launch-2/hook/cmake_prefix_path.sh'
[2.392s] Level 1:colcon.colcon_core.environment:checking '/home/samee/ros2ws/install/r-gator-launch-2/bin'
[2.392s] Level 1:colcon.colcon_core.environment:checking '/home/samee/ros2ws/install/r-gator-launch-2/lib/pkgconfig/r-gator-launch-2.pc'
[2.392s] Level 1:colcon.colcon_core.environment:checking '/home/samee/ros2ws/install/r-gator-launch-2/lib/python3.10/site-packages'
[2.393s] Level 1:colcon.colcon_core.environment:checking '/home/samee/ros2ws/install/r-gator-launch-2/bin'
[2.421s] INFO:colcon.colcon_core.shell:Creating package script '/home/samee/ros2ws/install/r-gator-launch-2/share/r-gator-launch-2/package.ps1'
[2.421s] INFO:colcon.colcon_core.shell:Creating package descriptor '/home/samee/ros2ws/install/r-gator-launch-2/share/r-gator-launch-2/package.dsv'
[2.422s] INFO:colcon.colcon_core.shell:Creating package script '/home/samee/ros2ws/install/r-gator-launch-2/share/r-gator-launch-2/package.sh'
[2.423s] INFO:colcon.colcon_core.shell:Creating package script '/home/samee/ros2ws/install/r-gator-launch-2/share/r-gator-launch-2/package.bash'
[2.423s] INFO:colcon.colcon_core.shell:Creating package script '/home/samee/ros2ws/install/r-gator-launch-2/share/r-gator-launch-2/package.zsh'
[2.423s] Level 1:colcon.colcon_core.environment:create_file_with_runtime_dependencies(/home/samee/ros2ws/install/r-gator-launch-2/share/colcon-core/packages/r-gator-launch-2)
[2.425s] Level 1:colcon.colcon_core.environment:create_environment_scripts_only(r-gator-model-2)
[2.425s] DEBUG:colcon.colcon_core.event_handler.log_command:Invoked command in '/home/samee/ros2ws/build/r-gator-model-2' returned '0': CMAKE_PREFIX_PATH=/opt/ros/humble:${CMAKE_PREFIX_PATH} /usr/local/bin/cmake --install /home/samee/ros2ws/build/r-gator-model-2
[2.452s] Level 1:colcon.colcon_core.environment:checking '/home/samee/ros2ws/install/r-gator-model-2' for CMake module files
[2.452s] Level 1:colcon.colcon_core.environment:checking '/home/samee/ros2ws/install/r-gator-model-2' for CMake config files
[2.453s] Level 1:colcon.colcon_core.shell:create_environment_hook('r-gator-model-2', 'cmake_prefix_path')
[2.478s] INFO:colcon.colcon_core.shell:Creating environment hook '/home/samee/ros2ws/install/r-gator-model-2/share/r-gator-model-2/hook/cmake_prefix_path.ps1'
[2.479s] INFO:colcon.colcon_core.shell:Creating environment descriptor '/home/samee/ros2ws/install/r-gator-model-2/share/r-gator-model-2/hook/cmake_prefix_path.dsv'
[2.479s] INFO:colcon.colcon_core.shell:Creating environment hook '/home/samee/ros2ws/install/r-gator-model-2/share/r-gator-model-2/hook/cmake_prefix_path.sh'
[2.480s] Level 1:colcon.colcon_core.environment:checking '/home/samee/ros2ws/install/r-gator-model-2/bin'
[2.480s] Level 1:colcon.colcon_core.environment:checking '/home/samee/ros2ws/install/r-gator-model-2/lib/pkgconfig/r-gator-model-2.pc'
[2.480s] Level 1:colcon.colcon_core.environment:checking '/home/samee/ros2ws/install/r-gator-model-2/lib/python3.10/site-packages'
[2.481s] Level 1:colcon.colcon_core.environment:checking '/home/samee/ros2ws/install/r-gator-model-2/bin'
[2.506s] INFO:colcon.colcon_core.shell:Creating package script '/home/samee/ros2ws/install/r-gator-model-2/share/r-gator-model-2/package.ps1'
[2.507s] INFO:colcon.colcon_core.shell:Creating package descriptor '/home/samee/ros2ws/install/r-gator-model-2/share/r-gator-model-2/package.dsv'
[2.507s] INFO:colcon.colcon_core.shell:Creating package script '/home/samee/ros2ws/install/r-gator-model-2/share/r-gator-model-2/package.sh'
[2.508s] INFO:colcon.colcon_core.shell:Creating package script '/home/samee/ros2ws/install/r-gator-model-2/share/r-gator-model-2/package.bash'
[2.508s] INFO:colcon.colcon_core.shell:Creating package script '/home/samee/ros2ws/install/r-gator-model-2/share/r-gator-model-2/package.zsh'
[2.508s] Level 1:colcon.colcon_core.environment:create_file_with_runtime_dependencies(/home/samee/ros2ws/install/r-gator-model-2/share/colcon-core/packages/r-gator-model-2)
[2.510s] DEBUG:colcon.colcon_core.event_handler.log_command:Invoked command in '/home/samee/ros2ws/build/r-gator-description-2' returned '0': /usr/local/bin/cmake --install /home/samee/ros2ws/build/r-gator-description-2
[2.512s] DEBUG:colcon.colcon_core.event_handler.log_command:Invoking command in '/home/samee/ros2ws/build/r-gator-teleop-2': /usr/local/bin/cmake --install /home/samee/ros2ws/build/r-gator-teleop-2
[2.544s] Level 1:colcon.colcon_core.environment:create_environment_scripts_only(r-gator-gazebo-2)
[2.571s] Level 1:colcon.colcon_core.environment:checking '/home/samee/ros2ws/install/r-gator-gazebo-2' for CMake module files
[2.571s] Level 1:colcon.colcon_core.environment:checking '/home/samee/ros2ws/install/r-gator-gazebo-2' for CMake config files
[2.572s] Level 1:colcon.colcon_core.shell:create_environment_hook('r-gator-gazebo-2', 'cmake_prefix_path')
[2.598s] INFO:colcon.colcon_core.shell:Creating environment hook '/home/samee/ros2ws/install/r-gator-gazebo-2/share/r-gator-gazebo-2/hook/cmake_prefix_path.ps1'
[2.598s] INFO:colcon.colcon_core.shell:Creating environment descriptor '/home/samee/ros2ws/install/r-gator-gazebo-2/share/r-gator-gazebo-2/hook/cmake_prefix_path.dsv'
[2.599s] INFO:colcon.colcon_core.shell:Creating environment hook '/home/samee/ros2ws/install/r-gator-gazebo-2/share/r-gator-gazebo-2/hook/cmake_prefix_path.sh'
[2.599s] Level 1:colcon.colcon_core.environment:checking '/home/samee/ros2ws/install/r-gator-gazebo-2/bin'
[2.600s] Level 1:colcon.colcon_core.environment:checking '/home/samee/ros2ws/install/r-gator-gazebo-2/lib/pkgconfig/r-gator-gazebo-2.pc'
[2.600s] Level 1:colcon.colcon_core.environment:checking '/home/samee/ros2ws/install/r-gator-gazebo-2/lib/python3.10/site-packages'
[2.600s] Level 1:colcon.colcon_core.environment:checking '/home/samee/ros2ws/install/r-gator-gazebo-2/bin'
[2.627s] INFO:colcon.colcon_core.shell:Creating package script '/home/samee/ros2ws/install/r-gator-gazebo-2/share/r-gator-gazebo-2/package.ps1'
[2.627s] INFO:colcon.colcon_core.shell:Creating package descriptor '/home/samee/ros2ws/install/r-gator-gazebo-2/share/r-gator-gazebo-2/package.dsv'
[2.628s] INFO:colcon.colcon_core.shell:Creating package script '/home/samee/ros2ws/install/r-gator-gazebo-2/share/r-gator-gazebo-2/package.sh'
[2.629s] INFO:colcon.colcon_core.shell:Creating package script '/home/samee/ros2ws/install/r-gator-gazebo-2/share/r-gator-gazebo-2/package.bash'
[2.629s] INFO:colcon.colcon_core.shell:Creating package script '/home/samee/ros2ws/install/r-gator-gazebo-2/share/r-gator-gazebo-2/package.zsh'
[2.629s] Level 1:colcon.colcon_core.environment:create_file_with_runtime_dependencies(/home/samee/ros2ws/install/r-gator-gazebo-2/share/colcon-core/packages/r-gator-gazebo-2)
[2.658s] Level 1:colcon.colcon_core.environment:create_environment_scripts_only(r-gator-launch-2)
[2.684s] Level 1:colcon.colcon_core.environment:checking '/home/samee/ros2ws/install/r-gator-launch-2' for CMake module files
[2.685s] Level 1:colcon.colcon_core.environment:checking '/home/samee/ros2ws/install/r-gator-launch-2' for CMake config files
[2.685s] Level 1:colcon.colcon_core.shell:create_environment_hook('r-gator-launch-2', 'cmake_prefix_path')
[2.711s] INFO:colcon.colcon_core.shell:Creating environment hook '/home/samee/ros2ws/install/r-gator-launch-2/share/r-gator-launch-2/hook/cmake_prefix_path.ps1'
[2.711s] INFO:colcon.colcon_core.shell:Creating environment descriptor '/home/samee/ros2ws/install/r-gator-launch-2/share/r-gator-launch-2/hook/cmake_prefix_path.dsv'
[2.712s] INFO:colcon.colcon_core.shell:Creating environment hook '/home/samee/ros2ws/install/r-gator-launch-2/share/r-gator-launch-2/hook/cmake_prefix_path.sh'
[2.713s] Level 1:colcon.colcon_core.environment:checking '/home/samee/ros2ws/install/r-gator-launch-2/bin'
[2.713s] Level 1:colcon.colcon_core.environment:checking '/home/samee/ros2ws/install/r-gator-launch-2/lib/pkgconfig/r-gator-launch-2.pc'
[2.713s] Level 1:colcon.colcon_core.environment:checking '/home/samee/ros2ws/install/r-gator-launch-2/lib/python3.10/site-packages'
[2.713s] Level 1:colcon.colcon_core.environment:checking '/home/samee/ros2ws/install/r-gator-launch-2/bin'
[2.739s] INFO:colcon.colcon_core.shell:Creating package script '/home/samee/ros2ws/install/r-gator-launch-2/share/r-gator-launch-2/package.ps1'
[2.740s] INFO:colcon.colcon_core.shell:Creating package descriptor '/home/samee/ros2ws/install/r-gator-launch-2/share/r-gator-launch-2/package.dsv'
[2.740s] INFO:colcon.colcon_core.shell:Creating package script '/home/samee/ros2ws/install/r-gator-launch-2/share/r-gator-launch-2/package.sh'
[2.741s] INFO:colcon.colcon_core.shell:Creating package script '/home/samee/ros2ws/install/r-gator-launch-2/share/r-gator-launch-2/package.bash'
[2.741s] INFO:colcon.colcon_core.shell:Creating package script '/home/samee/ros2ws/install/r-gator-launch-2/share/r-gator-launch-2/package.zsh'
[2.742s] Level 1:colcon.colcon_core.environment:create_file_with_runtime_dependencies(/home/samee/ros2ws/install/r-gator-launch-2/share/colcon-core/packages/r-gator-launch-2)
[2.744s] DEBUG:colcon.colcon_core.event_handler.log_command:Invoked command in '/home/samee/ros2ws/build/r-gator-teleop-2' returned '0': /usr/local/bin/cmake --install /home/samee/ros2ws/build/r-gator-teleop-2
[2.771s] Level 1:colcon.colcon_core.environment:create_environment_scripts_only(r-gator-model-2)
[2.797s] Level 1:colcon.colcon_core.environment:checking '/home/samee/ros2ws/install/r-gator-model-2' for CMake module files
[2.798s] Level 1:colcon.colcon_core.environment:checking '/home/samee/ros2ws/install/r-gator-model-2' for CMake config files
[2.798s] Level 1:colcon.colcon_core.shell:create_environment_hook('r-gator-model-2', 'cmake_prefix_path')
[2.823s] INFO:colcon.colcon_core.shell:Creating environment hook '/home/samee/ros2ws/install/r-gator-model-2/share/r-gator-model-2/hook/cmake_prefix_path.ps1'
[2.823s] INFO:colcon.colcon_core.shell:Creating environment descriptor '/home/samee/ros2ws/install/r-gator-model-2/share/r-gator-model-2/hook/cmake_prefix_path.dsv'
[2.824s] INFO:colcon.colcon_core.shell:Creating environment hook '/home/samee/ros2ws/install/r-gator-model-2/share/r-gator-model-2/hook/cmake_prefix_path.sh'
[2.824s] Level 1:colcon.colcon_core.environment:checking '/home/samee/ros2ws/install/r-gator-model-2/bin'
[2.824s] Level 1:colcon.colcon_core.environment:checking '/home/samee/ros2ws/install/r-gator-model-2/lib/pkgconfig/r-gator-model-2.pc'
[2.825s] Level 1:colcon.colcon_core.environment:checking '/home/samee/ros2ws/install/r-gator-model-2/lib/python3.10/site-packages'
[2.825s] Level 1:colcon.colcon_core.environment:checking '/home/samee/ros2ws/install/r-gator-model-2/bin'
[2.851s] INFO:colcon.colcon_core.shell:Creating package script '/home/samee/ros2ws/install/r-gator-model-2/share/r-gator-model-2/package.ps1'
[2.851s] INFO:colcon.colcon_core.shell:Creating package descriptor '/home/samee/ros2ws/install/r-gator-model-2/share/r-gator-model-2/package.dsv'
[2.852s] INFO:colcon.colcon_core.shell:Creating package script '/home/samee/ros2ws/install/r-gator-model-2/share/r-gator-model-2/package.sh'
[2.853s] INFO:colcon.colcon_core.shell:Creating package script '/home/samee/ros2ws/install/r-gator-model-2/share/r-gator-model-2/package.bash'
[2.853s] INFO:colcon.colcon_core.shell:Creating package script '/home/samee/ros2ws/install/r-gator-model-2/share/r-gator-model-2/package.zsh'
[2.854s] Level 1:colcon.colcon_core.environment:create_file_with_runtime_dependencies(/home/samee/ros2ws/install/r-gator-model-2/share/colcon-core/packages/r-gator-model-2)
[2.854s] Level 1:colcon.colcon_core.shell:create_environment_hook('r-gator-description-2', 'ros_package_path')
[2.881s] INFO:colcon.colcon_core.shell:Creating environment hook '/home/samee/ros2ws/install/r-gator-description-2/share/r-gator-description-2/hook/ros_package_path.ps1'
[2.882s] INFO:colcon.colcon_core.shell:Creating environment descriptor '/home/samee/ros2ws/install/r-gator-description-2/share/r-gator-description-2/hook/ros_package_path.dsv'
[2.883s] INFO:colcon.colcon_core.shell:Creating environment hook '/home/samee/ros2ws/install/r-gator-description-2/share/r-gator-description-2/hook/ros_package_path.sh'
[2.883s] Level 1:colcon.colcon_core.shell:create_environment_hook('r-gator-description-2', 'pkg_config_path')
[2.909s] INFO:colcon.colcon_core.shell:Creating environment hook '/home/samee/ros2ws/install/r-gator-description-2/share/r-gator-description-2/hook/pkg_config_path.ps1'
[2.910s] INFO:colcon.colcon_core.shell:Creating environment descriptor '/home/samee/ros2ws/install/r-gator-description-2/share/r-gator-description-2/hook/pkg_config_path.dsv'
[2.910s] INFO:colcon.colcon_core.shell:Creating environment hook '/home/samee/ros2ws/install/r-gator-description-2/share/r-gator-description-2/hook/pkg_config_path.sh'
[2.913s] Level 1:colcon.colcon_core.shell:create_environment_hook('r-gator-description-2', 'pkg_config_path_multiarch')
[2.938s] INFO:colcon.colcon_core.shell:Creating environment hook '/home/samee/ros2ws/install/r-gator-description-2/share/r-gator-description-2/hook/pkg_config_path_multiarch.ps1'
[2.939s] INFO:colcon.colcon_core.shell:Creating environment descriptor '/home/samee/ros2ws/install/r-gator-description-2/share/r-gator-description-2/hook/pkg_config_path_multiarch.dsv'
[2.939s] INFO:colcon.colcon_core.shell:Creating environment hook '/home/samee/ros2ws/install/r-gator-description-2/share/r-gator-description-2/hook/pkg_config_path_multiarch.sh'
[2.971s] Level 1:colcon.colcon_core.environment:create_environment_scripts_only(r-gator-description-2)
[3.002s] Level 1:colcon.colcon_core.environment:checking '/home/samee/ros2ws/install/r-gator-description-2' for CMake module files
[3.003s] Level 1:colcon.colcon_core.environment:checking '/home/samee/ros2ws/install/r-gator-description-2' for CMake config files
[3.003s] Level 1:colcon.colcon_core.shell:create_environment_hook('r-gator-description-2', 'cmake_prefix_path')
[3.027s] INFO:colcon.colcon_core.shell:Creating environment hook '/home/samee/ros2ws/install/r-gator-description-2/share/r-gator-description-2/hook/cmake_prefix_path.ps1'
[3.028s] INFO:colcon.colcon_core.shell:Creating environment descriptor '/home/samee/ros2ws/install/r-gator-description-2/share/r-gator-description-2/hook/cmake_prefix_path.dsv'
[3.028s] INFO:colcon.colcon_core.shell:Creating environment hook '/home/samee/ros2ws/install/r-gator-description-2/share/r-gator-description-2/hook/cmake_prefix_path.sh'
[3.029s] Level 1:colcon.colcon_core.environment:checking '/home/samee/ros2ws/install/r-gator-description-2/bin'
[3.029s] Level 1:colcon.colcon_core.environment:checking '/home/samee/ros2ws/install/r-gator-description-2/lib/pkgconfig/r-gator-description-2.pc'
[3.029s] Level 1:colcon.colcon_core.environment:checking '/home/samee/ros2ws/install/r-gator-description-2/lib/python3.10/site-packages'
[3.029s] Level 1:colcon.colcon_core.environment:checking '/home/samee/ros2ws/install/r-gator-description-2/bin'
[3.054s] INFO:colcon.colcon_core.shell:Creating package script '/home/samee/ros2ws/install/r-gator-description-2/share/r-gator-description-2/package.ps1'
[3.055s] INFO:colcon.colcon_core.shell:Creating package descriptor '/home/samee/ros2ws/install/r-gator-description-2/share/r-gator-description-2/package.dsv'
[3.056s] INFO:colcon.colcon_core.shell:Creating package script '/home/samee/ros2ws/install/r-gator-description-2/share/r-gator-description-2/package.sh'
[3.057s] INFO:colcon.colcon_core.shell:Creating package script '/home/samee/ros2ws/install/r-gator-description-2/share/r-gator-description-2/package.bash'
[3.057s] INFO:colcon.colcon_core.shell:Creating package script '/home/samee/ros2ws/install/r-gator-description-2/share/r-gator-description-2/package.zsh'
[3.058s] Level 1:colcon.colcon_core.environment:create_file_with_runtime_dependencies(/home/samee/ros2ws/install/r-gator-description-2/share/colcon-core/packages/r-gator-description-2)
[3.059s] Level 1:colcon.colcon_core.shell:create_environment_hook('r-gator-teleop-2', 'ros_package_path')
[3.087s] INFO:colcon.colcon_core.shell:Creating environment hook '/home/samee/ros2ws/install/r-gator-teleop-2/share/r-gator-teleop-2/hook/ros_package_path.ps1'
[3.088s] INFO:colcon.colcon_core.shell:Creating environment descriptor '/home/samee/ros2ws/install/r-gator-teleop-2/share/r-gator-teleop-2/hook/ros_package_path.dsv'
[3.088s] INFO:colcon.colcon_core.shell:Creating environment hook '/home/samee/ros2ws/install/r-gator-teleop-2/share/r-gator-teleop-2/hook/ros_package_path.sh'
[3.089s] Level 1:colcon.colcon_core.shell:create_environment_hook('r-gator-teleop-2', 'pkg_config_path')
[3.115s] INFO:colcon.colcon_core.shell:Creating environment hook '/home/samee/ros2ws/install/r-gator-teleop-2/share/r-gator-teleop-2/hook/pkg_config_path.ps1'
[3.115s] INFO:colcon.colcon_core.shell:Creating environment descriptor '/home/samee/ros2ws/install/r-gator-teleop-2/share/r-gator-teleop-2/hook/pkg_config_path.dsv'
[3.116s] INFO:colcon.colcon_core.shell:Creating environment hook '/home/samee/ros2ws/install/r-gator-teleop-2/share/r-gator-teleop-2/hook/pkg_config_path.sh'
[3.116s] Level 1:colcon.colcon_core.shell:create_environment_hook('r-gator-teleop-2', 'pkg_config_path_multiarch')
[3.141s] INFO:colcon.colcon_core.shell:Creating environment hook '/home/samee/ros2ws/install/r-gator-teleop-2/share/r-gator-teleop-2/hook/pkg_config_path_multiarch.ps1'
[3.142s] INFO:colcon.colcon_core.shell:Creating environment descriptor '/home/samee/ros2ws/install/r-gator-teleop-2/share/r-gator-teleop-2/hook/pkg_config_path_multiarch.dsv'
[3.142s] INFO:colcon.colcon_core.shell:Creating environment hook '/home/samee/ros2ws/install/r-gator-teleop-2/share/r-gator-teleop-2/hook/pkg_config_path_multiarch.sh'
[3.169s] Level 1:colcon.colcon_core.environment:create_environment_scripts_only(r-gator-teleop-2)
[3.194s] Level 1:colcon.colcon_core.environment:checking '/home/samee/ros2ws/install/r-gator-teleop-2' for CMake module files
[3.194s] Level 1:colcon.colcon_core.environment:checking '/home/samee/ros2ws/install/r-gator-teleop-2' for CMake config files
[3.195s] Level 1:colcon.colcon_core.shell:create_environment_hook('r-gator-teleop-2', 'cmake_prefix_path')
[3.219s] INFO:colcon.colcon_core.shell:Creating environment hook '/home/samee/ros2ws/install/r-gator-teleop-2/share/r-gator-teleop-2/hook/cmake_prefix_path.ps1'
[3.220s] INFO:colcon.colcon_core.shell:Creating environment descriptor '/home/samee/ros2ws/install/r-gator-teleop-2/share/r-gator-teleop-2/hook/cmake_prefix_path.dsv'
[3.220s] INFO:colcon.colcon_core.shell:Creating environment hook '/home/samee/ros2ws/install/r-gator-teleop-2/share/r-gator-teleop-2/hook/cmake_prefix_path.sh'
[3.221s] Level 1:colcon.colcon_core.environment:checking '/home/samee/ros2ws/install/r-gator-teleop-2/bin'
[3.221s] Level 1:colcon.colcon_core.environment:checking '/home/samee/ros2ws/install/r-gator-teleop-2/lib/pkgconfig/r-gator-teleop-2.pc'
[3.221s] Level 1:colcon.colcon_core.environment:checking '/home/samee/ros2ws/install/r-gator-teleop-2/lib/python3.10/site-packages'
[3.221s] Level 1:colcon.colcon_core.environment:checking '/home/samee/ros2ws/install/r-gator-teleop-2/bin'
[3.265s] INFO:colcon.colcon_core.shell:Creating package script '/home/samee/ros2ws/install/r-gator-teleop-2/share/r-gator-teleop-2/package.ps1'
[3.265s] INFO:colcon.colcon_core.shell:Creating package descriptor '/home/samee/ros2ws/install/r-gator-teleop-2/share/r-gator-teleop-2/package.dsv'
[3.266s] INFO:colcon.colcon_core.shell:Creating package script '/home/samee/ros2ws/install/r-gator-teleop-2/share/r-gator-teleop-2/package.sh'
[3.267s] INFO:colcon.colcon_core.shell:Creating package script '/home/samee/ros2ws/install/r-gator-teleop-2/share/r-gator-teleop-2/package.bash'
[3.267s] INFO:colcon.colcon_core.shell:Creating package script '/home/samee/ros2ws/install/r-gator-teleop-2/share/r-gator-teleop-2/package.zsh'
[3.268s] Level 1:colcon.colcon_core.environment:create_file_with_runtime_dependencies(/home/samee/ros2ws/install/r-gator-teleop-2/share/colcon-core/packages/r-gator-teleop-2)
[4.615s] DEBUG:colcon.colcon_core.event_handler.log_command:Invoked command in '/home/samee/ros2ws/build/r-gator-gazebo-tool-2' returned '2': /usr/local/bin/cmake --build /home/samee/ros2ws/build/r-gator-gazebo-tool-2 -- -j12 -l12
[4.636s] Level 1:colcon.colcon_core.shell:create_environment_hook('r-gator-gazebo-tool-2', 'ros_package_path')
[4.662s] INFO:colcon.colcon_core.shell:Creating environment hook '/home/samee/ros2ws/install/r-gator-gazebo-tool-2/share/r-gator-gazebo-tool-2/hook/ros_package_path.ps1'
[4.663s] INFO:colcon.colcon_core.shell:Creating environment descriptor '/home/samee/ros2ws/install/r-gator-gazebo-tool-2/share/r-gator-gazebo-tool-2/hook/ros_package_path.dsv'
[4.663s] INFO:colcon.colcon_core.shell:Creating environment hook '/home/samee/ros2ws/install/r-gator-gazebo-tool-2/share/r-gator-gazebo-tool-2/hook/ros_package_path.sh'
[4.664s] Level 1:colcon.colcon_core.shell:create_environment_hook('r-gator-gazebo-tool-2', 'pkg_config_path')
[4.689s] INFO:colcon.colcon_core.shell:Creating environment hook '/home/samee/ros2ws/install/r-gator-gazebo-tool-2/share/r-gator-gazebo-tool-2/hook/pkg_config_path.ps1'
[4.690s] INFO:colcon.colcon_core.shell:Creating environment descriptor '/home/samee/ros2ws/install/r-gator-gazebo-tool-2/share/r-gator-gazebo-tool-2/hook/pkg_config_path.dsv'
[4.690s] INFO:colcon.colcon_core.shell:Creating environment hook '/home/samee/ros2ws/install/r-gator-gazebo-tool-2/share/r-gator-gazebo-tool-2/hook/pkg_config_path.sh'
[4.691s] Level 1:colcon.colcon_core.shell:create_environment_hook('r-gator-gazebo-tool-2', 'pkg_config_path_multiarch')
[4.716s] INFO:colcon.colcon_core.shell:Creating environment hook '/home/samee/ros2ws/install/r-gator-gazebo-tool-2/share/r-gator-gazebo-tool-2/hook/pkg_config_path_multiarch.ps1'
[4.716s] INFO:colcon.colcon_core.shell:Creating environment descriptor '/home/samee/ros2ws/install/r-gator-gazebo-tool-2/share/r-gator-gazebo-tool-2/hook/pkg_config_path_multiarch.dsv'
[4.717s] INFO:colcon.colcon_core.shell:Creating environment hook '/home/samee/ros2ws/install/r-gator-gazebo-tool-2/share/r-gator-gazebo-tool-2/hook/pkg_config_path_multiarch.sh'
[4.742s] Level 1:colcon.colcon_core.environment:create_environment_scripts_only(r-gator-gazebo-tool-2)
[4.768s] Level 1:colcon.colcon_core.environment:checking '/home/samee/ros2ws/install/r-gator-gazebo-tool-2' for CMake module files
[4.769s] Level 1:colcon.colcon_core.environment:checking '/home/samee/ros2ws/install/r-gator-gazebo-tool-2' for CMake config files
[4.769s] Level 1:colcon.colcon_core.shell:create_environment_hook('r-gator-gazebo-tool-2', 'cmake_prefix_path')
[4.794s] INFO:colcon.colcon_core.shell:Creating environment hook '/home/samee/ros2ws/install/r-gator-gazebo-tool-2/share/r-gator-gazebo-tool-2/hook/cmake_prefix_path.ps1'
[4.795s] INFO:colcon.colcon_core.shell:Creating environment descriptor '/home/samee/ros2ws/install/r-gator-gazebo-tool-2/share/r-gator-gazebo-tool-2/hook/cmake_prefix_path.dsv'
[4.795s] INFO:colcon.colcon_core.shell:Creating environment hook '/home/samee/ros2ws/install/r-gator-gazebo-tool-2/share/r-gator-gazebo-tool-2/hook/cmake_prefix_path.sh'
[4.796s] Level 1:colcon.colcon_core.environment:checking '/home/samee/ros2ws/install/r-gator-gazebo-tool-2/lib'
[4.796s] Level 1:colcon.colcon_core.environment:checking '/home/samee/ros2ws/install/r-gator-gazebo-tool-2/bin'
[4.796s] Level 1:colcon.colcon_core.environment:checking '/home/samee/ros2ws/install/r-gator-gazebo-tool-2/lib/pkgconfig/r-gator-gazebo-tool-2.pc'
[4.796s] Level 1:colcon.colcon_core.environment:checking '/home/samee/ros2ws/install/r-gator-gazebo-tool-2/lib/python3.10/site-packages'
[4.796s] Level 1:colcon.colcon_core.environment:checking '/home/samee/ros2ws/install/r-gator-gazebo-tool-2/bin'
[4.821s] INFO:colcon.colcon_core.shell:Creating package script '/home/samee/ros2ws/install/r-gator-gazebo-tool-2/share/r-gator-gazebo-tool-2/package.ps1'
[4.822s] INFO:colcon.colcon_core.shell:Creating package descriptor '/home/samee/ros2ws/install/r-gator-gazebo-tool-2/share/r-gator-gazebo-tool-2/package.dsv'
[4.823s] INFO:colcon.colcon_core.shell:Creating package script '/home/samee/ros2ws/install/r-gator-gazebo-tool-2/share/r-gator-gazebo-tool-2/package.sh'
[4.823s] INFO:colcon.colcon_core.shell:Creating package script '/home/samee/ros2ws/install/r-gator-gazebo-tool-2/share/r-gator-gazebo-tool-2/package.bash'
[4.824s] INFO:colcon.colcon_core.shell:Creating package script '/home/samee/ros2ws/install/r-gator-gazebo-tool-2/share/r-gator-gazebo-tool-2/package.zsh'
[4.824s] Level 1:colcon.colcon_core.environment:create_file_with_runtime_dependencies(/home/samee/ros2ws/install/r-gator-gazebo-tool-2/share/colcon-core/packages/r-gator-gazebo-tool-2)
[4.834s] DEBUG:colcon.colcon_parallel_executor.executor.parallel:closing loop
[4.835s] DEBUG:colcon.colcon_parallel_executor.executor.parallel:loop closed
[4.835s] DEBUG:colcon.colcon_parallel_executor.executor.parallel:run_until_complete finished with '2'
[4.835s] DEBUG:colcon.colcon_core.event_reactor:joining thread
[4.868s] INFO:colcon.colcon_core.plugin_system:Skipping extension 'colcon_notification.desktop_notification.terminal_notifier': Not used on non-Darwin systems
[4.868s] INFO:colcon.colcon_core.plugin_system:Skipping extension 'colcon_notification.desktop_notification.win32': Not used on non-Windows systems
[4.868s] INFO:colcon.colcon_notification.desktop_notification:Sending desktop notification using 'notify2'
[4.898s] DEBUG:colcon.colcon_core.event_reactor:joined thread
[4.923s] INFO:colcon.colcon_core.shell:Creating prefix script '/home/samee/ros2ws/install/local_setup.ps1'
[4.924s] INFO:colcon.colcon_core.shell:Creating prefix util module '/home/samee/ros2ws/install/_local_setup_util_ps1.py'
[4.926s] INFO:colcon.colcon_core.shell:Creating prefix chain script '/home/samee/ros2ws/install/setup.ps1'
[4.952s] INFO:colcon.colcon_core.shell:Creating prefix script '/home/samee/ros2ws/install/local_setup.sh'
[4.953s] INFO:colcon.colcon_core.shell:Creating prefix util module '/home/samee/ros2ws/install/_local_setup_util_sh.py'
[4.953s] INFO:colcon.colcon_core.shell:Creating prefix chain script '/home/samee/ros2ws/install/setup.sh'
[4.980s] INFO:colcon.colcon_core.shell:Creating prefix script '/home/samee/ros2ws/install/local_setup.bash'
[4.981s] INFO:colcon.colcon_core.shell:Creating prefix chain script '/home/samee/ros2ws/install/setup.bash'
[5.006s] INFO:colcon.colcon_core.shell:Creating prefix script '/home/samee/ros2ws/install/local_setup.zsh'
[5.007s] INFO:colcon.colcon_core.shell:Creating prefix chain script '/home/samee/ros2ws/install/setup.zsh'
