-- Found ament_cmake: 1.3.6 (/opt/ros/humble/share/ament_cmake/cmake)
-- Found ackermann_msgs: 2.0.2 (/opt/ros/humble/share/ackermann_msgs/cmake)
-- Found rosidl_generator_c: 3.1.5 (/opt/ros/humble/share/rosidl_generator_c/cmake)
-- Found rosidl_adapter: 3.1.5 (/opt/ros/humble/share/rosidl_adapter/cmake)
-- Found rosidl_generator_cpp: 3.1.5 (/opt/ros/humble/share/rosidl_generator_cpp/cmake)
-- Using all available rosidl_typesupport_c: rosidl_typesupport_fastrtps_c;rosidl_typesupport_introspection_c
-- Using all available rosidl_typesupport_cpp: rosidl_typesupport_fastrtps_cpp;rosidl_typesupport_introspection_cpp
-- Found rclcpp: 16.0.7 (/opt/ros/humble/share/rclcpp/cmake)
-- Found rmw_implementation_cmake: 6.1.1 (/opt/ros/humble/share/rmw_implementation_cmake/cmake)
-- Found rmw_fastrtps_cpp: 6.2.5 (/opt/ros/humble/share/rmw_fastrtps_cpp/cmake)
-- Using RMW implementation 'rmw_fastrtps_cpp' as default
-- Found tf2: 0.25.5 (/opt/ros/humble/share/tf2/cmake)
-- Found tf2_ros: 0.25.5 (/opt/ros/humble/share/tf2_ros/cmake)
-- Found gazebo_msgs: 3.7.0 (/opt/ros/humble/share/gazebo_msgs/cmake)
-- Found nav_msgs: 4.2.3 (/opt/ros/humble/share/nav_msgs/cmake)
-- Found tf2_geometry_msgs: 0.25.5 (/opt/ros/humble/share/tf2_geometry_msgs/cmake)
-- Found eigen3_cmake_module: 0.1.1 (/opt/ros/humble/share/eigen3_cmake_module/cmake)
-- Ensuring Eigen3 include directory is part of orocos-kdl CMake target
-- Configuring done (1.5s)
-- Generating done (0.0s)
-- Build files have been written to: /home/samee/ros2ws/build/r-gator-gazebo-tool-2
[ 50%] Built target r-gator-gazebo-tool-2_node
[ 75%] [32mBuilding CXX object CMakeFiles/tf_broadcaster_node.dir/src/tf_broadcaster.cpp.o[0m
[100%] [32m[1mLinking CXX executable tf_broadcaster_node[0m
[100%] Built target tf_broadcaster_node
-- Install configuration: ""
-- Installing: /home/samee/ros2ws/install/r-gator-gazebo-tool-2/lib/r-gator-gazebo-tool-2/r-gator-gazebo-tool-2_node
-- Set non-toolchain portion of runtime path of "/home/samee/ros2ws/install/r-gator-gazebo-tool-2/lib/r-gator-gazebo-tool-2/r-gator-gazebo-tool-2_node" to ""
-- Installing: /home/samee/ros2ws/install/r-gator-gazebo-tool-2/lib/r-gator-gazebo-tool-2/tf_broadcaster_node
-- Set non-toolchain portion of runtime path of "/home/samee/ros2ws/install/r-gator-gazebo-tool-2/lib/r-gator-gazebo-tool-2/tf_broadcaster_node" to ""
