[0.259s] Invoking command in '/home/samee/ros2ws/build/r-gator-gazebo-tool-2': /usr/local/bin/cmake --build /home/samee/ros2ws/build/r-gator-gazebo-tool-2 -- -j12 -l12
[0.270s] -- Found ament_cmake: 1.3.6 (/opt/ros/humble/share/ament_cmake/cmake)
[0.450s] -- Found ackermann_msgs: 2.0.2 (/opt/ros/humble/share/ackermann_msgs/cmake)
[0.479s] -- Found rosidl_generator_c: 3.1.5 (/opt/ros/humble/share/rosidl_generator_c/cmake)
[0.481s] -- Found rosidl_adapter: 3.1.5 (/opt/ros/humble/share/rosidl_adapter/cmake)
[0.488s] -- Found rosidl_generator_cpp: 3.1.5 (/opt/ros/humble/share/rosidl_generator_cpp/cmake)
[0.502s] -- Using all available rosidl_typesupport_c: rosidl_typesupport_fastrtps_c;rosidl_typesupport_introspection_c
[0.520s] -- Using all available rosidl_typesupport_cpp: rosidl_typesupport_fastrtps_cpp;rosidl_typesupport_introspection_cpp
[0.657s] -- Found rclcpp: 16.0.7 (/opt/ros/humble/share/rclcpp/cmake)
[0.715s] -- Found rmw_implementation_cmake: 6.1.1 (/opt/ros/humble/share/rmw_implementation_cmake/cmake)
[0.717s] -- Found rmw_fastrtps_cpp: 6.2.5 (/opt/ros/humble/share/rmw_fastrtps_cpp/cmake)
[0.843s] -- Using RMW implementation 'rmw_fastrtps_cpp' as default
[1.044s] -- Found tf2: 0.25.5 (/opt/ros/humble/share/tf2/cmake)
[1.107s] -- Found tf2_ros: 0.25.5 (/opt/ros/humble/share/tf2_ros/cmake)
[1.469s] -- Found gazebo_msgs: 3.7.0 (/opt/ros/humble/share/gazebo_msgs/cmake)
[1.697s] -- Found nav_msgs: 4.2.3 (/opt/ros/humble/share/nav_msgs/cmake)
[1.786s] -- Found tf2_geometry_msgs: 0.25.5 (/opt/ros/humble/share/tf2_geometry_msgs/cmake)
[1.790s] -- Found eigen3_cmake_module: 0.1.1 (/opt/ros/humble/share/eigen3_cmake_module/cmake)
[1.792s] -- Ensuring Eigen3 include directory is part of orocos-kdl CMake target
[1.853s] -- Configuring done (1.6s)
[1.869s] -- Generating done (0.0s)
[1.870s] -- Build files have been written to: /home/samee/ros2ws/build/r-gator-gazebo-tool-2
[1.894s] [ 75%] Built target tf_broadcaster_node
[1.894s] [100%] Built target r-gator-gazebo-tool-2_node
[1.896s] Invoked command in '/home/samee/ros2ws/build/r-gator-gazebo-tool-2' returned '0': /usr/local/bin/cmake --build /home/samee/ros2ws/build/r-gator-gazebo-tool-2 -- -j12 -l12
[1.923s] Invoking command in '/home/samee/ros2ws/build/r-gator-gazebo-tool-2': /usr/local/bin/cmake --install /home/samee/ros2ws/build/r-gator-gazebo-tool-2
[1.924s] -- Install configuration: ""
[1.924s] -- Up-to-date: /home/samee/ros2ws/install/r-gator-gazebo-tool-2/lib/r-gator-gazebo-tool-2/r-gator-gazebo-tool-2_node
[1.924s] -- Up-to-date: /home/samee/ros2ws/install/r-gator-gazebo-tool-2/lib/r-gator-gazebo-tool-2/tf_broadcaster_node
[1.925s] -- Installing: /home/samee/ros2ws/install/r-gator-gazebo-tool-2/share/ament_index/resource_index/package_run_dependencies/r-gator-gazebo-tool-2
[1.925s] -- Installing: /home/samee/ros2ws/install/r-gator-gazebo-tool-2/share/ament_index/resource_index/parent_prefix_path/r-gator-gazebo-tool-2
[1.925s] -- Installing: /home/samee/ros2ws/install/r-gator-gazebo-tool-2/share/r-gator-gazebo-tool-2/environment/ament_prefix_path.sh
[1.925s] -- Installing: /home/samee/ros2ws/install/r-gator-gazebo-tool-2/share/r-gator-gazebo-tool-2/environment/ament_prefix_path.dsv
[1.925s] -- Installing: /home/samee/ros2ws/install/r-gator-gazebo-tool-2/share/r-gator-gazebo-tool-2/environment/path.sh
[1.925s] -- Installing: /home/samee/ros2ws/install/r-gator-gazebo-tool-2/share/r-gator-gazebo-tool-2/environment/path.dsv
[1.925s] -- Installing: /home/samee/ros2ws/install/r-gator-gazebo-tool-2/share/r-gator-gazebo-tool-2/local_setup.bash
[1.925s] -- Installing: /home/samee/ros2ws/install/r-gator-gazebo-tool-2/share/r-gator-gazebo-tool-2/local_setup.sh
[1.925s] -- Installing: /home/samee/ros2ws/install/r-gator-gazebo-tool-2/share/r-gator-gazebo-tool-2/local_setup.zsh
[1.926s] -- Installing: /home/samee/ros2ws/install/r-gator-gazebo-tool-2/share/r-gator-gazebo-tool-2/local_setup.dsv
[1.926s] -- Installing: /home/samee/ros2ws/install/r-gator-gazebo-tool-2/share/r-gator-gazebo-tool-2/package.dsv
[1.926s] -- Installing: /home/samee/ros2ws/install/r-gator-gazebo-tool-2/share/ament_index/resource_index/packages/r-gator-gazebo-tool-2
[1.926s] -- Installing: /home/samee/ros2ws/install/r-gator-gazebo-tool-2/share/r-gator-gazebo-tool-2/cmake/r-gator-gazebo-tool-2Config.cmake
[1.926s] -- Installing: /home/samee/ros2ws/install/r-gator-gazebo-tool-2/share/r-gator-gazebo-tool-2/cmake/r-gator-gazebo-tool-2Config-version.cmake
[1.926s] -- Installing: /home/samee/ros2ws/install/r-gator-gazebo-tool-2/share/r-gator-gazebo-tool-2/package.xml
[1.927s] Invoked command in '/home/samee/ros2ws/build/r-gator-gazebo-tool-2' returned '0': /usr/local/bin/cmake --install /home/samee/ros2ws/build/r-gator-gazebo-tool-2
