[0.096s] Invoking command in '/home/samee/ros2ws/build/rgator_model': CMAKE_PREFIX_PATH=/opt/ros/humble:${CMAKE_PREFIX_PATH} /usr/local/bin/cmake --build /home/samee/ros2ws/build/rgator_model -- -j12 -l12
[0.105s] Invoked command in '/home/samee/ros2ws/build/rgator_model' returned '0': CMAKE_PREFIX_PATH=/opt/ros/humble:${CMAKE_PREFIX_PATH} /usr/local/bin/cmake --build /home/samee/ros2ws/build/rgator_model -- -j12 -l12
[0.137s] Invoking command in '/home/samee/ros2ws/build/rgator_model': CMAKE_PREFIX_PATH=/opt/ros/humble:${CMAKE_PREFIX_PATH} /usr/local/bin/cmake --install /home/samee/ros2ws/build/rgator_model
[0.223s] -- Install configuration: ""
[0.223s] -- Up-to-date: /home/samee/ros2ws/install/rgator_model/share/ament_index/resource_index/package_run_dependencies/rgator_model
[0.223s] -- Up-to-date: /home/samee/ros2ws/install/rgator_model/share/ament_index/resource_index/parent_prefix_path/rgator_model
[0.223s] -- Up-to-date: /home/samee/ros2ws/install/rgator_model/share/rgator_model/environment/ament_prefix_path.sh
[0.223s] -- Up-to-date: /home/samee/ros2ws/install/rgator_model/share/rgator_model/environment/ament_prefix_path.dsv
[0.223s] -- Up-to-date: /home/samee/ros2ws/install/rgator_model/share/rgator_model/environment/path.sh
[0.224s] -- Up-to-date: /home/samee/ros2ws/install/rgator_model/share/rgator_model/environment/path.dsv
[0.224s] -- Up-to-date: /home/samee/ros2ws/install/rgator_model/share/rgator_model/local_setup.bash
[0.224s] -- Up-to-date: /home/samee/ros2ws/install/rgator_model/share/rgator_model/local_setup.sh
[0.224s] -- Up-to-date: /home/samee/ros2ws/install/rgator_model/share/rgator_model/local_setup.zsh
[0.225s] -- Up-to-date: /home/samee/ros2ws/install/rgator_model/share/rgator_model/local_setup.dsv
[0.225s] -- Installing: /home/samee/ros2ws/install/rgator_model/share/rgator_model/package.dsv
[0.225s] -- Up-to-date: /home/samee/ros2ws/install/rgator_model/share/ament_index/resource_index/packages/rgator_model
[0.225s] -- Up-to-date: /home/samee/ros2ws/install/rgator_model/share/rgator_model/cmake/rgator_modelConfig.cmake
[0.225s] -- Up-to-date: /home/samee/ros2ws/install/rgator_model/share/rgator_model/cmake/rgator_modelConfig-version.cmake
[0.225s] -- Up-to-date: /home/samee/ros2ws/install/rgator_model/share/rgator_model/package.xml
[0.462s] Invoked command in '/home/samee/ros2ws/build/rgator_model' returned '0': CMAKE_PREFIX_PATH=/opt/ros/humble:${CMAKE_PREFIX_PATH} /usr/local/bin/cmake --install /home/samee/ros2ws/build/rgator_model
