[0.349s] Invoking command in '/home/samee/ros2ws/build/r_gator_gazebo': CMAKE_PREFIX_PATH=/opt/ros/humble:${CMAKE_PREFIX_PATH} /usr/local/bin/cmake --build /home/samee/ros2ws/build/r_gator_gazebo -- -j12 -l12
[0.366s] Invoked command in '/home/samee/ros2ws/build/r_gator_gazebo' returned '0': CMAKE_PREFIX_PATH=/opt/ros/humble:${CMAKE_PREFIX_PATH} /usr/local/bin/cmake --build /home/samee/ros2ws/build/r_gator_gazebo -- -j12 -l12
[0.388s] Invoking command in '/home/samee/ros2ws/build/r_gator_gazebo': CMAKE_PREFIX_PATH=/opt/ros/humble:${CMAKE_PREFIX_PATH} /usr/local/bin/cmake --install /home/samee/ros2ws/build/r_gator_gazebo
[0.392s] -- Install configuration: ""
[0.393s] -- Up-to-date: /home/samee/ros2ws/install/r_gator_gazebo/share/ament_index/resource_index/package_run_dependencies/r_gator_gazebo
[0.393s] -- Up-to-date: /home/samee/ros2ws/install/r_gator_gazebo/share/ament_index/resource_index/parent_prefix_path/r_gator_gazebo
[0.393s] -- Up-to-date: /home/samee/ros2ws/install/r_gator_gazebo/share/r_gator_gazebo/environment/ament_prefix_path.sh
[0.393s] -- Up-to-date: /home/samee/ros2ws/install/r_gator_gazebo/share/r_gator_gazebo/environment/ament_prefix_path.dsv
[0.394s] -- Up-to-date: /home/samee/ros2ws/install/r_gator_gazebo/share/r_gator_gazebo/environment/path.sh
[0.394s] -- Up-to-date: /home/samee/ros2ws/install/r_gator_gazebo/share/r_gator_gazebo/environment/path.dsv
[0.394s] -- Up-to-date: /home/samee/ros2ws/install/r_gator_gazebo/share/r_gator_gazebo/local_setup.bash
[0.395s] -- Up-to-date: /home/samee/ros2ws/install/r_gator_gazebo/share/r_gator_gazebo/local_setup.sh
[0.395s] -- Up-to-date: /home/samee/ros2ws/install/r_gator_gazebo/share/r_gator_gazebo/local_setup.zsh
[0.395s] -- Up-to-date: /home/samee/ros2ws/install/r_gator_gazebo/share/r_gator_gazebo/local_setup.dsv
[0.395s] -- Installing: /home/samee/ros2ws/install/r_gator_gazebo/share/r_gator_gazebo/package.dsv
[0.396s] -- Up-to-date: /home/samee/ros2ws/install/r_gator_gazebo/share/ament_index/resource_index/packages/r_gator_gazebo
[0.396s] -- Up-to-date: /home/samee/ros2ws/install/r_gator_gazebo/share/r_gator_gazebo/cmake/r_gator_gazeboConfig.cmake
[0.396s] -- Up-to-date: /home/samee/ros2ws/install/r_gator_gazebo/share/r_gator_gazebo/cmake/r_gator_gazeboConfig-version.cmake
[0.397s] -- Up-to-date: /home/samee/ros2ws/install/r_gator_gazebo/share/r_gator_gazebo/package.xml
[0.404s] Invoked command in '/home/samee/ros2ws/build/r_gator_gazebo' returned '0': CMAKE_PREFIX_PATH=/opt/ros/humble:${CMAKE_PREFIX_PATH} /usr/local/bin/cmake --install /home/samee/ros2ws/build/r_gator_gazebo
