[0.130s] Invoking command in '/home/samee/ros2ws/build/r-gator-model-2': CMAKE_PREFIX_PATH=/opt/ros/humble /usr/local/bin/cmake --build /home/samee/ros2ws/build/r-gator-model-2 -- -j12 -l12
[0.146s] Invoked command in '/home/samee/ros2ws/build/r-gator-model-2' returned '0': CMAKE_PREFIX_PATH=/opt/ros/humble /usr/local/bin/cmake --build /home/samee/ros2ws/build/r-gator-model-2 -- -j12 -l12
[0.175s] Invoking command in '/home/samee/ros2ws/build/r-gator-model-2': CMAKE_PREFIX_PATH=/opt/ros/humble /usr/local/bin/cmake --install /home/samee/ros2ws/build/r-gator-model-2
[0.177s] -- Install configuration: ""
[0.182s] -- Execute custom install script
[0.182s] -- Up-to-date symlink: /home/samee/ros2ws/install/r-gator-model-2/share/ament_index/resource_index/package_run_dependencies/r-gator-model-2
[0.182s] -- Up-to-date symlink: /home/samee/ros2ws/install/r-gator-model-2/share/ament_index/resource_index/parent_prefix_path/r-gator-model-2
[0.183s] -- Up-to-date symlink: /home/samee/ros2ws/install/r-gator-model-2/share/r-gator-model-2/environment/ament_prefix_path.sh
[0.183s] -- Up-to-date symlink: /home/samee/ros2ws/install/r-gator-model-2/share/r-gator-model-2/environment/ament_prefix_path.dsv
[0.184s] -- Up-to-date symlink: /home/samee/ros2ws/install/r-gator-model-2/share/r-gator-model-2/environment/path.sh
[0.185s] -- Up-to-date symlink: /home/samee/ros2ws/install/r-gator-model-2/share/r-gator-model-2/environment/path.dsv
[0.185s] -- Up-to-date symlink: /home/samee/ros2ws/install/r-gator-model-2/share/r-gator-model-2/local_setup.bash
[0.185s] -- Up-to-date symlink: /home/samee/ros2ws/install/r-gator-model-2/share/r-gator-model-2/local_setup.sh
[0.186s] -- Up-to-date symlink: /home/samee/ros2ws/install/r-gator-model-2/share/r-gator-model-2/local_setup.zsh
[0.187s] -- Up-to-date symlink: /home/samee/ros2ws/install/r-gator-model-2/share/r-gator-model-2/local_setup.dsv
[0.187s] -- Symlinking: /home/samee/ros2ws/install/r-gator-model-2/share/r-gator-model-2/package.dsv
[0.191s] -- Up-to-date symlink: /home/samee/ros2ws/install/r-gator-model-2/share/ament_index/resource_index/packages/r-gator-model-2
[0.191s] -- Up-to-date symlink: /home/samee/ros2ws/install/r-gator-model-2/share/r-gator-model-2/cmake/r-gator-model-2Config.cmake
[0.191s] -- Up-to-date symlink: /home/samee/ros2ws/install/r-gator-model-2/share/r-gator-model-2/cmake/r-gator-model-2Config-version.cmake
[0.192s] -- Up-to-date symlink: /home/samee/ros2ws/install/r-gator-model-2/share/r-gator-model-2/package.xml
[0.304s] Invoked command in '/home/samee/ros2ws/build/r-gator-model-2' returned '0': CMAKE_PREFIX_PATH=/opt/ros/humble /usr/local/bin/cmake --install /home/samee/ros2ws/build/r-gator-model-2
