[0.550s] Invoking command in '/home/samee/ros2ws/build/r-gator-gazebo-2': CMAKE_PREFIX_PATH=/opt/ros/humble:${CMAKE_PREFIX_PATH} /usr/local/bin/cmake /home/samee/ros2ws/src/r-gator-simulator-2/r-gator-gazebo-2 -DCMAKE_INSTALL_PREFIX=/home/samee/ros2ws/install/r-gator-gazebo-2
[0.565s] -- Found ament_cmake: 1.3.6 (/opt/ros/humble/share/ament_cmake/cmake)
[0.883s] -- Override CMake install command with custom implementation using symlinks instead of copying resources
[0.896s] -- Found ament_lint_auto: 0.12.9 (/opt/ros/humble/share/ament_lint_auto/cmake)
[1.013s] -- Added test 'flake8' to check Python code syntax and style conventions
[1.016s] -- Added test 'lint_cmake' to check CMake code style
[1.019s] -- Added test 'pep257' to check Python code against some of the docstring style conventions in PEP 257
[1.031s] -- Added test 'xmllint' to check XML markup files
[1.033s] -- Configuring done (0.5s)
[1.037s] -- Generating done (0.0s)
[1.038s] -- Build files have been written to: /home/samee/ros2ws/build/r-gator-gazebo-2
[1.045s] Invoked command in '/home/samee/ros2ws/build/r-gator-gazebo-2' returned '0': CMAKE_PREFIX_PATH=/opt/ros/humble:${CMAKE_PREFIX_PATH} /usr/local/bin/cmake /home/samee/ros2ws/src/r-gator-simulator-2/r-gator-gazebo-2 -DCMAKE_INSTALL_PREFIX=/home/samee/ros2ws/install/r-gator-gazebo-2
[1.051s] Invoking command in '/home/samee/ros2ws/build/r-gator-gazebo-2': CMAKE_PREFIX_PATH=/opt/ros/humble:${CMAKE_PREFIX_PATH} /usr/local/bin/cmake --build /home/samee/ros2ws/build/r-gator-gazebo-2 -- -j12 -l12
[1.062s] Invoked command in '/home/samee/ros2ws/build/r-gator-gazebo-2' returned '0': CMAKE_PREFIX_PATH=/opt/ros/humble:${CMAKE_PREFIX_PATH} /usr/local/bin/cmake --build /home/samee/ros2ws/build/r-gator-gazebo-2 -- -j12 -l12
[1.282s] Invoking command in '/home/samee/ros2ws/build/r-gator-gazebo-2': CMAKE_PREFIX_PATH=/opt/ros/humble:${CMAKE_PREFIX_PATH} /usr/local/bin/cmake --install /home/samee/ros2ws/build/r-gator-gazebo-2
[1.373s] -- Install configuration: ""
[1.374s] -- Execute custom install script
[1.374s] -- Up-to-date symlink: /home/samee/ros2ws/install/r-gator-gazebo-2/share/ament_index/resource_index/package_run_dependencies/r-gator-gazebo-2
[1.375s] -- Up-to-date symlink: /home/samee/ros2ws/install/r-gator-gazebo-2/share/ament_index/resource_index/parent_prefix_path/r-gator-gazebo-2
[1.375s] -- Up-to-date symlink: /home/samee/ros2ws/install/r-gator-gazebo-2/share/r-gator-gazebo-2/environment/ament_prefix_path.sh
[1.377s] -- Up-to-date symlink: /home/samee/ros2ws/install/r-gator-gazebo-2/share/r-gator-gazebo-2/environment/ament_prefix_path.dsv
[1.377s] -- Up-to-date symlink: /home/samee/ros2ws/install/r-gator-gazebo-2/share/r-gator-gazebo-2/environment/path.sh
[1.377s] -- Up-to-date symlink: /home/samee/ros2ws/install/r-gator-gazebo-2/share/r-gator-gazebo-2/environment/path.dsv
[1.378s] -- Up-to-date symlink: /home/samee/ros2ws/install/r-gator-gazebo-2/share/r-gator-gazebo-2/local_setup.bash
[1.378s] -- Up-to-date symlink: /home/samee/ros2ws/install/r-gator-gazebo-2/share/r-gator-gazebo-2/local_setup.sh
[1.378s] -- Up-to-date symlink: /home/samee/ros2ws/install/r-gator-gazebo-2/share/r-gator-gazebo-2/local_setup.zsh
[1.379s] -- Up-to-date symlink: /home/samee/ros2ws/install/r-gator-gazebo-2/share/r-gator-gazebo-2/local_setup.dsv
[1.379s] -- Symlinking: /home/samee/ros2ws/install/r-gator-gazebo-2/share/r-gator-gazebo-2/package.dsv
[1.379s] -- Up-to-date symlink: /home/samee/ros2ws/install/r-gator-gazebo-2/share/ament_index/resource_index/packages/r-gator-gazebo-2
[1.379s] -- Up-to-date symlink: /home/samee/ros2ws/install/r-gator-gazebo-2/share/r-gator-gazebo-2/cmake/r-gator-gazebo-2Config.cmake
[1.380s] -- Up-to-date symlink: /home/samee/ros2ws/install/r-gator-gazebo-2/share/r-gator-gazebo-2/cmake/r-gator-gazebo-2Config-version.cmake
[1.380s] -- Up-to-date symlink: /home/samee/ros2ws/install/r-gator-gazebo-2/share/r-gator-gazebo-2/package.xml
[1.382s] Invoked command in '/home/samee/ros2ws/build/r-gator-gazebo-2' returned '0': CMAKE_PREFIX_PATH=/opt/ros/humble:${CMAKE_PREFIX_PATH} /usr/local/bin/cmake --install /home/samee/ros2ws/build/r-gator-gazebo-2
