[0.324s] Invoking command in '/home/samee/ros2ws/build/r_gator_teleop': /usr/local/bin/cmake --build /home/samee/ros2ws/build/r_gator_teleop -- -j12 -l12
[0.377s] -- Found ament_cmake: 1.3.5 (/opt/ros/humble/share/ament_cmake/cmake)
[1.420s] -- Found geometry_msgs: 4.2.3 (/opt/ros/humble/share/geometry_msgs/cmake)
[1.605s] -- Found rosidl_generator_c: 3.1.5 (/opt/ros/humble/share/rosidl_generator_c/cmake)
[1.620s] -- Found rosidl_adapter: 3.1.5 (/opt/ros/humble/share/rosidl_adapter/cmake)
[1.658s] -- Found rosidl_generator_cpp: 3.1.5 (/opt/ros/humble/share/rosidl_generator_cpp/cmake)
[1.726s] -- Using all available rosidl_typesupport_c: rosidl_typesupport_fastrtps_c;rosidl_typesupport_introspection_c
[1.831s] -- Using all available rosidl_typesupport_cpp: rosidl_typesupport_fastrtps_cpp;rosidl_typesupport_introspection_cpp
[2.628s] -- Found joy: 3.1.0 (/opt/ros/humble/share/joy/cmake)
[2.981s] -- Found rmw_implementation_cmake: 6.1.1 (/opt/ros/humble/share/rmw_implementation_cmake/cmake)
[2.988s] -- Found rmw_fastrtps_cpp: 6.2.4 (/opt/ros/humble/share/rmw_fastrtps_cpp/cmake)
[3.660s] -- Using RMW implementation 'rmw_fastrtps_cpp' as default
[5.257s] [31mCMake Error at CMakeLists.txt:13 (find_package):
[5.258s]   By not providing "Findroscpp.cmake" in CMAKE_MODULE_PATH this project has
[5.258s]   asked CMake to find a package configuration file provided by "roscpp", but
[5.259s]   CMake did not find one.
[5.259s] 
[5.259s]   Could not find a package configuration file provided by "roscpp" with any
[5.259s]   of the following names:
[5.260s] 
[5.260s]     roscppConfig.cmake
[5.260s]     roscpp-config.cmake
[5.260s] 
[5.261s]   Add the installation prefix of "roscpp" to CMAKE_PREFIX_PATH or set
[5.261s]   "roscpp_DIR" to a directory containing one of the above files.  If "roscpp"
[5.261s]   provides a separate development package or SDK, be sure it has been
[5.261s]   installed.
[5.262s] 
[5.262s] [0m
[5.263s] -- Configuring incomplete, errors occurred!
[5.287s] gmake: *** [Makefile:267: cmake_check_build_system] Error 1
[5.317s] Invoked command in '/home/samee/ros2ws/build/r_gator_teleop' returned '2': /usr/local/bin/cmake --build /home/samee/ros2ws/build/r_gator_teleop -- -j12 -l12
