[0.390s] Invoking command in '/home/samee/ros2ws/build/r-gator-gazebo-tool-2': /usr/local/bin/cmake --build /home/samee/ros2ws/build/r-gator-gazebo-tool-2 -- -j12 -l12
[0.403s] -- Found ament_cmake: 1.3.6 (/opt/ros/humble/share/ament_cmake/cmake)
[0.599s] -- Found ackermann_msgs: 2.0.2 (/opt/ros/humble/share/ackermann_msgs/cmake)
[0.631s] -- Found rosidl_generator_c: 3.1.5 (/opt/ros/humble/share/rosidl_generator_c/cmake)
[0.634s] -- Found rosidl_adapter: 3.1.5 (/opt/ros/humble/share/rosidl_adapter/cmake)
[0.641s] -- Found rosidl_generator_cpp: 3.1.5 (/opt/ros/humble/share/rosidl_generator_cpp/cmake)
[0.655s] -- Using all available rosidl_typesupport_c: rosidl_typesupport_fastrtps_c;rosidl_typesupport_introspection_c
[0.676s] -- Using all available rosidl_typesupport_cpp: rosidl_typesupport_fastrtps_cpp;rosidl_typesupport_introspection_cpp
[0.829s] -- Found rclcpp: 16.0.7 (/opt/ros/humble/share/rclcpp/cmake)
[0.898s] -- Found rmw_implementation_cmake: 6.1.1 (/opt/ros/humble/share/rmw_implementation_cmake/cmake)
[0.899s] -- Found rmw_fastrtps_cpp: 6.2.5 (/opt/ros/humble/share/rmw_fastrtps_cpp/cmake)
[1.039s] -- Using RMW implementation 'rmw_fastrtps_cpp' as default
[1.195s] -- Found tf2: 0.25.5 (/opt/ros/humble/share/tf2/cmake)
[1.264s] -- Found tf2_ros: 0.25.5 (/opt/ros/humble/share/tf2_ros/cmake)
[1.686s] -- Found gazebo_msgs: 3.7.0 (/opt/ros/humble/share/gazebo_msgs/cmake)
[1.963s] -- Found nav_msgs: 4.2.3 (/opt/ros/humble/share/nav_msgs/cmake)
[2.081s] -- Found tf2_geometry_msgs: 0.25.5 (/opt/ros/humble/share/tf2_geometry_msgs/cmake)
[2.089s] -- Found eigen3_cmake_module: 0.1.1 (/opt/ros/humble/share/eigen3_cmake_module/cmake)
[2.092s] -- Ensuring Eigen3 include directory is part of orocos-kdl CMake target
[2.182s] -- Configuring done (1.8s)
[2.209s] -- Generating done (0.0s)
[2.211s] -- Build files have been written to: /home/samee/ros2ws/build/r-gator-gazebo-tool-2
[2.237s] [ 50%] Built target tf_broadcaster_node
[2.237s] [100%] Built target gazebo_odom_publisher_node
[2.240s] Invoked command in '/home/samee/ros2ws/build/r-gator-gazebo-tool-2' returned '0': /usr/local/bin/cmake --build /home/samee/ros2ws/build/r-gator-gazebo-tool-2 -- -j12 -l12
[2.277s] Invoking command in '/home/samee/ros2ws/build/r-gator-gazebo-tool-2': /usr/local/bin/cmake --install /home/samee/ros2ws/build/r-gator-gazebo-tool-2
[2.279s] -- Install configuration: ""
[2.279s] -- Up-to-date: /home/samee/ros2ws/install/r-gator-gazebo-tool-2/lib/r-gator-gazebo-tool-2/gazebo_odom_publisher_node
[2.279s] -- Up-to-date: /home/samee/ros2ws/install/r-gator-gazebo-tool-2/lib/r-gator-gazebo-tool-2/tf_broadcaster_node
[2.280s] -- Installing: /home/samee/ros2ws/install/r-gator-gazebo-tool-2/lib/r-gator-gazebo-tool-2/cmd-vel-to-ackermann-drive.py
[2.280s] -- Up-to-date: /home/samee/ros2ws/install/r-gator-gazebo-tool-2/share/ament_index/resource_index/package_run_dependencies/r-gator-gazebo-tool-2
[2.280s] -- Up-to-date: /home/samee/ros2ws/install/r-gator-gazebo-tool-2/share/ament_index/resource_index/parent_prefix_path/r-gator-gazebo-tool-2
[2.280s] -- Up-to-date: /home/samee/ros2ws/install/r-gator-gazebo-tool-2/share/r-gator-gazebo-tool-2/environment/ament_prefix_path.sh
[2.280s] -- Installing: /home/samee/ros2ws/install/r-gator-gazebo-tool-2/share/r-gator-gazebo-tool-2/environment/ament_prefix_path.dsv
[2.280s] -- Up-to-date: /home/samee/ros2ws/install/r-gator-gazebo-tool-2/share/r-gator-gazebo-tool-2/environment/path.sh
[2.280s] -- Installing: /home/samee/ros2ws/install/r-gator-gazebo-tool-2/share/r-gator-gazebo-tool-2/environment/path.dsv
[2.280s] -- Up-to-date: /home/samee/ros2ws/install/r-gator-gazebo-tool-2/share/r-gator-gazebo-tool-2/local_setup.bash
[2.280s] -- Up-to-date: /home/samee/ros2ws/install/r-gator-gazebo-tool-2/share/r-gator-gazebo-tool-2/local_setup.sh
[2.280s] -- Up-to-date: /home/samee/ros2ws/install/r-gator-gazebo-tool-2/share/r-gator-gazebo-tool-2/local_setup.zsh
[2.281s] -- Installing: /home/samee/ros2ws/install/r-gator-gazebo-tool-2/share/r-gator-gazebo-tool-2/local_setup.dsv
[2.281s] -- Installing: /home/samee/ros2ws/install/r-gator-gazebo-tool-2/share/r-gator-gazebo-tool-2/package.dsv
[2.281s] -- Up-to-date: /home/samee/ros2ws/install/r-gator-gazebo-tool-2/share/ament_index/resource_index/packages/r-gator-gazebo-tool-2
[2.281s] -- Up-to-date: /home/samee/ros2ws/install/r-gator-gazebo-tool-2/share/r-gator-gazebo-tool-2/cmake/r-gator-gazebo-tool-2Config.cmake
[2.281s] -- Up-to-date: /home/samee/ros2ws/install/r-gator-gazebo-tool-2/share/r-gator-gazebo-tool-2/cmake/r-gator-gazebo-tool-2Config-version.cmake
[2.281s] -- Up-to-date: /home/samee/ros2ws/install/r-gator-gazebo-tool-2/share/r-gator-gazebo-tool-2/package.xml
[2.282s] Invoked command in '/home/samee/ros2ws/build/r-gator-gazebo-tool-2' returned '0': /usr/local/bin/cmake --install /home/samee/ros2ws/build/r-gator-gazebo-tool-2
