[0.346s] Invoking command in '/home/samee/ros2ws/build/r_gator_gazebo': CMAKE_PREFIX_PATH=/opt/ros/humble:${CMAKE_PREFIX_PATH} /usr/local/bin/cmake --build /home/samee/ros2ws/build/r_gator_gazebo -- -j12 -l12
[0.361s] Invoked command in '/home/samee/ros2ws/build/r_gator_gazebo' returned '0': CMAKE_PREFIX_PATH=/opt/ros/humble:${CMAKE_PREFIX_PATH} /usr/local/bin/cmake --build /home/samee/ros2ws/build/r_gator_gazebo -- -j12 -l12
[0.374s] Invoking command in '/home/samee/ros2ws/build/r_gator_gazebo': CMAKE_PREFIX_PATH=/opt/ros/humble:${CMAKE_PREFIX_PATH} /usr/local/bin/cmake --install /home/samee/ros2ws/build/r_gator_gazebo
[0.379s] -- Install configuration: ""
[0.379s] -- Up-to-date: /home/samee/ros2ws/install/r_gator_gazebo/share/ament_index/resource_index/package_run_dependencies/r_gator_gazebo
[0.379s] -- Up-to-date: /home/samee/ros2ws/install/r_gator_gazebo/share/ament_index/resource_index/parent_prefix_path/r_gator_gazebo
[0.379s] -- Up-to-date: /home/samee/ros2ws/install/r_gator_gazebo/share/r_gator_gazebo/environment/ament_prefix_path.sh
[0.379s] -- Up-to-date: /home/samee/ros2ws/install/r_gator_gazebo/share/r_gator_gazebo/environment/ament_prefix_path.dsv
[0.379s] -- Up-to-date: /home/samee/ros2ws/install/r_gator_gazebo/share/r_gator_gazebo/environment/path.sh
[0.379s] -- Up-to-date: /home/samee/ros2ws/install/r_gator_gazebo/share/r_gator_gazebo/environment/path.dsv
[0.380s] -- Up-to-date: /home/samee/ros2ws/install/r_gator_gazebo/share/r_gator_gazebo/local_setup.bash
[0.380s] -- Up-to-date: /home/samee/ros2ws/install/r_gator_gazebo/share/r_gator_gazebo/local_setup.sh
[0.380s] -- Up-to-date: /home/samee/ros2ws/install/r_gator_gazebo/share/r_gator_gazebo/local_setup.zsh
[0.380s] -- Up-to-date: /home/samee/ros2ws/install/r_gator_gazebo/share/r_gator_gazebo/local_setup.dsv
[0.380s] -- Installing: /home/samee/ros2ws/install/r_gator_gazebo/share/r_gator_gazebo/package.dsv
[0.380s] -- Up-to-date: /home/samee/ros2ws/install/r_gator_gazebo/share/ament_index/resource_index/packages/r_gator_gazebo
[0.380s] -- Up-to-date: /home/samee/ros2ws/install/r_gator_gazebo/share/r_gator_gazebo/cmake/r_gator_gazeboConfig.cmake
[0.380s] -- Up-to-date: /home/samee/ros2ws/install/r_gator_gazebo/share/r_gator_gazebo/cmake/r_gator_gazeboConfig-version.cmake
[0.380s] -- Up-to-date: /home/samee/ros2ws/install/r_gator_gazebo/share/r_gator_gazebo/package.xml
[0.462s] Invoked command in '/home/samee/ros2ws/build/r_gator_gazebo' returned '0': CMAKE_PREFIX_PATH=/opt/ros/humble:${CMAKE_PREFIX_PATH} /usr/local/bin/cmake --install /home/samee/ros2ws/build/r_gator_gazebo
