[0.234s] Invoking command in '/home/samee/ros2ws/build/r_gator_launch': CMAKE_PREFIX_PATH=/opt/ros/humble:${CMAKE_PREFIX_PATH} /usr/local/bin/cmake --build /home/samee/ros2ws/build/r_gator_launch -- -j12 -l12
[0.247s] Invoked command in '/home/samee/ros2ws/build/r_gator_launch' returned '0': CMAKE_PREFIX_PATH=/opt/ros/humble:${CMAKE_PREFIX_PATH} /usr/local/bin/cmake --build /home/samee/ros2ws/build/r_gator_launch -- -j12 -l12
[0.275s] Invoking command in '/home/samee/ros2ws/build/r_gator_launch': CMAKE_PREFIX_PATH=/opt/ros/humble:${CMAKE_PREFIX_PATH} /usr/local/bin/cmake --install /home/samee/ros2ws/build/r_gator_launch
[0.278s] -- Install configuration: ""
[0.278s] -- Up-to-date: /home/samee/ros2ws/install/r_gator_launch/share/ament_index/resource_index/package_run_dependencies/r_gator_launch
[0.278s] -- Up-to-date: /home/samee/ros2ws/install/r_gator_launch/share/ament_index/resource_index/parent_prefix_path/r_gator_launch
[0.278s] -- Up-to-date: /home/samee/ros2ws/install/r_gator_launch/share/r_gator_launch/environment/ament_prefix_path.sh
[0.278s] -- Up-to-date: /home/samee/ros2ws/install/r_gator_launch/share/r_gator_launch/environment/ament_prefix_path.dsv
[0.279s] -- Up-to-date: /home/samee/ros2ws/install/r_gator_launch/share/r_gator_launch/environment/path.sh
[0.279s] -- Up-to-date: /home/samee/ros2ws/install/r_gator_launch/share/r_gator_launch/environment/path.dsv
[0.279s] -- Up-to-date: /home/samee/ros2ws/install/r_gator_launch/share/r_gator_launch/local_setup.bash
[0.280s] -- Up-to-date: /home/samee/ros2ws/install/r_gator_launch/share/r_gator_launch/local_setup.sh
[0.280s] -- Up-to-date: /home/samee/ros2ws/install/r_gator_launch/share/r_gator_launch/local_setup.zsh
[0.280s] -- Up-to-date: /home/samee/ros2ws/install/r_gator_launch/share/r_gator_launch/local_setup.dsv
[0.281s] -- Installing: /home/samee/ros2ws/install/r_gator_launch/share/r_gator_launch/package.dsv
[0.281s] -- Up-to-date: /home/samee/ros2ws/install/r_gator_launch/share/ament_index/resource_index/packages/r_gator_launch
[0.281s] -- Up-to-date: /home/samee/ros2ws/install/r_gator_launch/share/r_gator_launch/cmake/r_gator_launchConfig.cmake
[0.281s] -- Up-to-date: /home/samee/ros2ws/install/r_gator_launch/share/r_gator_launch/cmake/r_gator_launchConfig-version.cmake
[0.281s] -- Up-to-date: /home/samee/ros2ws/install/r_gator_launch/share/r_gator_launch/package.xml
[0.369s] Invoked command in '/home/samee/ros2ws/build/r_gator_launch' returned '0': CMAKE_PREFIX_PATH=/opt/ros/humble:${CMAKE_PREFIX_PATH} /usr/local/bin/cmake --install /home/samee/ros2ws/build/r_gator_launch
