[0.318s] Invoking command in '/home/samee/ros2ws/build/r_gator_gazebo': CMAKE_PREFIX_PATH=/opt/ros/humble:${CMAKE_PREFIX_PATH} /usr/local/bin/cmake /home/samee/ros2ws/src/r_gator_gazebo -DCMAKE_INSTALL_PREFIX=/home/samee/ros2ws/install/r_gator_gazebo
[0.328s] -- Found ament_cmake: 1.3.5 (/opt/ros/humble/share/ament_cmake/cmake)
[0.729s] -- Found Python3: /usr/bin/python3.10 (found version "3.10.12") found components: Interpreter 
[0.879s] -- Configuring done (0.6s)
[0.881s] -- Generating done (0.0s)
[0.881s] -- Build files have been written to: /home/samee/ros2ws/build/r_gator_gazebo
[0.990s] Invoked command in '/home/samee/ros2ws/build/r_gator_gazebo' returned '0': CMAKE_PREFIX_PATH=/opt/ros/humble:${CMAKE_PREFIX_PATH} /usr/local/bin/cmake /home/samee/ros2ws/src/r_gator_gazebo -DCMAKE_INSTALL_PREFIX=/home/samee/ros2ws/install/r_gator_gazebo
[0.990s] Invoking command in '/home/samee/ros2ws/build/r_gator_gazebo': CMAKE_PREFIX_PATH=/opt/ros/humble:${CMAKE_PREFIX_PATH} /usr/local/bin/cmake --build /home/samee/ros2ws/build/r_gator_gazebo -- -j12 -l12
[0.998s] Invoked command in '/home/samee/ros2ws/build/r_gator_gazebo' returned '0': CMAKE_PREFIX_PATH=/opt/ros/humble:${CMAKE_PREFIX_PATH} /usr/local/bin/cmake --build /home/samee/ros2ws/build/r_gator_gazebo -- -j12 -l12
[1.008s] Invoking command in '/home/samee/ros2ws/build/r_gator_gazebo': CMAKE_PREFIX_PATH=/opt/ros/humble:${CMAKE_PREFIX_PATH} /usr/local/bin/cmake --install /home/samee/ros2ws/build/r_gator_gazebo
[1.010s] -- Install configuration: ""
[1.010s] -- Installing: /home/samee/ros2ws/install/r_gator_gazebo/share/ament_index/resource_index/package_run_dependencies/r_gator_gazebo
[1.010s] -- Installing: /home/samee/ros2ws/install/r_gator_gazebo/share/ament_index/resource_index/parent_prefix_path/r_gator_gazebo
[1.010s] -- Installing: /home/samee/ros2ws/install/r_gator_gazebo/share/r_gator_gazebo/environment/ament_prefix_path.sh
[1.010s] -- Installing: /home/samee/ros2ws/install/r_gator_gazebo/share/r_gator_gazebo/environment/ament_prefix_path.dsv
[1.011s] -- Installing: /home/samee/ros2ws/install/r_gator_gazebo/share/r_gator_gazebo/environment/path.sh
[1.011s] -- Installing: /home/samee/ros2ws/install/r_gator_gazebo/share/r_gator_gazebo/environment/path.dsv
[1.011s] -- Installing: /home/samee/ros2ws/install/r_gator_gazebo/share/r_gator_gazebo/local_setup.bash
[1.011s] -- Installing: /home/samee/ros2ws/install/r_gator_gazebo/share/r_gator_gazebo/local_setup.sh
[1.011s] -- Installing: /home/samee/ros2ws/install/r_gator_gazebo/share/r_gator_gazebo/local_setup.zsh
[1.011s] -- Installing: /home/samee/ros2ws/install/r_gator_gazebo/share/r_gator_gazebo/local_setup.dsv
[1.011s] -- Installing: /home/samee/ros2ws/install/r_gator_gazebo/share/r_gator_gazebo/package.dsv
[1.011s] -- Installing: /home/samee/ros2ws/install/r_gator_gazebo/share/ament_index/resource_index/packages/r_gator_gazebo
[1.011s] -- Installing: /home/samee/ros2ws/install/r_gator_gazebo/share/r_gator_gazebo/cmake/r_gator_gazeboConfig.cmake
[1.011s] -- Installing: /home/samee/ros2ws/install/r_gator_gazebo/share/r_gator_gazebo/cmake/r_gator_gazeboConfig-version.cmake
[1.011s] -- Installing: /home/samee/ros2ws/install/r_gator_gazebo/share/r_gator_gazebo/package.xml
[1.013s] Invoked command in '/home/samee/ros2ws/build/r_gator_gazebo' returned '0': CMAKE_PREFIX_PATH=/opt/ros/humble:${CMAKE_PREFIX_PATH} /usr/local/bin/cmake --install /home/samee/ros2ws/build/r_gator_gazebo
