[0.227s] Invoking command in '/home/samee/ros2ws/build/r-gator-launch-2': CMAKE_PREFIX_PATH=/opt/ros/humble:${CMAKE_PREFIX_PATH} /usr/local/bin/cmake /home/samee/ros2ws/src/r-gator-simulator-2/r-gator-launch-2 -DCMAKE_INSTALL_PREFIX=/home/samee/ros2ws/install/r-gator-launch-2
[0.262s] -- The C compiler identification is GNU 11.4.0
[0.316s] -- The CXX compiler identification is GNU 11.4.0
[0.329s] -- Detecting C compiler ABI info
[0.384s] -- Detecting C compiler ABI info - done
[0.399s] -- Check for working C compiler: /usr/bin/cc - skipped
[0.399s] -- Detecting C compile features
[0.400s] -- Detecting C compile features - done
[0.409s] -- Detecting CXX compiler ABI info
[0.475s] -- Detecting CXX compiler ABI info - done
[0.492s] -- Check for working CXX compiler: /usr/bin/c++ - skipped
[0.492s] -- Detecting CXX compile features
[0.493s] -- Detecting CXX compile features - done
[0.494s] -- Found ament_cmake: 1.3.6 (/opt/ros/humble/share/ament_cmake/cmake)
[1.267s] -- Found Python3: /usr/bin/python3.10 (found version "3.10.12") found components: Interpreter 
[1.353s] -- Found ament_lint_auto: 0.12.9 (/opt/ros/humble/share/ament_lint_auto/cmake)
[1.431s] -- Added test 'flake8' to check Python code syntax and style conventions
[1.433s] -- Added test 'lint_cmake' to check CMake code style
[1.433s] -- Added test 'pep257' to check Python code against some of the docstring style conventions in PEP 257
[1.434s] -- Added test 'xmllint' to check XML markup files
[1.435s] -- Configuring done (1.2s)
[1.438s] -- Generating done (0.0s)
[1.439s] -- Build files have been written to: /home/samee/ros2ws/build/r-gator-launch-2
[1.444s] Invoked command in '/home/samee/ros2ws/build/r-gator-launch-2' returned '0': CMAKE_PREFIX_PATH=/opt/ros/humble:${CMAKE_PREFIX_PATH} /usr/local/bin/cmake /home/samee/ros2ws/src/r-gator-simulator-2/r-gator-launch-2 -DCMAKE_INSTALL_PREFIX=/home/samee/ros2ws/install/r-gator-launch-2
[1.445s] Invoking command in '/home/samee/ros2ws/build/r-gator-launch-2': CMAKE_PREFIX_PATH=/opt/ros/humble:${CMAKE_PREFIX_PATH} /usr/local/bin/cmake --build /home/samee/ros2ws/build/r-gator-launch-2 -- -j12 -l12
[1.563s] Invoked command in '/home/samee/ros2ws/build/r-gator-launch-2' returned '0': CMAKE_PREFIX_PATH=/opt/ros/humble:${CMAKE_PREFIX_PATH} /usr/local/bin/cmake --build /home/samee/ros2ws/build/r-gator-launch-2 -- -j12 -l12
[1.715s] Invoking command in '/home/samee/ros2ws/build/r-gator-launch-2': CMAKE_PREFIX_PATH=/opt/ros/humble:${CMAKE_PREFIX_PATH} /usr/local/bin/cmake --install /home/samee/ros2ws/build/r-gator-launch-2
[1.715s] -- Install configuration: ""
[1.716s] -- Installing: /home/samee/ros2ws/install/r-gator-launch-2/share/ament_index/resource_index/package_run_dependencies/r-gator-launch-2
[1.716s] -- Installing: /home/samee/ros2ws/install/r-gator-launch-2/share/ament_index/resource_index/parent_prefix_path/r-gator-launch-2
[1.716s] -- Installing: /home/samee/ros2ws/install/r-gator-launch-2/share/r-gator-launch-2/environment/ament_prefix_path.sh
[1.717s] -- Installing: /home/samee/ros2ws/install/r-gator-launch-2/share/r-gator-launch-2/environment/ament_prefix_path.dsv
[1.717s] -- Installing: /home/samee/ros2ws/install/r-gator-launch-2/share/r-gator-launch-2/environment/path.sh
[1.717s] -- Installing: /home/samee/ros2ws/install/r-gator-launch-2/share/r-gator-launch-2/environment/path.dsv
[1.717s] -- Installing: /home/samee/ros2ws/install/r-gator-launch-2/share/r-gator-launch-2/local_setup.bash
[1.718s] -- Installing: /home/samee/ros2ws/install/r-gator-launch-2/share/r-gator-launch-2/local_setup.sh
[1.718s] -- Installing: /home/samee/ros2ws/install/r-gator-launch-2/share/r-gator-launch-2/local_setup.zsh
[1.718s] -- Installing: /home/samee/ros2ws/install/r-gator-launch-2/share/r-gator-launch-2/local_setup.dsv
[1.718s] -- Installing: /home/samee/ros2ws/install/r-gator-launch-2/share/r-gator-launch-2/package.dsv
[1.718s] -- Installing: /home/samee/ros2ws/install/r-gator-launch-2/share/ament_index/resource_index/packages/r-gator-launch-2
[1.718s] -- Installing: /home/samee/ros2ws/install/r-gator-launch-2/share/r-gator-launch-2/cmake/r-gator-launch-2Config.cmake
[1.718s] -- Installing: /home/samee/ros2ws/install/r-gator-launch-2/share/r-gator-launch-2/cmake/r-gator-launch-2Config-version.cmake
[1.719s] -- Installing: /home/samee/ros2ws/install/r-gator-launch-2/share/r-gator-launch-2/package.xml
