[0.227s] Invoking command in '/home/samee/ros2ws/build/r_gator_launch': CMAKE_PREFIX_PATH=/opt/ros/humble:${CMAKE_PREFIX_PATH} /usr/local/bin/cmake --build /home/samee/ros2ws/build/r_gator_launch -- -j12 -l12
[0.238s] Invoked command in '/home/samee/ros2ws/build/r_gator_launch' returned '0': CMAKE_PREFIX_PATH=/opt/ros/humble:${CMAKE_PREFIX_PATH} /usr/local/bin/cmake --build /home/samee/ros2ws/build/r_gator_launch -- -j12 -l12
[0.256s] Invoking command in '/home/samee/ros2ws/build/r_gator_launch': CMAKE_PREFIX_PATH=/opt/ros/humble:${CMAKE_PREFIX_PATH} /usr/local/bin/cmake --install /home/samee/ros2ws/build/r_gator_launch
[0.259s] -- Install configuration: ""
[0.259s] -- Up-to-date: /home/samee/ros2ws/install/r_gator_launch/share/ament_index/resource_index/package_run_dependencies/r_gator_launch
[0.259s] -- Up-to-date: /home/samee/ros2ws/install/r_gator_launch/share/ament_index/resource_index/parent_prefix_path/r_gator_launch
[0.260s] -- Up-to-date: /home/samee/ros2ws/install/r_gator_launch/share/r_gator_launch/environment/ament_prefix_path.sh
[0.260s] -- Up-to-date: /home/samee/ros2ws/install/r_gator_launch/share/r_gator_launch/environment/ament_prefix_path.dsv
[0.260s] -- Up-to-date: /home/samee/ros2ws/install/r_gator_launch/share/r_gator_launch/environment/path.sh
[0.260s] -- Up-to-date: /home/samee/ros2ws/install/r_gator_launch/share/r_gator_launch/environment/path.dsv
[0.260s] -- Up-to-date: /home/samee/ros2ws/install/r_gator_launch/share/r_gator_launch/local_setup.bash
[0.260s] -- Up-to-date: /home/samee/ros2ws/install/r_gator_launch/share/r_gator_launch/local_setup.sh
[0.261s] -- Up-to-date: /home/samee/ros2ws/install/r_gator_launch/share/r_gator_launch/local_setup.zsh
[0.261s] -- Up-to-date: /home/samee/ros2ws/install/r_gator_launch/share/r_gator_launch/local_setup.dsv
[0.261s] -- Installing: /home/samee/ros2ws/install/r_gator_launch/share/r_gator_launch/package.dsv
[0.261s] -- Up-to-date: /home/samee/ros2ws/install/r_gator_launch/share/ament_index/resource_index/packages/r_gator_launch
[0.261s] -- Up-to-date: /home/samee/ros2ws/install/r_gator_launch/share/r_gator_launch/cmake/r_gator_launchConfig.cmake
[0.261s] -- Up-to-date: /home/samee/ros2ws/install/r_gator_launch/share/r_gator_launch/cmake/r_gator_launchConfig-version.cmake
[0.261s] -- Up-to-date: /home/samee/ros2ws/install/r_gator_launch/share/r_gator_launch/package.xml
[0.415s] Invoked command in '/home/samee/ros2ws/build/r_gator_launch' returned '0': CMAKE_PREFIX_PATH=/opt/ros/humble:${CMAKE_PREFIX_PATH} /usr/local/bin/cmake --install /home/samee/ros2ws/build/r_gator_launch
