[1.113s] DEBUG:colcon:Command line arguments: ['/usr/bin/colcon', 'build']
[1.113s] DEBUG:colcon:Parsed command line arguments: Namespace(log_base=None, log_level=None, verb_name='build', build_base='build', install_base='install', merge_install=False, symlink_install=False, test_result_base=None, continue_on_error=False, executor='parallel', parallel_workers=12, event_handlers=None, ignore_user_meta=False, metas=['./colcon.meta'], base_paths=['.'], packages_ignore=None, packages_ignore_regex=None, paths=None, packages_up_to=None, packages_up_to_regex=None, packages_above=None, packages_above_and_dependencies=None, packages_above_depth=None, packages_select_by_dep=None, packages_skip_by_dep=None, packages_skip_up_to=None, packages_select_build_failed=False, packages_skip_build_finished=False, packages_select_test_failures=False, packages_skip_test_passed=False, packages_select=None, packages_skip=None, packages_select_regex=None, packages_skip_regex=None, packages_start=None, packages_end=None, allow_overriding=[], cmake_args=None, cmake_target=None, cmake_target_skip_unavailable=False, cmake_clean_cache=False, cmake_clean_first=False, cmake_force_configure=False, ament_cmake_args=None, catkin_cmake_args=None, catkin_skip_building_tests=False, verb_parser=<colcon_defaults.argument_parser.defaults.DefaultArgumentsDecorator object at 0x7f717e574160>, verb_extension=<colcon_core.verb.build.BuildVerb object at 0x7f717e9defe0>, main=<bound method BuildVerb.main of <colcon_core.verb.build.BuildVerb object at 0x7f717e9defe0>>)
[1.157s] Level 1:colcon.colcon_core.package_discovery:discover_packages(colcon_meta) check parameters
[1.157s] Level 1:colcon.colcon_core.package_discovery:discover_packages(recursive) check parameters
[1.158s] Level 1:colcon.colcon_core.package_discovery:discover_packages(ignore) check parameters
[1.158s] Level 1:colcon.colcon_core.package_discovery:discover_packages(path) check parameters
[1.158s] Level 1:colcon.colcon_core.package_discovery:discover_packages(colcon_meta) discover
[1.158s] Level 1:colcon.colcon_core.package_discovery:discover_packages(recursive) discover
[1.158s] INFO:colcon.colcon_core.package_discovery:Crawling recursively for packages in '/home/samee/ros2ws'
[1.158s] Level 1:colcon.colcon_core.package_identification:_identify(.) by extensions ['ignore', 'ignore_ament_install']
[1.158s] Level 1:colcon.colcon_core.package_identification:_identify(.) by extension 'ignore'
[1.158s] Level 1:colcon.colcon_core.package_identification:_identify(.) by extension 'ignore_ament_install'
[1.158s] Level 1:colcon.colcon_core.package_identification:_identify(.) by extensions ['colcon_pkg']
[1.158s] Level 1:colcon.colcon_core.package_identification:_identify(.) by extension 'colcon_pkg'
[1.158s] Level 1:colcon.colcon_core.package_identification:_identify(.) by extensions ['colcon_meta']
[1.158s] Level 1:colcon.colcon_core.package_identification:_identify(.) by extension 'colcon_meta'
[1.158s] Level 1:colcon.colcon_core.package_identification:_identify(.) by extensions ['ros']
[1.158s] Level 1:colcon.colcon_core.package_identification:_identify(.) by extension 'ros'
[1.168s] Level 1:colcon.colcon_core.package_identification:_identify(.) by extensions ['cmake', 'python']
[1.168s] Level 1:colcon.colcon_core.package_identification:_identify(.) by extension 'cmake'
[1.168s] Level 1:colcon.colcon_core.package_identification:_identify(.) by extension 'python'
[1.168s] Level 1:colcon.colcon_core.package_identification:_identify(.) by extensions ['python_setup_py']
[1.168s] Level 1:colcon.colcon_core.package_identification:_identify(.) by extension 'python_setup_py'
[1.168s] Level 1:colcon.colcon_core.package_identification:_identify(build) by extensions ['ignore', 'ignore_ament_install']
[1.168s] Level 1:colcon.colcon_core.package_identification:_identify(build) by extension 'ignore'
[1.169s] Level 1:colcon.colcon_core.package_identification:_identify(build) ignored
[1.169s] Level 1:colcon.colcon_core.package_identification:_identify(install) by extensions ['ignore', 'ignore_ament_install']
[1.169s] Level 1:colcon.colcon_core.package_identification:_identify(install) by extension 'ignore'
[1.169s] Level 1:colcon.colcon_core.package_identification:_identify(install) ignored
[1.169s] Level 1:colcon.colcon_core.package_identification:_identify(log) by extensions ['ignore', 'ignore_ament_install']
[1.169s] Level 1:colcon.colcon_core.package_identification:_identify(log) by extension 'ignore'
[1.169s] Level 1:colcon.colcon_core.package_identification:_identify(log) ignored
[1.169s] Level 1:colcon.colcon_core.package_identification:_identify(src) by extensions ['ignore', 'ignore_ament_install']
[1.169s] Level 1:colcon.colcon_core.package_identification:_identify(src) by extension 'ignore'
[1.169s] Level 1:colcon.colcon_core.package_identification:_identify(src) by extension 'ignore_ament_install'
[1.169s] Level 1:colcon.colcon_core.package_identification:_identify(src) by extensions ['colcon_pkg']
[1.169s] Level 1:colcon.colcon_core.package_identification:_identify(src) by extension 'colcon_pkg'
[1.169s] Level 1:colcon.colcon_core.package_identification:_identify(src) by extensions ['colcon_meta']
[1.169s] Level 1:colcon.colcon_core.package_identification:_identify(src) by extension 'colcon_meta'
[1.169s] Level 1:colcon.colcon_core.package_identification:_identify(src) by extensions ['ros']
[1.169s] Level 1:colcon.colcon_core.package_identification:_identify(src) by extension 'ros'
[1.170s] Level 1:colcon.colcon_core.package_identification:_identify(src) by extensions ['cmake', 'python']
[1.170s] Level 1:colcon.colcon_core.package_identification:_identify(src) by extension 'cmake'
[1.170s] Level 1:colcon.colcon_core.package_identification:_identify(src) by extension 'python'
[1.170s] Level 1:colcon.colcon_core.package_identification:_identify(src) by extensions ['python_setup_py']
[1.170s] Level 1:colcon.colcon_core.package_identification:_identify(src) by extension 'python_setup_py'
[1.170s] Level 1:colcon.colcon_core.package_identification:_identify(src/images) by extensions ['ignore', 'ignore_ament_install']
[1.170s] Level 1:colcon.colcon_core.package_identification:_identify(src/images) by extension 'ignore'
[1.170s] Level 1:colcon.colcon_core.package_identification:_identify(src/images) by extension 'ignore_ament_install'
[1.170s] Level 1:colcon.colcon_core.package_identification:_identify(src/images) by extensions ['colcon_pkg']
[1.170s] Level 1:colcon.colcon_core.package_identification:_identify(src/images) by extension 'colcon_pkg'
[1.170s] Level 1:colcon.colcon_core.package_identification:_identify(src/images) by extensions ['colcon_meta']
[1.170s] Level 1:colcon.colcon_core.package_identification:_identify(src/images) by extension 'colcon_meta'
[1.170s] Level 1:colcon.colcon_core.package_identification:_identify(src/images) by extensions ['ros']
[1.170s] Level 1:colcon.colcon_core.package_identification:_identify(src/images) by extension 'ros'
[1.170s] Level 1:colcon.colcon_core.package_identification:_identify(src/images) by extensions ['cmake', 'python']
[1.170s] Level 1:colcon.colcon_core.package_identification:_identify(src/images) by extension 'cmake'
[1.170s] Level 1:colcon.colcon_core.package_identification:_identify(src/images) by extension 'python'
[1.170s] Level 1:colcon.colcon_core.package_identification:_identify(src/images) by extensions ['python_setup_py']
[1.170s] Level 1:colcon.colcon_core.package_identification:_identify(src/images) by extension 'python_setup_py'
[1.170s] Level 1:colcon.colcon_core.package_identification:_identify(src/r_gator_description) by extensions ['ignore', 'ignore_ament_install']
[1.171s] Level 1:colcon.colcon_core.package_identification:_identify(src/r_gator_description) by extension 'ignore'
[1.171s] Level 1:colcon.colcon_core.package_identification:_identify(src/r_gator_description) by extension 'ignore_ament_install'
[1.171s] Level 1:colcon.colcon_core.package_identification:_identify(src/r_gator_description) by extensions ['colcon_pkg']
[1.171s] Level 1:colcon.colcon_core.package_identification:_identify(src/r_gator_description) by extension 'colcon_pkg'
[1.171s] Level 1:colcon.colcon_core.package_identification:_identify(src/r_gator_description) by extensions ['colcon_meta']
[1.171s] Level 1:colcon.colcon_core.package_identification:_identify(src/r_gator_description) by extension 'colcon_meta'
[1.171s] Level 1:colcon.colcon_core.package_identification:_identify(src/r_gator_description) by extensions ['ros']
[1.171s] Level 1:colcon.colcon_core.package_identification:_identify(src/r_gator_description) by extension 'ros'
[1.173s] DEBUG:colcon.colcon_core.package_identification:Package 'src/r_gator_description' with type 'ros.ament_cmake' and name 'r_gator_description'
[1.173s] Level 1:colcon.colcon_core.package_identification:_identify(src/r_gator_gazebo) by extensions ['ignore', 'ignore_ament_install']
[1.174s] Level 1:colcon.colcon_core.package_identification:_identify(src/r_gator_gazebo) by extension 'ignore'
[1.174s] Level 1:colcon.colcon_core.package_identification:_identify(src/r_gator_gazebo) by extension 'ignore_ament_install'
[1.174s] Level 1:colcon.colcon_core.package_identification:_identify(src/r_gator_gazebo) by extensions ['colcon_pkg']
[1.174s] Level 1:colcon.colcon_core.package_identification:_identify(src/r_gator_gazebo) by extension 'colcon_pkg'
[1.174s] Level 1:colcon.colcon_core.package_identification:_identify(src/r_gator_gazebo) by extensions ['colcon_meta']
[1.174s] Level 1:colcon.colcon_core.package_identification:_identify(src/r_gator_gazebo) by extension 'colcon_meta'
[1.174s] Level 1:colcon.colcon_core.package_identification:_identify(src/r_gator_gazebo) by extensions ['ros']
[1.174s] Level 1:colcon.colcon_core.package_identification:_identify(src/r_gator_gazebo) by extension 'ros'
[1.175s] DEBUG:colcon.colcon_core.package_identification:Package 'src/r_gator_gazebo' with type 'ros.ament_cmake' and name 'r_gator_gazebo'
[1.175s] Level 1:colcon.colcon_core.package_identification:_identify(src/r_gator_gazebo_tool) by extensions ['ignore', 'ignore_ament_install']
[1.175s] Level 1:colcon.colcon_core.package_identification:_identify(src/r_gator_gazebo_tool) by extension 'ignore'
[1.175s] Level 1:colcon.colcon_core.package_identification:_identify(src/r_gator_gazebo_tool) by extension 'ignore_ament_install'
[1.175s] Level 1:colcon.colcon_core.package_identification:_identify(src/r_gator_gazebo_tool) by extensions ['colcon_pkg']
[1.175s] Level 1:colcon.colcon_core.package_identification:_identify(src/r_gator_gazebo_tool) by extension 'colcon_pkg'
[1.176s] Level 1:colcon.colcon_core.package_identification:_identify(src/r_gator_gazebo_tool) by extensions ['colcon_meta']
[1.176s] Level 1:colcon.colcon_core.package_identification:_identify(src/r_gator_gazebo_tool) by extension 'colcon_meta'
[1.176s] Level 1:colcon.colcon_core.package_identification:_identify(src/r_gator_gazebo_tool) by extensions ['ros']
[1.176s] Level 1:colcon.colcon_core.package_identification:_identify(src/r_gator_gazebo_tool) by extension 'ros'
[1.176s] DEBUG:colcon.colcon_core.package_identification:Package 'src/r_gator_gazebo_tool' with type 'ros.ament_cmake' and name 'r_gator_gazebo_tool'
[1.176s] Level 1:colcon.colcon_core.package_identification:_identify(src/r_gator_launch) by extensions ['ignore', 'ignore_ament_install']
[1.177s] Level 1:colcon.colcon_core.package_identification:_identify(src/r_gator_launch) by extension 'ignore'
[1.177s] Level 1:colcon.colcon_core.package_identification:_identify(src/r_gator_launch) by extension 'ignore_ament_install'
[1.177s] Level 1:colcon.colcon_core.package_identification:_identify(src/r_gator_launch) by extensions ['colcon_pkg']
[1.177s] Level 1:colcon.colcon_core.package_identification:_identify(src/r_gator_launch) by extension 'colcon_pkg'
[1.177s] Level 1:colcon.colcon_core.package_identification:_identify(src/r_gator_launch) by extensions ['colcon_meta']
[1.177s] Level 1:colcon.colcon_core.package_identification:_identify(src/r_gator_launch) by extension 'colcon_meta'
[1.177s] Level 1:colcon.colcon_core.package_identification:_identify(src/r_gator_launch) by extensions ['ros']
[1.177s] Level 1:colcon.colcon_core.package_identification:_identify(src/r_gator_launch) by extension 'ros'
[1.177s] DEBUG:colcon.colcon_core.package_identification:Package 'src/r_gator_launch' with type 'ros.ament_cmake' and name 'r_gator_launch'
[1.177s] Level 1:colcon.colcon_core.package_identification:_identify(src/r_gator_teleop) by extensions ['ignore', 'ignore_ament_install']
[1.177s] Level 1:colcon.colcon_core.package_identification:_identify(src/r_gator_teleop) by extension 'ignore'
[1.178s] Level 1:colcon.colcon_core.package_identification:_identify(src/r_gator_teleop) by extension 'ignore_ament_install'
[1.178s] Level 1:colcon.colcon_core.package_identification:_identify(src/r_gator_teleop) by extensions ['colcon_pkg']
[1.178s] Level 1:colcon.colcon_core.package_identification:_identify(src/r_gator_teleop) by extension 'colcon_pkg'
[1.178s] Level 1:colcon.colcon_core.package_identification:_identify(src/r_gator_teleop) by extensions ['colcon_meta']
[1.178s] Level 1:colcon.colcon_core.package_identification:_identify(src/r_gator_teleop) by extension 'colcon_meta'
[1.178s] Level 1:colcon.colcon_core.package_identification:_identify(src/r_gator_teleop) by extensions ['ros']
[1.178s] Level 1:colcon.colcon_core.package_identification:_identify(src/r_gator_teleop) by extension 'ros'
[1.178s] DEBUG:colcon.colcon_core.package_identification:Package 'src/r_gator_teleop' with type 'ros.ament_cmake' and name 'r_gator_teleop'
[1.179s] Level 1:colcon.colcon_core.package_identification:_identify(src/rgator_model) by extensions ['ignore', 'ignore_ament_install']
[1.179s] Level 1:colcon.colcon_core.package_identification:_identify(src/rgator_model) by extension 'ignore'
[1.179s] Level 1:colcon.colcon_core.package_identification:_identify(src/rgator_model) by extension 'ignore_ament_install'
[1.179s] Level 1:colcon.colcon_core.package_identification:_identify(src/rgator_model) by extensions ['colcon_pkg']
[1.179s] Level 1:colcon.colcon_core.package_identification:_identify(src/rgator_model) by extension 'colcon_pkg'
[1.179s] Level 1:colcon.colcon_core.package_identification:_identify(src/rgator_model) by extensions ['colcon_meta']
[1.179s] Level 1:colcon.colcon_core.package_identification:_identify(src/rgator_model) by extension 'colcon_meta'
[1.179s] Level 1:colcon.colcon_core.package_identification:_identify(src/rgator_model) by extensions ['ros']
[1.179s] Level 1:colcon.colcon_core.package_identification:_identify(src/rgator_model) by extension 'ros'
[1.180s] DEBUG:colcon.colcon_core.package_identification:Package 'src/rgator_model' with type 'ros.ament_cmake' and name 'rgator_model'
[1.180s] Level 1:colcon.colcon_core.package_identification:_identify(src/src) by extensions ['ignore', 'ignore_ament_install']
[1.180s] Level 1:colcon.colcon_core.package_identification:_identify(src/src) by extension 'ignore'
[1.180s] Level 1:colcon.colcon_core.package_identification:_identify(src/src) by extension 'ignore_ament_install'
[1.180s] Level 1:colcon.colcon_core.package_identification:_identify(src/src) by extensions ['colcon_pkg']
[1.180s] Level 1:colcon.colcon_core.package_identification:_identify(src/src) by extension 'colcon_pkg'
[1.180s] Level 1:colcon.colcon_core.package_identification:_identify(src/src) by extensions ['colcon_meta']
[1.180s] Level 1:colcon.colcon_core.package_identification:_identify(src/src) by extension 'colcon_meta'
[1.180s] Level 1:colcon.colcon_core.package_identification:_identify(src/src) by extensions ['ros']
[1.180s] Level 1:colcon.colcon_core.package_identification:_identify(src/src) by extension 'ros'
[1.180s] Level 1:colcon.colcon_core.package_identification:_identify(src/src) by extensions ['cmake', 'python']
[1.180s] Level 1:colcon.colcon_core.package_identification:_identify(src/src) by extension 'cmake'
[1.180s] Level 1:colcon.colcon_core.package_identification:_identify(src/src) by extension 'python'
[1.180s] Level 1:colcon.colcon_core.package_identification:_identify(src/src) by extensions ['python_setup_py']
[1.180s] Level 1:colcon.colcon_core.package_identification:_identify(src/src) by extension 'python_setup_py'
[1.180s] Level 1:colcon.colcon_core.package_discovery:discover_packages(recursive) using defaults
[1.181s] Level 1:colcon.colcon_core.package_discovery:discover_packages(ignore) discover
[1.181s] Level 1:colcon.colcon_core.package_discovery:discover_packages(ignore) using defaults
[1.181s] Level 1:colcon.colcon_core.package_discovery:discover_packages(path) discover
[1.181s] Level 1:colcon.colcon_core.package_discovery:discover_packages(path) using defaults
[1.275s] Level 1:colcon.colcon_core.package_discovery:discover_packages(prefix_path) check parameters
[1.275s] Level 1:colcon.colcon_core.package_discovery:discover_packages(prefix_path) discover
[1.307s] DEBUG:colcon.colcon_installed_package_information.package_discovery:Found 6 installed packages in /home/samee/ros2ws/install
[1.329s] DEBUG:colcon.colcon_installed_package_information.package_discovery:Found 300 installed packages in /opt/ros/humble
[1.330s] Level 1:colcon.colcon_core.package_discovery:discover_packages(prefix_path) using defaults
[1.421s] Level 5:colcon.colcon_core.verb:set package 'r_gator_description' build argument 'cmake_args' from command line to 'None'
[1.421s] Level 5:colcon.colcon_core.verb:set package 'r_gator_description' build argument 'cmake_target' from command line to 'None'
[1.421s] Level 5:colcon.colcon_core.verb:set package 'r_gator_description' build argument 'cmake_target_skip_unavailable' from command line to 'False'
[1.421s] Level 5:colcon.colcon_core.verb:set package 'r_gator_description' build argument 'cmake_clean_cache' from command line to 'False'
[1.421s] Level 5:colcon.colcon_core.verb:set package 'r_gator_description' build argument 'cmake_clean_first' from command line to 'False'
[1.421s] Level 5:colcon.colcon_core.verb:set package 'r_gator_description' build argument 'cmake_force_configure' from command line to 'False'
[1.421s] Level 5:colcon.colcon_core.verb:set package 'r_gator_description' build argument 'ament_cmake_args' from command line to 'None'
[1.421s] Level 5:colcon.colcon_core.verb:set package 'r_gator_description' build argument 'catkin_cmake_args' from command line to 'None'
[1.421s] Level 5:colcon.colcon_core.verb:set package 'r_gator_description' build argument 'catkin_skip_building_tests' from command line to 'False'
[1.421s] DEBUG:colcon.colcon_core.verb:Building package 'r_gator_description' with the following arguments: {'ament_cmake_args': None, 'build_base': '/home/samee/ros2ws/build/r_gator_description', 'catkin_cmake_args': None, 'catkin_skip_building_tests': False, 'cmake_args': None, 'cmake_clean_cache': False, 'cmake_clean_first': False, 'cmake_force_configure': False, 'cmake_target': None, 'cmake_target_skip_unavailable': False, 'install_base': '/home/samee/ros2ws/install/r_gator_description', 'merge_install': False, 'path': '/home/samee/ros2ws/src/r_gator_description', 'symlink_install': False, 'test_result_base': None}
[1.436s] Level 5:colcon.colcon_core.verb:set package 'r_gator_gazebo' build argument 'cmake_args' from command line to 'None'
[1.436s] Level 5:colcon.colcon_core.verb:set package 'r_gator_gazebo' build argument 'cmake_target' from command line to 'None'
[1.436s] Level 5:colcon.colcon_core.verb:set package 'r_gator_gazebo' build argument 'cmake_target_skip_unavailable' from command line to 'False'
[1.436s] Level 5:colcon.colcon_core.verb:set package 'r_gator_gazebo' build argument 'cmake_clean_cache' from command line to 'False'
[1.436s] Level 5:colcon.colcon_core.verb:set package 'r_gator_gazebo' build argument 'cmake_clean_first' from command line to 'False'
[1.436s] Level 5:colcon.colcon_core.verb:set package 'r_gator_gazebo' build argument 'cmake_force_configure' from command line to 'False'
[1.436s] Level 5:colcon.colcon_core.verb:set package 'r_gator_gazebo' build argument 'ament_cmake_args' from command line to 'None'
[1.436s] Level 5:colcon.colcon_core.verb:set package 'r_gator_gazebo' build argument 'catkin_cmake_args' from command line to 'None'
[1.436s] Level 5:colcon.colcon_core.verb:set package 'r_gator_gazebo' build argument 'catkin_skip_building_tests' from command line to 'False'
[1.436s] DEBUG:colcon.colcon_core.verb:Building package 'r_gator_gazebo' with the following arguments: {'ament_cmake_args': None, 'build_base': '/home/samee/ros2ws/build/r_gator_gazebo', 'catkin_cmake_args': None, 'catkin_skip_building_tests': False, 'cmake_args': None, 'cmake_clean_cache': False, 'cmake_clean_first': False, 'cmake_force_configure': False, 'cmake_target': None, 'cmake_target_skip_unavailable': False, 'install_base': '/home/samee/ros2ws/install/r_gator_gazebo', 'merge_install': False, 'path': '/home/samee/ros2ws/src/r_gator_gazebo', 'symlink_install': False, 'test_result_base': None}
[1.452s] Level 5:colcon.colcon_core.verb:set package 'r_gator_gazebo_tool' build argument 'cmake_args' from command line to 'None'
[1.452s] Level 5:colcon.colcon_core.verb:set package 'r_gator_gazebo_tool' build argument 'cmake_target' from command line to 'None'
[1.452s] Level 5:colcon.colcon_core.verb:set package 'r_gator_gazebo_tool' build argument 'cmake_target_skip_unavailable' from command line to 'False'
[1.452s] Level 5:colcon.colcon_core.verb:set package 'r_gator_gazebo_tool' build argument 'cmake_clean_cache' from command line to 'False'
[1.452s] Level 5:colcon.colcon_core.verb:set package 'r_gator_gazebo_tool' build argument 'cmake_clean_first' from command line to 'False'
[1.452s] Level 5:colcon.colcon_core.verb:set package 'r_gator_gazebo_tool' build argument 'cmake_force_configure' from command line to 'False'
[1.452s] Level 5:colcon.colcon_core.verb:set package 'r_gator_gazebo_tool' build argument 'ament_cmake_args' from command line to 'None'
[1.452s] Level 5:colcon.colcon_core.verb:set package 'r_gator_gazebo_tool' build argument 'catkin_cmake_args' from command line to 'None'
[1.452s] Level 5:colcon.colcon_core.verb:set package 'r_gator_gazebo_tool' build argument 'catkin_skip_building_tests' from command line to 'False'
[1.452s] DEBUG:colcon.colcon_core.verb:Building package 'r_gator_gazebo_tool' with the following arguments: {'ament_cmake_args': None, 'build_base': '/home/samee/ros2ws/build/r_gator_gazebo_tool', 'catkin_cmake_args': None, 'catkin_skip_building_tests': False, 'cmake_args': None, 'cmake_clean_cache': False, 'cmake_clean_first': False, 'cmake_force_configure': False, 'cmake_target': None, 'cmake_target_skip_unavailable': False, 'install_base': '/home/samee/ros2ws/install/r_gator_gazebo_tool', 'merge_install': False, 'path': '/home/samee/ros2ws/src/r_gator_gazebo_tool', 'symlink_install': False, 'test_result_base': None}
[1.467s] Level 5:colcon.colcon_core.verb:set package 'r_gator_launch' build argument 'cmake_args' from command line to 'None'
[1.467s] Level 5:colcon.colcon_core.verb:set package 'r_gator_launch' build argument 'cmake_target' from command line to 'None'
[1.467s] Level 5:colcon.colcon_core.verb:set package 'r_gator_launch' build argument 'cmake_target_skip_unavailable' from command line to 'False'
[1.467s] Level 5:colcon.colcon_core.verb:set package 'r_gator_launch' build argument 'cmake_clean_cache' from command line to 'False'
[1.467s] Level 5:colcon.colcon_core.verb:set package 'r_gator_launch' build argument 'cmake_clean_first' from command line to 'False'
[1.467s] Level 5:colcon.colcon_core.verb:set package 'r_gator_launch' build argument 'cmake_force_configure' from command line to 'False'
[1.467s] Level 5:colcon.colcon_core.verb:set package 'r_gator_launch' build argument 'ament_cmake_args' from command line to 'None'
[1.467s] Level 5:colcon.colcon_core.verb:set package 'r_gator_launch' build argument 'catkin_cmake_args' from command line to 'None'
[1.467s] Level 5:colcon.colcon_core.verb:set package 'r_gator_launch' build argument 'catkin_skip_building_tests' from command line to 'False'
[1.467s] DEBUG:colcon.colcon_core.verb:Building package 'r_gator_launch' with the following arguments: {'ament_cmake_args': None, 'build_base': '/home/samee/ros2ws/build/r_gator_launch', 'catkin_cmake_args': None, 'catkin_skip_building_tests': False, 'cmake_args': None, 'cmake_clean_cache': False, 'cmake_clean_first': False, 'cmake_force_configure': False, 'cmake_target': None, 'cmake_target_skip_unavailable': False, 'install_base': '/home/samee/ros2ws/install/r_gator_launch', 'merge_install': False, 'path': '/home/samee/ros2ws/src/r_gator_launch', 'symlink_install': False, 'test_result_base': None}
[1.483s] Level 5:colcon.colcon_core.verb:set package 'r_gator_teleop' build argument 'cmake_args' from command line to 'None'
[1.483s] Level 5:colcon.colcon_core.verb:set package 'r_gator_teleop' build argument 'cmake_target' from command line to 'None'
[1.483s] Level 5:colcon.colcon_core.verb:set package 'r_gator_teleop' build argument 'cmake_target_skip_unavailable' from command line to 'False'
[1.483s] Level 5:colcon.colcon_core.verb:set package 'r_gator_teleop' build argument 'cmake_clean_cache' from command line to 'False'
[1.483s] Level 5:colcon.colcon_core.verb:set package 'r_gator_teleop' build argument 'cmake_clean_first' from command line to 'False'
[1.483s] Level 5:colcon.colcon_core.verb:set package 'r_gator_teleop' build argument 'cmake_force_configure' from command line to 'False'
[1.483s] Level 5:colcon.colcon_core.verb:set package 'r_gator_teleop' build argument 'ament_cmake_args' from command line to 'None'
[1.483s] Level 5:colcon.colcon_core.verb:set package 'r_gator_teleop' build argument 'catkin_cmake_args' from command line to 'None'
[1.483s] Level 5:colcon.colcon_core.verb:set package 'r_gator_teleop' build argument 'catkin_skip_building_tests' from command line to 'False'
[1.483s] DEBUG:colcon.colcon_core.verb:Building package 'r_gator_teleop' with the following arguments: {'ament_cmake_args': None, 'build_base': '/home/samee/ros2ws/build/r_gator_teleop', 'catkin_cmake_args': None, 'catkin_skip_building_tests': False, 'cmake_args': None, 'cmake_clean_cache': False, 'cmake_clean_first': False, 'cmake_force_configure': False, 'cmake_target': None, 'cmake_target_skip_unavailable': False, 'install_base': '/home/samee/ros2ws/install/r_gator_teleop', 'merge_install': False, 'path': '/home/samee/ros2ws/src/r_gator_teleop', 'symlink_install': False, 'test_result_base': None}
[1.498s] Level 5:colcon.colcon_core.verb:set package 'rgator_model' build argument 'cmake_args' from command line to 'None'
[1.498s] Level 5:colcon.colcon_core.verb:set package 'rgator_model' build argument 'cmake_target' from command line to 'None'
[1.498s] Level 5:colcon.colcon_core.verb:set package 'rgator_model' build argument 'cmake_target_skip_unavailable' from command line to 'False'
[1.498s] Level 5:colcon.colcon_core.verb:set package 'rgator_model' build argument 'cmake_clean_cache' from command line to 'False'
[1.498s] Level 5:colcon.colcon_core.verb:set package 'rgator_model' build argument 'cmake_clean_first' from command line to 'False'
[1.498s] Level 5:colcon.colcon_core.verb:set package 'rgator_model' build argument 'cmake_force_configure' from command line to 'False'
[1.498s] Level 5:colcon.colcon_core.verb:set package 'rgator_model' build argument 'ament_cmake_args' from command line to 'None'
[1.498s] Level 5:colcon.colcon_core.verb:set package 'rgator_model' build argument 'catkin_cmake_args' from command line to 'None'
[1.498s] Level 5:colcon.colcon_core.verb:set package 'rgator_model' build argument 'catkin_skip_building_tests' from command line to 'False'
[1.498s] DEBUG:colcon.colcon_core.verb:Building package 'rgator_model' with the following arguments: {'ament_cmake_args': None, 'build_base': '/home/samee/ros2ws/build/rgator_model', 'catkin_cmake_args': None, 'catkin_skip_building_tests': False, 'cmake_args': None, 'cmake_clean_cache': False, 'cmake_clean_first': False, 'cmake_force_configure': False, 'cmake_target': None, 'cmake_target_skip_unavailable': False, 'install_base': '/home/samee/ros2ws/install/rgator_model', 'merge_install': False, 'path': '/home/samee/ros2ws/src/rgator_model', 'symlink_install': False, 'test_result_base': None}
[1.513s] INFO:colcon.colcon_core.executor:Executing jobs using 'parallel' executor
[1.528s] DEBUG:colcon.colcon_parallel_executor.executor.parallel:run_until_complete
[1.529s] INFO:colcon.colcon_ros.task.ament_cmake.build:Building ROS package in '/home/samee/ros2ws/src/r_gator_description' with build type 'ament_cmake'
[1.529s] INFO:colcon.colcon_cmake.task.cmake.build:Building CMake package in '/home/samee/ros2ws/src/r_gator_description'
[1.546s] INFO:colcon.colcon_core.plugin_system:Skipping extension 'colcon_core.shell.bat': Not used on non-Windows systems
[1.546s] INFO:colcon.colcon_core.shell:Skip shell extension 'powershell' for command environment: Not usable outside of PowerShell
[1.546s] DEBUG:colcon.colcon_core.shell:Skip shell extension 'dsv' for command environment
[1.597s] INFO:colcon.colcon_ros.task.ament_cmake.build:Building ROS package in '/home/samee/ros2ws/src/r_gator_gazebo' with build type 'ament_cmake'
[1.597s] INFO:colcon.colcon_cmake.task.cmake.build:Building CMake package in '/home/samee/ros2ws/src/r_gator_gazebo'
[1.613s] INFO:colcon.colcon_core.shell:Skip shell extension 'powershell' for command environment: Not usable outside of PowerShell
[1.613s] DEBUG:colcon.colcon_core.shell:Skip shell extension 'dsv' for command environment
[1.665s] INFO:colcon.colcon_ros.task.ament_cmake.build:Building ROS package in '/home/samee/ros2ws/src/r_gator_gazebo_tool' with build type 'ament_cmake'
[1.665s] INFO:colcon.colcon_cmake.task.cmake.build:Building CMake package in '/home/samee/ros2ws/src/r_gator_gazebo_tool'
[1.681s] INFO:colcon.colcon_core.shell:Skip shell extension 'powershell' for command environment: Not usable outside of PowerShell
[1.682s] DEBUG:colcon.colcon_core.shell:Skip shell extension 'dsv' for command environment
[1.735s] INFO:colcon.colcon_ros.task.ament_cmake.build:Building ROS package in '/home/samee/ros2ws/src/r_gator_launch' with build type 'ament_cmake'
[1.735s] INFO:colcon.colcon_cmake.task.cmake.build:Building CMake package in '/home/samee/ros2ws/src/r_gator_launch'
[1.752s] INFO:colcon.colcon_core.shell:Skip shell extension 'powershell' for command environment: Not usable outside of PowerShell
[1.752s] DEBUG:colcon.colcon_core.shell:Skip shell extension 'dsv' for command environment
[1.807s] INFO:colcon.colcon_ros.task.ament_cmake.build:Building ROS package in '/home/samee/ros2ws/src/r_gator_teleop' with build type 'ament_cmake'
[1.807s] INFO:colcon.colcon_cmake.task.cmake.build:Building CMake package in '/home/samee/ros2ws/src/r_gator_teleop'
[1.825s] INFO:colcon.colcon_core.shell:Skip shell extension 'powershell' for command environment: Not usable outside of PowerShell
[1.825s] DEBUG:colcon.colcon_core.shell:Skip shell extension 'dsv' for command environment
[1.879s] INFO:colcon.colcon_ros.task.ament_cmake.build:Building ROS package in '/home/samee/ros2ws/src/rgator_model' with build type 'ament_cmake'
[1.879s] INFO:colcon.colcon_cmake.task.cmake.build:Building CMake package in '/home/samee/ros2ws/src/rgator_model'
[1.895s] INFO:colcon.colcon_core.shell:Skip shell extension 'powershell' for command environment: Not usable outside of PowerShell
[1.895s] DEBUG:colcon.colcon_core.shell:Skip shell extension 'dsv' for command environment
[1.951s] DEBUG:colcon.colcon_core.event_handler.log_command:Invoking command in '/home/samee/ros2ws/build/r_gator_description': CMAKE_PREFIX_PATH=/opt/ros/humble:${CMAKE_PREFIX_PATH} /usr/local/bin/cmake --build /home/samee/ros2ws/build/r_gator_description -- -j12 -l12
[1.954s] DEBUG:colcon.colcon_core.event_handler.log_command:Invoking command in '/home/samee/ros2ws/build/r_gator_gazebo': CMAKE_PREFIX_PATH=/opt/ros/humble:${CMAKE_PREFIX_PATH} /usr/local/bin/cmake --build /home/samee/ros2ws/build/r_gator_gazebo -- -j12 -l12
[1.956s] DEBUG:colcon.colcon_core.event_handler.log_command:Invoking command in '/home/samee/ros2ws/build/r_gator_gazebo_tool': CMAKE_PREFIX_PATH=/opt/ros/humble:${CMAKE_PREFIX_PATH} /usr/local/bin/cmake --build /home/samee/ros2ws/build/r_gator_gazebo_tool -- -j12 -l12
[1.958s] DEBUG:colcon.colcon_core.event_handler.log_command:Invoking command in '/home/samee/ros2ws/build/r_gator_launch': CMAKE_PREFIX_PATH=/opt/ros/humble:${CMAKE_PREFIX_PATH} /usr/local/bin/cmake --build /home/samee/ros2ws/build/r_gator_launch -- -j12 -l12
[1.961s] DEBUG:colcon.colcon_core.event_handler.log_command:Invoking command in '/home/samee/ros2ws/build/r_gator_teleop': CMAKE_PREFIX_PATH=/opt/ros/humble:${CMAKE_PREFIX_PATH} /usr/local/bin/cmake --build /home/samee/ros2ws/build/r_gator_teleop -- -j12 -l12
[1.965s] DEBUG:colcon.colcon_core.event_handler.log_command:Invoking command in '/home/samee/ros2ws/build/rgator_model': CMAKE_PREFIX_PATH=/opt/ros/humble:${CMAKE_PREFIX_PATH} /usr/local/bin/cmake --build /home/samee/ros2ws/build/rgator_model -- -j12 -l12
[1.967s] DEBUG:colcon.colcon_core.event_handler.log_command:Invoked command in '/home/samee/ros2ws/build/r_gator_description' returned '0': CMAKE_PREFIX_PATH=/opt/ros/humble:${CMAKE_PREFIX_PATH} /usr/local/bin/cmake --build /home/samee/ros2ws/build/r_gator_description -- -j12 -l12
[1.968s] DEBUG:colcon.colcon_core.event_handler.log_command:Invoked command in '/home/samee/ros2ws/build/r_gator_gazebo' returned '0': CMAKE_PREFIX_PATH=/opt/ros/humble:${CMAKE_PREFIX_PATH} /usr/local/bin/cmake --build /home/samee/ros2ws/build/r_gator_gazebo -- -j12 -l12
[1.970s] DEBUG:colcon.colcon_core.event_handler.log_command:Invoked command in '/home/samee/ros2ws/build/r_gator_launch' returned '0': CMAKE_PREFIX_PATH=/opt/ros/humble:${CMAKE_PREFIX_PATH} /usr/local/bin/cmake --build /home/samee/ros2ws/build/r_gator_launch -- -j12 -l12
[1.972s] DEBUG:colcon.colcon_core.event_handler.log_command:Invoked command in '/home/samee/ros2ws/build/r_gator_teleop' returned '0': CMAKE_PREFIX_PATH=/opt/ros/humble:${CMAKE_PREFIX_PATH} /usr/local/bin/cmake --build /home/samee/ros2ws/build/r_gator_teleop -- -j12 -l12
[1.974s] DEBUG:colcon.colcon_core.event_handler.log_command:Invoked command in '/home/samee/ros2ws/build/rgator_model' returned '0': CMAKE_PREFIX_PATH=/opt/ros/humble:${CMAKE_PREFIX_PATH} /usr/local/bin/cmake --build /home/samee/ros2ws/build/rgator_model -- -j12 -l12
[1.981s] DEBUG:colcon.colcon_core.event_handler.log_command:Invoking command in '/home/samee/ros2ws/build/r_gator_description': CMAKE_PREFIX_PATH=/opt/ros/humble:${CMAKE_PREFIX_PATH} /usr/local/bin/cmake --install /home/samee/ros2ws/build/r_gator_description
[1.987s] Level 1:colcon.colcon_core.environment:create_environment_scripts_only(r_gator_description)
[1.990s] DEBUG:colcon.colcon_core.event_handler.log_command:Invoking command in '/home/samee/ros2ws/build/r_gator_launch': CMAKE_PREFIX_PATH=/opt/ros/humble:${CMAKE_PREFIX_PATH} /usr/local/bin/cmake --install /home/samee/ros2ws/build/r_gator_launch
[1.992s] DEBUG:colcon.colcon_core.event_handler.log_command:Invoking command in '/home/samee/ros2ws/build/r_gator_gazebo': CMAKE_PREFIX_PATH=/opt/ros/humble:${CMAKE_PREFIX_PATH} /usr/local/bin/cmake --install /home/samee/ros2ws/build/r_gator_gazebo
[1.997s] DEBUG:colcon.colcon_core.event_handler.log_command:Invoking command in '/home/samee/ros2ws/build/r_gator_teleop': CMAKE_PREFIX_PATH=/opt/ros/humble:${CMAKE_PREFIX_PATH} /usr/local/bin/cmake --install /home/samee/ros2ws/build/r_gator_teleop
[1.998s] DEBUG:colcon.colcon_core.event_handler.log_command:Invoking command in '/home/samee/ros2ws/build/rgator_model': CMAKE_PREFIX_PATH=/opt/ros/humble:${CMAKE_PREFIX_PATH} /usr/local/bin/cmake --install /home/samee/ros2ws/build/rgator_model
[1.999s] DEBUG:colcon.colcon_core.event_handler.log_command:Invoked command in '/home/samee/ros2ws/build/r_gator_description' returned '0': CMAKE_PREFIX_PATH=/opt/ros/humble:${CMAKE_PREFIX_PATH} /usr/local/bin/cmake --install /home/samee/ros2ws/build/r_gator_description
[2.014s] Level 1:colcon.colcon_core.environment:checking '/home/samee/ros2ws/install/r_gator_description' for CMake module files
[2.014s] Level 1:colcon.colcon_core.environment:checking '/home/samee/ros2ws/install/r_gator_description' for CMake config files
[2.014s] Level 1:colcon.colcon_core.shell:create_environment_hook('r_gator_description', 'cmake_prefix_path')
[2.029s] INFO:colcon.colcon_core.shell:Creating environment hook '/home/samee/ros2ws/install/r_gator_description/share/r_gator_description/hook/cmake_prefix_path.ps1'
[2.029s] INFO:colcon.colcon_core.shell:Creating environment descriptor '/home/samee/ros2ws/install/r_gator_description/share/r_gator_description/hook/cmake_prefix_path.dsv'
[2.029s] INFO:colcon.colcon_core.shell:Creating environment hook '/home/samee/ros2ws/install/r_gator_description/share/r_gator_description/hook/cmake_prefix_path.sh'
[2.030s] Level 1:colcon.colcon_core.environment:checking '/home/samee/ros2ws/install/r_gator_description/lib'
[2.030s] Level 1:colcon.colcon_core.environment:checking '/home/samee/ros2ws/install/r_gator_description/bin'
[2.030s] Level 1:colcon.colcon_core.environment:checking '/home/samee/ros2ws/install/r_gator_description/lib/pkgconfig/r_gator_description.pc'
[2.031s] Level 1:colcon.colcon_core.environment:checking '/home/samee/ros2ws/install/r_gator_description/lib/python3.10/site-packages'
[2.031s] Level 1:colcon.colcon_core.shell:create_environment_hook('r_gator_description', 'pythonpath')
[2.046s] INFO:colcon.colcon_core.shell:Creating environment hook '/home/samee/ros2ws/install/r_gator_description/share/r_gator_description/hook/pythonpath.ps1'
[2.046s] INFO:colcon.colcon_core.shell:Creating environment descriptor '/home/samee/ros2ws/install/r_gator_description/share/r_gator_description/hook/pythonpath.dsv'
[2.047s] INFO:colcon.colcon_core.shell:Creating environment hook '/home/samee/ros2ws/install/r_gator_description/share/r_gator_description/hook/pythonpath.sh'
[2.047s] Level 1:colcon.colcon_core.environment:checking '/home/samee/ros2ws/install/r_gator_description/bin'
[2.062s] INFO:colcon.colcon_core.shell:Creating package script '/home/samee/ros2ws/install/r_gator_description/share/r_gator_description/package.ps1'
[2.063s] INFO:colcon.colcon_core.shell:Creating package descriptor '/home/samee/ros2ws/install/r_gator_description/share/r_gator_description/package.dsv'
[2.063s] INFO:colcon.colcon_core.shell:Creating package script '/home/samee/ros2ws/install/r_gator_description/share/r_gator_description/package.sh'
[2.064s] INFO:colcon.colcon_core.shell:Creating package script '/home/samee/ros2ws/install/r_gator_description/share/r_gator_description/package.bash'
[2.064s] INFO:colcon.colcon_core.shell:Creating package script '/home/samee/ros2ws/install/r_gator_description/share/r_gator_description/package.zsh'
[2.065s] Level 1:colcon.colcon_core.environment:create_file_with_runtime_dependencies(/home/samee/ros2ws/install/r_gator_description/share/colcon-core/packages/r_gator_description)
[2.067s] Level 1:colcon.colcon_core.environment:create_environment_scripts_only(r_gator_launch)
[2.068s] DEBUG:colcon.colcon_core.event_handler.log_command:Invoked command in '/home/samee/ros2ws/build/r_gator_launch' returned '0': CMAKE_PREFIX_PATH=/opt/ros/humble:${CMAKE_PREFIX_PATH} /usr/local/bin/cmake --install /home/samee/ros2ws/build/r_gator_launch
[2.083s] Level 1:colcon.colcon_core.environment:checking '/home/samee/ros2ws/install/r_gator_launch' for CMake module files
[2.084s] Level 1:colcon.colcon_core.environment:checking '/home/samee/ros2ws/install/r_gator_launch' for CMake config files
[2.084s] Level 1:colcon.colcon_core.shell:create_environment_hook('r_gator_launch', 'cmake_prefix_path')
[2.100s] INFO:colcon.colcon_core.shell:Creating environment hook '/home/samee/ros2ws/install/r_gator_launch/share/r_gator_launch/hook/cmake_prefix_path.ps1'
[2.100s] INFO:colcon.colcon_core.shell:Creating environment descriptor '/home/samee/ros2ws/install/r_gator_launch/share/r_gator_launch/hook/cmake_prefix_path.dsv'
[2.100s] INFO:colcon.colcon_core.shell:Creating environment hook '/home/samee/ros2ws/install/r_gator_launch/share/r_gator_launch/hook/cmake_prefix_path.sh'
[2.101s] Level 1:colcon.colcon_core.environment:checking '/home/samee/ros2ws/install/r_gator_launch/lib'
[2.101s] Level 1:colcon.colcon_core.environment:checking '/home/samee/ros2ws/install/r_gator_launch/bin'
[2.101s] Level 1:colcon.colcon_core.environment:checking '/home/samee/ros2ws/install/r_gator_launch/lib/pkgconfig/r_gator_launch.pc'
[2.101s] Level 1:colcon.colcon_core.environment:checking '/home/samee/ros2ws/install/r_gator_launch/lib/python3.10/site-packages'
[2.101s] Level 1:colcon.colcon_core.shell:create_environment_hook('r_gator_launch', 'pythonpath')
[2.116s] INFO:colcon.colcon_core.shell:Creating environment hook '/home/samee/ros2ws/install/r_gator_launch/share/r_gator_launch/hook/pythonpath.ps1'
[2.116s] INFO:colcon.colcon_core.shell:Creating environment descriptor '/home/samee/ros2ws/install/r_gator_launch/share/r_gator_launch/hook/pythonpath.dsv'
[2.116s] INFO:colcon.colcon_core.shell:Creating environment hook '/home/samee/ros2ws/install/r_gator_launch/share/r_gator_launch/hook/pythonpath.sh'
[2.117s] Level 1:colcon.colcon_core.environment:checking '/home/samee/ros2ws/install/r_gator_launch/bin'
[2.133s] INFO:colcon.colcon_core.shell:Creating package script '/home/samee/ros2ws/install/r_gator_launch/share/r_gator_launch/package.ps1'
[2.133s] INFO:colcon.colcon_core.shell:Creating package descriptor '/home/samee/ros2ws/install/r_gator_launch/share/r_gator_launch/package.dsv'
[2.134s] INFO:colcon.colcon_core.shell:Creating package script '/home/samee/ros2ws/install/r_gator_launch/share/r_gator_launch/package.sh'
[2.134s] INFO:colcon.colcon_core.shell:Creating package script '/home/samee/ros2ws/install/r_gator_launch/share/r_gator_launch/package.bash'
[2.134s] INFO:colcon.colcon_core.shell:Creating package script '/home/samee/ros2ws/install/r_gator_launch/share/r_gator_launch/package.zsh'
[2.134s] Level 1:colcon.colcon_core.environment:create_file_with_runtime_dependencies(/home/samee/ros2ws/install/r_gator_launch/share/colcon-core/packages/r_gator_launch)
[2.135s] Level 1:colcon.colcon_core.environment:create_environment_scripts_only(r_gator_gazebo)
[2.136s] DEBUG:colcon.colcon_core.event_handler.log_command:Invoked command in '/home/samee/ros2ws/build/r_gator_gazebo' returned '0': CMAKE_PREFIX_PATH=/opt/ros/humble:${CMAKE_PREFIX_PATH} /usr/local/bin/cmake --install /home/samee/ros2ws/build/r_gator_gazebo
[2.152s] Level 1:colcon.colcon_core.environment:checking '/home/samee/ros2ws/install/r_gator_gazebo' for CMake module files
[2.153s] Level 1:colcon.colcon_core.environment:checking '/home/samee/ros2ws/install/r_gator_gazebo' for CMake config files
[2.153s] Level 1:colcon.colcon_core.shell:create_environment_hook('r_gator_gazebo', 'cmake_prefix_path')
[2.169s] INFO:colcon.colcon_core.shell:Creating environment hook '/home/samee/ros2ws/install/r_gator_gazebo/share/r_gator_gazebo/hook/cmake_prefix_path.ps1'
[2.169s] INFO:colcon.colcon_core.shell:Creating environment descriptor '/home/samee/ros2ws/install/r_gator_gazebo/share/r_gator_gazebo/hook/cmake_prefix_path.dsv'
[2.170s] INFO:colcon.colcon_core.shell:Creating environment hook '/home/samee/ros2ws/install/r_gator_gazebo/share/r_gator_gazebo/hook/cmake_prefix_path.sh'
[2.170s] Level 1:colcon.colcon_core.environment:checking '/home/samee/ros2ws/install/r_gator_gazebo/lib'
[2.170s] Level 1:colcon.colcon_core.environment:checking '/home/samee/ros2ws/install/r_gator_gazebo/bin'
[2.170s] Level 1:colcon.colcon_core.environment:checking '/home/samee/ros2ws/install/r_gator_gazebo/lib/pkgconfig/r_gator_gazebo.pc'
[2.170s] Level 1:colcon.colcon_core.environment:checking '/home/samee/ros2ws/install/r_gator_gazebo/lib/python3.10/site-packages'
[2.170s] Level 1:colcon.colcon_core.shell:create_environment_hook('r_gator_gazebo', 'pythonpath')
[2.186s] INFO:colcon.colcon_core.shell:Creating environment hook '/home/samee/ros2ws/install/r_gator_gazebo/share/r_gator_gazebo/hook/pythonpath.ps1'
[2.186s] INFO:colcon.colcon_core.shell:Creating environment descriptor '/home/samee/ros2ws/install/r_gator_gazebo/share/r_gator_gazebo/hook/pythonpath.dsv'
[2.186s] INFO:colcon.colcon_core.shell:Creating environment hook '/home/samee/ros2ws/install/r_gator_gazebo/share/r_gator_gazebo/hook/pythonpath.sh'
[2.187s] Level 1:colcon.colcon_core.environment:checking '/home/samee/ros2ws/install/r_gator_gazebo/bin'
[2.203s] INFO:colcon.colcon_core.shell:Creating package script '/home/samee/ros2ws/install/r_gator_gazebo/share/r_gator_gazebo/package.ps1'
[2.203s] INFO:colcon.colcon_core.shell:Creating package descriptor '/home/samee/ros2ws/install/r_gator_gazebo/share/r_gator_gazebo/package.dsv'
[2.204s] INFO:colcon.colcon_core.shell:Creating package script '/home/samee/ros2ws/install/r_gator_gazebo/share/r_gator_gazebo/package.sh'
[2.204s] INFO:colcon.colcon_core.shell:Creating package script '/home/samee/ros2ws/install/r_gator_gazebo/share/r_gator_gazebo/package.bash'
[2.204s] INFO:colcon.colcon_core.shell:Creating package script '/home/samee/ros2ws/install/r_gator_gazebo/share/r_gator_gazebo/package.zsh'
[2.205s] Level 1:colcon.colcon_core.environment:create_file_with_runtime_dependencies(/home/samee/ros2ws/install/r_gator_gazebo/share/colcon-core/packages/r_gator_gazebo)
[2.206s] Level 1:colcon.colcon_core.environment:create_environment_scripts_only(r_gator_teleop)
[2.206s] DEBUG:colcon.colcon_core.event_handler.log_command:Invoked command in '/home/samee/ros2ws/build/r_gator_teleop' returned '0': CMAKE_PREFIX_PATH=/opt/ros/humble:${CMAKE_PREFIX_PATH} /usr/local/bin/cmake --install /home/samee/ros2ws/build/r_gator_teleop
[2.222s] Level 1:colcon.colcon_core.environment:checking '/home/samee/ros2ws/install/r_gator_teleop' for CMake module files
[2.222s] Level 1:colcon.colcon_core.environment:checking '/home/samee/ros2ws/install/r_gator_teleop' for CMake config files
[2.222s] Level 1:colcon.colcon_core.shell:create_environment_hook('r_gator_teleop', 'cmake_prefix_path')
[2.239s] INFO:colcon.colcon_core.shell:Creating environment hook '/home/samee/ros2ws/install/r_gator_teleop/share/r_gator_teleop/hook/cmake_prefix_path.ps1'
[2.239s] INFO:colcon.colcon_core.shell:Creating environment descriptor '/home/samee/ros2ws/install/r_gator_teleop/share/r_gator_teleop/hook/cmake_prefix_path.dsv'
[2.239s] INFO:colcon.colcon_core.shell:Creating environment hook '/home/samee/ros2ws/install/r_gator_teleop/share/r_gator_teleop/hook/cmake_prefix_path.sh'
[2.240s] Level 1:colcon.colcon_core.environment:checking '/home/samee/ros2ws/install/r_gator_teleop/bin'
[2.240s] Level 1:colcon.colcon_core.environment:checking '/home/samee/ros2ws/install/r_gator_teleop/lib/pkgconfig/r_gator_teleop.pc'
[2.240s] Level 1:colcon.colcon_core.environment:checking '/home/samee/ros2ws/install/r_gator_teleop/lib/python3.10/site-packages'
[2.240s] Level 1:colcon.colcon_core.environment:checking '/home/samee/ros2ws/install/r_gator_teleop/bin'
[2.257s] INFO:colcon.colcon_core.shell:Creating package script '/home/samee/ros2ws/install/r_gator_teleop/share/r_gator_teleop/package.ps1'
[2.258s] INFO:colcon.colcon_core.shell:Creating package descriptor '/home/samee/ros2ws/install/r_gator_teleop/share/r_gator_teleop/package.dsv'
[2.258s] INFO:colcon.colcon_core.shell:Creating package script '/home/samee/ros2ws/install/r_gator_teleop/share/r_gator_teleop/package.sh'
[2.258s] INFO:colcon.colcon_core.shell:Creating package script '/home/samee/ros2ws/install/r_gator_teleop/share/r_gator_teleop/package.bash'
[2.258s] INFO:colcon.colcon_core.shell:Creating package script '/home/samee/ros2ws/install/r_gator_teleop/share/r_gator_teleop/package.zsh'
[2.259s] Level 1:colcon.colcon_core.environment:create_file_with_runtime_dependencies(/home/samee/ros2ws/install/r_gator_teleop/share/colcon-core/packages/r_gator_teleop)
[2.260s] Level 1:colcon.colcon_core.environment:create_environment_scripts_only(rgator_model)
[2.260s] DEBUG:colcon.colcon_core.event_handler.log_command:Invoked command in '/home/samee/ros2ws/build/rgator_model' returned '0': CMAKE_PREFIX_PATH=/opt/ros/humble:${CMAKE_PREFIX_PATH} /usr/local/bin/cmake --install /home/samee/ros2ws/build/rgator_model
[2.276s] Level 1:colcon.colcon_core.environment:checking '/home/samee/ros2ws/install/rgator_model' for CMake module files
[2.277s] Level 1:colcon.colcon_core.environment:checking '/home/samee/ros2ws/install/rgator_model' for CMake config files
[2.277s] Level 1:colcon.colcon_core.shell:create_environment_hook('rgator_model', 'cmake_prefix_path')
[2.293s] INFO:colcon.colcon_core.shell:Creating environment hook '/home/samee/ros2ws/install/rgator_model/share/rgator_model/hook/cmake_prefix_path.ps1'
[2.293s] INFO:colcon.colcon_core.shell:Creating environment descriptor '/home/samee/ros2ws/install/rgator_model/share/rgator_model/hook/cmake_prefix_path.dsv'
[2.293s] INFO:colcon.colcon_core.shell:Creating environment hook '/home/samee/ros2ws/install/rgator_model/share/rgator_model/hook/cmake_prefix_path.sh'
[2.294s] Level 1:colcon.colcon_core.environment:checking '/home/samee/ros2ws/install/rgator_model/lib'
[2.294s] Level 1:colcon.colcon_core.environment:checking '/home/samee/ros2ws/install/rgator_model/bin'
[2.294s] Level 1:colcon.colcon_core.environment:checking '/home/samee/ros2ws/install/rgator_model/lib/pkgconfig/rgator_model.pc'
[2.294s] Level 1:colcon.colcon_core.environment:checking '/home/samee/ros2ws/install/rgator_model/lib/python3.10/site-packages'
[2.294s] Level 1:colcon.colcon_core.shell:create_environment_hook('rgator_model', 'pythonpath')
[2.318s] INFO:colcon.colcon_core.shell:Creating environment hook '/home/samee/ros2ws/install/rgator_model/share/rgator_model/hook/pythonpath.ps1'
[2.318s] INFO:colcon.colcon_core.shell:Creating environment descriptor '/home/samee/ros2ws/install/rgator_model/share/rgator_model/hook/pythonpath.dsv'
[2.318s] INFO:colcon.colcon_core.shell:Creating environment hook '/home/samee/ros2ws/install/rgator_model/share/rgator_model/hook/pythonpath.sh'
[2.319s] Level 1:colcon.colcon_core.environment:checking '/home/samee/ros2ws/install/rgator_model/bin'
[2.334s] INFO:colcon.colcon_core.shell:Creating package script '/home/samee/ros2ws/install/rgator_model/share/rgator_model/package.ps1'
[2.335s] INFO:colcon.colcon_core.shell:Creating package descriptor '/home/samee/ros2ws/install/rgator_model/share/rgator_model/package.dsv'
[2.335s] INFO:colcon.colcon_core.shell:Creating package script '/home/samee/ros2ws/install/rgator_model/share/rgator_model/package.sh'
[2.335s] INFO:colcon.colcon_core.shell:Creating package script '/home/samee/ros2ws/install/rgator_model/share/rgator_model/package.bash'
[2.335s] INFO:colcon.colcon_core.shell:Creating package script '/home/samee/ros2ws/install/rgator_model/share/rgator_model/package.zsh'
[2.336s] Level 1:colcon.colcon_core.environment:create_file_with_runtime_dependencies(/home/samee/ros2ws/install/rgator_model/share/colcon-core/packages/rgator_model)
[2.355s] Level 1:colcon.colcon_core.environment:create_environment_scripts_only(r_gator_description)
[2.371s] Level 1:colcon.colcon_core.environment:checking '/home/samee/ros2ws/install/r_gator_description' for CMake module files
[2.371s] Level 1:colcon.colcon_core.environment:checking '/home/samee/ros2ws/install/r_gator_description' for CMake config files
[2.372s] Level 1:colcon.colcon_core.shell:create_environment_hook('r_gator_description', 'cmake_prefix_path')
[2.387s] INFO:colcon.colcon_core.shell:Creating environment hook '/home/samee/ros2ws/install/r_gator_description/share/r_gator_description/hook/cmake_prefix_path.ps1'
[2.388s] INFO:colcon.colcon_core.shell:Creating environment descriptor '/home/samee/ros2ws/install/r_gator_description/share/r_gator_description/hook/cmake_prefix_path.dsv'
[2.388s] INFO:colcon.colcon_core.shell:Creating environment hook '/home/samee/ros2ws/install/r_gator_description/share/r_gator_description/hook/cmake_prefix_path.sh'
[2.388s] Level 1:colcon.colcon_core.environment:checking '/home/samee/ros2ws/install/r_gator_description/lib'
[2.388s] Level 1:colcon.colcon_core.environment:checking '/home/samee/ros2ws/install/r_gator_description/bin'
[2.388s] Level 1:colcon.colcon_core.environment:checking '/home/samee/ros2ws/install/r_gator_description/lib/pkgconfig/r_gator_description.pc'
[2.389s] Level 1:colcon.colcon_core.environment:checking '/home/samee/ros2ws/install/r_gator_description/lib/python3.10/site-packages'
[2.389s] Level 1:colcon.colcon_core.shell:create_environment_hook('r_gator_description', 'pythonpath')
[2.405s] INFO:colcon.colcon_core.shell:Creating environment hook '/home/samee/ros2ws/install/r_gator_description/share/r_gator_description/hook/pythonpath.ps1'
[2.406s] INFO:colcon.colcon_core.shell:Creating environment descriptor '/home/samee/ros2ws/install/r_gator_description/share/r_gator_description/hook/pythonpath.dsv'
[2.406s] INFO:colcon.colcon_core.shell:Creating environment hook '/home/samee/ros2ws/install/r_gator_description/share/r_gator_description/hook/pythonpath.sh'
[2.406s] Level 1:colcon.colcon_core.environment:checking '/home/samee/ros2ws/install/r_gator_description/bin'
[2.422s] INFO:colcon.colcon_core.shell:Creating package script '/home/samee/ros2ws/install/r_gator_description/share/r_gator_description/package.ps1'
[2.423s] INFO:colcon.colcon_core.shell:Creating package descriptor '/home/samee/ros2ws/install/r_gator_description/share/r_gator_description/package.dsv'
[2.423s] INFO:colcon.colcon_core.shell:Creating package script '/home/samee/ros2ws/install/r_gator_description/share/r_gator_description/package.sh'
[2.423s] INFO:colcon.colcon_core.shell:Creating package script '/home/samee/ros2ws/install/r_gator_description/share/r_gator_description/package.bash'
[2.424s] INFO:colcon.colcon_core.shell:Creating package script '/home/samee/ros2ws/install/r_gator_description/share/r_gator_description/package.zsh'
[2.424s] Level 1:colcon.colcon_core.environment:create_file_with_runtime_dependencies(/home/samee/ros2ws/install/r_gator_description/share/colcon-core/packages/r_gator_description)
[2.443s] Level 1:colcon.colcon_core.environment:create_environment_scripts_only(r_gator_launch)
[2.460s] Level 1:colcon.colcon_core.environment:checking '/home/samee/ros2ws/install/r_gator_launch' for CMake module files
[2.460s] Level 1:colcon.colcon_core.environment:checking '/home/samee/ros2ws/install/r_gator_launch' for CMake config files
[2.460s] Level 1:colcon.colcon_core.shell:create_environment_hook('r_gator_launch', 'cmake_prefix_path')
[2.476s] INFO:colcon.colcon_core.shell:Creating environment hook '/home/samee/ros2ws/install/r_gator_launch/share/r_gator_launch/hook/cmake_prefix_path.ps1'
[2.477s] INFO:colcon.colcon_core.shell:Creating environment descriptor '/home/samee/ros2ws/install/r_gator_launch/share/r_gator_launch/hook/cmake_prefix_path.dsv'
[2.477s] INFO:colcon.colcon_core.shell:Creating environment hook '/home/samee/ros2ws/install/r_gator_launch/share/r_gator_launch/hook/cmake_prefix_path.sh'
[2.477s] Level 1:colcon.colcon_core.environment:checking '/home/samee/ros2ws/install/r_gator_launch/lib'
[2.477s] Level 1:colcon.colcon_core.environment:checking '/home/samee/ros2ws/install/r_gator_launch/bin'
[2.478s] Level 1:colcon.colcon_core.environment:checking '/home/samee/ros2ws/install/r_gator_launch/lib/pkgconfig/r_gator_launch.pc'
[2.478s] Level 1:colcon.colcon_core.environment:checking '/home/samee/ros2ws/install/r_gator_launch/lib/python3.10/site-packages'
[2.478s] Level 1:colcon.colcon_core.shell:create_environment_hook('r_gator_launch', 'pythonpath')
[2.493s] INFO:colcon.colcon_core.shell:Creating environment hook '/home/samee/ros2ws/install/r_gator_launch/share/r_gator_launch/hook/pythonpath.ps1'
[2.494s] INFO:colcon.colcon_core.shell:Creating environment descriptor '/home/samee/ros2ws/install/r_gator_launch/share/r_gator_launch/hook/pythonpath.dsv'
[2.494s] INFO:colcon.colcon_core.shell:Creating environment hook '/home/samee/ros2ws/install/r_gator_launch/share/r_gator_launch/hook/pythonpath.sh'
[2.494s] Level 1:colcon.colcon_core.environment:checking '/home/samee/ros2ws/install/r_gator_launch/bin'
[2.510s] INFO:colcon.colcon_core.shell:Creating package script '/home/samee/ros2ws/install/r_gator_launch/share/r_gator_launch/package.ps1'
[2.510s] INFO:colcon.colcon_core.shell:Creating package descriptor '/home/samee/ros2ws/install/r_gator_launch/share/r_gator_launch/package.dsv'
[2.511s] INFO:colcon.colcon_core.shell:Creating package script '/home/samee/ros2ws/install/r_gator_launch/share/r_gator_launch/package.sh'
[2.511s] INFO:colcon.colcon_core.shell:Creating package script '/home/samee/ros2ws/install/r_gator_launch/share/r_gator_launch/package.bash'
[2.511s] INFO:colcon.colcon_core.shell:Creating package script '/home/samee/ros2ws/install/r_gator_launch/share/r_gator_launch/package.zsh'
[2.512s] Level 1:colcon.colcon_core.environment:create_file_with_runtime_dependencies(/home/samee/ros2ws/install/r_gator_launch/share/colcon-core/packages/r_gator_launch)
[2.528s] Level 1:colcon.colcon_core.environment:create_environment_scripts_only(r_gator_gazebo)
[2.545s] Level 1:colcon.colcon_core.environment:checking '/home/samee/ros2ws/install/r_gator_gazebo' for CMake module files
[2.546s] Level 1:colcon.colcon_core.environment:checking '/home/samee/ros2ws/install/r_gator_gazebo' for CMake config files
[2.546s] Level 1:colcon.colcon_core.shell:create_environment_hook('r_gator_gazebo', 'cmake_prefix_path')
[2.564s] INFO:colcon.colcon_core.shell:Creating environment hook '/home/samee/ros2ws/install/r_gator_gazebo/share/r_gator_gazebo/hook/cmake_prefix_path.ps1'
[2.564s] INFO:colcon.colcon_core.shell:Creating environment descriptor '/home/samee/ros2ws/install/r_gator_gazebo/share/r_gator_gazebo/hook/cmake_prefix_path.dsv'
[2.565s] INFO:colcon.colcon_core.shell:Creating environment hook '/home/samee/ros2ws/install/r_gator_gazebo/share/r_gator_gazebo/hook/cmake_prefix_path.sh'
[2.565s] Level 1:colcon.colcon_core.environment:checking '/home/samee/ros2ws/install/r_gator_gazebo/lib'
[2.565s] Level 1:colcon.colcon_core.environment:checking '/home/samee/ros2ws/install/r_gator_gazebo/bin'
[2.565s] Level 1:colcon.colcon_core.environment:checking '/home/samee/ros2ws/install/r_gator_gazebo/lib/pkgconfig/r_gator_gazebo.pc'
[2.566s] Level 1:colcon.colcon_core.environment:checking '/home/samee/ros2ws/install/r_gator_gazebo/lib/python3.10/site-packages'
[2.566s] Level 1:colcon.colcon_core.shell:create_environment_hook('r_gator_gazebo', 'pythonpath')
[2.582s] INFO:colcon.colcon_core.shell:Creating environment hook '/home/samee/ros2ws/install/r_gator_gazebo/share/r_gator_gazebo/hook/pythonpath.ps1'
[2.582s] INFO:colcon.colcon_core.shell:Creating environment descriptor '/home/samee/ros2ws/install/r_gator_gazebo/share/r_gator_gazebo/hook/pythonpath.dsv'
[2.582s] INFO:colcon.colcon_core.shell:Creating environment hook '/home/samee/ros2ws/install/r_gator_gazebo/share/r_gator_gazebo/hook/pythonpath.sh'
[2.583s] Level 1:colcon.colcon_core.environment:checking '/home/samee/ros2ws/install/r_gator_gazebo/bin'
[2.599s] INFO:colcon.colcon_core.shell:Creating package script '/home/samee/ros2ws/install/r_gator_gazebo/share/r_gator_gazebo/package.ps1'
[2.599s] INFO:colcon.colcon_core.shell:Creating package descriptor '/home/samee/ros2ws/install/r_gator_gazebo/share/r_gator_gazebo/package.dsv'
[2.600s] INFO:colcon.colcon_core.shell:Creating package script '/home/samee/ros2ws/install/r_gator_gazebo/share/r_gator_gazebo/package.sh'
[2.600s] INFO:colcon.colcon_core.shell:Creating package script '/home/samee/ros2ws/install/r_gator_gazebo/share/r_gator_gazebo/package.bash'
[2.600s] INFO:colcon.colcon_core.shell:Creating package script '/home/samee/ros2ws/install/r_gator_gazebo/share/r_gator_gazebo/package.zsh'
[2.601s] Level 1:colcon.colcon_core.environment:create_file_with_runtime_dependencies(/home/samee/ros2ws/install/r_gator_gazebo/share/colcon-core/packages/r_gator_gazebo)
[2.618s] Level 1:colcon.colcon_core.environment:create_environment_scripts_only(r_gator_teleop)
[2.642s] Level 1:colcon.colcon_core.environment:checking '/home/samee/ros2ws/install/r_gator_teleop' for CMake module files
[2.642s] Level 1:colcon.colcon_core.environment:checking '/home/samee/ros2ws/install/r_gator_teleop' for CMake config files
[2.643s] Level 1:colcon.colcon_core.shell:create_environment_hook('r_gator_teleop', 'cmake_prefix_path')
[2.669s] INFO:colcon.colcon_core.shell:Creating environment hook '/home/samee/ros2ws/install/r_gator_teleop/share/r_gator_teleop/hook/cmake_prefix_path.ps1'
[2.670s] INFO:colcon.colcon_core.shell:Creating environment descriptor '/home/samee/ros2ws/install/r_gator_teleop/share/r_gator_teleop/hook/cmake_prefix_path.dsv'
[2.671s] INFO:colcon.colcon_core.shell:Creating environment hook '/home/samee/ros2ws/install/r_gator_teleop/share/r_gator_teleop/hook/cmake_prefix_path.sh'
[2.671s] Level 1:colcon.colcon_core.environment:checking '/home/samee/ros2ws/install/r_gator_teleop/bin'
[2.671s] Level 1:colcon.colcon_core.environment:checking '/home/samee/ros2ws/install/r_gator_teleop/lib/pkgconfig/r_gator_teleop.pc'
[2.672s] Level 1:colcon.colcon_core.environment:checking '/home/samee/ros2ws/install/r_gator_teleop/lib/python3.10/site-packages'
[2.672s] Level 1:colcon.colcon_core.environment:checking '/home/samee/ros2ws/install/r_gator_teleop/bin'
[2.690s] INFO:colcon.colcon_core.shell:Creating package script '/home/samee/ros2ws/install/r_gator_teleop/share/r_gator_teleop/package.ps1'
[2.691s] INFO:colcon.colcon_core.shell:Creating package descriptor '/home/samee/ros2ws/install/r_gator_teleop/share/r_gator_teleop/package.dsv'
[2.691s] INFO:colcon.colcon_core.shell:Creating package script '/home/samee/ros2ws/install/r_gator_teleop/share/r_gator_teleop/package.sh'
[2.692s] INFO:colcon.colcon_core.shell:Creating package script '/home/samee/ros2ws/install/r_gator_teleop/share/r_gator_teleop/package.bash'
[2.692s] INFO:colcon.colcon_core.shell:Creating package script '/home/samee/ros2ws/install/r_gator_teleop/share/r_gator_teleop/package.zsh'
[2.693s] Level 1:colcon.colcon_core.environment:create_file_with_runtime_dependencies(/home/samee/ros2ws/install/r_gator_teleop/share/colcon-core/packages/r_gator_teleop)
[2.715s] Level 1:colcon.colcon_core.environment:create_environment_scripts_only(rgator_model)
[2.738s] Level 1:colcon.colcon_core.environment:checking '/home/samee/ros2ws/install/rgator_model' for CMake module files
[2.739s] Level 1:colcon.colcon_core.environment:checking '/home/samee/ros2ws/install/rgator_model' for CMake config files
[2.739s] Level 1:colcon.colcon_core.shell:create_environment_hook('rgator_model', 'cmake_prefix_path')
[2.762s] INFO:colcon.colcon_core.shell:Creating environment hook '/home/samee/ros2ws/install/rgator_model/share/rgator_model/hook/cmake_prefix_path.ps1'
[2.763s] INFO:colcon.colcon_core.shell:Creating environment descriptor '/home/samee/ros2ws/install/rgator_model/share/rgator_model/hook/cmake_prefix_path.dsv'
[2.764s] INFO:colcon.colcon_core.shell:Creating environment hook '/home/samee/ros2ws/install/rgator_model/share/rgator_model/hook/cmake_prefix_path.sh'
[2.765s] Level 1:colcon.colcon_core.environment:checking '/home/samee/ros2ws/install/rgator_model/lib'
[2.765s] Level 1:colcon.colcon_core.environment:checking '/home/samee/ros2ws/install/rgator_model/bin'
[2.765s] Level 1:colcon.colcon_core.environment:checking '/home/samee/ros2ws/install/rgator_model/lib/pkgconfig/rgator_model.pc'
[2.765s] Level 1:colcon.colcon_core.environment:checking '/home/samee/ros2ws/install/rgator_model/lib/python3.10/site-packages'
[2.765s] Level 1:colcon.colcon_core.shell:create_environment_hook('rgator_model', 'pythonpath')
[2.786s] INFO:colcon.colcon_core.shell:Creating environment hook '/home/samee/ros2ws/install/rgator_model/share/rgator_model/hook/pythonpath.ps1'
[2.787s] INFO:colcon.colcon_core.shell:Creating environment descriptor '/home/samee/ros2ws/install/rgator_model/share/rgator_model/hook/pythonpath.dsv'
[2.787s] INFO:colcon.colcon_core.shell:Creating environment hook '/home/samee/ros2ws/install/rgator_model/share/rgator_model/hook/pythonpath.sh'
[2.787s] Level 1:colcon.colcon_core.environment:checking '/home/samee/ros2ws/install/rgator_model/bin'
[2.806s] INFO:colcon.colcon_core.shell:Creating package script '/home/samee/ros2ws/install/rgator_model/share/rgator_model/package.ps1'
[2.807s] INFO:colcon.colcon_core.shell:Creating package descriptor '/home/samee/ros2ws/install/rgator_model/share/rgator_model/package.dsv'
[2.807s] INFO:colcon.colcon_core.shell:Creating package script '/home/samee/ros2ws/install/rgator_model/share/rgator_model/package.sh'
[2.808s] INFO:colcon.colcon_core.shell:Creating package script '/home/samee/ros2ws/install/rgator_model/share/rgator_model/package.bash'
[2.808s] INFO:colcon.colcon_core.shell:Creating package script '/home/samee/ros2ws/install/rgator_model/share/rgator_model/package.zsh'
[2.808s] Level 1:colcon.colcon_core.environment:create_file_with_runtime_dependencies(/home/samee/ros2ws/install/rgator_model/share/colcon-core/packages/rgator_model)
[3.095s] DEBUG:colcon.colcon_core.event_handler.log_command:Invoked command in '/home/samee/ros2ws/build/r_gator_gazebo_tool' returned '2': CMAKE_PREFIX_PATH=/opt/ros/humble:${CMAKE_PREFIX_PATH} /usr/local/bin/cmake --build /home/samee/ros2ws/build/r_gator_gazebo_tool -- -j12 -l12
[3.154s] Level 1:colcon.colcon_core.environment:create_environment_scripts_only(r_gator_gazebo_tool)
[3.173s] Level 1:colcon.colcon_core.environment:checking '/home/samee/ros2ws/install/r_gator_gazebo_tool' for CMake module files
[3.173s] Level 1:colcon.colcon_core.environment:checking '/home/samee/ros2ws/install/r_gator_gazebo_tool' for CMake config files
[3.173s] Level 1:colcon.colcon_core.environment:checking '/home/samee/ros2ws/install/r_gator_gazebo_tool/bin'
[3.173s] Level 1:colcon.colcon_core.environment:checking '/home/samee/ros2ws/install/r_gator_gazebo_tool/lib/pkgconfig/r_gator_gazebo_tool.pc'
[3.174s] Level 1:colcon.colcon_core.environment:checking '/home/samee/ros2ws/install/r_gator_gazebo_tool/lib/python3.10/site-packages'
[3.174s] Level 1:colcon.colcon_core.environment:checking '/home/samee/ros2ws/install/r_gator_gazebo_tool/bin'
[3.188s] INFO:colcon.colcon_core.shell:Creating package script '/home/samee/ros2ws/install/r_gator_gazebo_tool/share/r_gator_gazebo_tool/package.ps1'
[3.188s] INFO:colcon.colcon_core.shell:Creating package descriptor '/home/samee/ros2ws/install/r_gator_gazebo_tool/share/r_gator_gazebo_tool/package.dsv'
[3.188s] INFO:colcon.colcon_core.shell:Creating package script '/home/samee/ros2ws/install/r_gator_gazebo_tool/share/r_gator_gazebo_tool/package.sh'
[3.189s] INFO:colcon.colcon_core.shell:Creating package script '/home/samee/ros2ws/install/r_gator_gazebo_tool/share/r_gator_gazebo_tool/package.bash'
[3.189s] INFO:colcon.colcon_core.shell:Creating package script '/home/samee/ros2ws/install/r_gator_gazebo_tool/share/r_gator_gazebo_tool/package.zsh'
[3.189s] Level 1:colcon.colcon_core.environment:create_file_with_runtime_dependencies(/home/samee/ros2ws/install/r_gator_gazebo_tool/share/colcon-core/packages/r_gator_gazebo_tool)
[3.200s] DEBUG:colcon.colcon_parallel_executor.executor.parallel:closing loop
[3.200s] DEBUG:colcon.colcon_parallel_executor.executor.parallel:loop closed
[3.200s] DEBUG:colcon.colcon_parallel_executor.executor.parallel:run_until_complete finished with '2'
[3.200s] DEBUG:colcon.colcon_core.event_reactor:joining thread
[3.220s] INFO:colcon.colcon_core.plugin_system:Skipping extension 'colcon_notification.desktop_notification.notify_send': Could not find 'notify-send'
[3.220s] INFO:colcon.colcon_core.plugin_system:Skipping extension 'colcon_notification.desktop_notification.terminal_notifier': Not used on non-Darwin systems
[3.220s] INFO:colcon.colcon_core.plugin_system:Skipping extension 'colcon_notification.desktop_notification.win32': Not used on non-Windows systems
[3.220s] INFO:colcon.colcon_notification.desktop_notification:Sending desktop notification using 'notify2'
[3.286s] DEBUG:colcon.colcon_core.event_reactor:joined thread
[3.313s] INFO:colcon.colcon_core.shell:Creating prefix script '/home/samee/ros2ws/install/local_setup.ps1'
[3.314s] INFO:colcon.colcon_core.shell:Creating prefix util module '/home/samee/ros2ws/install/_local_setup_util_ps1.py'
[3.315s] INFO:colcon.colcon_core.shell:Creating prefix chain script '/home/samee/ros2ws/install/setup.ps1'
[3.332s] INFO:colcon.colcon_core.shell:Creating prefix script '/home/samee/ros2ws/install/local_setup.sh'
[3.332s] INFO:colcon.colcon_core.shell:Creating prefix util module '/home/samee/ros2ws/install/_local_setup_util_sh.py'
[3.332s] INFO:colcon.colcon_core.shell:Creating prefix chain script '/home/samee/ros2ws/install/setup.sh'
[3.350s] INFO:colcon.colcon_core.shell:Creating prefix script '/home/samee/ros2ws/install/local_setup.bash'
[3.350s] INFO:colcon.colcon_core.shell:Creating prefix chain script '/home/samee/ros2ws/install/setup.bash'
[3.367s] INFO:colcon.colcon_core.shell:Creating prefix script '/home/samee/ros2ws/install/local_setup.zsh'
[3.368s] INFO:colcon.colcon_core.shell:Creating prefix chain script '/home/samee/ros2ws/install/setup.zsh'
