[0.451s] Invoking command in '/home/samee/ros2ws/build/r-gator-gazebo-tool-2': /usr/local/bin/cmake --build /home/samee/ros2ws/build/r-gator-gazebo-tool-2 -- -j12 -l12
[0.476s] [ 25%] [32mBuilding CXX object CMakeFiles/r-gator-gazebo-tool-2_node.dir/src/gazebo_odom_publisher.cpp.o[0m
[0.477s] [ 50%] [32mBuilding CXX object CMakeFiles/tf_broadcaster_node.dir/src/tf_broadcaster.cpp.o[0m
[0.488s] [01m[K/home/samee/ros2ws/src/r-gator-simulator-2/r-gator-gazebo-tool-2/src/tf_broadcaster.cpp:4:10:[m[K [01;31m[Kfatal error: [m[Kros/ros.h: No such file or directory
[0.489s]     4 | #include [01;31m[K<ros/ros.h>[m[K
[0.489s]       |          [01;31m[K^~~~~~~~~~~[m[K
[0.489s] compilation terminated.
[0.490s] gmake[2]: *** [CMakeFiles/tf_broadcaster_node.dir/build.make:76: CMakeFiles/tf_broadcaster_node.dir/src/tf_broadcaster.cpp.o] Error 1
[0.492s] gmake[1]: *** [CMakeFiles/Makefile2:165: CMakeFiles/tf_broadcaster_node.dir/all] Error 2
[0.493s] gmake[1]: *** Waiting for unfinished jobs....
[4.160s] [01m[K/home/samee/ros2ws/src/r-gator-simulator-2/r-gator-gazebo-tool-2/src/gazebo_odom_publisher.cpp:35:5:[m[K [01;31m[Kerror: [m[K‘[01m[Ktf2[m[K’ does not name a type
[4.160s]    35 |     [01;31m[Ktf2[m[K::Transform transform;
[4.160s]       |     [01;31m[K^~~[m[K
[4.161s] [01m[K/home/samee/ros2ws/src/r-gator-simulator-2/r-gator-gazebo-tool-2/src/gazebo_odom_publisher.cpp:36:5:[m[K [01;31m[Kerror: [m[K‘[01m[Ktf2[m[K’ does not name a type
[4.161s]    36 |     [01;31m[Ktf2[m[K::Quaternion quaternion;
[4.161s]       |     [01;31m[K^~~[m[K
[5.573s] gmake[2]: *** [CMakeFiles/r-gator-gazebo-tool-2_node.dir/build.make:76: CMakeFiles/r-gator-gazebo-tool-2_node.dir/src/gazebo_odom_publisher.cpp.o] Error 1
[5.574s] gmake[1]: *** [CMakeFiles/Makefile2:139: CMakeFiles/r-gator-gazebo-tool-2_node.dir/all] Error 2
[5.574s] gmake: *** [Makefile:146: all] Error 2
[5.575s] Invoked command in '/home/samee/ros2ws/build/r-gator-gazebo-tool-2' returned '2': /usr/local/bin/cmake --build /home/samee/ros2ws/build/r-gator-gazebo-tool-2 -- -j12 -l12
