[0.302s] Invoking command in '/home/samee/ros2ws/build/r-gator-gazebo-tool-2': /usr/local/bin/cmake --build /home/samee/ros2ws/build/r-gator-gazebo-tool-2 -- -j12 -l12
[0.320s] [ 50%] Built target tf_broadcaster_node
[0.321s] [100%] Built target r-gator-gazebo-tool-2_node
[0.324s] Invoked command in '/home/samee/ros2ws/build/r-gator-gazebo-tool-2' returned '0': /usr/local/bin/cmake --build /home/samee/ros2ws/build/r-gator-gazebo-tool-2 -- -j12 -l12
[0.610s] Invoking command in '/home/samee/ros2ws/build/r-gator-gazebo-tool-2': /usr/local/bin/cmake --install /home/samee/ros2ws/build/r-gator-gazebo-tool-2
[0.831s] -- Install configuration: ""
[0.831s] -- Up-to-date: /home/samee/ros2ws/install/r-gator-gazebo-tool-2/lib/r-gator-gazebo-tool-2/r-gator-gazebo-tool-2_node
[0.831s] -- Up-to-date: /home/samee/ros2ws/install/r-gator-gazebo-tool-2/lib/r-gator-gazebo-tool-2/tf_broadcaster_node
[0.831s] -- Up-to-date: /home/samee/ros2ws/install/r-gator-gazebo-tool-2/share/ament_index/resource_index/package_run_dependencies/r-gator-gazebo-tool-2
[0.831s] -- Up-to-date: /home/samee/ros2ws/install/r-gator-gazebo-tool-2/share/ament_index/resource_index/parent_prefix_path/r-gator-gazebo-tool-2
[0.832s] -- Up-to-date: /home/samee/ros2ws/install/r-gator-gazebo-tool-2/share/r-gator-gazebo-tool-2/environment/ament_prefix_path.sh
[0.832s] -- Up-to-date: /home/samee/ros2ws/install/r-gator-gazebo-tool-2/share/r-gator-gazebo-tool-2/environment/ament_prefix_path.dsv
[0.832s] -- Up-to-date: /home/samee/ros2ws/install/r-gator-gazebo-tool-2/share/r-gator-gazebo-tool-2/environment/path.sh
[0.832s] -- Up-to-date: /home/samee/ros2ws/install/r-gator-gazebo-tool-2/share/r-gator-gazebo-tool-2/environment/path.dsv
[0.832s] -- Up-to-date: /home/samee/ros2ws/install/r-gator-gazebo-tool-2/share/r-gator-gazebo-tool-2/local_setup.bash
[0.833s] -- Up-to-date: /home/samee/ros2ws/install/r-gator-gazebo-tool-2/share/r-gator-gazebo-tool-2/local_setup.sh
[0.833s] -- Up-to-date: /home/samee/ros2ws/install/r-gator-gazebo-tool-2/share/r-gator-gazebo-tool-2/local_setup.zsh
[0.833s] -- Up-to-date: /home/samee/ros2ws/install/r-gator-gazebo-tool-2/share/r-gator-gazebo-tool-2/local_setup.dsv
[0.833s] -- Up-to-date: /home/samee/ros2ws/install/r-gator-gazebo-tool-2/share/r-gator-gazebo-tool-2/package.dsv
[0.834s] -- Up-to-date: /home/samee/ros2ws/install/r-gator-gazebo-tool-2/share/ament_index/resource_index/packages/r-gator-gazebo-tool-2
[0.834s] -- Up-to-date: /home/samee/ros2ws/install/r-gator-gazebo-tool-2/share/r-gator-gazebo-tool-2/cmake/r-gator-gazebo-tool-2Config.cmake
[0.834s] -- Up-to-date: /home/samee/ros2ws/install/r-gator-gazebo-tool-2/share/r-gator-gazebo-tool-2/cmake/r-gator-gazebo-tool-2Config-version.cmake
[0.835s] -- Up-to-date: /home/samee/ros2ws/install/r-gator-gazebo-tool-2/share/r-gator-gazebo-tool-2/package.xml
[1.069s] Invoked command in '/home/samee/ros2ws/build/r-gator-gazebo-tool-2' returned '0': /usr/local/bin/cmake --install /home/samee/ros2ws/build/r-gator-gazebo-tool-2
