[0.083s] Invoking command in '/home/samee/ros2ws/build/r-gator-teleop': CMAKE_PREFIX_PATH=${CMAKE_PREFIX_PATH}:/opt/ros/humble /usr/local/bin/cmake --build /home/samee/ros2ws/build/r-gator-teleop -- -j12 -l12
[0.092s] Invoked command in '/home/samee/ros2ws/build/r-gator-teleop' returned '0': CMAKE_PREFIX_PATH=${CMAKE_PREFIX_PATH}:/opt/ros/humble /usr/local/bin/cmake --build /home/samee/ros2ws/build/r-gator-teleop -- -j12 -l12
[0.163s] Invoking command in '/home/samee/ros2ws/build/r-gator-teleop': CMAKE_PREFIX_PATH=${CMAKE_PREFIX_PATH}:/opt/ros/humble /usr/local/bin/cmake --install /home/samee/ros2ws/build/r-gator-teleop
[0.267s] -- Install configuration: ""
[0.267s] -- Up-to-date: /home/samee/ros2ws/install/r-gator-teleop/share/ament_index/resource_index/package_run_dependencies/r-gator-teleop
[0.267s] -- Up-to-date: /home/samee/ros2ws/install/r-gator-teleop/share/ament_index/resource_index/parent_prefix_path/r-gator-teleop
[0.267s] -- Up-to-date: /home/samee/ros2ws/install/r-gator-teleop/share/r-gator-teleop/environment/ament_prefix_path.sh
[0.268s] -- Up-to-date: /home/samee/ros2ws/install/r-gator-teleop/share/r-gator-teleop/environment/ament_prefix_path.dsv
[0.268s] -- Up-to-date: /home/samee/ros2ws/install/r-gator-teleop/share/r-gator-teleop/environment/path.sh
[0.268s] -- Up-to-date: /home/samee/ros2ws/install/r-gator-teleop/share/r-gator-teleop/environment/path.dsv
[0.268s] -- Up-to-date: /home/samee/ros2ws/install/r-gator-teleop/share/r-gator-teleop/local_setup.bash
[0.268s] -- Up-to-date: /home/samee/ros2ws/install/r-gator-teleop/share/r-gator-teleop/local_setup.sh
[0.268s] -- Up-to-date: /home/samee/ros2ws/install/r-gator-teleop/share/r-gator-teleop/local_setup.zsh
[0.268s] -- Up-to-date: /home/samee/ros2ws/install/r-gator-teleop/share/r-gator-teleop/local_setup.dsv
[0.269s] -- Installing: /home/samee/ros2ws/install/r-gator-teleop/share/r-gator-teleop/package.dsv
[0.269s] -- Up-to-date: /home/samee/ros2ws/install/r-gator-teleop/share/ament_index/resource_index/packages/r-gator-teleop
[0.269s] -- Up-to-date: /home/samee/ros2ws/install/r-gator-teleop/share/r-gator-teleop/cmake/r-gator-teleopConfig.cmake
[0.269s] -- Up-to-date: /home/samee/ros2ws/install/r-gator-teleop/share/r-gator-teleop/cmake/r-gator-teleopConfig-version.cmake
[0.269s] -- Up-to-date: /home/samee/ros2ws/install/r-gator-teleop/share/r-gator-teleop/package.xml
[0.369s] Invoked command in '/home/samee/ros2ws/build/r-gator-teleop' returned '0': CMAKE_PREFIX_PATH=${CMAKE_PREFIX_PATH}:/opt/ros/humble /usr/local/bin/cmake --install /home/samee/ros2ws/build/r-gator-teleop
