[1.097s] DEBUG:colcon:Command line arguments: ['/usr/bin/colcon', 'build']
[1.097s] DEBUG:colcon:Parsed command line arguments: Namespace(log_base=None, log_level=None, verb_name='build', build_base='build', install_base='install', merge_install=False, symlink_install=False, test_result_base=None, continue_on_error=False, executor='parallel', parallel_workers=12, event_handlers=None, ignore_user_meta=False, metas=['./colcon.meta'], base_paths=['.'], packages_ignore=None, packages_ignore_regex=None, paths=None, packages_up_to=None, packages_up_to_regex=None, packages_above=None, packages_above_and_dependencies=None, packages_above_depth=None, packages_select_by_dep=None, packages_skip_by_dep=None, packages_skip_up_to=None, packages_select_build_failed=False, packages_skip_build_finished=False, packages_select_test_failures=False, packages_skip_test_passed=False, packages_select=None, packages_skip=None, packages_select_regex=None, packages_skip_regex=None, packages_start=None, packages_end=None, allow_overriding=[], cmake_args=None, cmake_target=None, cmake_target_skip_unavailable=False, cmake_clean_cache=False, cmake_clean_first=False, cmake_force_configure=False, ament_cmake_args=None, catkin_cmake_args=None, catkin_skip_building_tests=False, verb_parser=<colcon_defaults.argument_parser.defaults.DefaultArgumentsDecorator object at 0x7f2687cac070>, verb_extension=<colcon_core.verb.build.BuildVerb object at 0x7f26880d6fe0>, main=<bound method BuildVerb.main of <colcon_core.verb.build.BuildVerb object at 0x7f26880d6fe0>>)
[1.144s] Level 1:colcon.colcon_core.package_discovery:discover_packages(colcon_meta) check parameters
[1.144s] Level 1:colcon.colcon_core.package_discovery:discover_packages(recursive) check parameters
[1.144s] Level 1:colcon.colcon_core.package_discovery:discover_packages(ignore) check parameters
[1.144s] Level 1:colcon.colcon_core.package_discovery:discover_packages(path) check parameters
[1.144s] Level 1:colcon.colcon_core.package_discovery:discover_packages(colcon_meta) discover
[1.144s] Level 1:colcon.colcon_core.package_discovery:discover_packages(recursive) discover
[1.144s] INFO:colcon.colcon_core.package_discovery:Crawling recursively for packages in '/home/samee/ros2ws'
[1.145s] Level 1:colcon.colcon_core.package_identification:_identify(.) by extensions ['ignore', 'ignore_ament_install']
[1.145s] Level 1:colcon.colcon_core.package_identification:_identify(.) by extension 'ignore'
[1.145s] Level 1:colcon.colcon_core.package_identification:_identify(.) by extension 'ignore_ament_install'
[1.145s] Level 1:colcon.colcon_core.package_identification:_identify(.) by extensions ['colcon_pkg']
[1.145s] Level 1:colcon.colcon_core.package_identification:_identify(.) by extension 'colcon_pkg'
[1.145s] Level 1:colcon.colcon_core.package_identification:_identify(.) by extensions ['colcon_meta']
[1.145s] Level 1:colcon.colcon_core.package_identification:_identify(.) by extension 'colcon_meta'
[1.145s] Level 1:colcon.colcon_core.package_identification:_identify(.) by extensions ['ros']
[1.145s] Level 1:colcon.colcon_core.package_identification:_identify(.) by extension 'ros'
[1.155s] Level 1:colcon.colcon_core.package_identification:_identify(.) by extensions ['cmake', 'python']
[1.155s] Level 1:colcon.colcon_core.package_identification:_identify(.) by extension 'cmake'
[1.155s] Level 1:colcon.colcon_core.package_identification:_identify(.) by extension 'python'
[1.155s] Level 1:colcon.colcon_core.package_identification:_identify(.) by extensions ['python_setup_py']
[1.155s] Level 1:colcon.colcon_core.package_identification:_identify(.) by extension 'python_setup_py'
[1.155s] Level 1:colcon.colcon_core.package_identification:_identify(build) by extensions ['ignore', 'ignore_ament_install']
[1.155s] Level 1:colcon.colcon_core.package_identification:_identify(build) by extension 'ignore'
[1.155s] Level 1:colcon.colcon_core.package_identification:_identify(build) ignored
[1.155s] Level 1:colcon.colcon_core.package_identification:_identify(install) by extensions ['ignore', 'ignore_ament_install']
[1.156s] Level 1:colcon.colcon_core.package_identification:_identify(install) by extension 'ignore'
[1.156s] Level 1:colcon.colcon_core.package_identification:_identify(install) ignored
[1.156s] Level 1:colcon.colcon_core.package_identification:_identify(log) by extensions ['ignore', 'ignore_ament_install']
[1.156s] Level 1:colcon.colcon_core.package_identification:_identify(log) by extension 'ignore'
[1.156s] Level 1:colcon.colcon_core.package_identification:_identify(log) ignored
[1.156s] Level 1:colcon.colcon_core.package_identification:_identify(src) by extensions ['ignore', 'ignore_ament_install']
[1.156s] Level 1:colcon.colcon_core.package_identification:_identify(src) by extension 'ignore'
[1.156s] Level 1:colcon.colcon_core.package_identification:_identify(src) by extension 'ignore_ament_install'
[1.156s] Level 1:colcon.colcon_core.package_identification:_identify(src) by extensions ['colcon_pkg']
[1.156s] Level 1:colcon.colcon_core.package_identification:_identify(src) by extension 'colcon_pkg'
[1.156s] Level 1:colcon.colcon_core.package_identification:_identify(src) by extensions ['colcon_meta']
[1.156s] Level 1:colcon.colcon_core.package_identification:_identify(src) by extension 'colcon_meta'
[1.156s] Level 1:colcon.colcon_core.package_identification:_identify(src) by extensions ['ros']
[1.156s] Level 1:colcon.colcon_core.package_identification:_identify(src) by extension 'ros'
[1.156s] Level 1:colcon.colcon_core.package_identification:_identify(src) by extensions ['cmake', 'python']
[1.156s] Level 1:colcon.colcon_core.package_identification:_identify(src) by extension 'cmake'
[1.156s] Level 1:colcon.colcon_core.package_identification:_identify(src) by extension 'python'
[1.157s] Level 1:colcon.colcon_core.package_identification:_identify(src) by extensions ['python_setup_py']
[1.157s] Level 1:colcon.colcon_core.package_identification:_identify(src) by extension 'python_setup_py'
[1.157s] Level 1:colcon.colcon_core.package_identification:_identify(src/images) by extensions ['ignore', 'ignore_ament_install']
[1.157s] Level 1:colcon.colcon_core.package_identification:_identify(src/images) by extension 'ignore'
[1.157s] Level 1:colcon.colcon_core.package_identification:_identify(src/images) by extension 'ignore_ament_install'
[1.157s] Level 1:colcon.colcon_core.package_identification:_identify(src/images) by extensions ['colcon_pkg']
[1.157s] Level 1:colcon.colcon_core.package_identification:_identify(src/images) by extension 'colcon_pkg'
[1.157s] Level 1:colcon.colcon_core.package_identification:_identify(src/images) by extensions ['colcon_meta']
[1.157s] Level 1:colcon.colcon_core.package_identification:_identify(src/images) by extension 'colcon_meta'
[1.157s] Level 1:colcon.colcon_core.package_identification:_identify(src/images) by extensions ['ros']
[1.157s] Level 1:colcon.colcon_core.package_identification:_identify(src/images) by extension 'ros'
[1.157s] Level 1:colcon.colcon_core.package_identification:_identify(src/images) by extensions ['cmake', 'python']
[1.157s] Level 1:colcon.colcon_core.package_identification:_identify(src/images) by extension 'cmake'
[1.157s] Level 1:colcon.colcon_core.package_identification:_identify(src/images) by extension 'python'
[1.157s] Level 1:colcon.colcon_core.package_identification:_identify(src/images) by extensions ['python_setup_py']
[1.157s] Level 1:colcon.colcon_core.package_identification:_identify(src/images) by extension 'python_setup_py'
[1.157s] Level 1:colcon.colcon_core.package_identification:_identify(src/r_gator_description) by extensions ['ignore', 'ignore_ament_install']
[1.157s] Level 1:colcon.colcon_core.package_identification:_identify(src/r_gator_description) by extension 'ignore'
[1.157s] Level 1:colcon.colcon_core.package_identification:_identify(src/r_gator_description) by extension 'ignore_ament_install'
[1.158s] Level 1:colcon.colcon_core.package_identification:_identify(src/r_gator_description) by extensions ['colcon_pkg']
[1.158s] Level 1:colcon.colcon_core.package_identification:_identify(src/r_gator_description) by extension 'colcon_pkg'
[1.158s] Level 1:colcon.colcon_core.package_identification:_identify(src/r_gator_description) by extensions ['colcon_meta']
[1.158s] Level 1:colcon.colcon_core.package_identification:_identify(src/r_gator_description) by extension 'colcon_meta'
[1.158s] Level 1:colcon.colcon_core.package_identification:_identify(src/r_gator_description) by extensions ['ros']
[1.158s] Level 1:colcon.colcon_core.package_identification:_identify(src/r_gator_description) by extension 'ros'
[1.160s] DEBUG:colcon.colcon_core.package_identification:Package 'src/r_gator_description' with type 'ros.ament_cmake' and name 'r_gator_description'
[1.160s] Level 1:colcon.colcon_core.package_identification:_identify(src/r_gator_gazebo) by extensions ['ignore', 'ignore_ament_install']
[1.160s] Level 1:colcon.colcon_core.package_identification:_identify(src/r_gator_gazebo) by extension 'ignore'
[1.161s] Level 1:colcon.colcon_core.package_identification:_identify(src/r_gator_gazebo) by extension 'ignore_ament_install'
[1.161s] Level 1:colcon.colcon_core.package_identification:_identify(src/r_gator_gazebo) by extensions ['colcon_pkg']
[1.161s] Level 1:colcon.colcon_core.package_identification:_identify(src/r_gator_gazebo) by extension 'colcon_pkg'
[1.161s] Level 1:colcon.colcon_core.package_identification:_identify(src/r_gator_gazebo) by extensions ['colcon_meta']
[1.161s] Level 1:colcon.colcon_core.package_identification:_identify(src/r_gator_gazebo) by extension 'colcon_meta'
[1.161s] Level 1:colcon.colcon_core.package_identification:_identify(src/r_gator_gazebo) by extensions ['ros']
[1.161s] Level 1:colcon.colcon_core.package_identification:_identify(src/r_gator_gazebo) by extension 'ros'
[1.162s] DEBUG:colcon.colcon_core.package_identification:Package 'src/r_gator_gazebo' with type 'ros.ament_cmake' and name 'r_gator_gazebo'
[1.162s] Level 1:colcon.colcon_core.package_identification:_identify(src/r_gator_gazebo_tool) by extensions ['ignore', 'ignore_ament_install']
[1.162s] Level 1:colcon.colcon_core.package_identification:_identify(src/r_gator_gazebo_tool) by extension 'ignore'
[1.162s] Level 1:colcon.colcon_core.package_identification:_identify(src/r_gator_gazebo_tool) by extension 'ignore_ament_install'
[1.162s] Level 1:colcon.colcon_core.package_identification:_identify(src/r_gator_gazebo_tool) by extensions ['colcon_pkg']
[1.163s] Level 1:colcon.colcon_core.package_identification:_identify(src/r_gator_gazebo_tool) by extension 'colcon_pkg'
[1.163s] Level 1:colcon.colcon_core.package_identification:_identify(src/r_gator_gazebo_tool) by extensions ['colcon_meta']
[1.163s] Level 1:colcon.colcon_core.package_identification:_identify(src/r_gator_gazebo_tool) by extension 'colcon_meta'
[1.163s] Level 1:colcon.colcon_core.package_identification:_identify(src/r_gator_gazebo_tool) by extensions ['ros']
[1.163s] Level 1:colcon.colcon_core.package_identification:_identify(src/r_gator_gazebo_tool) by extension 'ros'
[1.163s] DEBUG:colcon.colcon_core.package_identification:Package 'src/r_gator_gazebo_tool' with type 'ros.ament_cmake' and name 'r_gator_gazebo_tool'
[1.164s] Level 1:colcon.colcon_core.package_identification:_identify(src/r_gator_launch) by extensions ['ignore', 'ignore_ament_install']
[1.164s] Level 1:colcon.colcon_core.package_identification:_identify(src/r_gator_launch) by extension 'ignore'
[1.164s] Level 1:colcon.colcon_core.package_identification:_identify(src/r_gator_launch) by extension 'ignore_ament_install'
[1.164s] Level 1:colcon.colcon_core.package_identification:_identify(src/r_gator_launch) by extensions ['colcon_pkg']
[1.164s] Level 1:colcon.colcon_core.package_identification:_identify(src/r_gator_launch) by extension 'colcon_pkg'
[1.164s] Level 1:colcon.colcon_core.package_identification:_identify(src/r_gator_launch) by extensions ['colcon_meta']
[1.164s] Level 1:colcon.colcon_core.package_identification:_identify(src/r_gator_launch) by extension 'colcon_meta'
[1.164s] Level 1:colcon.colcon_core.package_identification:_identify(src/r_gator_launch) by extensions ['ros']
[1.164s] Level 1:colcon.colcon_core.package_identification:_identify(src/r_gator_launch) by extension 'ros'
[1.164s] DEBUG:colcon.colcon_core.package_identification:Package 'src/r_gator_launch' with type 'ros.ament_cmake' and name 'r_gator_launch'
[1.164s] Level 1:colcon.colcon_core.package_identification:_identify(src/r_gator_teleop) by extensions ['ignore', 'ignore_ament_install']
[1.165s] Level 1:colcon.colcon_core.package_identification:_identify(src/r_gator_teleop) by extension 'ignore'
[1.165s] Level 1:colcon.colcon_core.package_identification:_identify(src/r_gator_teleop) by extension 'ignore_ament_install'
[1.165s] Level 1:colcon.colcon_core.package_identification:_identify(src/r_gator_teleop) by extensions ['colcon_pkg']
[1.165s] Level 1:colcon.colcon_core.package_identification:_identify(src/r_gator_teleop) by extension 'colcon_pkg'
[1.165s] Level 1:colcon.colcon_core.package_identification:_identify(src/r_gator_teleop) by extensions ['colcon_meta']
[1.165s] Level 1:colcon.colcon_core.package_identification:_identify(src/r_gator_teleop) by extension 'colcon_meta'
[1.165s] Level 1:colcon.colcon_core.package_identification:_identify(src/r_gator_teleop) by extensions ['ros']
[1.165s] Level 1:colcon.colcon_core.package_identification:_identify(src/r_gator_teleop) by extension 'ros'
[1.166s] DEBUG:colcon.colcon_core.package_identification:Package 'src/r_gator_teleop' with type 'ros.ament_cmake' and name 'r_gator_teleop'
[1.166s] Level 1:colcon.colcon_core.package_identification:_identify(src/rgator_model) by extensions ['ignore', 'ignore_ament_install']
[1.166s] Level 1:colcon.colcon_core.package_identification:_identify(src/rgator_model) by extension 'ignore'
[1.166s] Level 1:colcon.colcon_core.package_identification:_identify(src/rgator_model) by extension 'ignore_ament_install'
[1.166s] Level 1:colcon.colcon_core.package_identification:_identify(src/rgator_model) by extensions ['colcon_pkg']
[1.166s] Level 1:colcon.colcon_core.package_identification:_identify(src/rgator_model) by extension 'colcon_pkg'
[1.166s] Level 1:colcon.colcon_core.package_identification:_identify(src/rgator_model) by extensions ['colcon_meta']
[1.166s] Level 1:colcon.colcon_core.package_identification:_identify(src/rgator_model) by extension 'colcon_meta'
[1.166s] Level 1:colcon.colcon_core.package_identification:_identify(src/rgator_model) by extensions ['ros']
[1.166s] Level 1:colcon.colcon_core.package_identification:_identify(src/rgator_model) by extension 'ros'
[1.167s] DEBUG:colcon.colcon_core.package_identification:Package 'src/rgator_model' with type 'ros.ament_cmake' and name 'rgator_model'
[1.167s] Level 1:colcon.colcon_core.package_identification:_identify(src/src) by extensions ['ignore', 'ignore_ament_install']
[1.167s] Level 1:colcon.colcon_core.package_identification:_identify(src/src) by extension 'ignore'
[1.167s] Level 1:colcon.colcon_core.package_identification:_identify(src/src) by extension 'ignore_ament_install'
[1.167s] Level 1:colcon.colcon_core.package_identification:_identify(src/src) by extensions ['colcon_pkg']
[1.167s] Level 1:colcon.colcon_core.package_identification:_identify(src/src) by extension 'colcon_pkg'
[1.167s] Level 1:colcon.colcon_core.package_identification:_identify(src/src) by extensions ['colcon_meta']
[1.167s] Level 1:colcon.colcon_core.package_identification:_identify(src/src) by extension 'colcon_meta'
[1.167s] Level 1:colcon.colcon_core.package_identification:_identify(src/src) by extensions ['ros']
[1.167s] Level 1:colcon.colcon_core.package_identification:_identify(src/src) by extension 'ros'
[1.167s] Level 1:colcon.colcon_core.package_identification:_identify(src/src) by extensions ['cmake', 'python']
[1.167s] Level 1:colcon.colcon_core.package_identification:_identify(src/src) by extension 'cmake'
[1.167s] Level 1:colcon.colcon_core.package_identification:_identify(src/src) by extension 'python'
[1.168s] Level 1:colcon.colcon_core.package_identification:_identify(src/src) by extensions ['python_setup_py']
[1.168s] Level 1:colcon.colcon_core.package_identification:_identify(src/src) by extension 'python_setup_py'
[1.168s] Level 1:colcon.colcon_core.package_discovery:discover_packages(recursive) using defaults
[1.168s] Level 1:colcon.colcon_core.package_discovery:discover_packages(ignore) discover
[1.168s] Level 1:colcon.colcon_core.package_discovery:discover_packages(ignore) using defaults
[1.168s] Level 1:colcon.colcon_core.package_discovery:discover_packages(path) discover
[1.168s] Level 1:colcon.colcon_core.package_discovery:discover_packages(path) using defaults
[1.266s] Level 1:colcon.colcon_core.package_discovery:discover_packages(prefix_path) check parameters
[1.266s] Level 1:colcon.colcon_core.package_discovery:discover_packages(prefix_path) discover
[1.299s] DEBUG:colcon.colcon_installed_package_information.package_discovery:Found 6 installed packages in /home/samee/ros2ws/install
[1.322s] DEBUG:colcon.colcon_installed_package_information.package_discovery:Found 300 installed packages in /opt/ros/humble
[1.324s] Level 1:colcon.colcon_core.package_discovery:discover_packages(prefix_path) using defaults
[1.420s] Level 5:colcon.colcon_core.verb:set package 'r_gator_description' build argument 'cmake_args' from command line to 'None'
[1.420s] Level 5:colcon.colcon_core.verb:set package 'r_gator_description' build argument 'cmake_target' from command line to 'None'
[1.420s] Level 5:colcon.colcon_core.verb:set package 'r_gator_description' build argument 'cmake_target_skip_unavailable' from command line to 'False'
[1.420s] Level 5:colcon.colcon_core.verb:set package 'r_gator_description' build argument 'cmake_clean_cache' from command line to 'False'
[1.420s] Level 5:colcon.colcon_core.verb:set package 'r_gator_description' build argument 'cmake_clean_first' from command line to 'False'
[1.420s] Level 5:colcon.colcon_core.verb:set package 'r_gator_description' build argument 'cmake_force_configure' from command line to 'False'
[1.420s] Level 5:colcon.colcon_core.verb:set package 'r_gator_description' build argument 'ament_cmake_args' from command line to 'None'
[1.420s] Level 5:colcon.colcon_core.verb:set package 'r_gator_description' build argument 'catkin_cmake_args' from command line to 'None'
[1.420s] Level 5:colcon.colcon_core.verb:set package 'r_gator_description' build argument 'catkin_skip_building_tests' from command line to 'False'
[1.420s] DEBUG:colcon.colcon_core.verb:Building package 'r_gator_description' with the following arguments: {'ament_cmake_args': None, 'build_base': '/home/samee/ros2ws/build/r_gator_description', 'catkin_cmake_args': None, 'catkin_skip_building_tests': False, 'cmake_args': None, 'cmake_clean_cache': False, 'cmake_clean_first': False, 'cmake_force_configure': False, 'cmake_target': None, 'cmake_target_skip_unavailable': False, 'install_base': '/home/samee/ros2ws/install/r_gator_description', 'merge_install': False, 'path': '/home/samee/ros2ws/src/r_gator_description', 'symlink_install': False, 'test_result_base': None}
[1.436s] Level 5:colcon.colcon_core.verb:set package 'r_gator_gazebo' build argument 'cmake_args' from command line to 'None'
[1.436s] Level 5:colcon.colcon_core.verb:set package 'r_gator_gazebo' build argument 'cmake_target' from command line to 'None'
[1.436s] Level 5:colcon.colcon_core.verb:set package 'r_gator_gazebo' build argument 'cmake_target_skip_unavailable' from command line to 'False'
[1.436s] Level 5:colcon.colcon_core.verb:set package 'r_gator_gazebo' build argument 'cmake_clean_cache' from command line to 'False'
[1.437s] Level 5:colcon.colcon_core.verb:set package 'r_gator_gazebo' build argument 'cmake_clean_first' from command line to 'False'
[1.437s] Level 5:colcon.colcon_core.verb:set package 'r_gator_gazebo' build argument 'cmake_force_configure' from command line to 'False'
[1.437s] Level 5:colcon.colcon_core.verb:set package 'r_gator_gazebo' build argument 'ament_cmake_args' from command line to 'None'
[1.437s] Level 5:colcon.colcon_core.verb:set package 'r_gator_gazebo' build argument 'catkin_cmake_args' from command line to 'None'
[1.437s] Level 5:colcon.colcon_core.verb:set package 'r_gator_gazebo' build argument 'catkin_skip_building_tests' from command line to 'False'
[1.437s] DEBUG:colcon.colcon_core.verb:Building package 'r_gator_gazebo' with the following arguments: {'ament_cmake_args': None, 'build_base': '/home/samee/ros2ws/build/r_gator_gazebo', 'catkin_cmake_args': None, 'catkin_skip_building_tests': False, 'cmake_args': None, 'cmake_clean_cache': False, 'cmake_clean_first': False, 'cmake_force_configure': False, 'cmake_target': None, 'cmake_target_skip_unavailable': False, 'install_base': '/home/samee/ros2ws/install/r_gator_gazebo', 'merge_install': False, 'path': '/home/samee/ros2ws/src/r_gator_gazebo', 'symlink_install': False, 'test_result_base': None}
[1.453s] Level 5:colcon.colcon_core.verb:set package 'r_gator_gazebo_tool' build argument 'cmake_args' from command line to 'None'
[1.453s] Level 5:colcon.colcon_core.verb:set package 'r_gator_gazebo_tool' build argument 'cmake_target' from command line to 'None'
[1.453s] Level 5:colcon.colcon_core.verb:set package 'r_gator_gazebo_tool' build argument 'cmake_target_skip_unavailable' from command line to 'False'
[1.453s] Level 5:colcon.colcon_core.verb:set package 'r_gator_gazebo_tool' build argument 'cmake_clean_cache' from command line to 'False'
[1.453s] Level 5:colcon.colcon_core.verb:set package 'r_gator_gazebo_tool' build argument 'cmake_clean_first' from command line to 'False'
[1.453s] Level 5:colcon.colcon_core.verb:set package 'r_gator_gazebo_tool' build argument 'cmake_force_configure' from command line to 'False'
[1.453s] Level 5:colcon.colcon_core.verb:set package 'r_gator_gazebo_tool' build argument 'ament_cmake_args' from command line to 'None'
[1.453s] Level 5:colcon.colcon_core.verb:set package 'r_gator_gazebo_tool' build argument 'catkin_cmake_args' from command line to 'None'
[1.453s] Level 5:colcon.colcon_core.verb:set package 'r_gator_gazebo_tool' build argument 'catkin_skip_building_tests' from command line to 'False'
[1.453s] DEBUG:colcon.colcon_core.verb:Building package 'r_gator_gazebo_tool' with the following arguments: {'ament_cmake_args': None, 'build_base': '/home/samee/ros2ws/build/r_gator_gazebo_tool', 'catkin_cmake_args': None, 'catkin_skip_building_tests': False, 'cmake_args': None, 'cmake_clean_cache': False, 'cmake_clean_first': False, 'cmake_force_configure': False, 'cmake_target': None, 'cmake_target_skip_unavailable': False, 'install_base': '/home/samee/ros2ws/install/r_gator_gazebo_tool', 'merge_install': False, 'path': '/home/samee/ros2ws/src/r_gator_gazebo_tool', 'symlink_install': False, 'test_result_base': None}
[1.469s] Level 5:colcon.colcon_core.verb:set package 'r_gator_launch' build argument 'cmake_args' from command line to 'None'
[1.469s] Level 5:colcon.colcon_core.verb:set package 'r_gator_launch' build argument 'cmake_target' from command line to 'None'
[1.469s] Level 5:colcon.colcon_core.verb:set package 'r_gator_launch' build argument 'cmake_target_skip_unavailable' from command line to 'False'
[1.469s] Level 5:colcon.colcon_core.verb:set package 'r_gator_launch' build argument 'cmake_clean_cache' from command line to 'False'
[1.469s] Level 5:colcon.colcon_core.verb:set package 'r_gator_launch' build argument 'cmake_clean_first' from command line to 'False'
[1.469s] Level 5:colcon.colcon_core.verb:set package 'r_gator_launch' build argument 'cmake_force_configure' from command line to 'False'
[1.469s] Level 5:colcon.colcon_core.verb:set package 'r_gator_launch' build argument 'ament_cmake_args' from command line to 'None'
[1.469s] Level 5:colcon.colcon_core.verb:set package 'r_gator_launch' build argument 'catkin_cmake_args' from command line to 'None'
[1.469s] Level 5:colcon.colcon_core.verb:set package 'r_gator_launch' build argument 'catkin_skip_building_tests' from command line to 'False'
[1.469s] DEBUG:colcon.colcon_core.verb:Building package 'r_gator_launch' with the following arguments: {'ament_cmake_args': None, 'build_base': '/home/samee/ros2ws/build/r_gator_launch', 'catkin_cmake_args': None, 'catkin_skip_building_tests': False, 'cmake_args': None, 'cmake_clean_cache': False, 'cmake_clean_first': False, 'cmake_force_configure': False, 'cmake_target': None, 'cmake_target_skip_unavailable': False, 'install_base': '/home/samee/ros2ws/install/r_gator_launch', 'merge_install': False, 'path': '/home/samee/ros2ws/src/r_gator_launch', 'symlink_install': False, 'test_result_base': None}
[1.486s] Level 5:colcon.colcon_core.verb:set package 'r_gator_teleop' build argument 'cmake_args' from command line to 'None'
[1.486s] Level 5:colcon.colcon_core.verb:set package 'r_gator_teleop' build argument 'cmake_target' from command line to 'None'
[1.486s] Level 5:colcon.colcon_core.verb:set package 'r_gator_teleop' build argument 'cmake_target_skip_unavailable' from command line to 'False'
[1.486s] Level 5:colcon.colcon_core.verb:set package 'r_gator_teleop' build argument 'cmake_clean_cache' from command line to 'False'
[1.486s] Level 5:colcon.colcon_core.verb:set package 'r_gator_teleop' build argument 'cmake_clean_first' from command line to 'False'
[1.486s] Level 5:colcon.colcon_core.verb:set package 'r_gator_teleop' build argument 'cmake_force_configure' from command line to 'False'
[1.486s] Level 5:colcon.colcon_core.verb:set package 'r_gator_teleop' build argument 'ament_cmake_args' from command line to 'None'
[1.486s] Level 5:colcon.colcon_core.verb:set package 'r_gator_teleop' build argument 'catkin_cmake_args' from command line to 'None'
[1.486s] Level 5:colcon.colcon_core.verb:set package 'r_gator_teleop' build argument 'catkin_skip_building_tests' from command line to 'False'
[1.486s] DEBUG:colcon.colcon_core.verb:Building package 'r_gator_teleop' with the following arguments: {'ament_cmake_args': None, 'build_base': '/home/samee/ros2ws/build/r_gator_teleop', 'catkin_cmake_args': None, 'catkin_skip_building_tests': False, 'cmake_args': None, 'cmake_clean_cache': False, 'cmake_clean_first': False, 'cmake_force_configure': False, 'cmake_target': None, 'cmake_target_skip_unavailable': False, 'install_base': '/home/samee/ros2ws/install/r_gator_teleop', 'merge_install': False, 'path': '/home/samee/ros2ws/src/r_gator_teleop', 'symlink_install': False, 'test_result_base': None}
[1.502s] Level 5:colcon.colcon_core.verb:set package 'rgator_model' build argument 'cmake_args' from command line to 'None'
[1.502s] Level 5:colcon.colcon_core.verb:set package 'rgator_model' build argument 'cmake_target' from command line to 'None'
[1.502s] Level 5:colcon.colcon_core.verb:set package 'rgator_model' build argument 'cmake_target_skip_unavailable' from command line to 'False'
[1.502s] Level 5:colcon.colcon_core.verb:set package 'rgator_model' build argument 'cmake_clean_cache' from command line to 'False'
[1.502s] Level 5:colcon.colcon_core.verb:set package 'rgator_model' build argument 'cmake_clean_first' from command line to 'False'
[1.502s] Level 5:colcon.colcon_core.verb:set package 'rgator_model' build argument 'cmake_force_configure' from command line to 'False'
[1.502s] Level 5:colcon.colcon_core.verb:set package 'rgator_model' build argument 'ament_cmake_args' from command line to 'None'
[1.502s] Level 5:colcon.colcon_core.verb:set package 'rgator_model' build argument 'catkin_cmake_args' from command line to 'None'
[1.502s] Level 5:colcon.colcon_core.verb:set package 'rgator_model' build argument 'catkin_skip_building_tests' from command line to 'False'
[1.502s] DEBUG:colcon.colcon_core.verb:Building package 'rgator_model' with the following arguments: {'ament_cmake_args': None, 'build_base': '/home/samee/ros2ws/build/rgator_model', 'catkin_cmake_args': None, 'catkin_skip_building_tests': False, 'cmake_args': None, 'cmake_clean_cache': False, 'cmake_clean_first': False, 'cmake_force_configure': False, 'cmake_target': None, 'cmake_target_skip_unavailable': False, 'install_base': '/home/samee/ros2ws/install/rgator_model', 'merge_install': False, 'path': '/home/samee/ros2ws/src/rgator_model', 'symlink_install': False, 'test_result_base': None}
[1.518s] INFO:colcon.colcon_core.executor:Executing jobs using 'parallel' executor
[1.535s] DEBUG:colcon.colcon_parallel_executor.executor.parallel:run_until_complete
[1.535s] INFO:colcon.colcon_ros.task.ament_cmake.build:Building ROS package in '/home/samee/ros2ws/src/r_gator_description' with build type 'ament_cmake'
[1.535s] INFO:colcon.colcon_cmake.task.cmake.build:Building CMake package in '/home/samee/ros2ws/src/r_gator_description'
[1.554s] INFO:colcon.colcon_core.plugin_system:Skipping extension 'colcon_core.shell.bat': Not used on non-Windows systems
[1.555s] INFO:colcon.colcon_core.shell:Skip shell extension 'powershell' for command environment: Not usable outside of PowerShell
[1.555s] DEBUG:colcon.colcon_core.shell:Skip shell extension 'dsv' for command environment
[1.608s] INFO:colcon.colcon_ros.task.ament_cmake.build:Building ROS package in '/home/samee/ros2ws/src/r_gator_gazebo' with build type 'ament_cmake'
[1.608s] INFO:colcon.colcon_cmake.task.cmake.build:Building CMake package in '/home/samee/ros2ws/src/r_gator_gazebo'
[1.625s] INFO:colcon.colcon_core.shell:Skip shell extension 'powershell' for command environment: Not usable outside of PowerShell
[1.625s] DEBUG:colcon.colcon_core.shell:Skip shell extension 'dsv' for command environment
[1.680s] INFO:colcon.colcon_ros.task.ament_cmake.build:Building ROS package in '/home/samee/ros2ws/src/r_gator_gazebo_tool' with build type 'ament_cmake'
[1.681s] INFO:colcon.colcon_cmake.task.cmake.build:Building CMake package in '/home/samee/ros2ws/src/r_gator_gazebo_tool'
[1.698s] INFO:colcon.colcon_core.shell:Skip shell extension 'powershell' for command environment: Not usable outside of PowerShell
[1.698s] DEBUG:colcon.colcon_core.shell:Skip shell extension 'dsv' for command environment
[1.761s] INFO:colcon.colcon_ros.task.ament_cmake.build:Building ROS package in '/home/samee/ros2ws/src/r_gator_launch' with build type 'ament_cmake'
[1.761s] INFO:colcon.colcon_cmake.task.cmake.build:Building CMake package in '/home/samee/ros2ws/src/r_gator_launch'
[1.785s] INFO:colcon.colcon_core.shell:Skip shell extension 'powershell' for command environment: Not usable outside of PowerShell
[1.786s] DEBUG:colcon.colcon_core.shell:Skip shell extension 'dsv' for command environment
[1.847s] INFO:colcon.colcon_ros.task.ament_cmake.build:Building ROS package in '/home/samee/ros2ws/src/r_gator_teleop' with build type 'ament_cmake'
[1.847s] INFO:colcon.colcon_cmake.task.cmake.build:Building CMake package in '/home/samee/ros2ws/src/r_gator_teleop'
[1.869s] INFO:colcon.colcon_core.shell:Skip shell extension 'powershell' for command environment: Not usable outside of PowerShell
[1.869s] DEBUG:colcon.colcon_core.shell:Skip shell extension 'dsv' for command environment
[1.926s] INFO:colcon.colcon_ros.task.ament_cmake.build:Building ROS package in '/home/samee/ros2ws/src/rgator_model' with build type 'ament_cmake'
[1.926s] INFO:colcon.colcon_cmake.task.cmake.build:Building CMake package in '/home/samee/ros2ws/src/rgator_model'
[1.943s] INFO:colcon.colcon_core.shell:Skip shell extension 'powershell' for command environment: Not usable outside of PowerShell
[1.943s] DEBUG:colcon.colcon_core.shell:Skip shell extension 'dsv' for command environment
[2.001s] DEBUG:colcon.colcon_core.event_handler.log_command:Invoking command in '/home/samee/ros2ws/build/r_gator_description': CMAKE_PREFIX_PATH=/opt/ros/humble:${CMAKE_PREFIX_PATH} /usr/local/bin/cmake --build /home/samee/ros2ws/build/r_gator_description -- -j12 -l12
[2.004s] DEBUG:colcon.colcon_core.event_handler.log_command:Invoking command in '/home/samee/ros2ws/build/r_gator_gazebo': CMAKE_PREFIX_PATH=/opt/ros/humble:${CMAKE_PREFIX_PATH} /usr/local/bin/cmake --build /home/samee/ros2ws/build/r_gator_gazebo -- -j12 -l12
[2.006s] DEBUG:colcon.colcon_core.event_handler.log_command:Invoking command in '/home/samee/ros2ws/build/r_gator_gazebo_tool': CMAKE_PREFIX_PATH=/opt/ros/humble:${CMAKE_PREFIX_PATH} /usr/local/bin/cmake --build /home/samee/ros2ws/build/r_gator_gazebo_tool -- -j12 -l12
[2.009s] DEBUG:colcon.colcon_core.event_handler.log_command:Invoking command in '/home/samee/ros2ws/build/r_gator_launch': CMAKE_PREFIX_PATH=/opt/ros/humble:${CMAKE_PREFIX_PATH} /usr/local/bin/cmake --build /home/samee/ros2ws/build/r_gator_launch -- -j12 -l12
[2.012s] DEBUG:colcon.colcon_core.event_handler.log_command:Invoking command in '/home/samee/ros2ws/build/r_gator_teleop': CMAKE_PREFIX_PATH=/opt/ros/humble:${CMAKE_PREFIX_PATH} /usr/local/bin/cmake --build /home/samee/ros2ws/build/r_gator_teleop -- -j12 -l12
[2.016s] DEBUG:colcon.colcon_core.event_handler.log_command:Invoking command in '/home/samee/ros2ws/build/rgator_model': CMAKE_PREFIX_PATH=/opt/ros/humble:${CMAKE_PREFIX_PATH} /usr/local/bin/cmake --build /home/samee/ros2ws/build/rgator_model -- -j12 -l12
[2.017s] DEBUG:colcon.colcon_core.event_handler.log_command:Invoked command in '/home/samee/ros2ws/build/r_gator_description' returned '0': CMAKE_PREFIX_PATH=/opt/ros/humble:${CMAKE_PREFIX_PATH} /usr/local/bin/cmake --build /home/samee/ros2ws/build/r_gator_description -- -j12 -l12
[2.018s] DEBUG:colcon.colcon_core.event_handler.log_command:Invoked command in '/home/samee/ros2ws/build/r_gator_gazebo' returned '0': CMAKE_PREFIX_PATH=/opt/ros/humble:${CMAKE_PREFIX_PATH} /usr/local/bin/cmake --build /home/samee/ros2ws/build/r_gator_gazebo -- -j12 -l12
[2.019s] DEBUG:colcon.colcon_core.event_handler.log_command:Invoked command in '/home/samee/ros2ws/build/r_gator_launch' returned '0': CMAKE_PREFIX_PATH=/opt/ros/humble:${CMAKE_PREFIX_PATH} /usr/local/bin/cmake --build /home/samee/ros2ws/build/r_gator_launch -- -j12 -l12
[2.022s] DEBUG:colcon.colcon_core.event_handler.log_command:Invoked command in '/home/samee/ros2ws/build/r_gator_teleop' returned '0': CMAKE_PREFIX_PATH=/opt/ros/humble:${CMAKE_PREFIX_PATH} /usr/local/bin/cmake --build /home/samee/ros2ws/build/r_gator_teleop -- -j12 -l12
[2.024s] DEBUG:colcon.colcon_core.event_handler.log_command:Invoked command in '/home/samee/ros2ws/build/rgator_model' returned '0': CMAKE_PREFIX_PATH=/opt/ros/humble:${CMAKE_PREFIX_PATH} /usr/local/bin/cmake --build /home/samee/ros2ws/build/rgator_model -- -j12 -l12
[2.030s] DEBUG:colcon.colcon_core.event_handler.log_command:Invoking command in '/home/samee/ros2ws/build/r_gator_description': CMAKE_PREFIX_PATH=/opt/ros/humble:${CMAKE_PREFIX_PATH} /usr/local/bin/cmake --install /home/samee/ros2ws/build/r_gator_description
[2.035s] DEBUG:colcon.colcon_core.event_handler.log_command:Invoking command in '/home/samee/ros2ws/build/r_gator_launch': CMAKE_PREFIX_PATH=/opt/ros/humble:${CMAKE_PREFIX_PATH} /usr/local/bin/cmake --install /home/samee/ros2ws/build/r_gator_launch
[2.038s] Level 1:colcon.colcon_core.environment:create_environment_scripts_only(r_gator_description)
[2.040s] DEBUG:colcon.colcon_core.event_handler.log_command:Invoking command in '/home/samee/ros2ws/build/r_gator_gazebo': CMAKE_PREFIX_PATH=/opt/ros/humble:${CMAKE_PREFIX_PATH} /usr/local/bin/cmake --install /home/samee/ros2ws/build/r_gator_gazebo
[2.046s] DEBUG:colcon.colcon_core.event_handler.log_command:Invoking command in '/home/samee/ros2ws/build/r_gator_teleop': CMAKE_PREFIX_PATH=/opt/ros/humble:${CMAKE_PREFIX_PATH} /usr/local/bin/cmake --install /home/samee/ros2ws/build/r_gator_teleop
[2.047s] DEBUG:colcon.colcon_core.event_handler.log_command:Invoking command in '/home/samee/ros2ws/build/rgator_model': CMAKE_PREFIX_PATH=/opt/ros/humble:${CMAKE_PREFIX_PATH} /usr/local/bin/cmake --install /home/samee/ros2ws/build/rgator_model
[2.047s] DEBUG:colcon.colcon_core.event_handler.log_command:Invoked command in '/home/samee/ros2ws/build/r_gator_description' returned '0': CMAKE_PREFIX_PATH=/opt/ros/humble:${CMAKE_PREFIX_PATH} /usr/local/bin/cmake --install /home/samee/ros2ws/build/r_gator_description
[2.066s] Level 1:colcon.colcon_core.environment:checking '/home/samee/ros2ws/install/r_gator_description' for CMake module files
[2.066s] Level 1:colcon.colcon_core.environment:checking '/home/samee/ros2ws/install/r_gator_description' for CMake config files
[2.066s] Level 1:colcon.colcon_core.shell:create_environment_hook('r_gator_description', 'cmake_prefix_path')
[2.082s] INFO:colcon.colcon_core.shell:Creating environment hook '/home/samee/ros2ws/install/r_gator_description/share/r_gator_description/hook/cmake_prefix_path.ps1'
[2.083s] INFO:colcon.colcon_core.shell:Creating environment descriptor '/home/samee/ros2ws/install/r_gator_description/share/r_gator_description/hook/cmake_prefix_path.dsv'
[2.083s] INFO:colcon.colcon_core.shell:Creating environment hook '/home/samee/ros2ws/install/r_gator_description/share/r_gator_description/hook/cmake_prefix_path.sh'
[2.084s] Level 1:colcon.colcon_core.environment:checking '/home/samee/ros2ws/install/r_gator_description/lib'
[2.084s] Level 1:colcon.colcon_core.environment:checking '/home/samee/ros2ws/install/r_gator_description/bin'
[2.084s] Level 1:colcon.colcon_core.environment:checking '/home/samee/ros2ws/install/r_gator_description/lib/pkgconfig/r_gator_description.pc'
[2.084s] Level 1:colcon.colcon_core.environment:checking '/home/samee/ros2ws/install/r_gator_description/lib/python3.10/site-packages'
[2.084s] Level 1:colcon.colcon_core.shell:create_environment_hook('r_gator_description', 'pythonpath')
[2.100s] INFO:colcon.colcon_core.shell:Creating environment hook '/home/samee/ros2ws/install/r_gator_description/share/r_gator_description/hook/pythonpath.ps1'
[2.100s] INFO:colcon.colcon_core.shell:Creating environment descriptor '/home/samee/ros2ws/install/r_gator_description/share/r_gator_description/hook/pythonpath.dsv'
[2.101s] INFO:colcon.colcon_core.shell:Creating environment hook '/home/samee/ros2ws/install/r_gator_description/share/r_gator_description/hook/pythonpath.sh'
[2.101s] Level 1:colcon.colcon_core.environment:checking '/home/samee/ros2ws/install/r_gator_description/bin'
[2.117s] INFO:colcon.colcon_core.shell:Creating package script '/home/samee/ros2ws/install/r_gator_description/share/r_gator_description/package.ps1'
[2.118s] INFO:colcon.colcon_core.shell:Creating package descriptor '/home/samee/ros2ws/install/r_gator_description/share/r_gator_description/package.dsv'
[2.118s] INFO:colcon.colcon_core.shell:Creating package script '/home/samee/ros2ws/install/r_gator_description/share/r_gator_description/package.sh'
[2.119s] INFO:colcon.colcon_core.shell:Creating package script '/home/samee/ros2ws/install/r_gator_description/share/r_gator_description/package.bash'
[2.119s] INFO:colcon.colcon_core.shell:Creating package script '/home/samee/ros2ws/install/r_gator_description/share/r_gator_description/package.zsh'
[2.120s] Level 1:colcon.colcon_core.environment:create_file_with_runtime_dependencies(/home/samee/ros2ws/install/r_gator_description/share/colcon-core/packages/r_gator_description)
[2.121s] Level 1:colcon.colcon_core.environment:create_environment_scripts_only(r_gator_launch)
[2.122s] DEBUG:colcon.colcon_core.event_handler.log_command:Invoked command in '/home/samee/ros2ws/build/r_gator_launch' returned '0': CMAKE_PREFIX_PATH=/opt/ros/humble:${CMAKE_PREFIX_PATH} /usr/local/bin/cmake --install /home/samee/ros2ws/build/r_gator_launch
[2.140s] Level 1:colcon.colcon_core.environment:checking '/home/samee/ros2ws/install/r_gator_launch' for CMake module files
[2.140s] Level 1:colcon.colcon_core.environment:checking '/home/samee/ros2ws/install/r_gator_launch' for CMake config files
[2.140s] Level 1:colcon.colcon_core.shell:create_environment_hook('r_gator_launch', 'cmake_prefix_path')
[2.158s] INFO:colcon.colcon_core.shell:Creating environment hook '/home/samee/ros2ws/install/r_gator_launch/share/r_gator_launch/hook/cmake_prefix_path.ps1'
[2.158s] INFO:colcon.colcon_core.shell:Creating environment descriptor '/home/samee/ros2ws/install/r_gator_launch/share/r_gator_launch/hook/cmake_prefix_path.dsv'
[2.159s] INFO:colcon.colcon_core.shell:Creating environment hook '/home/samee/ros2ws/install/r_gator_launch/share/r_gator_launch/hook/cmake_prefix_path.sh'
[2.159s] Level 1:colcon.colcon_core.environment:checking '/home/samee/ros2ws/install/r_gator_launch/lib'
[2.159s] Level 1:colcon.colcon_core.environment:checking '/home/samee/ros2ws/install/r_gator_launch/bin'
[2.159s] Level 1:colcon.colcon_core.environment:checking '/home/samee/ros2ws/install/r_gator_launch/lib/pkgconfig/r_gator_launch.pc'
[2.160s] Level 1:colcon.colcon_core.environment:checking '/home/samee/ros2ws/install/r_gator_launch/lib/python3.10/site-packages'
[2.160s] Level 1:colcon.colcon_core.shell:create_environment_hook('r_gator_launch', 'pythonpath')
[2.177s] INFO:colcon.colcon_core.shell:Creating environment hook '/home/samee/ros2ws/install/r_gator_launch/share/r_gator_launch/hook/pythonpath.ps1'
[2.177s] INFO:colcon.colcon_core.shell:Creating environment descriptor '/home/samee/ros2ws/install/r_gator_launch/share/r_gator_launch/hook/pythonpath.dsv'
[2.177s] INFO:colcon.colcon_core.shell:Creating environment hook '/home/samee/ros2ws/install/r_gator_launch/share/r_gator_launch/hook/pythonpath.sh'
[2.178s] Level 1:colcon.colcon_core.environment:checking '/home/samee/ros2ws/install/r_gator_launch/bin'
[2.195s] INFO:colcon.colcon_core.shell:Creating package script '/home/samee/ros2ws/install/r_gator_launch/share/r_gator_launch/package.ps1'
[2.196s] INFO:colcon.colcon_core.shell:Creating package descriptor '/home/samee/ros2ws/install/r_gator_launch/share/r_gator_launch/package.dsv'
[2.196s] INFO:colcon.colcon_core.shell:Creating package script '/home/samee/ros2ws/install/r_gator_launch/share/r_gator_launch/package.sh'
[2.197s] INFO:colcon.colcon_core.shell:Creating package script '/home/samee/ros2ws/install/r_gator_launch/share/r_gator_launch/package.bash'
[2.197s] INFO:colcon.colcon_core.shell:Creating package script '/home/samee/ros2ws/install/r_gator_launch/share/r_gator_launch/package.zsh'
[2.197s] Level 1:colcon.colcon_core.environment:create_file_with_runtime_dependencies(/home/samee/ros2ws/install/r_gator_launch/share/colcon-core/packages/r_gator_launch)
[2.199s] Level 1:colcon.colcon_core.environment:create_environment_scripts_only(r_gator_gazebo)
[2.199s] DEBUG:colcon.colcon_core.event_handler.log_command:Invoked command in '/home/samee/ros2ws/build/r_gator_gazebo' returned '0': CMAKE_PREFIX_PATH=/opt/ros/humble:${CMAKE_PREFIX_PATH} /usr/local/bin/cmake --install /home/samee/ros2ws/build/r_gator_gazebo
[2.217s] Level 1:colcon.colcon_core.environment:checking '/home/samee/ros2ws/install/r_gator_gazebo' for CMake module files
[2.217s] Level 1:colcon.colcon_core.environment:checking '/home/samee/ros2ws/install/r_gator_gazebo' for CMake config files
[2.218s] Level 1:colcon.colcon_core.shell:create_environment_hook('r_gator_gazebo', 'cmake_prefix_path')
[2.238s] INFO:colcon.colcon_core.shell:Creating environment hook '/home/samee/ros2ws/install/r_gator_gazebo/share/r_gator_gazebo/hook/cmake_prefix_path.ps1'
[2.238s] INFO:colcon.colcon_core.shell:Creating environment descriptor '/home/samee/ros2ws/install/r_gator_gazebo/share/r_gator_gazebo/hook/cmake_prefix_path.dsv'
[2.238s] INFO:colcon.colcon_core.shell:Creating environment hook '/home/samee/ros2ws/install/r_gator_gazebo/share/r_gator_gazebo/hook/cmake_prefix_path.sh'
[2.239s] Level 1:colcon.colcon_core.environment:checking '/home/samee/ros2ws/install/r_gator_gazebo/lib'
[2.239s] Level 1:colcon.colcon_core.environment:checking '/home/samee/ros2ws/install/r_gator_gazebo/bin'
[2.239s] Level 1:colcon.colcon_core.environment:checking '/home/samee/ros2ws/install/r_gator_gazebo/lib/pkgconfig/r_gator_gazebo.pc'
[2.239s] Level 1:colcon.colcon_core.environment:checking '/home/samee/ros2ws/install/r_gator_gazebo/lib/python3.10/site-packages'
[2.239s] Level 1:colcon.colcon_core.shell:create_environment_hook('r_gator_gazebo', 'pythonpath')
[2.258s] INFO:colcon.colcon_core.shell:Creating environment hook '/home/samee/ros2ws/install/r_gator_gazebo/share/r_gator_gazebo/hook/pythonpath.ps1'
[2.258s] INFO:colcon.colcon_core.shell:Creating environment descriptor '/home/samee/ros2ws/install/r_gator_gazebo/share/r_gator_gazebo/hook/pythonpath.dsv'
[2.258s] INFO:colcon.colcon_core.shell:Creating environment hook '/home/samee/ros2ws/install/r_gator_gazebo/share/r_gator_gazebo/hook/pythonpath.sh'
[2.259s] Level 1:colcon.colcon_core.environment:checking '/home/samee/ros2ws/install/r_gator_gazebo/bin'
[2.278s] INFO:colcon.colcon_core.shell:Creating package script '/home/samee/ros2ws/install/r_gator_gazebo/share/r_gator_gazebo/package.ps1'
[2.278s] INFO:colcon.colcon_core.shell:Creating package descriptor '/home/samee/ros2ws/install/r_gator_gazebo/share/r_gator_gazebo/package.dsv'
[2.279s] INFO:colcon.colcon_core.shell:Creating package script '/home/samee/ros2ws/install/r_gator_gazebo/share/r_gator_gazebo/package.sh'
[2.279s] INFO:colcon.colcon_core.shell:Creating package script '/home/samee/ros2ws/install/r_gator_gazebo/share/r_gator_gazebo/package.bash'
[2.279s] INFO:colcon.colcon_core.shell:Creating package script '/home/samee/ros2ws/install/r_gator_gazebo/share/r_gator_gazebo/package.zsh'
[2.280s] Level 1:colcon.colcon_core.environment:create_file_with_runtime_dependencies(/home/samee/ros2ws/install/r_gator_gazebo/share/colcon-core/packages/r_gator_gazebo)
[2.281s] Level 1:colcon.colcon_core.environment:create_environment_scripts_only(rgator_model)
[2.281s] DEBUG:colcon.colcon_core.event_handler.log_command:Invoked command in '/home/samee/ros2ws/build/rgator_model' returned '0': CMAKE_PREFIX_PATH=/opt/ros/humble:${CMAKE_PREFIX_PATH} /usr/local/bin/cmake --install /home/samee/ros2ws/build/rgator_model
[2.299s] Level 1:colcon.colcon_core.environment:checking '/home/samee/ros2ws/install/rgator_model' for CMake module files
[2.299s] Level 1:colcon.colcon_core.environment:checking '/home/samee/ros2ws/install/rgator_model' for CMake config files
[2.299s] Level 1:colcon.colcon_core.shell:create_environment_hook('rgator_model', 'cmake_prefix_path')
[2.316s] INFO:colcon.colcon_core.shell:Creating environment hook '/home/samee/ros2ws/install/rgator_model/share/rgator_model/hook/cmake_prefix_path.ps1'
[2.317s] INFO:colcon.colcon_core.shell:Creating environment descriptor '/home/samee/ros2ws/install/rgator_model/share/rgator_model/hook/cmake_prefix_path.dsv'
[2.317s] INFO:colcon.colcon_core.shell:Creating environment hook '/home/samee/ros2ws/install/rgator_model/share/rgator_model/hook/cmake_prefix_path.sh'
[2.317s] Level 1:colcon.colcon_core.environment:checking '/home/samee/ros2ws/install/rgator_model/lib'
[2.317s] Level 1:colcon.colcon_core.environment:checking '/home/samee/ros2ws/install/rgator_model/bin'
[2.318s] Level 1:colcon.colcon_core.environment:checking '/home/samee/ros2ws/install/rgator_model/lib/pkgconfig/rgator_model.pc'
[2.318s] Level 1:colcon.colcon_core.environment:checking '/home/samee/ros2ws/install/rgator_model/lib/python3.10/site-packages'
[2.318s] Level 1:colcon.colcon_core.shell:create_environment_hook('rgator_model', 'pythonpath')
[2.333s] INFO:colcon.colcon_core.shell:Creating environment hook '/home/samee/ros2ws/install/rgator_model/share/rgator_model/hook/pythonpath.ps1'
[2.333s] INFO:colcon.colcon_core.shell:Creating environment descriptor '/home/samee/ros2ws/install/rgator_model/share/rgator_model/hook/pythonpath.dsv'
[2.334s] INFO:colcon.colcon_core.shell:Creating environment hook '/home/samee/ros2ws/install/rgator_model/share/rgator_model/hook/pythonpath.sh'
[2.334s] Level 1:colcon.colcon_core.environment:checking '/home/samee/ros2ws/install/rgator_model/bin'
[2.350s] INFO:colcon.colcon_core.shell:Creating package script '/home/samee/ros2ws/install/rgator_model/share/rgator_model/package.ps1'
[2.351s] INFO:colcon.colcon_core.shell:Creating package descriptor '/home/samee/ros2ws/install/rgator_model/share/rgator_model/package.dsv'
[2.351s] INFO:colcon.colcon_core.shell:Creating package script '/home/samee/ros2ws/install/rgator_model/share/rgator_model/package.sh'
[2.352s] INFO:colcon.colcon_core.shell:Creating package script '/home/samee/ros2ws/install/rgator_model/share/rgator_model/package.bash'
[2.352s] INFO:colcon.colcon_core.shell:Creating package script '/home/samee/ros2ws/install/rgator_model/share/rgator_model/package.zsh'
[2.352s] Level 1:colcon.colcon_core.environment:create_file_with_runtime_dependencies(/home/samee/ros2ws/install/rgator_model/share/colcon-core/packages/rgator_model)
[2.353s] Level 1:colcon.colcon_core.environment:create_environment_scripts_only(r_gator_teleop)
[2.354s] DEBUG:colcon.colcon_core.event_handler.log_command:Invoked command in '/home/samee/ros2ws/build/r_gator_teleop' returned '0': CMAKE_PREFIX_PATH=/opt/ros/humble:${CMAKE_PREFIX_PATH} /usr/local/bin/cmake --install /home/samee/ros2ws/build/r_gator_teleop
[2.371s] Level 1:colcon.colcon_core.environment:checking '/home/samee/ros2ws/install/r_gator_teleop' for CMake module files
[2.371s] Level 1:colcon.colcon_core.environment:checking '/home/samee/ros2ws/install/r_gator_teleop' for CMake config files
[2.371s] Level 1:colcon.colcon_core.shell:create_environment_hook('r_gator_teleop', 'cmake_prefix_path')
[2.394s] INFO:colcon.colcon_core.shell:Creating environment hook '/home/samee/ros2ws/install/r_gator_teleop/share/r_gator_teleop/hook/cmake_prefix_path.ps1'
[2.395s] INFO:colcon.colcon_core.shell:Creating environment descriptor '/home/samee/ros2ws/install/r_gator_teleop/share/r_gator_teleop/hook/cmake_prefix_path.dsv'
[2.395s] INFO:colcon.colcon_core.shell:Creating environment hook '/home/samee/ros2ws/install/r_gator_teleop/share/r_gator_teleop/hook/cmake_prefix_path.sh'
[2.395s] Level 1:colcon.colcon_core.environment:checking '/home/samee/ros2ws/install/r_gator_teleop/bin'
[2.395s] Level 1:colcon.colcon_core.environment:checking '/home/samee/ros2ws/install/r_gator_teleop/lib/pkgconfig/r_gator_teleop.pc'
[2.396s] Level 1:colcon.colcon_core.environment:checking '/home/samee/ros2ws/install/r_gator_teleop/lib/python3.10/site-packages'
[2.396s] Level 1:colcon.colcon_core.environment:checking '/home/samee/ros2ws/install/r_gator_teleop/bin'
[2.411s] INFO:colcon.colcon_core.shell:Creating package script '/home/samee/ros2ws/install/r_gator_teleop/share/r_gator_teleop/package.ps1'
[2.411s] INFO:colcon.colcon_core.shell:Creating package descriptor '/home/samee/ros2ws/install/r_gator_teleop/share/r_gator_teleop/package.dsv'
[2.411s] INFO:colcon.colcon_core.shell:Creating package script '/home/samee/ros2ws/install/r_gator_teleop/share/r_gator_teleop/package.sh'
[2.412s] INFO:colcon.colcon_core.shell:Creating package script '/home/samee/ros2ws/install/r_gator_teleop/share/r_gator_teleop/package.bash'
[2.412s] INFO:colcon.colcon_core.shell:Creating package script '/home/samee/ros2ws/install/r_gator_teleop/share/r_gator_teleop/package.zsh'
[2.412s] Level 1:colcon.colcon_core.environment:create_file_with_runtime_dependencies(/home/samee/ros2ws/install/r_gator_teleop/share/colcon-core/packages/r_gator_teleop)
[2.429s] Level 1:colcon.colcon_core.environment:create_environment_scripts_only(r_gator_description)
[2.445s] Level 1:colcon.colcon_core.environment:checking '/home/samee/ros2ws/install/r_gator_description' for CMake module files
[2.445s] Level 1:colcon.colcon_core.environment:checking '/home/samee/ros2ws/install/r_gator_description' for CMake config files
[2.445s] Level 1:colcon.colcon_core.shell:create_environment_hook('r_gator_description', 'cmake_prefix_path')
[2.461s] INFO:colcon.colcon_core.shell:Creating environment hook '/home/samee/ros2ws/install/r_gator_description/share/r_gator_description/hook/cmake_prefix_path.ps1'
[2.462s] INFO:colcon.colcon_core.shell:Creating environment descriptor '/home/samee/ros2ws/install/r_gator_description/share/r_gator_description/hook/cmake_prefix_path.dsv'
[2.462s] INFO:colcon.colcon_core.shell:Creating environment hook '/home/samee/ros2ws/install/r_gator_description/share/r_gator_description/hook/cmake_prefix_path.sh'
[2.462s] Level 1:colcon.colcon_core.environment:checking '/home/samee/ros2ws/install/r_gator_description/lib'
[2.463s] Level 1:colcon.colcon_core.environment:checking '/home/samee/ros2ws/install/r_gator_description/bin'
[2.463s] Level 1:colcon.colcon_core.environment:checking '/home/samee/ros2ws/install/r_gator_description/lib/pkgconfig/r_gator_description.pc'
[2.463s] Level 1:colcon.colcon_core.environment:checking '/home/samee/ros2ws/install/r_gator_description/lib/python3.10/site-packages'
[2.463s] Level 1:colcon.colcon_core.shell:create_environment_hook('r_gator_description', 'pythonpath')
[2.479s] INFO:colcon.colcon_core.shell:Creating environment hook '/home/samee/ros2ws/install/r_gator_description/share/r_gator_description/hook/pythonpath.ps1'
[2.479s] INFO:colcon.colcon_core.shell:Creating environment descriptor '/home/samee/ros2ws/install/r_gator_description/share/r_gator_description/hook/pythonpath.dsv'
[2.479s] INFO:colcon.colcon_core.shell:Creating environment hook '/home/samee/ros2ws/install/r_gator_description/share/r_gator_description/hook/pythonpath.sh'
[2.480s] Level 1:colcon.colcon_core.environment:checking '/home/samee/ros2ws/install/r_gator_description/bin'
[2.495s] INFO:colcon.colcon_core.shell:Creating package script '/home/samee/ros2ws/install/r_gator_description/share/r_gator_description/package.ps1'
[2.496s] INFO:colcon.colcon_core.shell:Creating package descriptor '/home/samee/ros2ws/install/r_gator_description/share/r_gator_description/package.dsv'
[2.496s] INFO:colcon.colcon_core.shell:Creating package script '/home/samee/ros2ws/install/r_gator_description/share/r_gator_description/package.sh'
[2.497s] INFO:colcon.colcon_core.shell:Creating package script '/home/samee/ros2ws/install/r_gator_description/share/r_gator_description/package.bash'
[2.497s] INFO:colcon.colcon_core.shell:Creating package script '/home/samee/ros2ws/install/r_gator_description/share/r_gator_description/package.zsh'
[2.497s] Level 1:colcon.colcon_core.environment:create_file_with_runtime_dependencies(/home/samee/ros2ws/install/r_gator_description/share/colcon-core/packages/r_gator_description)
[2.514s] Level 1:colcon.colcon_core.environment:create_environment_scripts_only(r_gator_launch)
[2.530s] Level 1:colcon.colcon_core.environment:checking '/home/samee/ros2ws/install/r_gator_launch' for CMake module files
[2.531s] Level 1:colcon.colcon_core.environment:checking '/home/samee/ros2ws/install/r_gator_launch' for CMake config files
[2.531s] Level 1:colcon.colcon_core.shell:create_environment_hook('r_gator_launch', 'cmake_prefix_path')
[2.548s] INFO:colcon.colcon_core.shell:Creating environment hook '/home/samee/ros2ws/install/r_gator_launch/share/r_gator_launch/hook/cmake_prefix_path.ps1'
[2.549s] INFO:colcon.colcon_core.shell:Creating environment descriptor '/home/samee/ros2ws/install/r_gator_launch/share/r_gator_launch/hook/cmake_prefix_path.dsv'
[2.549s] INFO:colcon.colcon_core.shell:Creating environment hook '/home/samee/ros2ws/install/r_gator_launch/share/r_gator_launch/hook/cmake_prefix_path.sh'
[2.550s] Level 1:colcon.colcon_core.environment:checking '/home/samee/ros2ws/install/r_gator_launch/lib'
[2.550s] Level 1:colcon.colcon_core.environment:checking '/home/samee/ros2ws/install/r_gator_launch/bin'
[2.550s] Level 1:colcon.colcon_core.environment:checking '/home/samee/ros2ws/install/r_gator_launch/lib/pkgconfig/r_gator_launch.pc'
[2.550s] Level 1:colcon.colcon_core.environment:checking '/home/samee/ros2ws/install/r_gator_launch/lib/python3.10/site-packages'
[2.550s] Level 1:colcon.colcon_core.shell:create_environment_hook('r_gator_launch', 'pythonpath')
[2.566s] INFO:colcon.colcon_core.shell:Creating environment hook '/home/samee/ros2ws/install/r_gator_launch/share/r_gator_launch/hook/pythonpath.ps1'
[2.567s] INFO:colcon.colcon_core.shell:Creating environment descriptor '/home/samee/ros2ws/install/r_gator_launch/share/r_gator_launch/hook/pythonpath.dsv'
[2.567s] INFO:colcon.colcon_core.shell:Creating environment hook '/home/samee/ros2ws/install/r_gator_launch/share/r_gator_launch/hook/pythonpath.sh'
[2.567s] Level 1:colcon.colcon_core.environment:checking '/home/samee/ros2ws/install/r_gator_launch/bin'
[2.584s] INFO:colcon.colcon_core.shell:Creating package script '/home/samee/ros2ws/install/r_gator_launch/share/r_gator_launch/package.ps1'
[2.584s] INFO:colcon.colcon_core.shell:Creating package descriptor '/home/samee/ros2ws/install/r_gator_launch/share/r_gator_launch/package.dsv'
[2.585s] INFO:colcon.colcon_core.shell:Creating package script '/home/samee/ros2ws/install/r_gator_launch/share/r_gator_launch/package.sh'
[2.585s] INFO:colcon.colcon_core.shell:Creating package script '/home/samee/ros2ws/install/r_gator_launch/share/r_gator_launch/package.bash'
[2.585s] INFO:colcon.colcon_core.shell:Creating package script '/home/samee/ros2ws/install/r_gator_launch/share/r_gator_launch/package.zsh'
[2.586s] Level 1:colcon.colcon_core.environment:create_file_with_runtime_dependencies(/home/samee/ros2ws/install/r_gator_launch/share/colcon-core/packages/r_gator_launch)
[2.602s] Level 1:colcon.colcon_core.environment:create_environment_scripts_only(r_gator_gazebo)
[2.619s] Level 1:colcon.colcon_core.environment:checking '/home/samee/ros2ws/install/r_gator_gazebo' for CMake module files
[2.619s] Level 1:colcon.colcon_core.environment:checking '/home/samee/ros2ws/install/r_gator_gazebo' for CMake config files
[2.619s] Level 1:colcon.colcon_core.shell:create_environment_hook('r_gator_gazebo', 'cmake_prefix_path')
[2.635s] INFO:colcon.colcon_core.shell:Creating environment hook '/home/samee/ros2ws/install/r_gator_gazebo/share/r_gator_gazebo/hook/cmake_prefix_path.ps1'
[2.636s] INFO:colcon.colcon_core.shell:Creating environment descriptor '/home/samee/ros2ws/install/r_gator_gazebo/share/r_gator_gazebo/hook/cmake_prefix_path.dsv'
[2.636s] INFO:colcon.colcon_core.shell:Creating environment hook '/home/samee/ros2ws/install/r_gator_gazebo/share/r_gator_gazebo/hook/cmake_prefix_path.sh'
[2.637s] Level 1:colcon.colcon_core.environment:checking '/home/samee/ros2ws/install/r_gator_gazebo/lib'
[2.637s] Level 1:colcon.colcon_core.environment:checking '/home/samee/ros2ws/install/r_gator_gazebo/bin'
[2.637s] Level 1:colcon.colcon_core.environment:checking '/home/samee/ros2ws/install/r_gator_gazebo/lib/pkgconfig/r_gator_gazebo.pc'
[2.637s] Level 1:colcon.colcon_core.environment:checking '/home/samee/ros2ws/install/r_gator_gazebo/lib/python3.10/site-packages'
[2.637s] Level 1:colcon.colcon_core.shell:create_environment_hook('r_gator_gazebo', 'pythonpath')
[2.654s] INFO:colcon.colcon_core.shell:Creating environment hook '/home/samee/ros2ws/install/r_gator_gazebo/share/r_gator_gazebo/hook/pythonpath.ps1'
[2.654s] INFO:colcon.colcon_core.shell:Creating environment descriptor '/home/samee/ros2ws/install/r_gator_gazebo/share/r_gator_gazebo/hook/pythonpath.dsv'
[2.655s] INFO:colcon.colcon_core.shell:Creating environment hook '/home/samee/ros2ws/install/r_gator_gazebo/share/r_gator_gazebo/hook/pythonpath.sh'
[2.655s] Level 1:colcon.colcon_core.environment:checking '/home/samee/ros2ws/install/r_gator_gazebo/bin'
[2.672s] INFO:colcon.colcon_core.shell:Creating package script '/home/samee/ros2ws/install/r_gator_gazebo/share/r_gator_gazebo/package.ps1'
[2.672s] INFO:colcon.colcon_core.shell:Creating package descriptor '/home/samee/ros2ws/install/r_gator_gazebo/share/r_gator_gazebo/package.dsv'
[2.673s] INFO:colcon.colcon_core.shell:Creating package script '/home/samee/ros2ws/install/r_gator_gazebo/share/r_gator_gazebo/package.sh'
[2.673s] INFO:colcon.colcon_core.shell:Creating package script '/home/samee/ros2ws/install/r_gator_gazebo/share/r_gator_gazebo/package.bash'
[2.673s] INFO:colcon.colcon_core.shell:Creating package script '/home/samee/ros2ws/install/r_gator_gazebo/share/r_gator_gazebo/package.zsh'
[2.674s] Level 1:colcon.colcon_core.environment:create_file_with_runtime_dependencies(/home/samee/ros2ws/install/r_gator_gazebo/share/colcon-core/packages/r_gator_gazebo)
[2.676s] DEBUG:colcon.colcon_core.event_handler.log_command:Invoked command in '/home/samee/ros2ws/build/r_gator_gazebo_tool' returned '2': CMAKE_PREFIX_PATH=/opt/ros/humble:${CMAKE_PREFIX_PATH} /usr/local/bin/cmake --build /home/samee/ros2ws/build/r_gator_gazebo_tool -- -j12 -l12
[2.692s] Level 1:colcon.colcon_core.environment:create_environment_scripts_only(rgator_model)
[2.708s] Level 1:colcon.colcon_core.environment:checking '/home/samee/ros2ws/install/rgator_model' for CMake module files
[2.709s] Level 1:colcon.colcon_core.environment:checking '/home/samee/ros2ws/install/rgator_model' for CMake config files
[2.709s] Level 1:colcon.colcon_core.shell:create_environment_hook('rgator_model', 'cmake_prefix_path')
[2.725s] INFO:colcon.colcon_core.shell:Creating environment hook '/home/samee/ros2ws/install/rgator_model/share/rgator_model/hook/cmake_prefix_path.ps1'
[2.725s] INFO:colcon.colcon_core.shell:Creating environment descriptor '/home/samee/ros2ws/install/rgator_model/share/rgator_model/hook/cmake_prefix_path.dsv'
[2.726s] INFO:colcon.colcon_core.shell:Creating environment hook '/home/samee/ros2ws/install/rgator_model/share/rgator_model/hook/cmake_prefix_path.sh'
[2.726s] Level 1:colcon.colcon_core.environment:checking '/home/samee/ros2ws/install/rgator_model/lib'
[2.726s] Level 1:colcon.colcon_core.environment:checking '/home/samee/ros2ws/install/rgator_model/bin'
[2.726s] Level 1:colcon.colcon_core.environment:checking '/home/samee/ros2ws/install/rgator_model/lib/pkgconfig/rgator_model.pc'
[2.726s] Level 1:colcon.colcon_core.environment:checking '/home/samee/ros2ws/install/rgator_model/lib/python3.10/site-packages'
[2.726s] Level 1:colcon.colcon_core.shell:create_environment_hook('rgator_model', 'pythonpath')
[2.742s] INFO:colcon.colcon_core.shell:Creating environment hook '/home/samee/ros2ws/install/rgator_model/share/rgator_model/hook/pythonpath.ps1'
[2.742s] INFO:colcon.colcon_core.shell:Creating environment descriptor '/home/samee/ros2ws/install/rgator_model/share/rgator_model/hook/pythonpath.dsv'
[2.743s] INFO:colcon.colcon_core.shell:Creating environment hook '/home/samee/ros2ws/install/rgator_model/share/rgator_model/hook/pythonpath.sh'
[2.743s] Level 1:colcon.colcon_core.environment:checking '/home/samee/ros2ws/install/rgator_model/bin'
[2.760s] INFO:colcon.colcon_core.shell:Creating package script '/home/samee/ros2ws/install/rgator_model/share/rgator_model/package.ps1'
[2.760s] INFO:colcon.colcon_core.shell:Creating package descriptor '/home/samee/ros2ws/install/rgator_model/share/rgator_model/package.dsv'
[2.760s] INFO:colcon.colcon_core.shell:Creating package script '/home/samee/ros2ws/install/rgator_model/share/rgator_model/package.sh'
[2.761s] INFO:colcon.colcon_core.shell:Creating package script '/home/samee/ros2ws/install/rgator_model/share/rgator_model/package.bash'
[2.761s] INFO:colcon.colcon_core.shell:Creating package script '/home/samee/ros2ws/install/rgator_model/share/rgator_model/package.zsh'
[2.761s] Level 1:colcon.colcon_core.environment:create_file_with_runtime_dependencies(/home/samee/ros2ws/install/rgator_model/share/colcon-core/packages/rgator_model)
[2.778s] Level 1:colcon.colcon_core.environment:create_environment_scripts_only(r_gator_teleop)
[2.794s] Level 1:colcon.colcon_core.environment:checking '/home/samee/ros2ws/install/r_gator_teleop' for CMake module files
[2.795s] Level 1:colcon.colcon_core.environment:checking '/home/samee/ros2ws/install/r_gator_teleop' for CMake config files
[2.795s] Level 1:colcon.colcon_core.shell:create_environment_hook('r_gator_teleop', 'cmake_prefix_path')
[2.811s] INFO:colcon.colcon_core.shell:Creating environment hook '/home/samee/ros2ws/install/r_gator_teleop/share/r_gator_teleop/hook/cmake_prefix_path.ps1'
[2.811s] INFO:colcon.colcon_core.shell:Creating environment descriptor '/home/samee/ros2ws/install/r_gator_teleop/share/r_gator_teleop/hook/cmake_prefix_path.dsv'
[2.811s] INFO:colcon.colcon_core.shell:Creating environment hook '/home/samee/ros2ws/install/r_gator_teleop/share/r_gator_teleop/hook/cmake_prefix_path.sh'
[2.812s] Level 1:colcon.colcon_core.environment:checking '/home/samee/ros2ws/install/r_gator_teleop/bin'
[2.812s] Level 1:colcon.colcon_core.environment:checking '/home/samee/ros2ws/install/r_gator_teleop/lib/pkgconfig/r_gator_teleop.pc'
[2.812s] Level 1:colcon.colcon_core.environment:checking '/home/samee/ros2ws/install/r_gator_teleop/lib/python3.10/site-packages'
[2.812s] Level 1:colcon.colcon_core.environment:checking '/home/samee/ros2ws/install/r_gator_teleop/bin'
[2.828s] INFO:colcon.colcon_core.shell:Creating package script '/home/samee/ros2ws/install/r_gator_teleop/share/r_gator_teleop/package.ps1'
[2.828s] INFO:colcon.colcon_core.shell:Creating package descriptor '/home/samee/ros2ws/install/r_gator_teleop/share/r_gator_teleop/package.dsv'
[2.829s] INFO:colcon.colcon_core.shell:Creating package script '/home/samee/ros2ws/install/r_gator_teleop/share/r_gator_teleop/package.sh'
[2.829s] INFO:colcon.colcon_core.shell:Creating package script '/home/samee/ros2ws/install/r_gator_teleop/share/r_gator_teleop/package.bash'
[2.829s] INFO:colcon.colcon_core.shell:Creating package script '/home/samee/ros2ws/install/r_gator_teleop/share/r_gator_teleop/package.zsh'
[2.830s] Level 1:colcon.colcon_core.environment:create_file_with_runtime_dependencies(/home/samee/ros2ws/install/r_gator_teleop/share/colcon-core/packages/r_gator_teleop)
[2.847s] Level 1:colcon.colcon_core.environment:create_environment_scripts_only(r_gator_gazebo_tool)
[2.867s] Level 1:colcon.colcon_core.environment:checking '/home/samee/ros2ws/install/r_gator_gazebo_tool' for CMake module files
[2.867s] Level 1:colcon.colcon_core.environment:checking '/home/samee/ros2ws/install/r_gator_gazebo_tool' for CMake config files
[2.867s] Level 1:colcon.colcon_core.environment:checking '/home/samee/ros2ws/install/r_gator_gazebo_tool/bin'
[2.867s] Level 1:colcon.colcon_core.environment:checking '/home/samee/ros2ws/install/r_gator_gazebo_tool/lib/pkgconfig/r_gator_gazebo_tool.pc'
[2.868s] Level 1:colcon.colcon_core.environment:checking '/home/samee/ros2ws/install/r_gator_gazebo_tool/lib/python3.10/site-packages'
[2.868s] Level 1:colcon.colcon_core.environment:checking '/home/samee/ros2ws/install/r_gator_gazebo_tool/bin'
[2.883s] INFO:colcon.colcon_core.shell:Creating package script '/home/samee/ros2ws/install/r_gator_gazebo_tool/share/r_gator_gazebo_tool/package.ps1'
[2.884s] INFO:colcon.colcon_core.shell:Creating package descriptor '/home/samee/ros2ws/install/r_gator_gazebo_tool/share/r_gator_gazebo_tool/package.dsv'
[2.884s] INFO:colcon.colcon_core.shell:Creating package script '/home/samee/ros2ws/install/r_gator_gazebo_tool/share/r_gator_gazebo_tool/package.sh'
[2.884s] INFO:colcon.colcon_core.shell:Creating package script '/home/samee/ros2ws/install/r_gator_gazebo_tool/share/r_gator_gazebo_tool/package.bash'
[2.885s] INFO:colcon.colcon_core.shell:Creating package script '/home/samee/ros2ws/install/r_gator_gazebo_tool/share/r_gator_gazebo_tool/package.zsh'
[2.885s] Level 1:colcon.colcon_core.environment:create_file_with_runtime_dependencies(/home/samee/ros2ws/install/r_gator_gazebo_tool/share/colcon-core/packages/r_gator_gazebo_tool)
[2.895s] DEBUG:colcon.colcon_parallel_executor.executor.parallel:closing loop
[2.896s] DEBUG:colcon.colcon_parallel_executor.executor.parallel:loop closed
[2.896s] DEBUG:colcon.colcon_parallel_executor.executor.parallel:run_until_complete finished with '2'
[2.896s] DEBUG:colcon.colcon_core.event_reactor:joining thread
[2.917s] INFO:colcon.colcon_core.plugin_system:Skipping extension 'colcon_notification.desktop_notification.notify_send': Could not find 'notify-send'
[2.917s] INFO:colcon.colcon_core.plugin_system:Skipping extension 'colcon_notification.desktop_notification.terminal_notifier': Not used on non-Darwin systems
[2.918s] INFO:colcon.colcon_core.plugin_system:Skipping extension 'colcon_notification.desktop_notification.win32': Not used on non-Windows systems
[2.918s] INFO:colcon.colcon_notification.desktop_notification:Sending desktop notification using 'notify2'
[2.957s] DEBUG:colcon.colcon_core.event_reactor:joined thread
[2.973s] INFO:colcon.colcon_core.shell:Creating prefix script '/home/samee/ros2ws/install/local_setup.ps1'
[2.974s] INFO:colcon.colcon_core.shell:Creating prefix util module '/home/samee/ros2ws/install/_local_setup_util_ps1.py'
[2.975s] INFO:colcon.colcon_core.shell:Creating prefix chain script '/home/samee/ros2ws/install/setup.ps1'
[2.992s] INFO:colcon.colcon_core.shell:Creating prefix script '/home/samee/ros2ws/install/local_setup.sh'
[2.993s] INFO:colcon.colcon_core.shell:Creating prefix util module '/home/samee/ros2ws/install/_local_setup_util_sh.py'
[2.993s] INFO:colcon.colcon_core.shell:Creating prefix chain script '/home/samee/ros2ws/install/setup.sh'
[3.011s] INFO:colcon.colcon_core.shell:Creating prefix script '/home/samee/ros2ws/install/local_setup.bash'
[3.012s] INFO:colcon.colcon_core.shell:Creating prefix chain script '/home/samee/ros2ws/install/setup.bash'
[3.030s] INFO:colcon.colcon_core.shell:Creating prefix script '/home/samee/ros2ws/install/local_setup.zsh'
[3.030s] INFO:colcon.colcon_core.shell:Creating prefix chain script '/home/samee/ros2ws/install/setup.zsh'
