[0.102s] Invoking command in '/home/samee/ros2ws/build/r-gator-teleop-2': /usr/local/bin/cmake --build /home/samee/ros2ws/build/r-gator-teleop-2 -- -j12 -l12
[0.110s] Invoked command in '/home/samee/ros2ws/build/r-gator-teleop-2' returned '0': /usr/local/bin/cmake --build /home/samee/ros2ws/build/r-gator-teleop-2 -- -j12 -l12
[0.264s] Invoking command in '/home/samee/ros2ws/build/r-gator-teleop-2': /usr/local/bin/cmake --install /home/samee/ros2ws/build/r-gator-teleop-2
[0.328s] -- Install configuration: ""
[0.329s] -- Up-to-date: /home/samee/ros2ws/install/r-gator-teleop-2/share/ament_index/resource_index/package_run_dependencies/r-gator-teleop-2
[0.329s] -- Up-to-date: /home/samee/ros2ws/install/r-gator-teleop-2/share/ament_index/resource_index/parent_prefix_path/r-gator-teleop-2
[0.329s] -- Up-to-date: /home/samee/ros2ws/install/r-gator-teleop-2/share/r-gator-teleop-2/environment/ament_prefix_path.sh
[0.329s] -- Up-to-date: /home/samee/ros2ws/install/r-gator-teleop-2/share/r-gator-teleop-2/environment/ament_prefix_path.dsv
[0.329s] -- Up-to-date: /home/samee/ros2ws/install/r-gator-teleop-2/share/r-gator-teleop-2/environment/path.sh
[0.330s] -- Up-to-date: /home/samee/ros2ws/install/r-gator-teleop-2/share/r-gator-teleop-2/environment/path.dsv
[0.330s] -- Up-to-date: /home/samee/ros2ws/install/r-gator-teleop-2/share/r-gator-teleop-2/local_setup.bash
[0.330s] -- Up-to-date: /home/samee/ros2ws/install/r-gator-teleop-2/share/r-gator-teleop-2/local_setup.sh
[0.330s] -- Up-to-date: /home/samee/ros2ws/install/r-gator-teleop-2/share/r-gator-teleop-2/local_setup.zsh
[0.330s] -- Up-to-date: /home/samee/ros2ws/install/r-gator-teleop-2/share/r-gator-teleop-2/local_setup.dsv
[0.331s] -- Installing: /home/samee/ros2ws/install/r-gator-teleop-2/share/r-gator-teleop-2/package.dsv
[0.331s] -- Up-to-date: /home/samee/ros2ws/install/r-gator-teleop-2/share/ament_index/resource_index/packages/r-gator-teleop-2
[0.331s] -- Up-to-date: /home/samee/ros2ws/install/r-gator-teleop-2/share/r-gator-teleop-2/cmake/r-gator-teleop-2Config.cmake
[0.331s] -- Up-to-date: /home/samee/ros2ws/install/r-gator-teleop-2/share/r-gator-teleop-2/cmake/r-gator-teleop-2Config-version.cmake
[0.331s] -- Up-to-date: /home/samee/ros2ws/install/r-gator-teleop-2/share/r-gator-teleop-2/package.xml
[0.417s] Invoked command in '/home/samee/ros2ws/build/r-gator-teleop-2' returned '0': /usr/local/bin/cmake --install /home/samee/ros2ws/build/r-gator-teleop-2
