[1.014s] DEBUG:colcon:Command line arguments: ['/usr/bin/colcon', 'build']
[1.014s] DEBUG:colcon:Parsed command line arguments: Namespace(log_base=None, log_level=None, verb_name='build', build_base='build', install_base='install', merge_install=False, symlink_install=False, test_result_base=None, continue_on_error=False, executor='parallel', parallel_workers=12, event_handlers=None, ignore_user_meta=False, metas=['./colcon.meta'], base_paths=['.'], packages_ignore=None, packages_ignore_regex=None, paths=None, packages_up_to=None, packages_up_to_regex=None, packages_above=None, packages_above_and_dependencies=None, packages_above_depth=None, packages_select_by_dep=None, packages_skip_by_dep=None, packages_skip_up_to=None, packages_select_build_failed=False, packages_skip_build_finished=False, packages_select_test_failures=False, packages_skip_test_passed=False, packages_select=None, packages_skip=None, packages_select_regex=None, packages_skip_regex=None, packages_start=None, packages_end=None, allow_overriding=[], cmake_args=None, cmake_target=None, cmake_target_skip_unavailable=False, cmake_clean_cache=False, cmake_clean_first=False, cmake_force_configure=False, ament_cmake_args=None, catkin_cmake_args=None, catkin_skip_building_tests=False, verb_parser=<colcon_defaults.argument_parser.defaults.DefaultArgumentsDecorator object at 0x7f68c71bc070>, verb_extension=<colcon_core.verb.build.BuildVerb object at 0x7f68c75e6fe0>, main=<bound method BuildVerb.main of <colcon_core.verb.build.BuildVerb object at 0x7f68c75e6fe0>>)
[1.057s] Level 1:colcon.colcon_core.package_discovery:discover_packages(colcon_meta) check parameters
[1.057s] Level 1:colcon.colcon_core.package_discovery:discover_packages(recursive) check parameters
[1.057s] Level 1:colcon.colcon_core.package_discovery:discover_packages(ignore) check parameters
[1.057s] Level 1:colcon.colcon_core.package_discovery:discover_packages(path) check parameters
[1.057s] Level 1:colcon.colcon_core.package_discovery:discover_packages(colcon_meta) discover
[1.058s] Level 1:colcon.colcon_core.package_discovery:discover_packages(recursive) discover
[1.058s] INFO:colcon.colcon_core.package_discovery:Crawling recursively for packages in '/home/samee/ros2ws'
[1.058s] Level 1:colcon.colcon_core.package_identification:_identify(.) by extensions ['ignore', 'ignore_ament_install']
[1.058s] Level 1:colcon.colcon_core.package_identification:_identify(.) by extension 'ignore'
[1.058s] Level 1:colcon.colcon_core.package_identification:_identify(.) by extension 'ignore_ament_install'
[1.058s] Level 1:colcon.colcon_core.package_identification:_identify(.) by extensions ['colcon_pkg']
[1.058s] Level 1:colcon.colcon_core.package_identification:_identify(.) by extension 'colcon_pkg'
[1.058s] Level 1:colcon.colcon_core.package_identification:_identify(.) by extensions ['colcon_meta']
[1.058s] Level 1:colcon.colcon_core.package_identification:_identify(.) by extension 'colcon_meta'
[1.058s] Level 1:colcon.colcon_core.package_identification:_identify(.) by extensions ['ros']
[1.058s] Level 1:colcon.colcon_core.package_identification:_identify(.) by extension 'ros'
[1.067s] Level 1:colcon.colcon_core.package_identification:_identify(.) by extensions ['cmake', 'python']
[1.067s] Level 1:colcon.colcon_core.package_identification:_identify(.) by extension 'cmake'
[1.067s] Level 1:colcon.colcon_core.package_identification:_identify(.) by extension 'python'
[1.068s] Level 1:colcon.colcon_core.package_identification:_identify(.) by extensions ['python_setup_py']
[1.068s] Level 1:colcon.colcon_core.package_identification:_identify(.) by extension 'python_setup_py'
[1.068s] Level 1:colcon.colcon_core.package_identification:_identify(build) by extensions ['ignore', 'ignore_ament_install']
[1.068s] Level 1:colcon.colcon_core.package_identification:_identify(build) by extension 'ignore'
[1.068s] Level 1:colcon.colcon_core.package_identification:_identify(build) ignored
[1.068s] Level 1:colcon.colcon_core.package_identification:_identify(install) by extensions ['ignore', 'ignore_ament_install']
[1.068s] Level 1:colcon.colcon_core.package_identification:_identify(install) by extension 'ignore'
[1.068s] Level 1:colcon.colcon_core.package_identification:_identify(install) ignored
[1.068s] Level 1:colcon.colcon_core.package_identification:_identify(log) by extensions ['ignore', 'ignore_ament_install']
[1.068s] Level 1:colcon.colcon_core.package_identification:_identify(log) by extension 'ignore'
[1.068s] Level 1:colcon.colcon_core.package_identification:_identify(log) ignored
[1.068s] Level 1:colcon.colcon_core.package_identification:_identify(src) by extensions ['ignore', 'ignore_ament_install']
[1.068s] Level 1:colcon.colcon_core.package_identification:_identify(src) by extension 'ignore'
[1.068s] Level 1:colcon.colcon_core.package_identification:_identify(src) by extension 'ignore_ament_install'
[1.069s] Level 1:colcon.colcon_core.package_identification:_identify(src) by extensions ['colcon_pkg']
[1.069s] Level 1:colcon.colcon_core.package_identification:_identify(src) by extension 'colcon_pkg'
[1.069s] Level 1:colcon.colcon_core.package_identification:_identify(src) by extensions ['colcon_meta']
[1.069s] Level 1:colcon.colcon_core.package_identification:_identify(src) by extension 'colcon_meta'
[1.069s] Level 1:colcon.colcon_core.package_identification:_identify(src) by extensions ['ros']
[1.069s] Level 1:colcon.colcon_core.package_identification:_identify(src) by extension 'ros'
[1.069s] Level 1:colcon.colcon_core.package_identification:_identify(src) by extensions ['cmake', 'python']
[1.069s] Level 1:colcon.colcon_core.package_identification:_identify(src) by extension 'cmake'
[1.069s] Level 1:colcon.colcon_core.package_identification:_identify(src) by extension 'python'
[1.069s] Level 1:colcon.colcon_core.package_identification:_identify(src) by extensions ['python_setup_py']
[1.069s] Level 1:colcon.colcon_core.package_identification:_identify(src) by extension 'python_setup_py'
[1.069s] Level 1:colcon.colcon_core.package_identification:_identify(src/images) by extensions ['ignore', 'ignore_ament_install']
[1.069s] Level 1:colcon.colcon_core.package_identification:_identify(src/images) by extension 'ignore'
[1.069s] Level 1:colcon.colcon_core.package_identification:_identify(src/images) by extension 'ignore_ament_install'
[1.069s] Level 1:colcon.colcon_core.package_identification:_identify(src/images) by extensions ['colcon_pkg']
[1.069s] Level 1:colcon.colcon_core.package_identification:_identify(src/images) by extension 'colcon_pkg'
[1.069s] Level 1:colcon.colcon_core.package_identification:_identify(src/images) by extensions ['colcon_meta']
[1.069s] Level 1:colcon.colcon_core.package_identification:_identify(src/images) by extension 'colcon_meta'
[1.069s] Level 1:colcon.colcon_core.package_identification:_identify(src/images) by extensions ['ros']
[1.069s] Level 1:colcon.colcon_core.package_identification:_identify(src/images) by extension 'ros'
[1.069s] Level 1:colcon.colcon_core.package_identification:_identify(src/images) by extensions ['cmake', 'python']
[1.069s] Level 1:colcon.colcon_core.package_identification:_identify(src/images) by extension 'cmake'
[1.069s] Level 1:colcon.colcon_core.package_identification:_identify(src/images) by extension 'python'
[1.069s] Level 1:colcon.colcon_core.package_identification:_identify(src/images) by extensions ['python_setup_py']
[1.070s] Level 1:colcon.colcon_core.package_identification:_identify(src/images) by extension 'python_setup_py'
[1.070s] Level 1:colcon.colcon_core.package_identification:_identify(src/r_gator_description) by extensions ['ignore', 'ignore_ament_install']
[1.070s] Level 1:colcon.colcon_core.package_identification:_identify(src/r_gator_description) by extension 'ignore'
[1.070s] Level 1:colcon.colcon_core.package_identification:_identify(src/r_gator_description) by extension 'ignore_ament_install'
[1.070s] Level 1:colcon.colcon_core.package_identification:_identify(src/r_gator_description) by extensions ['colcon_pkg']
[1.070s] Level 1:colcon.colcon_core.package_identification:_identify(src/r_gator_description) by extension 'colcon_pkg'
[1.070s] Level 1:colcon.colcon_core.package_identification:_identify(src/r_gator_description) by extensions ['colcon_meta']
[1.070s] Level 1:colcon.colcon_core.package_identification:_identify(src/r_gator_description) by extension 'colcon_meta'
[1.070s] Level 1:colcon.colcon_core.package_identification:_identify(src/r_gator_description) by extensions ['ros']
[1.070s] Level 1:colcon.colcon_core.package_identification:_identify(src/r_gator_description) by extension 'ros'
[1.072s] DEBUG:colcon.colcon_core.package_identification:Package 'src/r_gator_description' with type 'ros.ament_cmake' and name 'r_gator_description'
[1.072s] Level 1:colcon.colcon_core.package_identification:_identify(src/r_gator_gazebo) by extensions ['ignore', 'ignore_ament_install']
[1.073s] Level 1:colcon.colcon_core.package_identification:_identify(src/r_gator_gazebo) by extension 'ignore'
[1.073s] Level 1:colcon.colcon_core.package_identification:_identify(src/r_gator_gazebo) by extension 'ignore_ament_install'
[1.073s] Level 1:colcon.colcon_core.package_identification:_identify(src/r_gator_gazebo) by extensions ['colcon_pkg']
[1.073s] Level 1:colcon.colcon_core.package_identification:_identify(src/r_gator_gazebo) by extension 'colcon_pkg'
[1.073s] Level 1:colcon.colcon_core.package_identification:_identify(src/r_gator_gazebo) by extensions ['colcon_meta']
[1.073s] Level 1:colcon.colcon_core.package_identification:_identify(src/r_gator_gazebo) by extension 'colcon_meta'
[1.073s] Level 1:colcon.colcon_core.package_identification:_identify(src/r_gator_gazebo) by extensions ['ros']
[1.073s] Level 1:colcon.colcon_core.package_identification:_identify(src/r_gator_gazebo) by extension 'ros'
[1.074s] DEBUG:colcon.colcon_core.package_identification:Package 'src/r_gator_gazebo' with type 'ros.ament_cmake' and name 'r_gator_gazebo'
[1.074s] Level 1:colcon.colcon_core.package_identification:_identify(src/r_gator_gazebo_tool) by extensions ['ignore', 'ignore_ament_install']
[1.074s] Level 1:colcon.colcon_core.package_identification:_identify(src/r_gator_gazebo_tool) by extension 'ignore'
[1.074s] Level 1:colcon.colcon_core.package_identification:_identify(src/r_gator_gazebo_tool) ignored
[1.074s] Level 1:colcon.colcon_core.package_identification:_identify(src/r_gator_launch) by extensions ['ignore', 'ignore_ament_install']
[1.074s] Level 1:colcon.colcon_core.package_identification:_identify(src/r_gator_launch) by extension 'ignore'
[1.075s] Level 1:colcon.colcon_core.package_identification:_identify(src/r_gator_launch) by extension 'ignore_ament_install'
[1.075s] Level 1:colcon.colcon_core.package_identification:_identify(src/r_gator_launch) by extensions ['colcon_pkg']
[1.075s] Level 1:colcon.colcon_core.package_identification:_identify(src/r_gator_launch) by extension 'colcon_pkg'
[1.075s] Level 1:colcon.colcon_core.package_identification:_identify(src/r_gator_launch) by extensions ['colcon_meta']
[1.075s] Level 1:colcon.colcon_core.package_identification:_identify(src/r_gator_launch) by extension 'colcon_meta'
[1.075s] Level 1:colcon.colcon_core.package_identification:_identify(src/r_gator_launch) by extensions ['ros']
[1.075s] Level 1:colcon.colcon_core.package_identification:_identify(src/r_gator_launch) by extension 'ros'
[1.075s] DEBUG:colcon.colcon_core.package_identification:Package 'src/r_gator_launch' with type 'ros.ament_cmake' and name 'r_gator_launch'
[1.075s] Level 1:colcon.colcon_core.package_identification:_identify(src/r_gator_teleop) by extensions ['ignore', 'ignore_ament_install']
[1.075s] Level 1:colcon.colcon_core.package_identification:_identify(src/r_gator_teleop) by extension 'ignore'
[1.075s] Level 1:colcon.colcon_core.package_identification:_identify(src/r_gator_teleop) by extension 'ignore_ament_install'
[1.075s] Level 1:colcon.colcon_core.package_identification:_identify(src/r_gator_teleop) by extensions ['colcon_pkg']
[1.075s] Level 1:colcon.colcon_core.package_identification:_identify(src/r_gator_teleop) by extension 'colcon_pkg'
[1.075s] Level 1:colcon.colcon_core.package_identification:_identify(src/r_gator_teleop) by extensions ['colcon_meta']
[1.075s] Level 1:colcon.colcon_core.package_identification:_identify(src/r_gator_teleop) by extension 'colcon_meta'
[1.076s] Level 1:colcon.colcon_core.package_identification:_identify(src/r_gator_teleop) by extensions ['ros']
[1.076s] Level 1:colcon.colcon_core.package_identification:_identify(src/r_gator_teleop) by extension 'ros'
[1.076s] DEBUG:colcon.colcon_core.package_identification:Package 'src/r_gator_teleop' with type 'ros.ament_cmake' and name 'r_gator_teleop'
[1.077s] Level 1:colcon.colcon_core.package_identification:_identify(src/rgator_model) by extensions ['ignore', 'ignore_ament_install']
[1.077s] Level 1:colcon.colcon_core.package_identification:_identify(src/rgator_model) by extension 'ignore'
[1.077s] Level 1:colcon.colcon_core.package_identification:_identify(src/rgator_model) by extension 'ignore_ament_install'
[1.077s] Level 1:colcon.colcon_core.package_identification:_identify(src/rgator_model) by extensions ['colcon_pkg']
[1.077s] Level 1:colcon.colcon_core.package_identification:_identify(src/rgator_model) by extension 'colcon_pkg'
[1.077s] Level 1:colcon.colcon_core.package_identification:_identify(src/rgator_model) by extensions ['colcon_meta']
[1.077s] Level 1:colcon.colcon_core.package_identification:_identify(src/rgator_model) by extension 'colcon_meta'
[1.077s] Level 1:colcon.colcon_core.package_identification:_identify(src/rgator_model) by extensions ['ros']
[1.077s] Level 1:colcon.colcon_core.package_identification:_identify(src/rgator_model) by extension 'ros'
[1.078s] DEBUG:colcon.colcon_core.package_identification:Package 'src/rgator_model' with type 'ros.ament_cmake' and name 'rgator_model'
[1.078s] Level 1:colcon.colcon_core.package_identification:_identify(src/src) by extensions ['ignore', 'ignore_ament_install']
[1.078s] Level 1:colcon.colcon_core.package_identification:_identify(src/src) by extension 'ignore'
[1.078s] Level 1:colcon.colcon_core.package_identification:_identify(src/src) by extension 'ignore_ament_install'
[1.078s] Level 1:colcon.colcon_core.package_identification:_identify(src/src) by extensions ['colcon_pkg']
[1.078s] Level 1:colcon.colcon_core.package_identification:_identify(src/src) by extension 'colcon_pkg'
[1.078s] Level 1:colcon.colcon_core.package_identification:_identify(src/src) by extensions ['colcon_meta']
[1.078s] Level 1:colcon.colcon_core.package_identification:_identify(src/src) by extension 'colcon_meta'
[1.078s] Level 1:colcon.colcon_core.package_identification:_identify(src/src) by extensions ['ros']
[1.078s] Level 1:colcon.colcon_core.package_identification:_identify(src/src) by extension 'ros'
[1.078s] Level 1:colcon.colcon_core.package_identification:_identify(src/src) by extensions ['cmake', 'python']
[1.078s] Level 1:colcon.colcon_core.package_identification:_identify(src/src) by extension 'cmake'
[1.078s] Level 1:colcon.colcon_core.package_identification:_identify(src/src) by extension 'python'
[1.078s] Level 1:colcon.colcon_core.package_identification:_identify(src/src) by extensions ['python_setup_py']
[1.078s] Level 1:colcon.colcon_core.package_identification:_identify(src/src) by extension 'python_setup_py'
[1.078s] Level 1:colcon.colcon_core.package_discovery:discover_packages(recursive) using defaults
[1.078s] Level 1:colcon.colcon_core.package_discovery:discover_packages(ignore) discover
[1.078s] Level 1:colcon.colcon_core.package_discovery:discover_packages(ignore) using defaults
[1.078s] Level 1:colcon.colcon_core.package_discovery:discover_packages(path) discover
[1.078s] Level 1:colcon.colcon_core.package_discovery:discover_packages(path) using defaults
[1.169s] Level 1:colcon.colcon_core.package_discovery:discover_packages(prefix_path) check parameters
[1.169s] Level 1:colcon.colcon_core.package_discovery:discover_packages(prefix_path) discover
[1.199s] DEBUG:colcon.colcon_installed_package_information.package_discovery:Found 6 installed packages in /home/samee/ros2ws/install
[1.221s] DEBUG:colcon.colcon_installed_package_information.package_discovery:Found 300 installed packages in /opt/ros/humble
[1.222s] Level 1:colcon.colcon_core.package_discovery:discover_packages(prefix_path) using defaults
[1.311s] Level 5:colcon.colcon_core.verb:set package 'r_gator_description' build argument 'cmake_args' from command line to 'None'
[1.311s] Level 5:colcon.colcon_core.verb:set package 'r_gator_description' build argument 'cmake_target' from command line to 'None'
[1.311s] Level 5:colcon.colcon_core.verb:set package 'r_gator_description' build argument 'cmake_target_skip_unavailable' from command line to 'False'
[1.311s] Level 5:colcon.colcon_core.verb:set package 'r_gator_description' build argument 'cmake_clean_cache' from command line to 'False'
[1.311s] Level 5:colcon.colcon_core.verb:set package 'r_gator_description' build argument 'cmake_clean_first' from command line to 'False'
[1.311s] Level 5:colcon.colcon_core.verb:set package 'r_gator_description' build argument 'cmake_force_configure' from command line to 'False'
[1.311s] Level 5:colcon.colcon_core.verb:set package 'r_gator_description' build argument 'ament_cmake_args' from command line to 'None'
[1.311s] Level 5:colcon.colcon_core.verb:set package 'r_gator_description' build argument 'catkin_cmake_args' from command line to 'None'
[1.311s] Level 5:colcon.colcon_core.verb:set package 'r_gator_description' build argument 'catkin_skip_building_tests' from command line to 'False'
[1.311s] DEBUG:colcon.colcon_core.verb:Building package 'r_gator_description' with the following arguments: {'ament_cmake_args': None, 'build_base': '/home/samee/ros2ws/build/r_gator_description', 'catkin_cmake_args': None, 'catkin_skip_building_tests': False, 'cmake_args': None, 'cmake_clean_cache': False, 'cmake_clean_first': False, 'cmake_force_configure': False, 'cmake_target': None, 'cmake_target_skip_unavailable': False, 'install_base': '/home/samee/ros2ws/install/r_gator_description', 'merge_install': False, 'path': '/home/samee/ros2ws/src/r_gator_description', 'symlink_install': False, 'test_result_base': None}
[1.326s] Level 5:colcon.colcon_core.verb:set package 'r_gator_gazebo' build argument 'cmake_args' from command line to 'None'
[1.327s] Level 5:colcon.colcon_core.verb:set package 'r_gator_gazebo' build argument 'cmake_target' from command line to 'None'
[1.327s] Level 5:colcon.colcon_core.verb:set package 'r_gator_gazebo' build argument 'cmake_target_skip_unavailable' from command line to 'False'
[1.327s] Level 5:colcon.colcon_core.verb:set package 'r_gator_gazebo' build argument 'cmake_clean_cache' from command line to 'False'
[1.327s] Level 5:colcon.colcon_core.verb:set package 'r_gator_gazebo' build argument 'cmake_clean_first' from command line to 'False'
[1.327s] Level 5:colcon.colcon_core.verb:set package 'r_gator_gazebo' build argument 'cmake_force_configure' from command line to 'False'
[1.327s] Level 5:colcon.colcon_core.verb:set package 'r_gator_gazebo' build argument 'ament_cmake_args' from command line to 'None'
[1.327s] Level 5:colcon.colcon_core.verb:set package 'r_gator_gazebo' build argument 'catkin_cmake_args' from command line to 'None'
[1.327s] Level 5:colcon.colcon_core.verb:set package 'r_gator_gazebo' build argument 'catkin_skip_building_tests' from command line to 'False'
[1.327s] DEBUG:colcon.colcon_core.verb:Building package 'r_gator_gazebo' with the following arguments: {'ament_cmake_args': None, 'build_base': '/home/samee/ros2ws/build/r_gator_gazebo', 'catkin_cmake_args': None, 'catkin_skip_building_tests': False, 'cmake_args': None, 'cmake_clean_cache': False, 'cmake_clean_first': False, 'cmake_force_configure': False, 'cmake_target': None, 'cmake_target_skip_unavailable': False, 'install_base': '/home/samee/ros2ws/install/r_gator_gazebo', 'merge_install': False, 'path': '/home/samee/ros2ws/src/r_gator_gazebo', 'symlink_install': False, 'test_result_base': None}
[1.342s] Level 5:colcon.colcon_core.verb:set package 'r_gator_launch' build argument 'cmake_args' from command line to 'None'
[1.343s] Level 5:colcon.colcon_core.verb:set package 'r_gator_launch' build argument 'cmake_target' from command line to 'None'
[1.343s] Level 5:colcon.colcon_core.verb:set package 'r_gator_launch' build argument 'cmake_target_skip_unavailable' from command line to 'False'
[1.343s] Level 5:colcon.colcon_core.verb:set package 'r_gator_launch' build argument 'cmake_clean_cache' from command line to 'False'
[1.343s] Level 5:colcon.colcon_core.verb:set package 'r_gator_launch' build argument 'cmake_clean_first' from command line to 'False'
[1.343s] Level 5:colcon.colcon_core.verb:set package 'r_gator_launch' build argument 'cmake_force_configure' from command line to 'False'
[1.343s] Level 5:colcon.colcon_core.verb:set package 'r_gator_launch' build argument 'ament_cmake_args' from command line to 'None'
[1.343s] Level 5:colcon.colcon_core.verb:set package 'r_gator_launch' build argument 'catkin_cmake_args' from command line to 'None'
[1.343s] Level 5:colcon.colcon_core.verb:set package 'r_gator_launch' build argument 'catkin_skip_building_tests' from command line to 'False'
[1.343s] DEBUG:colcon.colcon_core.verb:Building package 'r_gator_launch' with the following arguments: {'ament_cmake_args': None, 'build_base': '/home/samee/ros2ws/build/r_gator_launch', 'catkin_cmake_args': None, 'catkin_skip_building_tests': False, 'cmake_args': None, 'cmake_clean_cache': False, 'cmake_clean_first': False, 'cmake_force_configure': False, 'cmake_target': None, 'cmake_target_skip_unavailable': False, 'install_base': '/home/samee/ros2ws/install/r_gator_launch', 'merge_install': False, 'path': '/home/samee/ros2ws/src/r_gator_launch', 'symlink_install': False, 'test_result_base': None}
[1.358s] Level 5:colcon.colcon_core.verb:set package 'r_gator_teleop' build argument 'cmake_args' from command line to 'None'
[1.358s] Level 5:colcon.colcon_core.verb:set package 'r_gator_teleop' build argument 'cmake_target' from command line to 'None'
[1.358s] Level 5:colcon.colcon_core.verb:set package 'r_gator_teleop' build argument 'cmake_target_skip_unavailable' from command line to 'False'
[1.358s] Level 5:colcon.colcon_core.verb:set package 'r_gator_teleop' build argument 'cmake_clean_cache' from command line to 'False'
[1.358s] Level 5:colcon.colcon_core.verb:set package 'r_gator_teleop' build argument 'cmake_clean_first' from command line to 'False'
[1.358s] Level 5:colcon.colcon_core.verb:set package 'r_gator_teleop' build argument 'cmake_force_configure' from command line to 'False'
[1.358s] Level 5:colcon.colcon_core.verb:set package 'r_gator_teleop' build argument 'ament_cmake_args' from command line to 'None'
[1.358s] Level 5:colcon.colcon_core.verb:set package 'r_gator_teleop' build argument 'catkin_cmake_args' from command line to 'None'
[1.358s] Level 5:colcon.colcon_core.verb:set package 'r_gator_teleop' build argument 'catkin_skip_building_tests' from command line to 'False'
[1.358s] DEBUG:colcon.colcon_core.verb:Building package 'r_gator_teleop' with the following arguments: {'ament_cmake_args': None, 'build_base': '/home/samee/ros2ws/build/r_gator_teleop', 'catkin_cmake_args': None, 'catkin_skip_building_tests': False, 'cmake_args': None, 'cmake_clean_cache': False, 'cmake_clean_first': False, 'cmake_force_configure': False, 'cmake_target': None, 'cmake_target_skip_unavailable': False, 'install_base': '/home/samee/ros2ws/install/r_gator_teleop', 'merge_install': False, 'path': '/home/samee/ros2ws/src/r_gator_teleop', 'symlink_install': False, 'test_result_base': None}
[1.373s] Level 5:colcon.colcon_core.verb:set package 'rgator_model' build argument 'cmake_args' from command line to 'None'
[1.373s] Level 5:colcon.colcon_core.verb:set package 'rgator_model' build argument 'cmake_target' from command line to 'None'
[1.373s] Level 5:colcon.colcon_core.verb:set package 'rgator_model' build argument 'cmake_target_skip_unavailable' from command line to 'False'
[1.373s] Level 5:colcon.colcon_core.verb:set package 'rgator_model' build argument 'cmake_clean_cache' from command line to 'False'
[1.373s] Level 5:colcon.colcon_core.verb:set package 'rgator_model' build argument 'cmake_clean_first' from command line to 'False'
[1.373s] Level 5:colcon.colcon_core.verb:set package 'rgator_model' build argument 'cmake_force_configure' from command line to 'False'
[1.373s] Level 5:colcon.colcon_core.verb:set package 'rgator_model' build argument 'ament_cmake_args' from command line to 'None'
[1.373s] Level 5:colcon.colcon_core.verb:set package 'rgator_model' build argument 'catkin_cmake_args' from command line to 'None'
[1.373s] Level 5:colcon.colcon_core.verb:set package 'rgator_model' build argument 'catkin_skip_building_tests' from command line to 'False'
[1.373s] DEBUG:colcon.colcon_core.verb:Building package 'rgator_model' with the following arguments: {'ament_cmake_args': None, 'build_base': '/home/samee/ros2ws/build/rgator_model', 'catkin_cmake_args': None, 'catkin_skip_building_tests': False, 'cmake_args': None, 'cmake_clean_cache': False, 'cmake_clean_first': False, 'cmake_force_configure': False, 'cmake_target': None, 'cmake_target_skip_unavailable': False, 'install_base': '/home/samee/ros2ws/install/rgator_model', 'merge_install': False, 'path': '/home/samee/ros2ws/src/rgator_model', 'symlink_install': False, 'test_result_base': None}
[1.388s] INFO:colcon.colcon_core.executor:Executing jobs using 'parallel' executor
[1.403s] DEBUG:colcon.colcon_parallel_executor.executor.parallel:run_until_complete
[1.404s] INFO:colcon.colcon_ros.task.ament_cmake.build:Building ROS package in '/home/samee/ros2ws/src/r_gator_description' with build type 'ament_cmake'
[1.404s] INFO:colcon.colcon_cmake.task.cmake.build:Building CMake package in '/home/samee/ros2ws/src/r_gator_description'
[1.420s] INFO:colcon.colcon_core.plugin_system:Skipping extension 'colcon_core.shell.bat': Not used on non-Windows systems
[1.421s] INFO:colcon.colcon_core.shell:Skip shell extension 'powershell' for command environment: Not usable outside of PowerShell
[1.421s] DEBUG:colcon.colcon_core.shell:Skip shell extension 'dsv' for command environment
[1.469s] INFO:colcon.colcon_ros.task.ament_cmake.build:Building ROS package in '/home/samee/ros2ws/src/r_gator_gazebo' with build type 'ament_cmake'
[1.469s] INFO:colcon.colcon_cmake.task.cmake.build:Building CMake package in '/home/samee/ros2ws/src/r_gator_gazebo'
[1.485s] INFO:colcon.colcon_core.shell:Skip shell extension 'powershell' for command environment: Not usable outside of PowerShell
[1.485s] DEBUG:colcon.colcon_core.shell:Skip shell extension 'dsv' for command environment
[1.534s] INFO:colcon.colcon_ros.task.ament_cmake.build:Building ROS package in '/home/samee/ros2ws/src/r_gator_launch' with build type 'ament_cmake'
[1.534s] INFO:colcon.colcon_cmake.task.cmake.build:Building CMake package in '/home/samee/ros2ws/src/r_gator_launch'
[1.550s] INFO:colcon.colcon_core.shell:Skip shell extension 'powershell' for command environment: Not usable outside of PowerShell
[1.550s] DEBUG:colcon.colcon_core.shell:Skip shell extension 'dsv' for command environment
[1.598s] INFO:colcon.colcon_ros.task.ament_cmake.build:Building ROS package in '/home/samee/ros2ws/src/r_gator_teleop' with build type 'ament_cmake'
[1.598s] INFO:colcon.colcon_cmake.task.cmake.build:Building CMake package in '/home/samee/ros2ws/src/r_gator_teleop'
[1.614s] INFO:colcon.colcon_core.shell:Skip shell extension 'powershell' for command environment: Not usable outside of PowerShell
[1.614s] DEBUG:colcon.colcon_core.shell:Skip shell extension 'dsv' for command environment
[1.669s] INFO:colcon.colcon_ros.task.ament_cmake.build:Building ROS package in '/home/samee/ros2ws/src/rgator_model' with build type 'ament_cmake'
[1.669s] INFO:colcon.colcon_cmake.task.cmake.build:Building CMake package in '/home/samee/ros2ws/src/rgator_model'
[1.687s] INFO:colcon.colcon_core.shell:Skip shell extension 'powershell' for command environment: Not usable outside of PowerShell
[1.687s] DEBUG:colcon.colcon_core.shell:Skip shell extension 'dsv' for command environment
[1.749s] DEBUG:colcon.colcon_core.event_handler.log_command:Invoking command in '/home/samee/ros2ws/build/r_gator_description': CMAKE_PREFIX_PATH=/opt/ros/humble:${CMAKE_PREFIX_PATH} /usr/local/bin/cmake --build /home/samee/ros2ws/build/r_gator_description -- -j12 -l12
[1.751s] DEBUG:colcon.colcon_core.event_handler.log_command:Invoking command in '/home/samee/ros2ws/build/r_gator_gazebo': CMAKE_PREFIX_PATH=/opt/ros/humble:${CMAKE_PREFIX_PATH} /usr/local/bin/cmake --build /home/samee/ros2ws/build/r_gator_gazebo -- -j12 -l12
[1.753s] DEBUG:colcon.colcon_core.event_handler.log_command:Invoking command in '/home/samee/ros2ws/build/r_gator_launch': CMAKE_PREFIX_PATH=/opt/ros/humble:${CMAKE_PREFIX_PATH} /usr/local/bin/cmake --build /home/samee/ros2ws/build/r_gator_launch -- -j12 -l12
[1.756s] DEBUG:colcon.colcon_core.event_handler.log_command:Invoking command in '/home/samee/ros2ws/build/r_gator_teleop': CMAKE_PREFIX_PATH=/opt/ros/humble:${CMAKE_PREFIX_PATH} /usr/local/bin/cmake --build /home/samee/ros2ws/build/r_gator_teleop -- -j12 -l12
[1.759s] DEBUG:colcon.colcon_core.event_handler.log_command:Invoking command in '/home/samee/ros2ws/build/rgator_model': CMAKE_PREFIX_PATH=/opt/ros/humble:${CMAKE_PREFIX_PATH} /usr/local/bin/cmake --build /home/samee/ros2ws/build/rgator_model -- -j12 -l12
[1.760s] DEBUG:colcon.colcon_core.event_handler.log_command:Invoked command in '/home/samee/ros2ws/build/r_gator_description' returned '0': CMAKE_PREFIX_PATH=/opt/ros/humble:${CMAKE_PREFIX_PATH} /usr/local/bin/cmake --build /home/samee/ros2ws/build/r_gator_description -- -j12 -l12
[1.761s] DEBUG:colcon.colcon_core.event_handler.log_command:Invoked command in '/home/samee/ros2ws/build/r_gator_gazebo' returned '0': CMAKE_PREFIX_PATH=/opt/ros/humble:${CMAKE_PREFIX_PATH} /usr/local/bin/cmake --build /home/samee/ros2ws/build/r_gator_gazebo -- -j12 -l12
[1.762s] DEBUG:colcon.colcon_core.event_handler.log_command:Invoked command in '/home/samee/ros2ws/build/r_gator_launch' returned '0': CMAKE_PREFIX_PATH=/opt/ros/humble:${CMAKE_PREFIX_PATH} /usr/local/bin/cmake --build /home/samee/ros2ws/build/r_gator_launch -- -j12 -l12
[1.764s] DEBUG:colcon.colcon_core.event_handler.log_command:Invoked command in '/home/samee/ros2ws/build/r_gator_teleop' returned '0': CMAKE_PREFIX_PATH=/opt/ros/humble:${CMAKE_PREFIX_PATH} /usr/local/bin/cmake --build /home/samee/ros2ws/build/r_gator_teleop -- -j12 -l12
[1.766s] DEBUG:colcon.colcon_core.event_handler.log_command:Invoked command in '/home/samee/ros2ws/build/rgator_model' returned '0': CMAKE_PREFIX_PATH=/opt/ros/humble:${CMAKE_PREFIX_PATH} /usr/local/bin/cmake --build /home/samee/ros2ws/build/rgator_model -- -j12 -l12
[1.772s] DEBUG:colcon.colcon_core.event_handler.log_command:Invoking command in '/home/samee/ros2ws/build/r_gator_description': CMAKE_PREFIX_PATH=/opt/ros/humble:${CMAKE_PREFIX_PATH} /usr/local/bin/cmake --install /home/samee/ros2ws/build/r_gator_description
[1.774s] DEBUG:colcon.colcon_core.event_handler.log_command:Invoking command in '/home/samee/ros2ws/build/r_gator_gazebo': CMAKE_PREFIX_PATH=/opt/ros/humble:${CMAKE_PREFIX_PATH} /usr/local/bin/cmake --install /home/samee/ros2ws/build/r_gator_gazebo
[1.778s] Level 1:colcon.colcon_core.environment:create_environment_scripts_only(r_gator_description)
[1.782s] DEBUG:colcon.colcon_core.event_handler.log_command:Invoking command in '/home/samee/ros2ws/build/r_gator_launch': CMAKE_PREFIX_PATH=/opt/ros/humble:${CMAKE_PREFIX_PATH} /usr/local/bin/cmake --install /home/samee/ros2ws/build/r_gator_launch
[1.783s] DEBUG:colcon.colcon_core.event_handler.log_command:Invoking command in '/home/samee/ros2ws/build/r_gator_teleop': CMAKE_PREFIX_PATH=/opt/ros/humble:${CMAKE_PREFIX_PATH} /usr/local/bin/cmake --install /home/samee/ros2ws/build/r_gator_teleop
[1.786s] DEBUG:colcon.colcon_core.event_handler.log_command:Invoked command in '/home/samee/ros2ws/build/r_gator_description' returned '0': CMAKE_PREFIX_PATH=/opt/ros/humble:${CMAKE_PREFIX_PATH} /usr/local/bin/cmake --install /home/samee/ros2ws/build/r_gator_description
[1.801s] Level 1:colcon.colcon_core.environment:checking '/home/samee/ros2ws/install/r_gator_description' for CMake module files
[1.801s] Level 1:colcon.colcon_core.environment:checking '/home/samee/ros2ws/install/r_gator_description' for CMake config files
[1.801s] Level 1:colcon.colcon_core.shell:create_environment_hook('r_gator_description', 'cmake_prefix_path')
[1.817s] INFO:colcon.colcon_core.shell:Creating environment hook '/home/samee/ros2ws/install/r_gator_description/share/r_gator_description/hook/cmake_prefix_path.ps1'
[1.817s] INFO:colcon.colcon_core.shell:Creating environment descriptor '/home/samee/ros2ws/install/r_gator_description/share/r_gator_description/hook/cmake_prefix_path.dsv'
[1.818s] INFO:colcon.colcon_core.shell:Creating environment hook '/home/samee/ros2ws/install/r_gator_description/share/r_gator_description/hook/cmake_prefix_path.sh'
[1.818s] Level 1:colcon.colcon_core.environment:checking '/home/samee/ros2ws/install/r_gator_description/lib'
[1.819s] Level 1:colcon.colcon_core.environment:checking '/home/samee/ros2ws/install/r_gator_description/bin'
[1.819s] Level 1:colcon.colcon_core.environment:checking '/home/samee/ros2ws/install/r_gator_description/lib/pkgconfig/r_gator_description.pc'
[1.819s] Level 1:colcon.colcon_core.environment:checking '/home/samee/ros2ws/install/r_gator_description/lib/python3.10/site-packages'
[1.819s] Level 1:colcon.colcon_core.shell:create_environment_hook('r_gator_description', 'pythonpath')
[1.836s] INFO:colcon.colcon_core.shell:Creating environment hook '/home/samee/ros2ws/install/r_gator_description/share/r_gator_description/hook/pythonpath.ps1'
[1.836s] INFO:colcon.colcon_core.shell:Creating environment descriptor '/home/samee/ros2ws/install/r_gator_description/share/r_gator_description/hook/pythonpath.dsv'
[1.836s] INFO:colcon.colcon_core.shell:Creating environment hook '/home/samee/ros2ws/install/r_gator_description/share/r_gator_description/hook/pythonpath.sh'
[1.837s] Level 1:colcon.colcon_core.environment:checking '/home/samee/ros2ws/install/r_gator_description/bin'
[1.853s] INFO:colcon.colcon_core.shell:Creating package script '/home/samee/ros2ws/install/r_gator_description/share/r_gator_description/package.ps1'
[1.854s] INFO:colcon.colcon_core.shell:Creating package descriptor '/home/samee/ros2ws/install/r_gator_description/share/r_gator_description/package.dsv'
[1.854s] INFO:colcon.colcon_core.shell:Creating package script '/home/samee/ros2ws/install/r_gator_description/share/r_gator_description/package.sh'
[1.855s] INFO:colcon.colcon_core.shell:Creating package script '/home/samee/ros2ws/install/r_gator_description/share/r_gator_description/package.bash'
[1.855s] INFO:colcon.colcon_core.shell:Creating package script '/home/samee/ros2ws/install/r_gator_description/share/r_gator_description/package.zsh'
[1.856s] Level 1:colcon.colcon_core.environment:create_file_with_runtime_dependencies(/home/samee/ros2ws/install/r_gator_description/share/colcon-core/packages/r_gator_description)
[1.859s] Level 1:colcon.colcon_core.environment:create_environment_scripts_only(r_gator_gazebo)
[1.861s] DEBUG:colcon.colcon_core.event_handler.log_command:Invoking command in '/home/samee/ros2ws/build/rgator_model': CMAKE_PREFIX_PATH=/opt/ros/humble:${CMAKE_PREFIX_PATH} /usr/local/bin/cmake --install /home/samee/ros2ws/build/rgator_model
[1.861s] DEBUG:colcon.colcon_core.event_handler.log_command:Invoked command in '/home/samee/ros2ws/build/r_gator_gazebo' returned '0': CMAKE_PREFIX_PATH=/opt/ros/humble:${CMAKE_PREFIX_PATH} /usr/local/bin/cmake --install /home/samee/ros2ws/build/r_gator_gazebo
[1.875s] Level 1:colcon.colcon_core.environment:checking '/home/samee/ros2ws/install/r_gator_gazebo' for CMake module files
[1.875s] Level 1:colcon.colcon_core.environment:checking '/home/samee/ros2ws/install/r_gator_gazebo' for CMake config files
[1.876s] Level 1:colcon.colcon_core.shell:create_environment_hook('r_gator_gazebo', 'cmake_prefix_path')
[1.890s] INFO:colcon.colcon_core.shell:Creating environment hook '/home/samee/ros2ws/install/r_gator_gazebo/share/r_gator_gazebo/hook/cmake_prefix_path.ps1'
[1.890s] INFO:colcon.colcon_core.shell:Creating environment descriptor '/home/samee/ros2ws/install/r_gator_gazebo/share/r_gator_gazebo/hook/cmake_prefix_path.dsv'
[1.891s] INFO:colcon.colcon_core.shell:Creating environment hook '/home/samee/ros2ws/install/r_gator_gazebo/share/r_gator_gazebo/hook/cmake_prefix_path.sh'
[1.891s] Level 1:colcon.colcon_core.environment:checking '/home/samee/ros2ws/install/r_gator_gazebo/lib'
[1.891s] Level 1:colcon.colcon_core.environment:checking '/home/samee/ros2ws/install/r_gator_gazebo/bin'
[1.891s] Level 1:colcon.colcon_core.environment:checking '/home/samee/ros2ws/install/r_gator_gazebo/lib/pkgconfig/r_gator_gazebo.pc'
[1.891s] Level 1:colcon.colcon_core.environment:checking '/home/samee/ros2ws/install/r_gator_gazebo/lib/python3.10/site-packages'
[1.891s] Level 1:colcon.colcon_core.shell:create_environment_hook('r_gator_gazebo', 'pythonpath')
[1.906s] INFO:colcon.colcon_core.shell:Creating environment hook '/home/samee/ros2ws/install/r_gator_gazebo/share/r_gator_gazebo/hook/pythonpath.ps1'
[1.906s] INFO:colcon.colcon_core.shell:Creating environment descriptor '/home/samee/ros2ws/install/r_gator_gazebo/share/r_gator_gazebo/hook/pythonpath.dsv'
[1.906s] INFO:colcon.colcon_core.shell:Creating environment hook '/home/samee/ros2ws/install/r_gator_gazebo/share/r_gator_gazebo/hook/pythonpath.sh'
[1.906s] Level 1:colcon.colcon_core.environment:checking '/home/samee/ros2ws/install/r_gator_gazebo/bin'
[1.922s] INFO:colcon.colcon_core.shell:Creating package script '/home/samee/ros2ws/install/r_gator_gazebo/share/r_gator_gazebo/package.ps1'
[1.923s] INFO:colcon.colcon_core.shell:Creating package descriptor '/home/samee/ros2ws/install/r_gator_gazebo/share/r_gator_gazebo/package.dsv'
[1.923s] INFO:colcon.colcon_core.shell:Creating package script '/home/samee/ros2ws/install/r_gator_gazebo/share/r_gator_gazebo/package.sh'
[1.923s] INFO:colcon.colcon_core.shell:Creating package script '/home/samee/ros2ws/install/r_gator_gazebo/share/r_gator_gazebo/package.bash'
[1.924s] INFO:colcon.colcon_core.shell:Creating package script '/home/samee/ros2ws/install/r_gator_gazebo/share/r_gator_gazebo/package.zsh'
[1.924s] Level 1:colcon.colcon_core.environment:create_file_with_runtime_dependencies(/home/samee/ros2ws/install/r_gator_gazebo/share/colcon-core/packages/r_gator_gazebo)
[1.925s] Level 1:colcon.colcon_core.environment:create_environment_scripts_only(r_gator_launch)
[1.926s] DEBUG:colcon.colcon_core.event_handler.log_command:Invoked command in '/home/samee/ros2ws/build/r_gator_launch' returned '0': CMAKE_PREFIX_PATH=/opt/ros/humble:${CMAKE_PREFIX_PATH} /usr/local/bin/cmake --install /home/samee/ros2ws/build/r_gator_launch
[1.943s] Level 1:colcon.colcon_core.environment:checking '/home/samee/ros2ws/install/r_gator_launch' for CMake module files
[1.944s] Level 1:colcon.colcon_core.environment:checking '/home/samee/ros2ws/install/r_gator_launch' for CMake config files
[1.944s] Level 1:colcon.colcon_core.shell:create_environment_hook('r_gator_launch', 'cmake_prefix_path')
[1.959s] INFO:colcon.colcon_core.shell:Creating environment hook '/home/samee/ros2ws/install/r_gator_launch/share/r_gator_launch/hook/cmake_prefix_path.ps1'
[1.959s] INFO:colcon.colcon_core.shell:Creating environment descriptor '/home/samee/ros2ws/install/r_gator_launch/share/r_gator_launch/hook/cmake_prefix_path.dsv'
[1.959s] INFO:colcon.colcon_core.shell:Creating environment hook '/home/samee/ros2ws/install/r_gator_launch/share/r_gator_launch/hook/cmake_prefix_path.sh'
[1.960s] Level 1:colcon.colcon_core.environment:checking '/home/samee/ros2ws/install/r_gator_launch/lib'
[1.960s] Level 1:colcon.colcon_core.environment:checking '/home/samee/ros2ws/install/r_gator_launch/bin'
[1.960s] Level 1:colcon.colcon_core.environment:checking '/home/samee/ros2ws/install/r_gator_launch/lib/pkgconfig/r_gator_launch.pc'
[1.960s] Level 1:colcon.colcon_core.environment:checking '/home/samee/ros2ws/install/r_gator_launch/lib/python3.10/site-packages'
[1.960s] Level 1:colcon.colcon_core.shell:create_environment_hook('r_gator_launch', 'pythonpath')
[1.975s] INFO:colcon.colcon_core.shell:Creating environment hook '/home/samee/ros2ws/install/r_gator_launch/share/r_gator_launch/hook/pythonpath.ps1'
[1.975s] INFO:colcon.colcon_core.shell:Creating environment descriptor '/home/samee/ros2ws/install/r_gator_launch/share/r_gator_launch/hook/pythonpath.dsv'
[1.975s] INFO:colcon.colcon_core.shell:Creating environment hook '/home/samee/ros2ws/install/r_gator_launch/share/r_gator_launch/hook/pythonpath.sh'
[1.976s] Level 1:colcon.colcon_core.environment:checking '/home/samee/ros2ws/install/r_gator_launch/bin'
[1.990s] INFO:colcon.colcon_core.shell:Creating package script '/home/samee/ros2ws/install/r_gator_launch/share/r_gator_launch/package.ps1'
[1.990s] INFO:colcon.colcon_core.shell:Creating package descriptor '/home/samee/ros2ws/install/r_gator_launch/share/r_gator_launch/package.dsv'
[1.991s] INFO:colcon.colcon_core.shell:Creating package script '/home/samee/ros2ws/install/r_gator_launch/share/r_gator_launch/package.sh'
[1.991s] INFO:colcon.colcon_core.shell:Creating package script '/home/samee/ros2ws/install/r_gator_launch/share/r_gator_launch/package.bash'
[1.991s] INFO:colcon.colcon_core.shell:Creating package script '/home/samee/ros2ws/install/r_gator_launch/share/r_gator_launch/package.zsh'
[1.992s] Level 1:colcon.colcon_core.environment:create_file_with_runtime_dependencies(/home/samee/ros2ws/install/r_gator_launch/share/colcon-core/packages/r_gator_launch)
[1.993s] Level 1:colcon.colcon_core.environment:create_environment_scripts_only(r_gator_teleop)
[1.993s] DEBUG:colcon.colcon_core.event_handler.log_command:Invoked command in '/home/samee/ros2ws/build/r_gator_teleop' returned '0': CMAKE_PREFIX_PATH=/opt/ros/humble:${CMAKE_PREFIX_PATH} /usr/local/bin/cmake --install /home/samee/ros2ws/build/r_gator_teleop
[2.009s] Level 1:colcon.colcon_core.environment:checking '/home/samee/ros2ws/install/r_gator_teleop' for CMake module files
[2.009s] Level 1:colcon.colcon_core.environment:checking '/home/samee/ros2ws/install/r_gator_teleop' for CMake config files
[2.009s] Level 1:colcon.colcon_core.shell:create_environment_hook('r_gator_teleop', 'cmake_prefix_path')
[2.024s] INFO:colcon.colcon_core.shell:Creating environment hook '/home/samee/ros2ws/install/r_gator_teleop/share/r_gator_teleop/hook/cmake_prefix_path.ps1'
[2.025s] INFO:colcon.colcon_core.shell:Creating environment descriptor '/home/samee/ros2ws/install/r_gator_teleop/share/r_gator_teleop/hook/cmake_prefix_path.dsv'
[2.025s] INFO:colcon.colcon_core.shell:Creating environment hook '/home/samee/ros2ws/install/r_gator_teleop/share/r_gator_teleop/hook/cmake_prefix_path.sh'
[2.025s] Level 1:colcon.colcon_core.environment:checking '/home/samee/ros2ws/install/r_gator_teleop/bin'
[2.025s] Level 1:colcon.colcon_core.environment:checking '/home/samee/ros2ws/install/r_gator_teleop/lib/pkgconfig/r_gator_teleop.pc'
[2.026s] Level 1:colcon.colcon_core.environment:checking '/home/samee/ros2ws/install/r_gator_teleop/lib/python3.10/site-packages'
[2.026s] Level 1:colcon.colcon_core.environment:checking '/home/samee/ros2ws/install/r_gator_teleop/bin'
[2.041s] INFO:colcon.colcon_core.shell:Creating package script '/home/samee/ros2ws/install/r_gator_teleop/share/r_gator_teleop/package.ps1'
[2.041s] INFO:colcon.colcon_core.shell:Creating package descriptor '/home/samee/ros2ws/install/r_gator_teleop/share/r_gator_teleop/package.dsv'
[2.042s] INFO:colcon.colcon_core.shell:Creating package script '/home/samee/ros2ws/install/r_gator_teleop/share/r_gator_teleop/package.sh'
[2.042s] INFO:colcon.colcon_core.shell:Creating package script '/home/samee/ros2ws/install/r_gator_teleop/share/r_gator_teleop/package.bash'
[2.042s] INFO:colcon.colcon_core.shell:Creating package script '/home/samee/ros2ws/install/r_gator_teleop/share/r_gator_teleop/package.zsh'
[2.042s] Level 1:colcon.colcon_core.environment:create_file_with_runtime_dependencies(/home/samee/ros2ws/install/r_gator_teleop/share/colcon-core/packages/r_gator_teleop)
[2.058s] Level 1:colcon.colcon_core.environment:create_environment_scripts_only(r_gator_description)
[2.073s] Level 1:colcon.colcon_core.environment:checking '/home/samee/ros2ws/install/r_gator_description' for CMake module files
[2.074s] Level 1:colcon.colcon_core.environment:checking '/home/samee/ros2ws/install/r_gator_description' for CMake config files
[2.074s] Level 1:colcon.colcon_core.shell:create_environment_hook('r_gator_description', 'cmake_prefix_path')
[2.089s] INFO:colcon.colcon_core.shell:Creating environment hook '/home/samee/ros2ws/install/r_gator_description/share/r_gator_description/hook/cmake_prefix_path.ps1'
[2.089s] INFO:colcon.colcon_core.shell:Creating environment descriptor '/home/samee/ros2ws/install/r_gator_description/share/r_gator_description/hook/cmake_prefix_path.dsv'
[2.089s] INFO:colcon.colcon_core.shell:Creating environment hook '/home/samee/ros2ws/install/r_gator_description/share/r_gator_description/hook/cmake_prefix_path.sh'
[2.090s] Level 1:colcon.colcon_core.environment:checking '/home/samee/ros2ws/install/r_gator_description/lib'
[2.090s] Level 1:colcon.colcon_core.environment:checking '/home/samee/ros2ws/install/r_gator_description/bin'
[2.090s] Level 1:colcon.colcon_core.environment:checking '/home/samee/ros2ws/install/r_gator_description/lib/pkgconfig/r_gator_description.pc'
[2.090s] Level 1:colcon.colcon_core.environment:checking '/home/samee/ros2ws/install/r_gator_description/lib/python3.10/site-packages'
[2.090s] Level 1:colcon.colcon_core.shell:create_environment_hook('r_gator_description', 'pythonpath')
[2.105s] INFO:colcon.colcon_core.shell:Creating environment hook '/home/samee/ros2ws/install/r_gator_description/share/r_gator_description/hook/pythonpath.ps1'
[2.105s] INFO:colcon.colcon_core.shell:Creating environment descriptor '/home/samee/ros2ws/install/r_gator_description/share/r_gator_description/hook/pythonpath.dsv'
[2.105s] INFO:colcon.colcon_core.shell:Creating environment hook '/home/samee/ros2ws/install/r_gator_description/share/r_gator_description/hook/pythonpath.sh'
[2.106s] Level 1:colcon.colcon_core.environment:checking '/home/samee/ros2ws/install/r_gator_description/bin'
[2.121s] INFO:colcon.colcon_core.shell:Creating package script '/home/samee/ros2ws/install/r_gator_description/share/r_gator_description/package.ps1'
[2.121s] INFO:colcon.colcon_core.shell:Creating package descriptor '/home/samee/ros2ws/install/r_gator_description/share/r_gator_description/package.dsv'
[2.122s] INFO:colcon.colcon_core.shell:Creating package script '/home/samee/ros2ws/install/r_gator_description/share/r_gator_description/package.sh'
[2.122s] INFO:colcon.colcon_core.shell:Creating package script '/home/samee/ros2ws/install/r_gator_description/share/r_gator_description/package.bash'
[2.123s] INFO:colcon.colcon_core.shell:Creating package script '/home/samee/ros2ws/install/r_gator_description/share/r_gator_description/package.zsh'
[2.123s] Level 1:colcon.colcon_core.environment:create_file_with_runtime_dependencies(/home/samee/ros2ws/install/r_gator_description/share/colcon-core/packages/r_gator_description)
[2.123s] Level 1:colcon.colcon_core.environment:create_environment_scripts_only(rgator_model)
[2.124s] DEBUG:colcon.colcon_core.event_handler.log_command:Invoked command in '/home/samee/ros2ws/build/rgator_model' returned '0': CMAKE_PREFIX_PATH=/opt/ros/humble:${CMAKE_PREFIX_PATH} /usr/local/bin/cmake --install /home/samee/ros2ws/build/rgator_model
[2.139s] Level 1:colcon.colcon_core.environment:checking '/home/samee/ros2ws/install/rgator_model' for CMake module files
[2.140s] Level 1:colcon.colcon_core.environment:checking '/home/samee/ros2ws/install/rgator_model' for CMake config files
[2.140s] Level 1:colcon.colcon_core.shell:create_environment_hook('rgator_model', 'cmake_prefix_path')
[2.155s] INFO:colcon.colcon_core.shell:Creating environment hook '/home/samee/ros2ws/install/rgator_model/share/rgator_model/hook/cmake_prefix_path.ps1'
[2.156s] INFO:colcon.colcon_core.shell:Creating environment descriptor '/home/samee/ros2ws/install/rgator_model/share/rgator_model/hook/cmake_prefix_path.dsv'
[2.156s] INFO:colcon.colcon_core.shell:Creating environment hook '/home/samee/ros2ws/install/rgator_model/share/rgator_model/hook/cmake_prefix_path.sh'
[2.156s] Level 1:colcon.colcon_core.environment:checking '/home/samee/ros2ws/install/rgator_model/lib'
[2.157s] Level 1:colcon.colcon_core.environment:checking '/home/samee/ros2ws/install/rgator_model/bin'
[2.157s] Level 1:colcon.colcon_core.environment:checking '/home/samee/ros2ws/install/rgator_model/lib/pkgconfig/rgator_model.pc'
[2.157s] Level 1:colcon.colcon_core.environment:checking '/home/samee/ros2ws/install/rgator_model/lib/python3.10/site-packages'
[2.157s] Level 1:colcon.colcon_core.shell:create_environment_hook('rgator_model', 'pythonpath')
[2.172s] INFO:colcon.colcon_core.shell:Creating environment hook '/home/samee/ros2ws/install/rgator_model/share/rgator_model/hook/pythonpath.ps1'
[2.172s] INFO:colcon.colcon_core.shell:Creating environment descriptor '/home/samee/ros2ws/install/rgator_model/share/rgator_model/hook/pythonpath.dsv'
[2.172s] INFO:colcon.colcon_core.shell:Creating environment hook '/home/samee/ros2ws/install/rgator_model/share/rgator_model/hook/pythonpath.sh'
[2.173s] Level 1:colcon.colcon_core.environment:checking '/home/samee/ros2ws/install/rgator_model/bin'
[2.194s] INFO:colcon.colcon_core.shell:Creating package script '/home/samee/ros2ws/install/rgator_model/share/rgator_model/package.ps1'
[2.194s] INFO:colcon.colcon_core.shell:Creating package descriptor '/home/samee/ros2ws/install/rgator_model/share/rgator_model/package.dsv'
[2.195s] INFO:colcon.colcon_core.shell:Creating package script '/home/samee/ros2ws/install/rgator_model/share/rgator_model/package.sh'
[2.195s] INFO:colcon.colcon_core.shell:Creating package script '/home/samee/ros2ws/install/rgator_model/share/rgator_model/package.bash'
[2.195s] INFO:colcon.colcon_core.shell:Creating package script '/home/samee/ros2ws/install/rgator_model/share/rgator_model/package.zsh'
[2.196s] Level 1:colcon.colcon_core.environment:create_file_with_runtime_dependencies(/home/samee/ros2ws/install/rgator_model/share/colcon-core/packages/rgator_model)
[2.211s] Level 1:colcon.colcon_core.environment:create_environment_scripts_only(r_gator_gazebo)
[2.227s] Level 1:colcon.colcon_core.environment:checking '/home/samee/ros2ws/install/r_gator_gazebo' for CMake module files
[2.227s] Level 1:colcon.colcon_core.environment:checking '/home/samee/ros2ws/install/r_gator_gazebo' for CMake config files
[2.227s] Level 1:colcon.colcon_core.shell:create_environment_hook('r_gator_gazebo', 'cmake_prefix_path')
[2.243s] INFO:colcon.colcon_core.shell:Creating environment hook '/home/samee/ros2ws/install/r_gator_gazebo/share/r_gator_gazebo/hook/cmake_prefix_path.ps1'
[2.243s] INFO:colcon.colcon_core.shell:Creating environment descriptor '/home/samee/ros2ws/install/r_gator_gazebo/share/r_gator_gazebo/hook/cmake_prefix_path.dsv'
[2.243s] INFO:colcon.colcon_core.shell:Creating environment hook '/home/samee/ros2ws/install/r_gator_gazebo/share/r_gator_gazebo/hook/cmake_prefix_path.sh'
[2.244s] Level 1:colcon.colcon_core.environment:checking '/home/samee/ros2ws/install/r_gator_gazebo/lib'
[2.244s] Level 1:colcon.colcon_core.environment:checking '/home/samee/ros2ws/install/r_gator_gazebo/bin'
[2.244s] Level 1:colcon.colcon_core.environment:checking '/home/samee/ros2ws/install/r_gator_gazebo/lib/pkgconfig/r_gator_gazebo.pc'
[2.244s] Level 1:colcon.colcon_core.environment:checking '/home/samee/ros2ws/install/r_gator_gazebo/lib/python3.10/site-packages'
[2.244s] Level 1:colcon.colcon_core.shell:create_environment_hook('r_gator_gazebo', 'pythonpath')
[2.259s] INFO:colcon.colcon_core.shell:Creating environment hook '/home/samee/ros2ws/install/r_gator_gazebo/share/r_gator_gazebo/hook/pythonpath.ps1'
[2.259s] INFO:colcon.colcon_core.shell:Creating environment descriptor '/home/samee/ros2ws/install/r_gator_gazebo/share/r_gator_gazebo/hook/pythonpath.dsv'
[2.259s] INFO:colcon.colcon_core.shell:Creating environment hook '/home/samee/ros2ws/install/r_gator_gazebo/share/r_gator_gazebo/hook/pythonpath.sh'
[2.260s] Level 1:colcon.colcon_core.environment:checking '/home/samee/ros2ws/install/r_gator_gazebo/bin'
[2.274s] INFO:colcon.colcon_core.shell:Creating package script '/home/samee/ros2ws/install/r_gator_gazebo/share/r_gator_gazebo/package.ps1'
[2.275s] INFO:colcon.colcon_core.shell:Creating package descriptor '/home/samee/ros2ws/install/r_gator_gazebo/share/r_gator_gazebo/package.dsv'
[2.275s] INFO:colcon.colcon_core.shell:Creating package script '/home/samee/ros2ws/install/r_gator_gazebo/share/r_gator_gazebo/package.sh'
[2.275s] INFO:colcon.colcon_core.shell:Creating package script '/home/samee/ros2ws/install/r_gator_gazebo/share/r_gator_gazebo/package.bash'
[2.276s] INFO:colcon.colcon_core.shell:Creating package script '/home/samee/ros2ws/install/r_gator_gazebo/share/r_gator_gazebo/package.zsh'
[2.276s] Level 1:colcon.colcon_core.environment:create_file_with_runtime_dependencies(/home/samee/ros2ws/install/r_gator_gazebo/share/colcon-core/packages/r_gator_gazebo)
[2.292s] Level 1:colcon.colcon_core.environment:create_environment_scripts_only(r_gator_launch)
[2.307s] Level 1:colcon.colcon_core.environment:checking '/home/samee/ros2ws/install/r_gator_launch' for CMake module files
[2.308s] Level 1:colcon.colcon_core.environment:checking '/home/samee/ros2ws/install/r_gator_launch' for CMake config files
[2.308s] Level 1:colcon.colcon_core.shell:create_environment_hook('r_gator_launch', 'cmake_prefix_path')
[2.323s] INFO:colcon.colcon_core.shell:Creating environment hook '/home/samee/ros2ws/install/r_gator_launch/share/r_gator_launch/hook/cmake_prefix_path.ps1'
[2.324s] INFO:colcon.colcon_core.shell:Creating environment descriptor '/home/samee/ros2ws/install/r_gator_launch/share/r_gator_launch/hook/cmake_prefix_path.dsv'
[2.324s] INFO:colcon.colcon_core.shell:Creating environment hook '/home/samee/ros2ws/install/r_gator_launch/share/r_gator_launch/hook/cmake_prefix_path.sh'
[2.324s] Level 1:colcon.colcon_core.environment:checking '/home/samee/ros2ws/install/r_gator_launch/lib'
[2.324s] Level 1:colcon.colcon_core.environment:checking '/home/samee/ros2ws/install/r_gator_launch/bin'
[2.324s] Level 1:colcon.colcon_core.environment:checking '/home/samee/ros2ws/install/r_gator_launch/lib/pkgconfig/r_gator_launch.pc'
[2.325s] Level 1:colcon.colcon_core.environment:checking '/home/samee/ros2ws/install/r_gator_launch/lib/python3.10/site-packages'
[2.325s] Level 1:colcon.colcon_core.shell:create_environment_hook('r_gator_launch', 'pythonpath')
[2.340s] INFO:colcon.colcon_core.shell:Creating environment hook '/home/samee/ros2ws/install/r_gator_launch/share/r_gator_launch/hook/pythonpath.ps1'
[2.341s] INFO:colcon.colcon_core.shell:Creating environment descriptor '/home/samee/ros2ws/install/r_gator_launch/share/r_gator_launch/hook/pythonpath.dsv'
[2.341s] INFO:colcon.colcon_core.shell:Creating environment hook '/home/samee/ros2ws/install/r_gator_launch/share/r_gator_launch/hook/pythonpath.sh'
[2.341s] Level 1:colcon.colcon_core.environment:checking '/home/samee/ros2ws/install/r_gator_launch/bin'
[2.357s] INFO:colcon.colcon_core.shell:Creating package script '/home/samee/ros2ws/install/r_gator_launch/share/r_gator_launch/package.ps1'
[2.357s] INFO:colcon.colcon_core.shell:Creating package descriptor '/home/samee/ros2ws/install/r_gator_launch/share/r_gator_launch/package.dsv'
[2.358s] INFO:colcon.colcon_core.shell:Creating package script '/home/samee/ros2ws/install/r_gator_launch/share/r_gator_launch/package.sh'
[2.358s] INFO:colcon.colcon_core.shell:Creating package script '/home/samee/ros2ws/install/r_gator_launch/share/r_gator_launch/package.bash'
[2.358s] INFO:colcon.colcon_core.shell:Creating package script '/home/samee/ros2ws/install/r_gator_launch/share/r_gator_launch/package.zsh'
[2.359s] Level 1:colcon.colcon_core.environment:create_file_with_runtime_dependencies(/home/samee/ros2ws/install/r_gator_launch/share/colcon-core/packages/r_gator_launch)
[2.374s] Level 1:colcon.colcon_core.environment:create_environment_scripts_only(r_gator_teleop)
[2.389s] Level 1:colcon.colcon_core.environment:checking '/home/samee/ros2ws/install/r_gator_teleop' for CMake module files
[2.390s] Level 1:colcon.colcon_core.environment:checking '/home/samee/ros2ws/install/r_gator_teleop' for CMake config files
[2.390s] Level 1:colcon.colcon_core.shell:create_environment_hook('r_gator_teleop', 'cmake_prefix_path')
[2.405s] INFO:colcon.colcon_core.shell:Creating environment hook '/home/samee/ros2ws/install/r_gator_teleop/share/r_gator_teleop/hook/cmake_prefix_path.ps1'
[2.406s] INFO:colcon.colcon_core.shell:Creating environment descriptor '/home/samee/ros2ws/install/r_gator_teleop/share/r_gator_teleop/hook/cmake_prefix_path.dsv'
[2.406s] INFO:colcon.colcon_core.shell:Creating environment hook '/home/samee/ros2ws/install/r_gator_teleop/share/r_gator_teleop/hook/cmake_prefix_path.sh'
[2.407s] Level 1:colcon.colcon_core.environment:checking '/home/samee/ros2ws/install/r_gator_teleop/bin'
[2.407s] Level 1:colcon.colcon_core.environment:checking '/home/samee/ros2ws/install/r_gator_teleop/lib/pkgconfig/r_gator_teleop.pc'
[2.407s] Level 1:colcon.colcon_core.environment:checking '/home/samee/ros2ws/install/r_gator_teleop/lib/python3.10/site-packages'
[2.407s] Level 1:colcon.colcon_core.environment:checking '/home/samee/ros2ws/install/r_gator_teleop/bin'
[2.422s] INFO:colcon.colcon_core.shell:Creating package script '/home/samee/ros2ws/install/r_gator_teleop/share/r_gator_teleop/package.ps1'
[2.423s] INFO:colcon.colcon_core.shell:Creating package descriptor '/home/samee/ros2ws/install/r_gator_teleop/share/r_gator_teleop/package.dsv'
[2.423s] INFO:colcon.colcon_core.shell:Creating package script '/home/samee/ros2ws/install/r_gator_teleop/share/r_gator_teleop/package.sh'
[2.424s] INFO:colcon.colcon_core.shell:Creating package script '/home/samee/ros2ws/install/r_gator_teleop/share/r_gator_teleop/package.bash'
[2.424s] INFO:colcon.colcon_core.shell:Creating package script '/home/samee/ros2ws/install/r_gator_teleop/share/r_gator_teleop/package.zsh'
[2.424s] Level 1:colcon.colcon_core.environment:create_file_with_runtime_dependencies(/home/samee/ros2ws/install/r_gator_teleop/share/colcon-core/packages/r_gator_teleop)
[2.440s] Level 1:colcon.colcon_core.environment:create_environment_scripts_only(rgator_model)
[2.456s] Level 1:colcon.colcon_core.environment:checking '/home/samee/ros2ws/install/rgator_model' for CMake module files
[2.456s] Level 1:colcon.colcon_core.environment:checking '/home/samee/ros2ws/install/rgator_model' for CMake config files
[2.456s] Level 1:colcon.colcon_core.shell:create_environment_hook('rgator_model', 'cmake_prefix_path')
[2.472s] INFO:colcon.colcon_core.shell:Creating environment hook '/home/samee/ros2ws/install/rgator_model/share/rgator_model/hook/cmake_prefix_path.ps1'
[2.472s] INFO:colcon.colcon_core.shell:Creating environment descriptor '/home/samee/ros2ws/install/rgator_model/share/rgator_model/hook/cmake_prefix_path.dsv'
[2.472s] INFO:colcon.colcon_core.shell:Creating environment hook '/home/samee/ros2ws/install/rgator_model/share/rgator_model/hook/cmake_prefix_path.sh'
[2.473s] Level 1:colcon.colcon_core.environment:checking '/home/samee/ros2ws/install/rgator_model/lib'
[2.473s] Level 1:colcon.colcon_core.environment:checking '/home/samee/ros2ws/install/rgator_model/bin'
[2.473s] Level 1:colcon.colcon_core.environment:checking '/home/samee/ros2ws/install/rgator_model/lib/pkgconfig/rgator_model.pc'
[2.473s] Level 1:colcon.colcon_core.environment:checking '/home/samee/ros2ws/install/rgator_model/lib/python3.10/site-packages'
[2.473s] Level 1:colcon.colcon_core.shell:create_environment_hook('rgator_model', 'pythonpath')
[2.488s] INFO:colcon.colcon_core.shell:Creating environment hook '/home/samee/ros2ws/install/rgator_model/share/rgator_model/hook/pythonpath.ps1'
[2.488s] INFO:colcon.colcon_core.shell:Creating environment descriptor '/home/samee/ros2ws/install/rgator_model/share/rgator_model/hook/pythonpath.dsv'
[2.488s] INFO:colcon.colcon_core.shell:Creating environment hook '/home/samee/ros2ws/install/rgator_model/share/rgator_model/hook/pythonpath.sh'
[2.489s] Level 1:colcon.colcon_core.environment:checking '/home/samee/ros2ws/install/rgator_model/bin'
[2.504s] INFO:colcon.colcon_core.shell:Creating package script '/home/samee/ros2ws/install/rgator_model/share/rgator_model/package.ps1'
[2.504s] INFO:colcon.colcon_core.shell:Creating package descriptor '/home/samee/ros2ws/install/rgator_model/share/rgator_model/package.dsv'
[2.505s] INFO:colcon.colcon_core.shell:Creating package script '/home/samee/ros2ws/install/rgator_model/share/rgator_model/package.sh'
[2.505s] INFO:colcon.colcon_core.shell:Creating package script '/home/samee/ros2ws/install/rgator_model/share/rgator_model/package.bash'
[2.505s] INFO:colcon.colcon_core.shell:Creating package script '/home/samee/ros2ws/install/rgator_model/share/rgator_model/package.zsh'
[2.506s] Level 1:colcon.colcon_core.environment:create_file_with_runtime_dependencies(/home/samee/ros2ws/install/rgator_model/share/colcon-core/packages/rgator_model)
[2.506s] DEBUG:colcon.colcon_parallel_executor.executor.parallel:closing loop
[2.506s] DEBUG:colcon.colcon_parallel_executor.executor.parallel:loop closed
[2.506s] DEBUG:colcon.colcon_parallel_executor.executor.parallel:run_until_complete finished with '0'
[2.506s] DEBUG:colcon.colcon_core.event_reactor:joining thread
[2.526s] INFO:colcon.colcon_core.plugin_system:Skipping extension 'colcon_notification.desktop_notification.notify_send': Could not find 'notify-send'
[2.527s] INFO:colcon.colcon_core.plugin_system:Skipping extension 'colcon_notification.desktop_notification.terminal_notifier': Not used on non-Darwin systems
[2.527s] INFO:colcon.colcon_core.plugin_system:Skipping extension 'colcon_notification.desktop_notification.win32': Not used on non-Windows systems
[2.527s] INFO:colcon.colcon_notification.desktop_notification:Sending desktop notification using 'notify2'
[2.548s] DEBUG:colcon.colcon_core.event_reactor:joined thread
[2.563s] INFO:colcon.colcon_core.shell:Creating prefix script '/home/samee/ros2ws/install/local_setup.ps1'
[2.564s] INFO:colcon.colcon_core.shell:Creating prefix util module '/home/samee/ros2ws/install/_local_setup_util_ps1.py'
[2.565s] INFO:colcon.colcon_core.shell:Creating prefix chain script '/home/samee/ros2ws/install/setup.ps1'
[2.581s] INFO:colcon.colcon_core.shell:Creating prefix script '/home/samee/ros2ws/install/local_setup.sh'
[2.581s] INFO:colcon.colcon_core.shell:Creating prefix util module '/home/samee/ros2ws/install/_local_setup_util_sh.py'
[2.582s] INFO:colcon.colcon_core.shell:Creating prefix chain script '/home/samee/ros2ws/install/setup.sh'
[2.598s] INFO:colcon.colcon_core.shell:Creating prefix script '/home/samee/ros2ws/install/local_setup.bash'
[2.599s] INFO:colcon.colcon_core.shell:Creating prefix chain script '/home/samee/ros2ws/install/setup.bash'
[2.615s] INFO:colcon.colcon_core.shell:Creating prefix script '/home/samee/ros2ws/install/local_setup.zsh'
[2.616s] INFO:colcon.colcon_core.shell:Creating prefix chain script '/home/samee/ros2ws/install/setup.zsh'
