[0.213s] Invoking command in '/home/samee/ros2ws/build/r-gator-launch-2': CMAKE_PREFIX_PATH=/home/samee/ros2ws/install/r-gator-model-2:/home/samee/ros2ws/install/r-gator-launch-2:/home/samee/ros2ws/install/r-gator-gazebo-2:/opt/ros/humble:/home/samee/ros2ws/install/r-gator-description-2:/home/samee/ros2ws/install/r-gator-teleop-2:/home/samee/ros2ws/install/r-gator-teleop:/home/samee/ros2ws/install/r-gator-model:/home/samee/ros2ws/install/r-gator-launch:/home/samee/ros2ws/install/r-gator-gazebo-tool:/home/samee/ros2ws/install/r-gator-gazebo:/home/samee/ros2ws/install/r-gator-description /usr/local/bin/cmake --build /home/samee/ros2ws/build/r-gator-launch-2 -- -j12 -l12
[0.223s] Invoked command in '/home/samee/ros2ws/build/r-gator-launch-2' returned '0': CMAKE_PREFIX_PATH=/home/samee/ros2ws/install/r-gator-model-2:/home/samee/ros2ws/install/r-gator-launch-2:/home/samee/ros2ws/install/r-gator-gazebo-2:/opt/ros/humble:/home/samee/ros2ws/install/r-gator-description-2:/home/samee/ros2ws/install/r-gator-teleop-2:/home/samee/ros2ws/install/r-gator-teleop:/home/samee/ros2ws/install/r-gator-model:/home/samee/ros2ws/install/r-gator-launch:/home/samee/ros2ws/install/r-gator-gazebo-tool:/home/samee/ros2ws/install/r-gator-gazebo:/home/samee/ros2ws/install/r-gator-description /usr/local/bin/cmake --build /home/samee/ros2ws/build/r-gator-launch-2 -- -j12 -l12
[0.242s] Invoking command in '/home/samee/ros2ws/build/r-gator-launch-2': CMAKE_PREFIX_PATH=/home/samee/ros2ws/install/r-gator-model-2:/home/samee/ros2ws/install/r-gator-launch-2:/home/samee/ros2ws/install/r-gator-gazebo-2:/opt/ros/humble:/home/samee/ros2ws/install/r-gator-description-2:/home/samee/ros2ws/install/r-gator-teleop-2:/home/samee/ros2ws/install/r-gator-teleop:/home/samee/ros2ws/install/r-gator-model:/home/samee/ros2ws/install/r-gator-launch:/home/samee/ros2ws/install/r-gator-gazebo-tool:/home/samee/ros2ws/install/r-gator-gazebo:/home/samee/ros2ws/install/r-gator-description /usr/local/bin/cmake --install /home/samee/ros2ws/build/r-gator-launch-2
[0.244s] -- Install configuration: ""
[0.244s] -- Up-to-date: /home/samee/ros2ws/install/r-gator-launch-2/share/ament_index/resource_index/package_run_dependencies/r-gator-launch-2
[0.244s] -- Up-to-date: /home/samee/ros2ws/install/r-gator-launch-2/share/ament_index/resource_index/parent_prefix_path/r-gator-launch-2
[0.244s] -- Up-to-date: /home/samee/ros2ws/install/r-gator-launch-2/share/r-gator-launch-2/environment/ament_prefix_path.sh
[0.245s] -- Up-to-date: /home/samee/ros2ws/install/r-gator-launch-2/share/r-gator-launch-2/environment/ament_prefix_path.dsv
[0.245s] -- Up-to-date: /home/samee/ros2ws/install/r-gator-launch-2/share/r-gator-launch-2/environment/path.sh
[0.246s] -- Up-to-date: /home/samee/ros2ws/install/r-gator-launch-2/share/r-gator-launch-2/environment/path.dsv
[0.246s] -- Up-to-date: /home/samee/ros2ws/install/r-gator-launch-2/share/r-gator-launch-2/local_setup.bash
[0.246s] -- Up-to-date: /home/samee/ros2ws/install/r-gator-launch-2/share/r-gator-launch-2/local_setup.sh
[0.246s] -- Up-to-date: /home/samee/ros2ws/install/r-gator-launch-2/share/r-gator-launch-2/local_setup.zsh
[0.246s] -- Up-to-date: /home/samee/ros2ws/install/r-gator-launch-2/share/r-gator-launch-2/local_setup.dsv
[0.247s] -- Installing: /home/samee/ros2ws/install/r-gator-launch-2/share/r-gator-launch-2/package.dsv
[0.247s] -- Up-to-date: /home/samee/ros2ws/install/r-gator-launch-2/share/ament_index/resource_index/packages/r-gator-launch-2
[0.247s] -- Up-to-date: /home/samee/ros2ws/install/r-gator-launch-2/share/r-gator-launch-2/cmake/r-gator-launch-2Config.cmake
[0.247s] -- Up-to-date: /home/samee/ros2ws/install/r-gator-launch-2/share/r-gator-launch-2/cmake/r-gator-launch-2Config-version.cmake
[0.248s] -- Up-to-date: /home/samee/ros2ws/install/r-gator-launch-2/share/r-gator-launch-2/package.xml
[0.311s] Invoked command in '/home/samee/ros2ws/build/r-gator-launch-2' returned '0': CMAKE_PREFIX_PATH=/home/samee/ros2ws/install/r-gator-model-2:/home/samee/ros2ws/install/r-gator-launch-2:/home/samee/ros2ws/install/r-gator-gazebo-2:/opt/ros/humble:/home/samee/ros2ws/install/r-gator-description-2:/home/samee/ros2ws/install/r-gator-teleop-2:/home/samee/ros2ws/install/r-gator-teleop:/home/samee/ros2ws/install/r-gator-model:/home/samee/ros2ws/install/r-gator-launch:/home/samee/ros2ws/install/r-gator-gazebo-tool:/home/samee/ros2ws/install/r-gator-gazebo:/home/samee/ros2ws/install/r-gator-description /usr/local/bin/cmake --install /home/samee/ros2ws/build/r-gator-launch-2
