[0.896s] DEBUG:colcon:Command line arguments: ['/usr/bin/colcon', 'build']
[0.896s] DEBUG:colcon:Parsed command line arguments: Namespace(log_base=None, log_level=None, verb_name='build', build_base='build', install_base='install', merge_install=False, symlink_install=False, test_result_base=None, continue_on_error=False, executor='parallel', parallel_workers=12, event_handlers=None, ignore_user_meta=False, metas=['./colcon.meta'], base_paths=['.'], packages_ignore=None, packages_ignore_regex=None, paths=None, packages_up_to=None, packages_up_to_regex=None, packages_above=None, packages_above_and_dependencies=None, packages_above_depth=None, packages_select_by_dep=None, packages_skip_by_dep=None, packages_skip_up_to=None, packages_select_build_failed=False, packages_skip_build_finished=False, packages_select_test_failures=False, packages_skip_test_passed=False, packages_select=None, packages_skip=None, packages_select_regex=None, packages_skip_regex=None, packages_start=None, packages_end=None, allow_overriding=[], cmake_args=None, cmake_target=None, cmake_target_skip_unavailable=False, cmake_clean_cache=False, cmake_clean_first=False, cmake_force_configure=False, ament_cmake_args=None, catkin_cmake_args=None, catkin_skip_building_tests=False, verb_parser=<colcon_defaults.argument_parser.defaults.DefaultArgumentsDecorator object at 0x7f2b912beb60>, verb_extension=<colcon_core.verb.build.BuildVerb object at 0x7f2b917f3850>, main=<bound method BuildVerb.main of <colcon_core.verb.build.BuildVerb object at 0x7f2b917f3850>>)
[0.943s] Level 1:colcon.colcon_core.package_discovery:discover_packages(colcon_meta) check parameters
[0.944s] Level 1:colcon.colcon_core.package_discovery:discover_packages(recursive) check parameters
[0.944s] Level 1:colcon.colcon_core.package_discovery:discover_packages(ignore) check parameters
[0.944s] Level 1:colcon.colcon_core.package_discovery:discover_packages(path) check parameters
[0.944s] Level 1:colcon.colcon_core.package_discovery:discover_packages(colcon_meta) discover
[0.944s] Level 1:colcon.colcon_core.package_discovery:discover_packages(recursive) discover
[0.944s] INFO:colcon.colcon_core.package_discovery:Crawling recursively for packages in '/home/samee/ros2ws'
[0.944s] Level 1:colcon.colcon_core.package_identification:_identify(.) by extensions ['ignore', 'ignore_ament_install']
[0.944s] Level 1:colcon.colcon_core.package_identification:_identify(.) by extension 'ignore'
[0.944s] Level 1:colcon.colcon_core.package_identification:_identify(.) by extension 'ignore_ament_install'
[0.944s] Level 1:colcon.colcon_core.package_identification:_identify(.) by extensions ['colcon_pkg']
[0.944s] Level 1:colcon.colcon_core.package_identification:_identify(.) by extension 'colcon_pkg'
[0.944s] Level 1:colcon.colcon_core.package_identification:_identify(.) by extensions ['colcon_meta']
[0.944s] Level 1:colcon.colcon_core.package_identification:_identify(.) by extension 'colcon_meta'
[0.944s] Level 1:colcon.colcon_core.package_identification:_identify(.) by extensions ['ros']
[0.944s] Level 1:colcon.colcon_core.package_identification:_identify(.) by extension 'ros'
[0.956s] Level 1:colcon.colcon_core.package_identification:_identify(.) by extensions ['cmake', 'python']
[0.956s] Level 1:colcon.colcon_core.package_identification:_identify(.) by extension 'cmake'
[0.956s] Level 1:colcon.colcon_core.package_identification:_identify(.) by extension 'python'
[0.956s] Level 1:colcon.colcon_core.package_identification:_identify(.) by extensions ['python_setup_py']
[0.956s] Level 1:colcon.colcon_core.package_identification:_identify(.) by extension 'python_setup_py'
[0.956s] Level 1:colcon.colcon_core.package_identification:_identify(build) by extensions ['ignore', 'ignore_ament_install']
[0.956s] Level 1:colcon.colcon_core.package_identification:_identify(build) by extension 'ignore'
[0.956s] Level 1:colcon.colcon_core.package_identification:_identify(build) ignored
[0.956s] Level 1:colcon.colcon_core.package_identification:_identify(install) by extensions ['ignore', 'ignore_ament_install']
[0.956s] Level 1:colcon.colcon_core.package_identification:_identify(install) by extension 'ignore'
[0.956s] Level 1:colcon.colcon_core.package_identification:_identify(install) ignored
[0.956s] Level 1:colcon.colcon_core.package_identification:_identify(log) by extensions ['ignore', 'ignore_ament_install']
[0.956s] Level 1:colcon.colcon_core.package_identification:_identify(log) by extension 'ignore'
[0.956s] Level 1:colcon.colcon_core.package_identification:_identify(log) ignored
[0.957s] Level 1:colcon.colcon_core.package_identification:_identify(src) by extensions ['ignore', 'ignore_ament_install']
[0.957s] Level 1:colcon.colcon_core.package_identification:_identify(src) by extension 'ignore'
[0.957s] Level 1:colcon.colcon_core.package_identification:_identify(src) by extension 'ignore_ament_install'
[0.957s] Level 1:colcon.colcon_core.package_identification:_identify(src) by extensions ['colcon_pkg']
[0.957s] Level 1:colcon.colcon_core.package_identification:_identify(src) by extension 'colcon_pkg'
[0.957s] Level 1:colcon.colcon_core.package_identification:_identify(src) by extensions ['colcon_meta']
[0.957s] Level 1:colcon.colcon_core.package_identification:_identify(src) by extension 'colcon_meta'
[0.957s] Level 1:colcon.colcon_core.package_identification:_identify(src) by extensions ['ros']
[0.957s] Level 1:colcon.colcon_core.package_identification:_identify(src) by extension 'ros'
[0.957s] Level 1:colcon.colcon_core.package_identification:_identify(src) by extensions ['cmake', 'python']
[0.957s] Level 1:colcon.colcon_core.package_identification:_identify(src) by extension 'cmake'
[0.957s] Level 1:colcon.colcon_core.package_identification:_identify(src) by extension 'python'
[0.957s] Level 1:colcon.colcon_core.package_identification:_identify(src) by extensions ['python_setup_py']
[0.957s] Level 1:colcon.colcon_core.package_identification:_identify(src) by extension 'python_setup_py'
[0.957s] Level 1:colcon.colcon_core.package_identification:_identify(src/images) by extensions ['ignore', 'ignore_ament_install']
[0.957s] Level 1:colcon.colcon_core.package_identification:_identify(src/images) by extension 'ignore'
[0.957s] Level 1:colcon.colcon_core.package_identification:_identify(src/images) by extension 'ignore_ament_install'
[0.957s] Level 1:colcon.colcon_core.package_identification:_identify(src/images) by extensions ['colcon_pkg']
[0.957s] Level 1:colcon.colcon_core.package_identification:_identify(src/images) by extension 'colcon_pkg'
[0.958s] Level 1:colcon.colcon_core.package_identification:_identify(src/images) by extensions ['colcon_meta']
[0.958s] Level 1:colcon.colcon_core.package_identification:_identify(src/images) by extension 'colcon_meta'
[0.958s] Level 1:colcon.colcon_core.package_identification:_identify(src/images) by extensions ['ros']
[0.958s] Level 1:colcon.colcon_core.package_identification:_identify(src/images) by extension 'ros'
[0.958s] Level 1:colcon.colcon_core.package_identification:_identify(src/images) by extensions ['cmake', 'python']
[0.958s] Level 1:colcon.colcon_core.package_identification:_identify(src/images) by extension 'cmake'
[0.958s] Level 1:colcon.colcon_core.package_identification:_identify(src/images) by extension 'python'
[0.958s] Level 1:colcon.colcon_core.package_identification:_identify(src/images) by extensions ['python_setup_py']
[0.958s] Level 1:colcon.colcon_core.package_identification:_identify(src/images) by extension 'python_setup_py'
[0.958s] Level 1:colcon.colcon_core.package_identification:_identify(src/r-gator-simulator-2) by extensions ['ignore', 'ignore_ament_install']
[0.958s] Level 1:colcon.colcon_core.package_identification:_identify(src/r-gator-simulator-2) by extension 'ignore'
[0.958s] Level 1:colcon.colcon_core.package_identification:_identify(src/r-gator-simulator-2) by extension 'ignore_ament_install'
[0.958s] Level 1:colcon.colcon_core.package_identification:_identify(src/r-gator-simulator-2) by extensions ['colcon_pkg']
[0.958s] Level 1:colcon.colcon_core.package_identification:_identify(src/r-gator-simulator-2) by extension 'colcon_pkg'
[0.958s] Level 1:colcon.colcon_core.package_identification:_identify(src/r-gator-simulator-2) by extensions ['colcon_meta']
[0.958s] Level 1:colcon.colcon_core.package_identification:_identify(src/r-gator-simulator-2) by extension 'colcon_meta'
[0.958s] Level 1:colcon.colcon_core.package_identification:_identify(src/r-gator-simulator-2) by extensions ['ros']
[0.958s] Level 1:colcon.colcon_core.package_identification:_identify(src/r-gator-simulator-2) by extension 'ros'
[0.958s] Level 1:colcon.colcon_core.package_identification:_identify(src/r-gator-simulator-2) by extensions ['cmake', 'python']
[0.958s] Level 1:colcon.colcon_core.package_identification:_identify(src/r-gator-simulator-2) by extension 'cmake'
[0.958s] Level 1:colcon.colcon_core.package_identification:_identify(src/r-gator-simulator-2) by extension 'python'
[0.958s] Level 1:colcon.colcon_core.package_identification:_identify(src/r-gator-simulator-2) by extensions ['python_setup_py']
[0.958s] Level 1:colcon.colcon_core.package_identification:_identify(src/r-gator-simulator-2) by extension 'python_setup_py'
[0.958s] Level 1:colcon.colcon_core.package_identification:_identify(src/r-gator-simulator-2/r-gator-description-2) by extensions ['ignore', 'ignore_ament_install']
[0.959s] Level 1:colcon.colcon_core.package_identification:_identify(src/r-gator-simulator-2/r-gator-description-2) by extension 'ignore'
[0.959s] Level 1:colcon.colcon_core.package_identification:_identify(src/r-gator-simulator-2/r-gator-description-2) by extension 'ignore_ament_install'
[0.959s] Level 1:colcon.colcon_core.package_identification:_identify(src/r-gator-simulator-2/r-gator-description-2) by extensions ['colcon_pkg']
[0.959s] Level 1:colcon.colcon_core.package_identification:_identify(src/r-gator-simulator-2/r-gator-description-2) by extension 'colcon_pkg'
[0.959s] Level 1:colcon.colcon_core.package_identification:_identify(src/r-gator-simulator-2/r-gator-description-2) by extensions ['colcon_meta']
[0.959s] Level 1:colcon.colcon_core.package_identification:_identify(src/r-gator-simulator-2/r-gator-description-2) by extension 'colcon_meta'
[0.959s] Level 1:colcon.colcon_core.package_identification:_identify(src/r-gator-simulator-2/r-gator-description-2) by extensions ['ros']
[0.959s] Level 1:colcon.colcon_core.package_identification:_identify(src/r-gator-simulator-2/r-gator-description-2) by extension 'ros'
[0.961s] DEBUG:colcon.colcon_core.package_identification:Package 'src/r-gator-simulator-2/r-gator-description-2' with type 'ros.catkin' and name 'r-gator-description-2'
[0.961s] Level 1:colcon.colcon_core.package_identification:_identify(src/r-gator-simulator-2/r-gator-gazebo-2) by extensions ['ignore', 'ignore_ament_install']
[0.961s] Level 1:colcon.colcon_core.package_identification:_identify(src/r-gator-simulator-2/r-gator-gazebo-2) by extension 'ignore'
[0.961s] Level 1:colcon.colcon_core.package_identification:_identify(src/r-gator-simulator-2/r-gator-gazebo-2) by extension 'ignore_ament_install'
[0.961s] Level 1:colcon.colcon_core.package_identification:_identify(src/r-gator-simulator-2/r-gator-gazebo-2) by extensions ['colcon_pkg']
[0.961s] Level 1:colcon.colcon_core.package_identification:_identify(src/r-gator-simulator-2/r-gator-gazebo-2) by extension 'colcon_pkg'
[0.961s] Level 1:colcon.colcon_core.package_identification:_identify(src/r-gator-simulator-2/r-gator-gazebo-2) by extensions ['colcon_meta']
[0.961s] Level 1:colcon.colcon_core.package_identification:_identify(src/r-gator-simulator-2/r-gator-gazebo-2) by extension 'colcon_meta'
[0.961s] Level 1:colcon.colcon_core.package_identification:_identify(src/r-gator-simulator-2/r-gator-gazebo-2) by extensions ['ros']
[0.961s] Level 1:colcon.colcon_core.package_identification:_identify(src/r-gator-simulator-2/r-gator-gazebo-2) by extension 'ros'
[0.962s] DEBUG:colcon.colcon_core.package_identification:Package 'src/r-gator-simulator-2/r-gator-gazebo-2' with type 'ros.ament_cmake' and name 'r-gator-gazebo-2'
[0.962s] Level 1:colcon.colcon_core.package_identification:_identify(src/r-gator-simulator-2/r-gator-gazebo-tool-2) by extensions ['ignore', 'ignore_ament_install']
[0.962s] Level 1:colcon.colcon_core.package_identification:_identify(src/r-gator-simulator-2/r-gator-gazebo-tool-2) by extension 'ignore'
[0.962s] Level 1:colcon.colcon_core.package_identification:_identify(src/r-gator-simulator-2/r-gator-gazebo-tool-2) by extension 'ignore_ament_install'
[0.962s] Level 1:colcon.colcon_core.package_identification:_identify(src/r-gator-simulator-2/r-gator-gazebo-tool-2) by extensions ['colcon_pkg']
[0.962s] Level 1:colcon.colcon_core.package_identification:_identify(src/r-gator-simulator-2/r-gator-gazebo-tool-2) by extension 'colcon_pkg'
[0.962s] Level 1:colcon.colcon_core.package_identification:_identify(src/r-gator-simulator-2/r-gator-gazebo-tool-2) by extensions ['colcon_meta']
[0.962s] Level 1:colcon.colcon_core.package_identification:_identify(src/r-gator-simulator-2/r-gator-gazebo-tool-2) by extension 'colcon_meta'
[0.962s] Level 1:colcon.colcon_core.package_identification:_identify(src/r-gator-simulator-2/r-gator-gazebo-tool-2) by extensions ['ros']
[0.962s] Level 1:colcon.colcon_core.package_identification:_identify(src/r-gator-simulator-2/r-gator-gazebo-tool-2) by extension 'ros'
[0.963s] DEBUG:colcon.colcon_core.package_identification:Package 'src/r-gator-simulator-2/r-gator-gazebo-tool-2' with type 'ros.catkin' and name 'r-gator-gazebo-tool-2'
[0.963s] Level 1:colcon.colcon_core.package_identification:_identify(src/r-gator-simulator-2/r-gator-launch-2) by extensions ['ignore', 'ignore_ament_install']
[0.963s] Level 1:colcon.colcon_core.package_identification:_identify(src/r-gator-simulator-2/r-gator-launch-2) by extension 'ignore'
[0.963s] Level 1:colcon.colcon_core.package_identification:_identify(src/r-gator-simulator-2/r-gator-launch-2) by extension 'ignore_ament_install'
[0.963s] Level 1:colcon.colcon_core.package_identification:_identify(src/r-gator-simulator-2/r-gator-launch-2) by extensions ['colcon_pkg']
[0.963s] Level 1:colcon.colcon_core.package_identification:_identify(src/r-gator-simulator-2/r-gator-launch-2) by extension 'colcon_pkg'
[0.963s] Level 1:colcon.colcon_core.package_identification:_identify(src/r-gator-simulator-2/r-gator-launch-2) by extensions ['colcon_meta']
[0.964s] Level 1:colcon.colcon_core.package_identification:_identify(src/r-gator-simulator-2/r-gator-launch-2) by extension 'colcon_meta'
[0.964s] Level 1:colcon.colcon_core.package_identification:_identify(src/r-gator-simulator-2/r-gator-launch-2) by extensions ['ros']
[0.964s] Level 1:colcon.colcon_core.package_identification:_identify(src/r-gator-simulator-2/r-gator-launch-2) by extension 'ros'
[0.964s] DEBUG:colcon.colcon_core.package_identification:Package 'src/r-gator-simulator-2/r-gator-launch-2' with type 'ros.ament_cmake' and name 'r-gator-launch-2'
[0.964s] Level 1:colcon.colcon_core.package_identification:_identify(src/r-gator-simulator-2/r-gator-model-2) by extensions ['ignore', 'ignore_ament_install']
[0.964s] Level 1:colcon.colcon_core.package_identification:_identify(src/r-gator-simulator-2/r-gator-model-2) by extension 'ignore'
[0.964s] Level 1:colcon.colcon_core.package_identification:_identify(src/r-gator-simulator-2/r-gator-model-2) by extension 'ignore_ament_install'
[0.964s] Level 1:colcon.colcon_core.package_identification:_identify(src/r-gator-simulator-2/r-gator-model-2) by extensions ['colcon_pkg']
[0.964s] Level 1:colcon.colcon_core.package_identification:_identify(src/r-gator-simulator-2/r-gator-model-2) by extension 'colcon_pkg'
[0.964s] Level 1:colcon.colcon_core.package_identification:_identify(src/r-gator-simulator-2/r-gator-model-2) by extensions ['colcon_meta']
[0.964s] Level 1:colcon.colcon_core.package_identification:_identify(src/r-gator-simulator-2/r-gator-model-2) by extension 'colcon_meta'
[0.964s] Level 1:colcon.colcon_core.package_identification:_identify(src/r-gator-simulator-2/r-gator-model-2) by extensions ['ros']
[0.964s] Level 1:colcon.colcon_core.package_identification:_identify(src/r-gator-simulator-2/r-gator-model-2) by extension 'ros'
[0.965s] DEBUG:colcon.colcon_core.package_identification:Package 'src/r-gator-simulator-2/r-gator-model-2' with type 'ros.ament_cmake' and name 'r-gator-model-2'
[0.965s] Level 1:colcon.colcon_core.package_identification:_identify(src/r-gator-teleop-2) by extensions ['ignore', 'ignore_ament_install']
[0.965s] Level 1:colcon.colcon_core.package_identification:_identify(src/r-gator-teleop-2) by extension 'ignore'
[0.965s] Level 1:colcon.colcon_core.package_identification:_identify(src/r-gator-teleop-2) by extension 'ignore_ament_install'
[0.965s] Level 1:colcon.colcon_core.package_identification:_identify(src/r-gator-teleop-2) by extensions ['colcon_pkg']
[0.965s] Level 1:colcon.colcon_core.package_identification:_identify(src/r-gator-teleop-2) by extension 'colcon_pkg'
[0.965s] Level 1:colcon.colcon_core.package_identification:_identify(src/r-gator-teleop-2) by extensions ['colcon_meta']
[0.965s] Level 1:colcon.colcon_core.package_identification:_identify(src/r-gator-teleop-2) by extension 'colcon_meta'
[0.965s] Level 1:colcon.colcon_core.package_identification:_identify(src/r-gator-teleop-2) by extensions ['ros']
[0.965s] Level 1:colcon.colcon_core.package_identification:_identify(src/r-gator-teleop-2) by extension 'ros'
[0.966s] DEBUG:colcon.colcon_core.package_identification:Package 'src/r-gator-teleop-2' with type 'ros.catkin' and name 'r-gator-teleop-2'
[0.966s] Level 1:colcon.colcon_core.package_identification:_identify(src_unclean) by extensions ['ignore', 'ignore_ament_install']
[0.966s] Level 1:colcon.colcon_core.package_identification:_identify(src_unclean) by extension 'ignore'
[0.966s] Level 1:colcon.colcon_core.package_identification:_identify(src_unclean) ignored
[0.966s] Level 1:colcon.colcon_core.package_discovery:discover_packages(recursive) using defaults
[0.966s] Level 1:colcon.colcon_core.package_discovery:discover_packages(ignore) discover
[0.966s] Level 1:colcon.colcon_core.package_discovery:discover_packages(ignore) using defaults
[0.966s] Level 1:colcon.colcon_core.package_discovery:discover_packages(path) discover
[0.966s] Level 1:colcon.colcon_core.package_discovery:discover_packages(path) using defaults
[1.049s] Level 1:colcon.colcon_core.package_discovery:discover_packages(prefix_path) check parameters
[1.049s] Level 1:colcon.colcon_core.package_discovery:discover_packages(prefix_path) discover
[1.078s] DEBUG:colcon.colcon_installed_package_information.package_discovery:Found 19 installed packages in /home/samee/ros2ws/install
[1.093s] DEBUG:colcon.colcon_installed_package_information.package_discovery:Found 312 installed packages in /opt/ros/humble
[1.094s] Level 1:colcon.colcon_core.package_discovery:discover_packages(prefix_path) using defaults
[1.163s] Level 5:colcon.colcon_core.verb:set package 'r-gator-description-2' build argument 'cmake_args' from command line to 'None'
[1.163s] Level 5:colcon.colcon_core.verb:set package 'r-gator-description-2' build argument 'cmake_target' from command line to 'None'
[1.163s] Level 5:colcon.colcon_core.verb:set package 'r-gator-description-2' build argument 'cmake_target_skip_unavailable' from command line to 'False'
[1.163s] Level 5:colcon.colcon_core.verb:set package 'r-gator-description-2' build argument 'cmake_clean_cache' from command line to 'False'
[1.163s] Level 5:colcon.colcon_core.verb:set package 'r-gator-description-2' build argument 'cmake_clean_first' from command line to 'False'
[1.163s] Level 5:colcon.colcon_core.verb:set package 'r-gator-description-2' build argument 'cmake_force_configure' from command line to 'False'
[1.163s] Level 5:colcon.colcon_core.verb:set package 'r-gator-description-2' build argument 'ament_cmake_args' from command line to 'None'
[1.163s] Level 5:colcon.colcon_core.verb:set package 'r-gator-description-2' build argument 'catkin_cmake_args' from command line to 'None'
[1.163s] Level 5:colcon.colcon_core.verb:set package 'r-gator-description-2' build argument 'catkin_skip_building_tests' from command line to 'False'
[1.163s] DEBUG:colcon.colcon_core.verb:Building package 'r-gator-description-2' with the following arguments: {'ament_cmake_args': None, 'build_base': '/home/samee/ros2ws/build/r-gator-description-2', 'catkin_cmake_args': None, 'catkin_skip_building_tests': False, 'cmake_args': None, 'cmake_clean_cache': False, 'cmake_clean_first': False, 'cmake_force_configure': False, 'cmake_target': None, 'cmake_target_skip_unavailable': False, 'install_base': '/home/samee/ros2ws/install/r-gator-description-2', 'merge_install': False, 'path': '/home/samee/ros2ws/src/r-gator-simulator-2/r-gator-description-2', 'symlink_install': False, 'test_result_base': None}
[1.177s] Level 5:colcon.colcon_core.verb:set package 'r-gator-gazebo-2' build argument 'cmake_args' from command line to 'None'
[1.177s] Level 5:colcon.colcon_core.verb:set package 'r-gator-gazebo-2' build argument 'cmake_target' from command line to 'None'
[1.177s] Level 5:colcon.colcon_core.verb:set package 'r-gator-gazebo-2' build argument 'cmake_target_skip_unavailable' from command line to 'False'
[1.177s] Level 5:colcon.colcon_core.verb:set package 'r-gator-gazebo-2' build argument 'cmake_clean_cache' from command line to 'False'
[1.177s] Level 5:colcon.colcon_core.verb:set package 'r-gator-gazebo-2' build argument 'cmake_clean_first' from command line to 'False'
[1.177s] Level 5:colcon.colcon_core.verb:set package 'r-gator-gazebo-2' build argument 'cmake_force_configure' from command line to 'False'
[1.177s] Level 5:colcon.colcon_core.verb:set package 'r-gator-gazebo-2' build argument 'ament_cmake_args' from command line to 'None'
[1.177s] Level 5:colcon.colcon_core.verb:set package 'r-gator-gazebo-2' build argument 'catkin_cmake_args' from command line to 'None'
[1.177s] Level 5:colcon.colcon_core.verb:set package 'r-gator-gazebo-2' build argument 'catkin_skip_building_tests' from command line to 'False'
[1.177s] DEBUG:colcon.colcon_core.verb:Building package 'r-gator-gazebo-2' with the following arguments: {'ament_cmake_args': None, 'build_base': '/home/samee/ros2ws/build/r-gator-gazebo-2', 'catkin_cmake_args': None, 'catkin_skip_building_tests': False, 'cmake_args': None, 'cmake_clean_cache': False, 'cmake_clean_first': False, 'cmake_force_configure': False, 'cmake_target': None, 'cmake_target_skip_unavailable': False, 'install_base': '/home/samee/ros2ws/install/r-gator-gazebo-2', 'merge_install': False, 'path': '/home/samee/ros2ws/src/r-gator-simulator-2/r-gator-gazebo-2', 'symlink_install': False, 'test_result_base': None}
[1.197s] Level 5:colcon.colcon_core.verb:set package 'r-gator-gazebo-tool-2' build argument 'cmake_args' from command line to 'None'
[1.197s] Level 5:colcon.colcon_core.verb:set package 'r-gator-gazebo-tool-2' build argument 'cmake_target' from command line to 'None'
[1.197s] Level 5:colcon.colcon_core.verb:set package 'r-gator-gazebo-tool-2' build argument 'cmake_target_skip_unavailable' from command line to 'False'
[1.197s] Level 5:colcon.colcon_core.verb:set package 'r-gator-gazebo-tool-2' build argument 'cmake_clean_cache' from command line to 'False'
[1.197s] Level 5:colcon.colcon_core.verb:set package 'r-gator-gazebo-tool-2' build argument 'cmake_clean_first' from command line to 'False'
[1.198s] Level 5:colcon.colcon_core.verb:set package 'r-gator-gazebo-tool-2' build argument 'cmake_force_configure' from command line to 'False'
[1.198s] Level 5:colcon.colcon_core.verb:set package 'r-gator-gazebo-tool-2' build argument 'ament_cmake_args' from command line to 'None'
[1.198s] Level 5:colcon.colcon_core.verb:set package 'r-gator-gazebo-tool-2' build argument 'catkin_cmake_args' from command line to 'None'
[1.198s] Level 5:colcon.colcon_core.verb:set package 'r-gator-gazebo-tool-2' build argument 'catkin_skip_building_tests' from command line to 'False'
[1.198s] DEBUG:colcon.colcon_core.verb:Building package 'r-gator-gazebo-tool-2' with the following arguments: {'ament_cmake_args': None, 'build_base': '/home/samee/ros2ws/build/r-gator-gazebo-tool-2', 'catkin_cmake_args': None, 'catkin_skip_building_tests': False, 'cmake_args': None, 'cmake_clean_cache': False, 'cmake_clean_first': False, 'cmake_force_configure': False, 'cmake_target': None, 'cmake_target_skip_unavailable': False, 'install_base': '/home/samee/ros2ws/install/r-gator-gazebo-tool-2', 'merge_install': False, 'path': '/home/samee/ros2ws/src/r-gator-simulator-2/r-gator-gazebo-tool-2', 'symlink_install': False, 'test_result_base': None}
[1.211s] Level 5:colcon.colcon_core.verb:set package 'r-gator-launch-2' build argument 'cmake_args' from command line to 'None'
[1.211s] Level 5:colcon.colcon_core.verb:set package 'r-gator-launch-2' build argument 'cmake_target' from command line to 'None'
[1.211s] Level 5:colcon.colcon_core.verb:set package 'r-gator-launch-2' build argument 'cmake_target_skip_unavailable' from command line to 'False'
[1.211s] Level 5:colcon.colcon_core.verb:set package 'r-gator-launch-2' build argument 'cmake_clean_cache' from command line to 'False'
[1.211s] Level 5:colcon.colcon_core.verb:set package 'r-gator-launch-2' build argument 'cmake_clean_first' from command line to 'False'
[1.211s] Level 5:colcon.colcon_core.verb:set package 'r-gator-launch-2' build argument 'cmake_force_configure' from command line to 'False'
[1.211s] Level 5:colcon.colcon_core.verb:set package 'r-gator-launch-2' build argument 'ament_cmake_args' from command line to 'None'
[1.211s] Level 5:colcon.colcon_core.verb:set package 'r-gator-launch-2' build argument 'catkin_cmake_args' from command line to 'None'
[1.211s] Level 5:colcon.colcon_core.verb:set package 'r-gator-launch-2' build argument 'catkin_skip_building_tests' from command line to 'False'
[1.211s] DEBUG:colcon.colcon_core.verb:Building package 'r-gator-launch-2' with the following arguments: {'ament_cmake_args': None, 'build_base': '/home/samee/ros2ws/build/r-gator-launch-2', 'catkin_cmake_args': None, 'catkin_skip_building_tests': False, 'cmake_args': None, 'cmake_clean_cache': False, 'cmake_clean_first': False, 'cmake_force_configure': False, 'cmake_target': None, 'cmake_target_skip_unavailable': False, 'install_base': '/home/samee/ros2ws/install/r-gator-launch-2', 'merge_install': False, 'path': '/home/samee/ros2ws/src/r-gator-simulator-2/r-gator-launch-2', 'symlink_install': False, 'test_result_base': None}
[1.225s] Level 5:colcon.colcon_core.verb:set package 'r-gator-model-2' build argument 'cmake_args' from command line to 'None'
[1.225s] Level 5:colcon.colcon_core.verb:set package 'r-gator-model-2' build argument 'cmake_target' from command line to 'None'
[1.225s] Level 5:colcon.colcon_core.verb:set package 'r-gator-model-2' build argument 'cmake_target_skip_unavailable' from command line to 'False'
[1.225s] Level 5:colcon.colcon_core.verb:set package 'r-gator-model-2' build argument 'cmake_clean_cache' from command line to 'False'
[1.225s] Level 5:colcon.colcon_core.verb:set package 'r-gator-model-2' build argument 'cmake_clean_first' from command line to 'False'
[1.225s] Level 5:colcon.colcon_core.verb:set package 'r-gator-model-2' build argument 'cmake_force_configure' from command line to 'False'
[1.225s] Level 5:colcon.colcon_core.verb:set package 'r-gator-model-2' build argument 'ament_cmake_args' from command line to 'None'
[1.225s] Level 5:colcon.colcon_core.verb:set package 'r-gator-model-2' build argument 'catkin_cmake_args' from command line to 'None'
[1.225s] Level 5:colcon.colcon_core.verb:set package 'r-gator-model-2' build argument 'catkin_skip_building_tests' from command line to 'False'
[1.225s] DEBUG:colcon.colcon_core.verb:Building package 'r-gator-model-2' with the following arguments: {'ament_cmake_args': None, 'build_base': '/home/samee/ros2ws/build/r-gator-model-2', 'catkin_cmake_args': None, 'catkin_skip_building_tests': False, 'cmake_args': None, 'cmake_clean_cache': False, 'cmake_clean_first': False, 'cmake_force_configure': False, 'cmake_target': None, 'cmake_target_skip_unavailable': False, 'install_base': '/home/samee/ros2ws/install/r-gator-model-2', 'merge_install': False, 'path': '/home/samee/ros2ws/src/r-gator-simulator-2/r-gator-model-2', 'symlink_install': False, 'test_result_base': None}
[1.239s] Level 5:colcon.colcon_core.verb:set package 'r-gator-teleop-2' build argument 'cmake_args' from command line to 'None'
[1.239s] Level 5:colcon.colcon_core.verb:set package 'r-gator-teleop-2' build argument 'cmake_target' from command line to 'None'
[1.239s] Level 5:colcon.colcon_core.verb:set package 'r-gator-teleop-2' build argument 'cmake_target_skip_unavailable' from command line to 'False'
[1.239s] Level 5:colcon.colcon_core.verb:set package 'r-gator-teleop-2' build argument 'cmake_clean_cache' from command line to 'False'
[1.239s] Level 5:colcon.colcon_core.verb:set package 'r-gator-teleop-2' build argument 'cmake_clean_first' from command line to 'False'
[1.239s] Level 5:colcon.colcon_core.verb:set package 'r-gator-teleop-2' build argument 'cmake_force_configure' from command line to 'False'
[1.239s] Level 5:colcon.colcon_core.verb:set package 'r-gator-teleop-2' build argument 'ament_cmake_args' from command line to 'None'
[1.239s] Level 5:colcon.colcon_core.verb:set package 'r-gator-teleop-2' build argument 'catkin_cmake_args' from command line to 'None'
[1.239s] Level 5:colcon.colcon_core.verb:set package 'r-gator-teleop-2' build argument 'catkin_skip_building_tests' from command line to 'False'
[1.239s] DEBUG:colcon.colcon_core.verb:Building package 'r-gator-teleop-2' with the following arguments: {'ament_cmake_args': None, 'build_base': '/home/samee/ros2ws/build/r-gator-teleop-2', 'catkin_cmake_args': None, 'catkin_skip_building_tests': False, 'cmake_args': None, 'cmake_clean_cache': False, 'cmake_clean_first': False, 'cmake_force_configure': False, 'cmake_target': None, 'cmake_target_skip_unavailable': False, 'install_base': '/home/samee/ros2ws/install/r-gator-teleop-2', 'merge_install': False, 'path': '/home/samee/ros2ws/src/r-gator-teleop-2', 'symlink_install': False, 'test_result_base': None}
[1.253s] INFO:colcon.colcon_core.executor:Executing jobs using 'parallel' executor
[1.267s] DEBUG:colcon.colcon_parallel_executor.executor.parallel:run_until_complete
[1.267s] INFO:colcon.colcon_ros.task.catkin.build:Building ROS package in '/home/samee/ros2ws/src/r-gator-simulator-2/r-gator-description-2' with build type 'catkin'
[1.267s] INFO:colcon.colcon_cmake.task.cmake.build:Building CMake package in '/home/samee/ros2ws/src/r-gator-simulator-2/r-gator-description-2'
[1.283s] INFO:colcon.colcon_core.plugin_system:Skipping extension 'colcon_core.shell.bat': Not used on non-Windows systems
[1.284s] INFO:colcon.colcon_core.shell:Skip shell extension 'powershell' for command environment: Not usable outside of PowerShell
[1.284s] DEBUG:colcon.colcon_core.shell:Skip shell extension 'dsv' for command environment
[1.329s] INFO:colcon.colcon_ros.task.ament_cmake.build:Building ROS package in '/home/samee/ros2ws/src/r-gator-simulator-2/r-gator-gazebo-2' with build type 'ament_cmake'
[1.329s] INFO:colcon.colcon_cmake.task.cmake.build:Building CMake package in '/home/samee/ros2ws/src/r-gator-simulator-2/r-gator-gazebo-2'
[1.345s] INFO:colcon.colcon_core.shell:Skip shell extension 'powershell' for command environment: Not usable outside of PowerShell
[1.345s] DEBUG:colcon.colcon_core.shell:Skip shell extension 'dsv' for command environment
[1.394s] INFO:colcon.colcon_ros.task.catkin.build:Building ROS package in '/home/samee/ros2ws/src/r-gator-simulator-2/r-gator-gazebo-tool-2' with build type 'catkin'
[1.394s] INFO:colcon.colcon_cmake.task.cmake.build:Building CMake package in '/home/samee/ros2ws/src/r-gator-simulator-2/r-gator-gazebo-tool-2'
[1.409s] INFO:colcon.colcon_core.shell:Skip shell extension 'powershell' for command environment: Not usable outside of PowerShell
[1.409s] DEBUG:colcon.colcon_core.shell:Skip shell extension 'dsv' for command environment
[1.455s] INFO:colcon.colcon_ros.task.ament_cmake.build:Building ROS package in '/home/samee/ros2ws/src/r-gator-simulator-2/r-gator-launch-2' with build type 'ament_cmake'
[1.455s] INFO:colcon.colcon_cmake.task.cmake.build:Building CMake package in '/home/samee/ros2ws/src/r-gator-simulator-2/r-gator-launch-2'
[1.472s] INFO:colcon.colcon_core.shell:Skip shell extension 'powershell' for command environment: Not usable outside of PowerShell
[1.472s] DEBUG:colcon.colcon_core.shell:Skip shell extension 'dsv' for command environment
[1.521s] INFO:colcon.colcon_ros.task.ament_cmake.build:Building ROS package in '/home/samee/ros2ws/src/r-gator-simulator-2/r-gator-model-2' with build type 'ament_cmake'
[1.522s] INFO:colcon.colcon_cmake.task.cmake.build:Building CMake package in '/home/samee/ros2ws/src/r-gator-simulator-2/r-gator-model-2'
[1.537s] INFO:colcon.colcon_core.shell:Skip shell extension 'powershell' for command environment: Not usable outside of PowerShell
[1.537s] DEBUG:colcon.colcon_core.shell:Skip shell extension 'dsv' for command environment
[1.584s] INFO:colcon.colcon_ros.task.catkin.build:Building ROS package in '/home/samee/ros2ws/src/r-gator-teleop-2' with build type 'catkin'
[1.584s] INFO:colcon.colcon_cmake.task.cmake.build:Building CMake package in '/home/samee/ros2ws/src/r-gator-teleop-2'
[1.600s] INFO:colcon.colcon_core.shell:Skip shell extension 'powershell' for command environment: Not usable outside of PowerShell
[1.600s] DEBUG:colcon.colcon_core.shell:Skip shell extension 'dsv' for command environment
[1.651s] DEBUG:colcon.colcon_core.event_handler.log_command:Invoking command in '/home/samee/ros2ws/build/r-gator-description-2': /usr/local/bin/cmake --build /home/samee/ros2ws/build/r-gator-description-2 -- -j12 -l12
[1.654s] DEBUG:colcon.colcon_core.event_handler.log_command:Invoking command in '/home/samee/ros2ws/build/r-gator-gazebo-2': CMAKE_PREFIX_PATH=/opt/ros/humble:${CMAKE_PREFIX_PATH} /usr/local/bin/cmake --build /home/samee/ros2ws/build/r-gator-gazebo-2 -- -j12 -l12
[1.656s] DEBUG:colcon.colcon_core.event_handler.log_command:Invoking command in '/home/samee/ros2ws/build/r-gator-gazebo-tool-2': /usr/local/bin/cmake --build /home/samee/ros2ws/build/r-gator-gazebo-tool-2 -- -j12 -l12
[1.658s] DEBUG:colcon.colcon_core.event_handler.log_command:Invoking command in '/home/samee/ros2ws/build/r-gator-launch-2': CMAKE_PREFIX_PATH=/opt/ros/humble:${CMAKE_PREFIX_PATH} /usr/local/bin/cmake --build /home/samee/ros2ws/build/r-gator-launch-2 -- -j12 -l12
[1.661s] DEBUG:colcon.colcon_core.event_handler.log_command:Invoking command in '/home/samee/ros2ws/build/r-gator-model-2': CMAKE_PREFIX_PATH=/opt/ros/humble:${CMAKE_PREFIX_PATH} /usr/local/bin/cmake --build /home/samee/ros2ws/build/r-gator-model-2 -- -j12 -l12
[1.664s] DEBUG:colcon.colcon_core.event_handler.log_command:Invoking command in '/home/samee/ros2ws/build/r-gator-teleop-2': /usr/local/bin/cmake --build /home/samee/ros2ws/build/r-gator-teleop-2 -- -j12 -l12
[1.665s] DEBUG:colcon.colcon_core.event_handler.log_command:Invoked command in '/home/samee/ros2ws/build/r-gator-description-2' returned '0': /usr/local/bin/cmake --build /home/samee/ros2ws/build/r-gator-description-2 -- -j12 -l12
[1.666s] DEBUG:colcon.colcon_core.event_handler.log_command:Invoked command in '/home/samee/ros2ws/build/r-gator-gazebo-2' returned '0': CMAKE_PREFIX_PATH=/opt/ros/humble:${CMAKE_PREFIX_PATH} /usr/local/bin/cmake --build /home/samee/ros2ws/build/r-gator-gazebo-2 -- -j12 -l12
[1.667s] DEBUG:colcon.colcon_core.event_handler.log_command:Invoked command in '/home/samee/ros2ws/build/r-gator-launch-2' returned '0': CMAKE_PREFIX_PATH=/opt/ros/humble:${CMAKE_PREFIX_PATH} /usr/local/bin/cmake --build /home/samee/ros2ws/build/r-gator-launch-2 -- -j12 -l12
[1.669s] DEBUG:colcon.colcon_core.event_handler.log_command:Invoked command in '/home/samee/ros2ws/build/r-gator-model-2' returned '0': CMAKE_PREFIX_PATH=/opt/ros/humble:${CMAKE_PREFIX_PATH} /usr/local/bin/cmake --build /home/samee/ros2ws/build/r-gator-model-2 -- -j12 -l12
[1.672s] DEBUG:colcon.colcon_core.event_handler.log_command:Invoked command in '/home/samee/ros2ws/build/r-gator-teleop-2' returned '0': /usr/local/bin/cmake --build /home/samee/ros2ws/build/r-gator-teleop-2 -- -j12 -l12
[1.680s] DEBUG:colcon.colcon_core.event_handler.log_command:Invoking command in '/home/samee/ros2ws/build/r-gator-gazebo-2': CMAKE_PREFIX_PATH=/opt/ros/humble:${CMAKE_PREFIX_PATH} /usr/local/bin/cmake --install /home/samee/ros2ws/build/r-gator-gazebo-2
[1.684s] DEBUG:colcon.colcon_core.event_handler.log_command:Invoking command in '/home/samee/ros2ws/build/r-gator-launch-2': CMAKE_PREFIX_PATH=/opt/ros/humble:${CMAKE_PREFIX_PATH} /usr/local/bin/cmake --install /home/samee/ros2ws/build/r-gator-launch-2
[1.689s] DEBUG:colcon.colcon_core.event_handler.log_command:Invoking command in '/home/samee/ros2ws/build/r-gator-model-2': CMAKE_PREFIX_PATH=/opt/ros/humble:${CMAKE_PREFIX_PATH} /usr/local/bin/cmake --install /home/samee/ros2ws/build/r-gator-model-2
[1.690s] Level 1:colcon.colcon_core.environment:create_environment_scripts_only(r-gator-gazebo-2)
[1.696s] DEBUG:colcon.colcon_core.event_handler.log_command:Invoking command in '/home/samee/ros2ws/build/r-gator-description-2': /usr/local/bin/cmake --install /home/samee/ros2ws/build/r-gator-description-2
[1.699s] DEBUG:colcon.colcon_core.event_handler.log_command:Invoked command in '/home/samee/ros2ws/build/r-gator-gazebo-2' returned '0': CMAKE_PREFIX_PATH=/opt/ros/humble:${CMAKE_PREFIX_PATH} /usr/local/bin/cmake --install /home/samee/ros2ws/build/r-gator-gazebo-2
[1.714s] Level 1:colcon.colcon_core.environment:checking '/home/samee/ros2ws/install/r-gator-gazebo-2' for CMake module files
[1.714s] Level 1:colcon.colcon_core.environment:checking '/home/samee/ros2ws/install/r-gator-gazebo-2' for CMake config files
[1.714s] Level 1:colcon.colcon_core.shell:create_environment_hook('r-gator-gazebo-2', 'cmake_prefix_path')
[1.730s] INFO:colcon.colcon_core.shell:Creating environment hook '/home/samee/ros2ws/install/r-gator-gazebo-2/share/r-gator-gazebo-2/hook/cmake_prefix_path.ps1'
[1.730s] INFO:colcon.colcon_core.shell:Creating environment descriptor '/home/samee/ros2ws/install/r-gator-gazebo-2/share/r-gator-gazebo-2/hook/cmake_prefix_path.dsv'
[1.731s] INFO:colcon.colcon_core.shell:Creating environment hook '/home/samee/ros2ws/install/r-gator-gazebo-2/share/r-gator-gazebo-2/hook/cmake_prefix_path.sh'
[1.731s] Level 1:colcon.colcon_core.environment:checking '/home/samee/ros2ws/install/r-gator-gazebo-2/bin'
[1.731s] Level 1:colcon.colcon_core.environment:checking '/home/samee/ros2ws/install/r-gator-gazebo-2/lib/pkgconfig/r-gator-gazebo-2.pc'
[1.731s] Level 1:colcon.colcon_core.environment:checking '/home/samee/ros2ws/install/r-gator-gazebo-2/lib/python3.10/site-packages'
[1.732s] Level 1:colcon.colcon_core.environment:checking '/home/samee/ros2ws/install/r-gator-gazebo-2/bin'
[1.746s] INFO:colcon.colcon_core.shell:Creating package script '/home/samee/ros2ws/install/r-gator-gazebo-2/share/r-gator-gazebo-2/package.ps1'
[1.747s] INFO:colcon.colcon_core.shell:Creating package descriptor '/home/samee/ros2ws/install/r-gator-gazebo-2/share/r-gator-gazebo-2/package.dsv'
[1.747s] INFO:colcon.colcon_core.shell:Creating package script '/home/samee/ros2ws/install/r-gator-gazebo-2/share/r-gator-gazebo-2/package.sh'
[1.748s] INFO:colcon.colcon_core.shell:Creating package script '/home/samee/ros2ws/install/r-gator-gazebo-2/share/r-gator-gazebo-2/package.bash'
[1.748s] INFO:colcon.colcon_core.shell:Creating package script '/home/samee/ros2ws/install/r-gator-gazebo-2/share/r-gator-gazebo-2/package.zsh'
[1.749s] Level 1:colcon.colcon_core.environment:create_file_with_runtime_dependencies(/home/samee/ros2ws/install/r-gator-gazebo-2/share/colcon-core/packages/r-gator-gazebo-2)
[1.750s] Level 1:colcon.colcon_core.environment:create_environment_scripts_only(r-gator-launch-2)
[1.751s] DEBUG:colcon.colcon_core.event_handler.log_command:Invoked command in '/home/samee/ros2ws/build/r-gator-launch-2' returned '0': CMAKE_PREFIX_PATH=/opt/ros/humble:${CMAKE_PREFIX_PATH} /usr/local/bin/cmake --install /home/samee/ros2ws/build/r-gator-launch-2
[1.766s] Level 1:colcon.colcon_core.environment:checking '/home/samee/ros2ws/install/r-gator-launch-2' for CMake module files
[1.767s] Level 1:colcon.colcon_core.environment:checking '/home/samee/ros2ws/install/r-gator-launch-2' for CMake config files
[1.767s] Level 1:colcon.colcon_core.shell:create_environment_hook('r-gator-launch-2', 'cmake_prefix_path')
[1.784s] INFO:colcon.colcon_core.shell:Creating environment hook '/home/samee/ros2ws/install/r-gator-launch-2/share/r-gator-launch-2/hook/cmake_prefix_path.ps1'
[1.785s] INFO:colcon.colcon_core.shell:Creating environment descriptor '/home/samee/ros2ws/install/r-gator-launch-2/share/r-gator-launch-2/hook/cmake_prefix_path.dsv'
[1.785s] INFO:colcon.colcon_core.shell:Creating environment hook '/home/samee/ros2ws/install/r-gator-launch-2/share/r-gator-launch-2/hook/cmake_prefix_path.sh'
[1.786s] Level 1:colcon.colcon_core.environment:checking '/home/samee/ros2ws/install/r-gator-launch-2/bin'
[1.786s] Level 1:colcon.colcon_core.environment:checking '/home/samee/ros2ws/install/r-gator-launch-2/lib/pkgconfig/r-gator-launch-2.pc'
[1.786s] Level 1:colcon.colcon_core.environment:checking '/home/samee/ros2ws/install/r-gator-launch-2/lib/python3.10/site-packages'
[1.787s] Level 1:colcon.colcon_core.environment:checking '/home/samee/ros2ws/install/r-gator-launch-2/bin'
[1.803s] INFO:colcon.colcon_core.shell:Creating package script '/home/samee/ros2ws/install/r-gator-launch-2/share/r-gator-launch-2/package.ps1'
[1.803s] INFO:colcon.colcon_core.shell:Creating package descriptor '/home/samee/ros2ws/install/r-gator-launch-2/share/r-gator-launch-2/package.dsv'
[1.803s] INFO:colcon.colcon_core.shell:Creating package script '/home/samee/ros2ws/install/r-gator-launch-2/share/r-gator-launch-2/package.sh'
[1.804s] INFO:colcon.colcon_core.shell:Creating package script '/home/samee/ros2ws/install/r-gator-launch-2/share/r-gator-launch-2/package.bash'
[1.804s] INFO:colcon.colcon_core.shell:Creating package script '/home/samee/ros2ws/install/r-gator-launch-2/share/r-gator-launch-2/package.zsh'
[1.804s] Level 1:colcon.colcon_core.environment:create_file_with_runtime_dependencies(/home/samee/ros2ws/install/r-gator-launch-2/share/colcon-core/packages/r-gator-launch-2)
[1.806s] DEBUG:colcon.colcon_core.event_handler.log_command:Invoked command in '/home/samee/ros2ws/build/r-gator-description-2' returned '0': /usr/local/bin/cmake --install /home/samee/ros2ws/build/r-gator-description-2
[1.807s] Level 1:colcon.colcon_core.environment:create_environment_scripts_only(r-gator-model-2)
[1.807s] DEBUG:colcon.colcon_core.event_handler.log_command:Invoked command in '/home/samee/ros2ws/build/r-gator-model-2' returned '0': CMAKE_PREFIX_PATH=/opt/ros/humble:${CMAKE_PREFIX_PATH} /usr/local/bin/cmake --install /home/samee/ros2ws/build/r-gator-model-2
[1.824s] Level 1:colcon.colcon_core.environment:checking '/home/samee/ros2ws/install/r-gator-model-2' for CMake module files
[1.824s] Level 1:colcon.colcon_core.environment:checking '/home/samee/ros2ws/install/r-gator-model-2' for CMake config files
[1.824s] Level 1:colcon.colcon_core.shell:create_environment_hook('r-gator-model-2', 'cmake_prefix_path')
[1.839s] INFO:colcon.colcon_core.shell:Creating environment hook '/home/samee/ros2ws/install/r-gator-model-2/share/r-gator-model-2/hook/cmake_prefix_path.ps1'
[1.840s] INFO:colcon.colcon_core.shell:Creating environment descriptor '/home/samee/ros2ws/install/r-gator-model-2/share/r-gator-model-2/hook/cmake_prefix_path.dsv'
[1.840s] INFO:colcon.colcon_core.shell:Creating environment hook '/home/samee/ros2ws/install/r-gator-model-2/share/r-gator-model-2/hook/cmake_prefix_path.sh'
[1.841s] Level 1:colcon.colcon_core.environment:checking '/home/samee/ros2ws/install/r-gator-model-2/bin'
[1.841s] Level 1:colcon.colcon_core.environment:checking '/home/samee/ros2ws/install/r-gator-model-2/lib/pkgconfig/r-gator-model-2.pc'
[1.841s] Level 1:colcon.colcon_core.environment:checking '/home/samee/ros2ws/install/r-gator-model-2/lib/python3.10/site-packages'
[1.841s] Level 1:colcon.colcon_core.environment:checking '/home/samee/ros2ws/install/r-gator-model-2/bin'
[1.856s] INFO:colcon.colcon_core.shell:Creating package script '/home/samee/ros2ws/install/r-gator-model-2/share/r-gator-model-2/package.ps1'
[1.857s] INFO:colcon.colcon_core.shell:Creating package descriptor '/home/samee/ros2ws/install/r-gator-model-2/share/r-gator-model-2/package.dsv'
[1.857s] INFO:colcon.colcon_core.shell:Creating package script '/home/samee/ros2ws/install/r-gator-model-2/share/r-gator-model-2/package.sh'
[1.857s] INFO:colcon.colcon_core.shell:Creating package script '/home/samee/ros2ws/install/r-gator-model-2/share/r-gator-model-2/package.bash'
[1.857s] INFO:colcon.colcon_core.shell:Creating package script '/home/samee/ros2ws/install/r-gator-model-2/share/r-gator-model-2/package.zsh'
[1.858s] Level 1:colcon.colcon_core.environment:create_file_with_runtime_dependencies(/home/samee/ros2ws/install/r-gator-model-2/share/colcon-core/packages/r-gator-model-2)
[1.860s] DEBUG:colcon.colcon_core.event_handler.log_command:Invoking command in '/home/samee/ros2ws/build/r-gator-teleop-2': /usr/local/bin/cmake --install /home/samee/ros2ws/build/r-gator-teleop-2
[1.881s] Level 1:colcon.colcon_core.environment:create_environment_scripts_only(r-gator-gazebo-2)
[1.899s] Level 1:colcon.colcon_core.environment:checking '/home/samee/ros2ws/install/r-gator-gazebo-2' for CMake module files
[1.899s] Level 1:colcon.colcon_core.environment:checking '/home/samee/ros2ws/install/r-gator-gazebo-2' for CMake config files
[1.899s] Level 1:colcon.colcon_core.shell:create_environment_hook('r-gator-gazebo-2', 'cmake_prefix_path')
[1.917s] INFO:colcon.colcon_core.shell:Creating environment hook '/home/samee/ros2ws/install/r-gator-gazebo-2/share/r-gator-gazebo-2/hook/cmake_prefix_path.ps1'
[1.917s] INFO:colcon.colcon_core.shell:Creating environment descriptor '/home/samee/ros2ws/install/r-gator-gazebo-2/share/r-gator-gazebo-2/hook/cmake_prefix_path.dsv'
[1.918s] INFO:colcon.colcon_core.shell:Creating environment hook '/home/samee/ros2ws/install/r-gator-gazebo-2/share/r-gator-gazebo-2/hook/cmake_prefix_path.sh'
[1.918s] Level 1:colcon.colcon_core.environment:checking '/home/samee/ros2ws/install/r-gator-gazebo-2/bin'
[1.918s] Level 1:colcon.colcon_core.environment:checking '/home/samee/ros2ws/install/r-gator-gazebo-2/lib/pkgconfig/r-gator-gazebo-2.pc'
[1.918s] Level 1:colcon.colcon_core.environment:checking '/home/samee/ros2ws/install/r-gator-gazebo-2/lib/python3.10/site-packages'
[1.919s] Level 1:colcon.colcon_core.environment:checking '/home/samee/ros2ws/install/r-gator-gazebo-2/bin'
[1.935s] INFO:colcon.colcon_core.shell:Creating package script '/home/samee/ros2ws/install/r-gator-gazebo-2/share/r-gator-gazebo-2/package.ps1'
[1.935s] INFO:colcon.colcon_core.shell:Creating package descriptor '/home/samee/ros2ws/install/r-gator-gazebo-2/share/r-gator-gazebo-2/package.dsv'
[1.936s] INFO:colcon.colcon_core.shell:Creating package script '/home/samee/ros2ws/install/r-gator-gazebo-2/share/r-gator-gazebo-2/package.sh'
[1.936s] INFO:colcon.colcon_core.shell:Creating package script '/home/samee/ros2ws/install/r-gator-gazebo-2/share/r-gator-gazebo-2/package.bash'
[1.936s] INFO:colcon.colcon_core.shell:Creating package script '/home/samee/ros2ws/install/r-gator-gazebo-2/share/r-gator-gazebo-2/package.zsh'
[1.937s] Level 1:colcon.colcon_core.environment:create_file_with_runtime_dependencies(/home/samee/ros2ws/install/r-gator-gazebo-2/share/colcon-core/packages/r-gator-gazebo-2)
[1.958s] Level 1:colcon.colcon_core.environment:create_environment_scripts_only(r-gator-launch-2)
[1.976s] Level 1:colcon.colcon_core.environment:checking '/home/samee/ros2ws/install/r-gator-launch-2' for CMake module files
[1.976s] Level 1:colcon.colcon_core.environment:checking '/home/samee/ros2ws/install/r-gator-launch-2' for CMake config files
[1.977s] Level 1:colcon.colcon_core.shell:create_environment_hook('r-gator-launch-2', 'cmake_prefix_path')
[1.995s] INFO:colcon.colcon_core.shell:Creating environment hook '/home/samee/ros2ws/install/r-gator-launch-2/share/r-gator-launch-2/hook/cmake_prefix_path.ps1'
[1.995s] INFO:colcon.colcon_core.shell:Creating environment descriptor '/home/samee/ros2ws/install/r-gator-launch-2/share/r-gator-launch-2/hook/cmake_prefix_path.dsv'
[1.995s] INFO:colcon.colcon_core.shell:Creating environment hook '/home/samee/ros2ws/install/r-gator-launch-2/share/r-gator-launch-2/hook/cmake_prefix_path.sh'
[1.996s] Level 1:colcon.colcon_core.environment:checking '/home/samee/ros2ws/install/r-gator-launch-2/bin'
[1.996s] Level 1:colcon.colcon_core.environment:checking '/home/samee/ros2ws/install/r-gator-launch-2/lib/pkgconfig/r-gator-launch-2.pc'
[1.996s] Level 1:colcon.colcon_core.environment:checking '/home/samee/ros2ws/install/r-gator-launch-2/lib/python3.10/site-packages'
[1.996s] Level 1:colcon.colcon_core.environment:checking '/home/samee/ros2ws/install/r-gator-launch-2/bin'
[2.013s] INFO:colcon.colcon_core.shell:Creating package script '/home/samee/ros2ws/install/r-gator-launch-2/share/r-gator-launch-2/package.ps1'
[2.014s] INFO:colcon.colcon_core.shell:Creating package descriptor '/home/samee/ros2ws/install/r-gator-launch-2/share/r-gator-launch-2/package.dsv'
[2.014s] INFO:colcon.colcon_core.shell:Creating package script '/home/samee/ros2ws/install/r-gator-launch-2/share/r-gator-launch-2/package.sh'
[2.014s] INFO:colcon.colcon_core.shell:Creating package script '/home/samee/ros2ws/install/r-gator-launch-2/share/r-gator-launch-2/package.bash'
[2.015s] INFO:colcon.colcon_core.shell:Creating package script '/home/samee/ros2ws/install/r-gator-launch-2/share/r-gator-launch-2/package.zsh'
[2.015s] Level 1:colcon.colcon_core.environment:create_file_with_runtime_dependencies(/home/samee/ros2ws/install/r-gator-launch-2/share/colcon-core/packages/r-gator-launch-2)
[2.016s] Level 1:colcon.colcon_core.shell:create_environment_hook('r-gator-description-2', 'ros_package_path')
[2.036s] INFO:colcon.colcon_core.shell:Creating environment hook '/home/samee/ros2ws/install/r-gator-description-2/share/r-gator-description-2/hook/ros_package_path.ps1'
[2.037s] INFO:colcon.colcon_core.shell:Creating environment descriptor '/home/samee/ros2ws/install/r-gator-description-2/share/r-gator-description-2/hook/ros_package_path.dsv'
[2.037s] INFO:colcon.colcon_core.shell:Creating environment hook '/home/samee/ros2ws/install/r-gator-description-2/share/r-gator-description-2/hook/ros_package_path.sh'
[2.037s] Level 1:colcon.colcon_core.shell:create_environment_hook('r-gator-description-2', 'pkg_config_path')
[2.054s] INFO:colcon.colcon_core.shell:Creating environment hook '/home/samee/ros2ws/install/r-gator-description-2/share/r-gator-description-2/hook/pkg_config_path.ps1'
[2.055s] INFO:colcon.colcon_core.shell:Creating environment descriptor '/home/samee/ros2ws/install/r-gator-description-2/share/r-gator-description-2/hook/pkg_config_path.dsv'
[2.055s] INFO:colcon.colcon_core.shell:Creating environment hook '/home/samee/ros2ws/install/r-gator-description-2/share/r-gator-description-2/hook/pkg_config_path.sh'
[2.057s] Level 1:colcon.colcon_core.shell:create_environment_hook('r-gator-description-2', 'pkg_config_path_multiarch')
[2.073s] INFO:colcon.colcon_core.shell:Creating environment hook '/home/samee/ros2ws/install/r-gator-description-2/share/r-gator-description-2/hook/pkg_config_path_multiarch.ps1'
[2.074s] INFO:colcon.colcon_core.shell:Creating environment descriptor '/home/samee/ros2ws/install/r-gator-description-2/share/r-gator-description-2/hook/pkg_config_path_multiarch.dsv'
[2.074s] INFO:colcon.colcon_core.shell:Creating environment hook '/home/samee/ros2ws/install/r-gator-description-2/share/r-gator-description-2/hook/pkg_config_path_multiarch.sh'
[2.093s] Level 1:colcon.colcon_core.environment:create_environment_scripts_only(r-gator-description-2)
[2.110s] Level 1:colcon.colcon_core.environment:checking '/home/samee/ros2ws/install/r-gator-description-2' for CMake module files
[2.111s] Level 1:colcon.colcon_core.environment:checking '/home/samee/ros2ws/install/r-gator-description-2' for CMake config files
[2.111s] Level 1:colcon.colcon_core.shell:create_environment_hook('r-gator-description-2', 'cmake_prefix_path')
[2.127s] INFO:colcon.colcon_core.shell:Creating environment hook '/home/samee/ros2ws/install/r-gator-description-2/share/r-gator-description-2/hook/cmake_prefix_path.ps1'
[2.128s] INFO:colcon.colcon_core.shell:Creating environment descriptor '/home/samee/ros2ws/install/r-gator-description-2/share/r-gator-description-2/hook/cmake_prefix_path.dsv'
[2.128s] INFO:colcon.colcon_core.shell:Creating environment hook '/home/samee/ros2ws/install/r-gator-description-2/share/r-gator-description-2/hook/cmake_prefix_path.sh'
[2.128s] Level 1:colcon.colcon_core.environment:checking '/home/samee/ros2ws/install/r-gator-description-2/bin'
[2.129s] Level 1:colcon.colcon_core.environment:checking '/home/samee/ros2ws/install/r-gator-description-2/lib/pkgconfig/r-gator-description-2.pc'
[2.129s] Level 1:colcon.colcon_core.environment:checking '/home/samee/ros2ws/install/r-gator-description-2/lib/python3.10/site-packages'
[2.129s] Level 1:colcon.colcon_core.environment:checking '/home/samee/ros2ws/install/r-gator-description-2/bin'
[2.146s] INFO:colcon.colcon_core.shell:Creating package script '/home/samee/ros2ws/install/r-gator-description-2/share/r-gator-description-2/package.ps1'
[2.146s] INFO:colcon.colcon_core.shell:Creating package descriptor '/home/samee/ros2ws/install/r-gator-description-2/share/r-gator-description-2/package.dsv'
[2.146s] INFO:colcon.colcon_core.shell:Creating package script '/home/samee/ros2ws/install/r-gator-description-2/share/r-gator-description-2/package.sh'
[2.147s] INFO:colcon.colcon_core.shell:Creating package script '/home/samee/ros2ws/install/r-gator-description-2/share/r-gator-description-2/package.bash'
[2.147s] INFO:colcon.colcon_core.shell:Creating package script '/home/samee/ros2ws/install/r-gator-description-2/share/r-gator-description-2/package.zsh'
[2.147s] Level 1:colcon.colcon_core.environment:create_file_with_runtime_dependencies(/home/samee/ros2ws/install/r-gator-description-2/share/colcon-core/packages/r-gator-description-2)
[2.149s] DEBUG:colcon.colcon_core.event_handler.log_command:Invoked command in '/home/samee/ros2ws/build/r-gator-teleop-2' returned '0': /usr/local/bin/cmake --install /home/samee/ros2ws/build/r-gator-teleop-2
[2.169s] Level 1:colcon.colcon_core.environment:create_environment_scripts_only(r-gator-model-2)
[2.188s] Level 1:colcon.colcon_core.environment:checking '/home/samee/ros2ws/install/r-gator-model-2' for CMake module files
[2.188s] Level 1:colcon.colcon_core.environment:checking '/home/samee/ros2ws/install/r-gator-model-2' for CMake config files
[2.189s] Level 1:colcon.colcon_core.shell:create_environment_hook('r-gator-model-2', 'cmake_prefix_path')
[2.206s] INFO:colcon.colcon_core.shell:Creating environment hook '/home/samee/ros2ws/install/r-gator-model-2/share/r-gator-model-2/hook/cmake_prefix_path.ps1'
[2.207s] INFO:colcon.colcon_core.shell:Creating environment descriptor '/home/samee/ros2ws/install/r-gator-model-2/share/r-gator-model-2/hook/cmake_prefix_path.dsv'
[2.207s] INFO:colcon.colcon_core.shell:Creating environment hook '/home/samee/ros2ws/install/r-gator-model-2/share/r-gator-model-2/hook/cmake_prefix_path.sh'
[2.207s] Level 1:colcon.colcon_core.environment:checking '/home/samee/ros2ws/install/r-gator-model-2/bin'
[2.207s] Level 1:colcon.colcon_core.environment:checking '/home/samee/ros2ws/install/r-gator-model-2/lib/pkgconfig/r-gator-model-2.pc'
[2.208s] Level 1:colcon.colcon_core.environment:checking '/home/samee/ros2ws/install/r-gator-model-2/lib/python3.10/site-packages'
[2.208s] Level 1:colcon.colcon_core.environment:checking '/home/samee/ros2ws/install/r-gator-model-2/bin'
[2.226s] INFO:colcon.colcon_core.shell:Creating package script '/home/samee/ros2ws/install/r-gator-model-2/share/r-gator-model-2/package.ps1'
[2.227s] INFO:colcon.colcon_core.shell:Creating package descriptor '/home/samee/ros2ws/install/r-gator-model-2/share/r-gator-model-2/package.dsv'
[2.227s] INFO:colcon.colcon_core.shell:Creating package script '/home/samee/ros2ws/install/r-gator-model-2/share/r-gator-model-2/package.sh'
[2.227s] INFO:colcon.colcon_core.shell:Creating package script '/home/samee/ros2ws/install/r-gator-model-2/share/r-gator-model-2/package.bash'
[2.227s] INFO:colcon.colcon_core.shell:Creating package script '/home/samee/ros2ws/install/r-gator-model-2/share/r-gator-model-2/package.zsh'
[2.228s] Level 1:colcon.colcon_core.environment:create_file_with_runtime_dependencies(/home/samee/ros2ws/install/r-gator-model-2/share/colcon-core/packages/r-gator-model-2)
[2.229s] Level 1:colcon.colcon_core.shell:create_environment_hook('r-gator-teleop-2', 'ros_package_path')
[2.249s] INFO:colcon.colcon_core.shell:Creating environment hook '/home/samee/ros2ws/install/r-gator-teleop-2/share/r-gator-teleop-2/hook/ros_package_path.ps1'
[2.249s] INFO:colcon.colcon_core.shell:Creating environment descriptor '/home/samee/ros2ws/install/r-gator-teleop-2/share/r-gator-teleop-2/hook/ros_package_path.dsv'
[2.249s] INFO:colcon.colcon_core.shell:Creating environment hook '/home/samee/ros2ws/install/r-gator-teleop-2/share/r-gator-teleop-2/hook/ros_package_path.sh'
[2.250s] Level 1:colcon.colcon_core.shell:create_environment_hook('r-gator-teleop-2', 'pkg_config_path')
[2.267s] INFO:colcon.colcon_core.shell:Creating environment hook '/home/samee/ros2ws/install/r-gator-teleop-2/share/r-gator-teleop-2/hook/pkg_config_path.ps1'
[2.267s] INFO:colcon.colcon_core.shell:Creating environment descriptor '/home/samee/ros2ws/install/r-gator-teleop-2/share/r-gator-teleop-2/hook/pkg_config_path.dsv'
[2.267s] INFO:colcon.colcon_core.shell:Creating environment hook '/home/samee/ros2ws/install/r-gator-teleop-2/share/r-gator-teleop-2/hook/pkg_config_path.sh'
[2.268s] Level 1:colcon.colcon_core.shell:create_environment_hook('r-gator-teleop-2', 'pkg_config_path_multiarch')
[2.287s] INFO:colcon.colcon_core.shell:Creating environment hook '/home/samee/ros2ws/install/r-gator-teleop-2/share/r-gator-teleop-2/hook/pkg_config_path_multiarch.ps1'
[2.287s] INFO:colcon.colcon_core.shell:Creating environment descriptor '/home/samee/ros2ws/install/r-gator-teleop-2/share/r-gator-teleop-2/hook/pkg_config_path_multiarch.dsv'
[2.288s] INFO:colcon.colcon_core.shell:Creating environment hook '/home/samee/ros2ws/install/r-gator-teleop-2/share/r-gator-teleop-2/hook/pkg_config_path_multiarch.sh'
[2.305s] Level 1:colcon.colcon_core.environment:create_environment_scripts_only(r-gator-teleop-2)
[2.322s] Level 1:colcon.colcon_core.environment:checking '/home/samee/ros2ws/install/r-gator-teleop-2' for CMake module files
[2.322s] Level 1:colcon.colcon_core.environment:checking '/home/samee/ros2ws/install/r-gator-teleop-2' for CMake config files
[2.323s] Level 1:colcon.colcon_core.shell:create_environment_hook('r-gator-teleop-2', 'cmake_prefix_path')
[2.339s] INFO:colcon.colcon_core.shell:Creating environment hook '/home/samee/ros2ws/install/r-gator-teleop-2/share/r-gator-teleop-2/hook/cmake_prefix_path.ps1'
[2.339s] INFO:colcon.colcon_core.shell:Creating environment descriptor '/home/samee/ros2ws/install/r-gator-teleop-2/share/r-gator-teleop-2/hook/cmake_prefix_path.dsv'
[2.340s] INFO:colcon.colcon_core.shell:Creating environment hook '/home/samee/ros2ws/install/r-gator-teleop-2/share/r-gator-teleop-2/hook/cmake_prefix_path.sh'
[2.340s] Level 1:colcon.colcon_core.environment:checking '/home/samee/ros2ws/install/r-gator-teleop-2/bin'
[2.340s] Level 1:colcon.colcon_core.environment:checking '/home/samee/ros2ws/install/r-gator-teleop-2/lib/pkgconfig/r-gator-teleop-2.pc'
[2.340s] Level 1:colcon.colcon_core.environment:checking '/home/samee/ros2ws/install/r-gator-teleop-2/lib/python3.10/site-packages'
[2.341s] Level 1:colcon.colcon_core.environment:checking '/home/samee/ros2ws/install/r-gator-teleop-2/bin'
[2.365s] INFO:colcon.colcon_core.shell:Creating package script '/home/samee/ros2ws/install/r-gator-teleop-2/share/r-gator-teleop-2/package.ps1'
[2.365s] INFO:colcon.colcon_core.shell:Creating package descriptor '/home/samee/ros2ws/install/r-gator-teleop-2/share/r-gator-teleop-2/package.dsv'
[2.366s] INFO:colcon.colcon_core.shell:Creating package script '/home/samee/ros2ws/install/r-gator-teleop-2/share/r-gator-teleop-2/package.sh'
[2.366s] INFO:colcon.colcon_core.shell:Creating package script '/home/samee/ros2ws/install/r-gator-teleop-2/share/r-gator-teleop-2/package.bash'
[2.366s] INFO:colcon.colcon_core.shell:Creating package script '/home/samee/ros2ws/install/r-gator-teleop-2/share/r-gator-teleop-2/package.zsh'
[2.367s] Level 1:colcon.colcon_core.environment:create_file_with_runtime_dependencies(/home/samee/ros2ws/install/r-gator-teleop-2/share/colcon-core/packages/r-gator-teleop-2)
[11.076s] DEBUG:colcon.colcon_core.event_handler.log_command:Invoked command in '/home/samee/ros2ws/build/r-gator-gazebo-tool-2' returned '2': /usr/local/bin/cmake --build /home/samee/ros2ws/build/r-gator-gazebo-tool-2 -- -j12 -l12
[11.087s] Level 1:colcon.colcon_core.shell:create_environment_hook('r-gator-gazebo-tool-2', 'ros_package_path')
[11.103s] INFO:colcon.colcon_core.shell:Creating environment hook '/home/samee/ros2ws/install/r-gator-gazebo-tool-2/share/r-gator-gazebo-tool-2/hook/ros_package_path.ps1'
[11.104s] INFO:colcon.colcon_core.shell:Creating environment descriptor '/home/samee/ros2ws/install/r-gator-gazebo-tool-2/share/r-gator-gazebo-tool-2/hook/ros_package_path.dsv'
[11.104s] INFO:colcon.colcon_core.shell:Creating environment hook '/home/samee/ros2ws/install/r-gator-gazebo-tool-2/share/r-gator-gazebo-tool-2/hook/ros_package_path.sh'
[11.104s] Level 1:colcon.colcon_core.shell:create_environment_hook('r-gator-gazebo-tool-2', 'pkg_config_path')
[11.120s] INFO:colcon.colcon_core.shell:Creating environment hook '/home/samee/ros2ws/install/r-gator-gazebo-tool-2/share/r-gator-gazebo-tool-2/hook/pkg_config_path.ps1'
[11.120s] INFO:colcon.colcon_core.shell:Creating environment descriptor '/home/samee/ros2ws/install/r-gator-gazebo-tool-2/share/r-gator-gazebo-tool-2/hook/pkg_config_path.dsv'
[11.121s] INFO:colcon.colcon_core.shell:Creating environment hook '/home/samee/ros2ws/install/r-gator-gazebo-tool-2/share/r-gator-gazebo-tool-2/hook/pkg_config_path.sh'
[11.121s] Level 1:colcon.colcon_core.shell:create_environment_hook('r-gator-gazebo-tool-2', 'pkg_config_path_multiarch')
[11.135s] INFO:colcon.colcon_core.shell:Creating environment hook '/home/samee/ros2ws/install/r-gator-gazebo-tool-2/share/r-gator-gazebo-tool-2/hook/pkg_config_path_multiarch.ps1'
[11.135s] INFO:colcon.colcon_core.shell:Creating environment descriptor '/home/samee/ros2ws/install/r-gator-gazebo-tool-2/share/r-gator-gazebo-tool-2/hook/pkg_config_path_multiarch.dsv'
[11.136s] INFO:colcon.colcon_core.shell:Creating environment hook '/home/samee/ros2ws/install/r-gator-gazebo-tool-2/share/r-gator-gazebo-tool-2/hook/pkg_config_path_multiarch.sh'
[11.150s] Level 1:colcon.colcon_core.environment:create_environment_scripts_only(r-gator-gazebo-tool-2)
[11.165s] Level 1:colcon.colcon_core.environment:checking '/home/samee/ros2ws/install/r-gator-gazebo-tool-2' for CMake module files
[11.165s] Level 1:colcon.colcon_core.environment:checking '/home/samee/ros2ws/install/r-gator-gazebo-tool-2' for CMake config files
[11.165s] Level 1:colcon.colcon_core.environment:checking '/home/samee/ros2ws/install/r-gator-gazebo-tool-2/bin'
[11.165s] Level 1:colcon.colcon_core.environment:checking '/home/samee/ros2ws/install/r-gator-gazebo-tool-2/lib/pkgconfig/r-gator-gazebo-tool-2.pc'
[11.166s] Level 1:colcon.colcon_core.environment:checking '/home/samee/ros2ws/install/r-gator-gazebo-tool-2/lib/python3.10/site-packages'
[11.166s] Level 1:colcon.colcon_core.environment:checking '/home/samee/ros2ws/install/r-gator-gazebo-tool-2/bin'
[11.180s] INFO:colcon.colcon_core.shell:Creating package script '/home/samee/ros2ws/install/r-gator-gazebo-tool-2/share/r-gator-gazebo-tool-2/package.ps1'
[11.180s] INFO:colcon.colcon_core.shell:Creating package descriptor '/home/samee/ros2ws/install/r-gator-gazebo-tool-2/share/r-gator-gazebo-tool-2/package.dsv'
[11.181s] INFO:colcon.colcon_core.shell:Creating package script '/home/samee/ros2ws/install/r-gator-gazebo-tool-2/share/r-gator-gazebo-tool-2/package.sh'
[11.181s] INFO:colcon.colcon_core.shell:Creating package script '/home/samee/ros2ws/install/r-gator-gazebo-tool-2/share/r-gator-gazebo-tool-2/package.bash'
[11.181s] INFO:colcon.colcon_core.shell:Creating package script '/home/samee/ros2ws/install/r-gator-gazebo-tool-2/share/r-gator-gazebo-tool-2/package.zsh'
[11.181s] Level 1:colcon.colcon_core.environment:create_file_with_runtime_dependencies(/home/samee/ros2ws/install/r-gator-gazebo-tool-2/share/colcon-core/packages/r-gator-gazebo-tool-2)
[11.192s] DEBUG:colcon.colcon_parallel_executor.executor.parallel:closing loop
[11.192s] DEBUG:colcon.colcon_parallel_executor.executor.parallel:loop closed
[11.192s] DEBUG:colcon.colcon_parallel_executor.executor.parallel:run_until_complete finished with '2'
[11.192s] DEBUG:colcon.colcon_core.event_reactor:joining thread
[11.220s] INFO:colcon.colcon_core.plugin_system:Skipping extension 'colcon_notification.desktop_notification.terminal_notifier': Not used on non-Darwin systems
[11.220s] INFO:colcon.colcon_core.plugin_system:Skipping extension 'colcon_notification.desktop_notification.win32': Not used on non-Windows systems
[11.220s] INFO:colcon.colcon_notification.desktop_notification:Sending desktop notification using 'notify2'
[11.246s] DEBUG:colcon.colcon_core.event_reactor:joined thread
[11.264s] INFO:colcon.colcon_core.shell:Creating prefix script '/home/samee/ros2ws/install/local_setup.ps1'
[11.265s] INFO:colcon.colcon_core.shell:Creating prefix util module '/home/samee/ros2ws/install/_local_setup_util_ps1.py'
[11.266s] INFO:colcon.colcon_core.shell:Creating prefix chain script '/home/samee/ros2ws/install/setup.ps1'
[11.282s] INFO:colcon.colcon_core.shell:Creating prefix script '/home/samee/ros2ws/install/local_setup.sh'
[11.282s] INFO:colcon.colcon_core.shell:Creating prefix util module '/home/samee/ros2ws/install/_local_setup_util_sh.py'
[11.283s] INFO:colcon.colcon_core.shell:Creating prefix chain script '/home/samee/ros2ws/install/setup.sh'
[11.299s] INFO:colcon.colcon_core.shell:Creating prefix script '/home/samee/ros2ws/install/local_setup.bash'
[11.299s] INFO:colcon.colcon_core.shell:Creating prefix chain script '/home/samee/ros2ws/install/setup.bash'
[11.317s] INFO:colcon.colcon_core.shell:Creating prefix script '/home/samee/ros2ws/install/local_setup.zsh'
[11.317s] INFO:colcon.colcon_core.shell:Creating prefix chain script '/home/samee/ros2ws/install/setup.zsh'
