[0.402s] Invoking command in '/home/samee/ros2ws/build/r-gator-gazebo-tool-2': /usr/local/bin/cmake --build /home/samee/ros2ws/build/r-gator-gazebo-tool-2 -- -j12 -l12
[0.421s] -- Found ament_cmake: 1.3.6 (/opt/ros/humble/share/ament_cmake/cmake)
[0.703s] -- Found ackermann_msgs: 2.0.2 (/opt/ros/humble/share/ackermann_msgs/cmake)
[0.746s] -- Found rosidl_generator_c: 3.1.5 (/opt/ros/humble/share/rosidl_generator_c/cmake)
[0.750s] -- Found rosidl_adapter: 3.1.5 (/opt/ros/humble/share/rosidl_adapter/cmake)
[0.761s] -- Found rosidl_generator_cpp: 3.1.5 (/opt/ros/humble/share/rosidl_generator_cpp/cmake)
[0.780s] -- Using all available rosidl_typesupport_c: rosidl_typesupport_fastrtps_c;rosidl_typesupport_introspection_c
[0.808s] -- Using all available rosidl_typesupport_cpp: rosidl_typesupport_fastrtps_cpp;rosidl_typesupport_introspection_cpp
[1.043s] -- Found rclcpp: 16.0.7 (/opt/ros/humble/share/rclcpp/cmake)
[1.143s] -- Found rmw_implementation_cmake: 6.1.1 (/opt/ros/humble/share/rmw_implementation_cmake/cmake)
[1.145s] -- Found rmw_fastrtps_cpp: 6.2.5 (/opt/ros/humble/share/rmw_fastrtps_cpp/cmake)
[1.338s] -- Using RMW implementation 'rmw_fastrtps_cpp' as default
[1.594s] -- Found tf2: 0.25.5 (/opt/ros/humble/share/tf2/cmake)
[1.696s] -- Found tf2_ros: 0.25.5 (/opt/ros/humble/share/tf2_ros/cmake)
[2.252s] -- Found gazebo_msgs: 3.7.0 (/opt/ros/humble/share/gazebo_msgs/cmake)
[2.571s] -- Found nav_msgs: 4.2.3 (/opt/ros/humble/share/nav_msgs/cmake)
[2.688s] -- Found tf2_geometry_msgs: 0.25.5 (/opt/ros/humble/share/tf2_geometry_msgs/cmake)
[2.694s] -- Found eigen3_cmake_module: 0.1.1 (/opt/ros/humble/share/eigen3_cmake_module/cmake)
[2.696s] -- Ensuring Eigen3 include directory is part of orocos-kdl CMake target
[2.782s] -- Configuring done (2.4s)
[2.800s] -- Generating done (0.0s)
[2.802s] -- Build files have been written to: /home/samee/ros2ws/build/r-gator-gazebo-tool-2
[2.829s] [ 25%] [32m[1mLinking CXX executable tf_broadcaster_node[0m
[2.829s] [ 50%] [32mBuilding CXX object CMakeFiles/r-gator-gazebo-tool-2_node.dir/src/gazebo_odom_publisher.cpp.o[0m
[2.839s] [01m[K/home/samee/ros2ws/src/r-gator-simulator-2/r-gator-gazebo-tool-2/src/gazebo_odom_publisher.cpp:1:10:[m[K [01;31m[Kfatal error: [m[Kros/ros.h: No such file or directory
[2.839s]     1 | #include [01;31m[K<ros/ros.h>[m[K
[2.839s]       |          [01;31m[K^~~~~~~~~~~[m[K
[2.839s] compilation terminated.
[2.839s] gmake[2]: *** [CMakeFiles/r-gator-gazebo-tool-2_node.dir/build.make:76: CMakeFiles/r-gator-gazebo-tool-2_node.dir/src/gazebo_odom_publisher.cpp.o] Error 1
[2.840s] gmake[1]: *** [CMakeFiles/Makefile2:139: CMakeFiles/r-gator-gazebo-tool-2_node.dir/all] Error 2
[2.840s] gmake[1]: *** Waiting for unfinished jobs....
[3.258s] /usr/bin/ld: CMakeFiles/tf_broadcaster_node.dir/src/tf_broadcaster.cpp.o: in function `void tf2::convert<geometry_msgs::msg::Pose_<std::allocator<void> >, geometry_msgs::msg::Transform_<std::allocator<void> > >(geometry_msgs::msg::Pose_<std::allocator<void> > const&, geometry_msgs::msg::Transform_<std::allocator<void> >&)':
[3.258s] tf_broadcaster.cpp:(.text._ZN3tf27convertIN13geometry_msgs3msg5Pose_ISaIvEEENS2_10Transform_IS4_EEEEvRKT_RT0_[_ZN3tf27convertIN13geometry_msgs3msg5Pose_ISaIvEEENS2_10Transform_IS4_EEEEvRKT_RT0_]+0x23): undefined reference to `void tf2::impl::Converter<true, true>::convert<geometry_msgs::msg::Pose_<std::allocator<void> >, geometry_msgs::msg::Transform_<std::allocator<void> > >(geometry_msgs::msg::Pose_<std::allocator<void> > const&, geometry_msgs::msg::Transform_<std::allocator<void> >&)'
[3.259s] /usr/bin/ld: CMakeFiles/tf_broadcaster_node.dir/src/tf_broadcaster.cpp.o: in function `std::enable_if<rosidl_generator_traits::is_message<nav_msgs::msg::OccupancyGrid_<std::allocator<void> > >::value, rosidl_message_type_support_t const&>::type rclcpp::get_message_type_support_handle<nav_msgs::msg::OccupancyGrid_<std::allocator<void> > >()':
[3.259s] tf_broadcaster.cpp:(.text._ZN6rclcpp31get_message_type_support_handleIN8nav_msgs3msg14OccupancyGrid_ISaIvEEEEENSt9enable_ifIXsrN23rosidl_generator_traits10is_messageIT_EE5valueERK29rosidl_message_type_support_tE4typeEv[_ZN6rclcpp31get_message_type_support_handleIN8nav_msgs3msg14OccupancyGrid_ISaIvEEEEENSt9enable_ifIXsrN23rosidl_generator_traits10is_messageIT_EE5valueERK29rosidl_message_type_support_tE4typeEv]+0x10): undefined reference to `rosidl_message_type_support_t const* rosidl_typesupport_cpp::get_message_type_support_handle<nav_msgs::msg::OccupancyGrid_<std::allocator<void> > >()'
[3.294s] collect2: error: ld returned 1 exit status
[3.294s] gmake[2]: *** [CMakeFiles/tf_broadcaster_node.dir/build.make:197: tf_broadcaster_node] Error 1
[3.295s] gmake[1]: *** [CMakeFiles/Makefile2:165: CMakeFiles/tf_broadcaster_node.dir/all] Error 2
[3.295s] gmake: *** [Makefile:146: all] Error 2
[3.296s] Invoked command in '/home/samee/ros2ws/build/r-gator-gazebo-tool-2' returned '2': /usr/local/bin/cmake --build /home/samee/ros2ws/build/r-gator-gazebo-tool-2 -- -j12 -l12
