[0.315s] Invoking command in '/home/samee/ros2ws/build/r_gator_gazebo_tool': CMAKE_PREFIX_PATH=/opt/ros/humble:${CMAKE_PREFIX_PATH} /usr/local/bin/cmake --build /home/samee/ros2ws/build/r_gator_gazebo_tool -- -j12 -l12
[0.325s] -- Found ament_cmake: 1.3.5 (/opt/ros/humble/share/ament_cmake/cmake)
[0.584s] -- Configuring done (0.3s)
[0.585s] [31mCMake Error at CMakeLists.txt:18 (add_executable):
[0.585s]   Cannot find source file:
[0.585s] 
[0.586s]     tf_broadcaster.cpp
[0.586s] 
[0.586s]   Tried extensions .c .C .c++ .cc .cpp .cxx .cu .mpp .m .M .mm .ixx .cppm
[0.586s]   .ccm .cxxm .c++m .h .hh .h++ .hm .hpp .hxx .in .txx .f .F .for .f77 .f90
[0.586s]   .f95 .f03 .hip .ispc
[0.587s] 
[0.587s] [0m
[0.587s] [31mCMake Error at CMakeLists.txt:18 (add_executable):
[0.588s]   No SOURCES given to target: r_gator_gazebo_tool
[0.588s] 
[0.588s] [0m
[0.588s] [0mCMake Generate step failed.  Build files cannot be regenerated correctly.[0m
[0.589s] gmake: *** [Makefile:308: cmake_check_build_system] Error 1
[0.789s] Invoked command in '/home/samee/ros2ws/build/r_gator_gazebo_tool' returned '2': CMAKE_PREFIX_PATH=/opt/ros/humble:${CMAKE_PREFIX_PATH} /usr/local/bin/cmake --build /home/samee/ros2ws/build/r_gator_gazebo_tool -- -j12 -l12
