[0.897s] DEBUG:colcon:Command line arguments: ['/usr/bin/colcon', 'build']
[0.897s] DEBUG:colcon:Parsed command line arguments: Namespace(log_base=None, log_level=None, verb_name='build', build_base='build', install_base='install', merge_install=False, symlink_install=False, test_result_base=None, continue_on_error=False, executor='parallel', parallel_workers=12, event_handlers=None, ignore_user_meta=False, metas=['./colcon.meta'], base_paths=['.'], packages_ignore=None, packages_ignore_regex=None, paths=None, packages_up_to=None, packages_up_to_regex=None, packages_above=None, packages_above_and_dependencies=None, packages_above_depth=None, packages_select_by_dep=None, packages_skip_by_dep=None, packages_skip_up_to=None, packages_select_build_failed=False, packages_skip_build_finished=False, packages_select_test_failures=False, packages_skip_test_passed=False, packages_select=None, packages_skip=None, packages_select_regex=None, packages_skip_regex=None, packages_start=None, packages_end=None, allow_overriding=[], cmake_args=None, cmake_target=None, cmake_target_skip_unavailable=False, cmake_clean_cache=False, cmake_clean_first=False, cmake_force_configure=False, ament_cmake_args=None, catkin_cmake_args=None, catkin_skip_building_tests=False, verb_parser=<colcon_defaults.argument_parser.defaults.DefaultArgumentsDecorator object at 0x7fa2aee366b0>, verb_extension=<colcon_core.verb.build.BuildVerb object at 0x7fa2af2eb2e0>, main=<bound method BuildVerb.main of <colcon_core.verb.build.BuildVerb object at 0x7fa2af2eb2e0>>)
[0.945s] Level 1:colcon.colcon_core.package_discovery:discover_packages(colcon_meta) check parameters
[0.945s] Level 1:colcon.colcon_core.package_discovery:discover_packages(recursive) check parameters
[0.945s] Level 1:colcon.colcon_core.package_discovery:discover_packages(ignore) check parameters
[0.945s] Level 1:colcon.colcon_core.package_discovery:discover_packages(path) check parameters
[0.945s] Level 1:colcon.colcon_core.package_discovery:discover_packages(colcon_meta) discover
[0.945s] Level 1:colcon.colcon_core.package_discovery:discover_packages(recursive) discover
[0.945s] INFO:colcon.colcon_core.package_discovery:Crawling recursively for packages in '/home/samee/ros2ws'
[0.945s] Level 1:colcon.colcon_core.package_identification:_identify(.) by extensions ['ignore', 'ignore_ament_install']
[0.945s] Level 1:colcon.colcon_core.package_identification:_identify(.) by extension 'ignore'
[0.945s] Level 1:colcon.colcon_core.package_identification:_identify(.) by extension 'ignore_ament_install'
[0.945s] Level 1:colcon.colcon_core.package_identification:_identify(.) by extensions ['colcon_pkg']
[0.945s] Level 1:colcon.colcon_core.package_identification:_identify(.) by extension 'colcon_pkg'
[0.946s] Level 1:colcon.colcon_core.package_identification:_identify(.) by extensions ['colcon_meta']
[0.946s] Level 1:colcon.colcon_core.package_identification:_identify(.) by extension 'colcon_meta'
[0.946s] Level 1:colcon.colcon_core.package_identification:_identify(.) by extensions ['ros']
[0.946s] Level 1:colcon.colcon_core.package_identification:_identify(.) by extension 'ros'
[0.959s] Level 1:colcon.colcon_core.package_identification:_identify(.) by extensions ['cmake', 'python']
[0.959s] Level 1:colcon.colcon_core.package_identification:_identify(.) by extension 'cmake'
[0.959s] Level 1:colcon.colcon_core.package_identification:_identify(.) by extension 'python'
[0.959s] Level 1:colcon.colcon_core.package_identification:_identify(.) by extensions ['python_setup_py']
[0.959s] Level 1:colcon.colcon_core.package_identification:_identify(.) by extension 'python_setup_py'
[0.959s] Level 1:colcon.colcon_core.package_identification:_identify(build) by extensions ['ignore', 'ignore_ament_install']
[0.959s] Level 1:colcon.colcon_core.package_identification:_identify(build) by extension 'ignore'
[0.959s] Level 1:colcon.colcon_core.package_identification:_identify(build) ignored
[0.960s] Level 1:colcon.colcon_core.package_identification:_identify(install) by extensions ['ignore', 'ignore_ament_install']
[0.960s] Level 1:colcon.colcon_core.package_identification:_identify(install) by extension 'ignore'
[0.960s] Level 1:colcon.colcon_core.package_identification:_identify(install) ignored
[0.960s] Level 1:colcon.colcon_core.package_identification:_identify(log) by extensions ['ignore', 'ignore_ament_install']
[0.960s] Level 1:colcon.colcon_core.package_identification:_identify(log) by extension 'ignore'
[0.960s] Level 1:colcon.colcon_core.package_identification:_identify(log) ignored
[0.960s] Level 1:colcon.colcon_core.package_identification:_identify(src) by extensions ['ignore', 'ignore_ament_install']
[0.960s] Level 1:colcon.colcon_core.package_identification:_identify(src) by extension 'ignore'
[0.960s] Level 1:colcon.colcon_core.package_identification:_identify(src) by extension 'ignore_ament_install'
[0.960s] Level 1:colcon.colcon_core.package_identification:_identify(src) by extensions ['colcon_pkg']
[0.961s] Level 1:colcon.colcon_core.package_identification:_identify(src) by extension 'colcon_pkg'
[0.961s] Level 1:colcon.colcon_core.package_identification:_identify(src) by extensions ['colcon_meta']
[0.961s] Level 1:colcon.colcon_core.package_identification:_identify(src) by extension 'colcon_meta'
[0.961s] Level 1:colcon.colcon_core.package_identification:_identify(src) by extensions ['ros']
[0.961s] Level 1:colcon.colcon_core.package_identification:_identify(src) by extension 'ros'
[0.961s] Level 1:colcon.colcon_core.package_identification:_identify(src) by extensions ['cmake', 'python']
[0.961s] Level 1:colcon.colcon_core.package_identification:_identify(src) by extension 'cmake'
[0.961s] Level 1:colcon.colcon_core.package_identification:_identify(src) by extension 'python'
[0.961s] Level 1:colcon.colcon_core.package_identification:_identify(src) by extensions ['python_setup_py']
[0.961s] Level 1:colcon.colcon_core.package_identification:_identify(src) by extension 'python_setup_py'
[0.961s] Level 1:colcon.colcon_core.package_identification:_identify(src/r-gator-description) by extensions ['ignore', 'ignore_ament_install']
[0.961s] Level 1:colcon.colcon_core.package_identification:_identify(src/r-gator-description) by extension 'ignore'
[0.961s] Level 1:colcon.colcon_core.package_identification:_identify(src/r-gator-description) by extension 'ignore_ament_install'
[0.961s] Level 1:colcon.colcon_core.package_identification:_identify(src/r-gator-description) by extensions ['colcon_pkg']
[0.961s] Level 1:colcon.colcon_core.package_identification:_identify(src/r-gator-description) by extension 'colcon_pkg'
[0.961s] Level 1:colcon.colcon_core.package_identification:_identify(src/r-gator-description) by extensions ['colcon_meta']
[0.962s] Level 1:colcon.colcon_core.package_identification:_identify(src/r-gator-description) by extension 'colcon_meta'
[0.962s] Level 1:colcon.colcon_core.package_identification:_identify(src/r-gator-description) by extensions ['ros']
[0.962s] Level 1:colcon.colcon_core.package_identification:_identify(src/r-gator-description) by extension 'ros'
[0.964s] DEBUG:colcon.colcon_core.package_identification:Package 'src/r-gator-description' with type 'ros.ament_cmake' and name 'r-gator-description'
[0.964s] Level 1:colcon.colcon_core.package_identification:_identify(src/r-gator-gazebo) by extensions ['ignore', 'ignore_ament_install']
[0.964s] Level 1:colcon.colcon_core.package_identification:_identify(src/r-gator-gazebo) by extension 'ignore'
[0.964s] Level 1:colcon.colcon_core.package_identification:_identify(src/r-gator-gazebo) by extension 'ignore_ament_install'
[0.964s] Level 1:colcon.colcon_core.package_identification:_identify(src/r-gator-gazebo) by extensions ['colcon_pkg']
[0.964s] Level 1:colcon.colcon_core.package_identification:_identify(src/r-gator-gazebo) by extension 'colcon_pkg'
[0.964s] Level 1:colcon.colcon_core.package_identification:_identify(src/r-gator-gazebo) by extensions ['colcon_meta']
[0.964s] Level 1:colcon.colcon_core.package_identification:_identify(src/r-gator-gazebo) by extension 'colcon_meta'
[0.964s] Level 1:colcon.colcon_core.package_identification:_identify(src/r-gator-gazebo) by extensions ['ros']
[0.964s] Level 1:colcon.colcon_core.package_identification:_identify(src/r-gator-gazebo) by extension 'ros'
[0.964s] DEBUG:colcon.colcon_core.package_identification:Package 'src/r-gator-gazebo' with type 'ros.ament_cmake' and name 'r-gator-gazebo'
[0.965s] Level 1:colcon.colcon_core.package_identification:_identify(src/r-gator-gazebo-tool) by extensions ['ignore', 'ignore_ament_install']
[0.965s] Level 1:colcon.colcon_core.package_identification:_identify(src/r-gator-gazebo-tool) by extension 'ignore'
[0.965s] Level 1:colcon.colcon_core.package_identification:_identify(src/r-gator-gazebo-tool) by extension 'ignore_ament_install'
[0.965s] Level 1:colcon.colcon_core.package_identification:_identify(src/r-gator-gazebo-tool) by extensions ['colcon_pkg']
[0.965s] Level 1:colcon.colcon_core.package_identification:_identify(src/r-gator-gazebo-tool) by extension 'colcon_pkg'
[0.965s] Level 1:colcon.colcon_core.package_identification:_identify(src/r-gator-gazebo-tool) by extensions ['colcon_meta']
[0.965s] Level 1:colcon.colcon_core.package_identification:_identify(src/r-gator-gazebo-tool) by extension 'colcon_meta'
[0.965s] Level 1:colcon.colcon_core.package_identification:_identify(src/r-gator-gazebo-tool) by extensions ['ros']
[0.965s] Level 1:colcon.colcon_core.package_identification:_identify(src/r-gator-gazebo-tool) by extension 'ros'
[0.965s] DEBUG:colcon.colcon_core.package_identification:Package 'src/r-gator-gazebo-tool' with type 'ros.ament_cmake' and name 'r-gator-gazebo-tool'
[0.965s] Level 1:colcon.colcon_core.package_identification:_identify(src/r-gator-launch) by extensions ['ignore', 'ignore_ament_install']
[0.966s] Level 1:colcon.colcon_core.package_identification:_identify(src/r-gator-launch) by extension 'ignore'
[0.966s] Level 1:colcon.colcon_core.package_identification:_identify(src/r-gator-launch) by extension 'ignore_ament_install'
[0.966s] Level 1:colcon.colcon_core.package_identification:_identify(src/r-gator-launch) by extensions ['colcon_pkg']
[0.966s] Level 1:colcon.colcon_core.package_identification:_identify(src/r-gator-launch) by extension 'colcon_pkg'
[0.966s] Level 1:colcon.colcon_core.package_identification:_identify(src/r-gator-launch) by extensions ['colcon_meta']
[0.966s] Level 1:colcon.colcon_core.package_identification:_identify(src/r-gator-launch) by extension 'colcon_meta'
[0.966s] Level 1:colcon.colcon_core.package_identification:_identify(src/r-gator-launch) by extensions ['ros']
[0.966s] Level 1:colcon.colcon_core.package_identification:_identify(src/r-gator-launch) by extension 'ros'
[0.966s] DEBUG:colcon.colcon_core.package_identification:Package 'src/r-gator-launch' with type 'ros.ament_cmake' and name 'r-gator-launch'
[0.966s] Level 1:colcon.colcon_core.package_identification:_identify(src/r-gator-model) by extensions ['ignore', 'ignore_ament_install']
[0.966s] Level 1:colcon.colcon_core.package_identification:_identify(src/r-gator-model) by extension 'ignore'
[0.966s] Level 1:colcon.colcon_core.package_identification:_identify(src/r-gator-model) by extension 'ignore_ament_install'
[0.966s] Level 1:colcon.colcon_core.package_identification:_identify(src/r-gator-model) by extensions ['colcon_pkg']
[0.966s] Level 1:colcon.colcon_core.package_identification:_identify(src/r-gator-model) by extension 'colcon_pkg'
[0.966s] Level 1:colcon.colcon_core.package_identification:_identify(src/r-gator-model) by extensions ['colcon_meta']
[0.966s] Level 1:colcon.colcon_core.package_identification:_identify(src/r-gator-model) by extension 'colcon_meta'
[0.967s] Level 1:colcon.colcon_core.package_identification:_identify(src/r-gator-model) by extensions ['ros']
[0.967s] Level 1:colcon.colcon_core.package_identification:_identify(src/r-gator-model) by extension 'ros'
[0.967s] DEBUG:colcon.colcon_core.package_identification:Package 'src/r-gator-model' with type 'ros.ament_cmake' and name 'r-gator-model'
[0.967s] Level 1:colcon.colcon_core.package_identification:_identify(src/r-gator-teleop) by extensions ['ignore', 'ignore_ament_install']
[0.967s] Level 1:colcon.colcon_core.package_identification:_identify(src/r-gator-teleop) by extension 'ignore'
[0.967s] Level 1:colcon.colcon_core.package_identification:_identify(src/r-gator-teleop) by extension 'ignore_ament_install'
[0.967s] Level 1:colcon.colcon_core.package_identification:_identify(src/r-gator-teleop) by extensions ['colcon_pkg']
[0.967s] Level 1:colcon.colcon_core.package_identification:_identify(src/r-gator-teleop) by extension 'colcon_pkg'
[0.967s] Level 1:colcon.colcon_core.package_identification:_identify(src/r-gator-teleop) by extensions ['colcon_meta']
[0.967s] Level 1:colcon.colcon_core.package_identification:_identify(src/r-gator-teleop) by extension 'colcon_meta'
[0.967s] Level 1:colcon.colcon_core.package_identification:_identify(src/r-gator-teleop) by extensions ['ros']
[0.967s] Level 1:colcon.colcon_core.package_identification:_identify(src/r-gator-teleop) by extension 'ros'
[0.968s] DEBUG:colcon.colcon_core.package_identification:Package 'src/r-gator-teleop' with type 'ros.ament_cmake' and name 'r-gator-teleop'
[0.968s] Level 1:colcon.colcon_core.package_discovery:discover_packages(recursive) using defaults
[0.968s] Level 1:colcon.colcon_core.package_discovery:discover_packages(ignore) discover
[0.968s] Level 1:colcon.colcon_core.package_discovery:discover_packages(ignore) using defaults
[0.968s] Level 1:colcon.colcon_core.package_discovery:discover_packages(path) discover
[0.968s] Level 1:colcon.colcon_core.package_discovery:discover_packages(path) using defaults
[1.055s] Level 1:colcon.colcon_core.package_discovery:discover_packages(prefix_path) check parameters
[1.055s] Level 1:colcon.colcon_core.package_discovery:discover_packages(prefix_path) discover
[1.069s] WARNING:colcon.colcon_ros.prefix_path.catkin:The path '/home/samee/ros2ws/install/r_gator_launch' in the environment variable CMAKE_PREFIX_PATH doesn't exist
[1.086s] DEBUG:colcon.colcon_installed_package_information.package_discovery:Found 6 installed packages in /home/samee/ros2ws/install
[1.102s] DEBUG:colcon.colcon_installed_package_information.package_discovery:Found 311 installed packages in /opt/ros/humble
[1.104s] Level 1:colcon.colcon_core.package_discovery:discover_packages(prefix_path) using defaults
[1.175s] Level 5:colcon.colcon_core.verb:set package 'r-gator-description' build argument 'cmake_args' from command line to 'None'
[1.176s] Level 5:colcon.colcon_core.verb:set package 'r-gator-description' build argument 'cmake_target' from command line to 'None'
[1.176s] Level 5:colcon.colcon_core.verb:set package 'r-gator-description' build argument 'cmake_target_skip_unavailable' from command line to 'False'
[1.176s] Level 5:colcon.colcon_core.verb:set package 'r-gator-description' build argument 'cmake_clean_cache' from command line to 'False'
[1.176s] Level 5:colcon.colcon_core.verb:set package 'r-gator-description' build argument 'cmake_clean_first' from command line to 'False'
[1.176s] Level 5:colcon.colcon_core.verb:set package 'r-gator-description' build argument 'cmake_force_configure' from command line to 'False'
[1.176s] Level 5:colcon.colcon_core.verb:set package 'r-gator-description' build argument 'ament_cmake_args' from command line to 'None'
[1.176s] Level 5:colcon.colcon_core.verb:set package 'r-gator-description' build argument 'catkin_cmake_args' from command line to 'None'
[1.176s] Level 5:colcon.colcon_core.verb:set package 'r-gator-description' build argument 'catkin_skip_building_tests' from command line to 'False'
[1.176s] DEBUG:colcon.colcon_core.verb:Building package 'r-gator-description' with the following arguments: {'ament_cmake_args': None, 'build_base': '/home/samee/ros2ws/build/r-gator-description', 'catkin_cmake_args': None, 'catkin_skip_building_tests': False, 'cmake_args': None, 'cmake_clean_cache': False, 'cmake_clean_first': False, 'cmake_force_configure': False, 'cmake_target': None, 'cmake_target_skip_unavailable': False, 'install_base': '/home/samee/ros2ws/install/r-gator-description', 'merge_install': False, 'path': '/home/samee/ros2ws/src/r-gator-description', 'symlink_install': False, 'test_result_base': None}
[1.190s] Level 5:colcon.colcon_core.verb:set package 'r-gator-gazebo' build argument 'cmake_args' from command line to 'None'
[1.190s] Level 5:colcon.colcon_core.verb:set package 'r-gator-gazebo' build argument 'cmake_target' from command line to 'None'
[1.190s] Level 5:colcon.colcon_core.verb:set package 'r-gator-gazebo' build argument 'cmake_target_skip_unavailable' from command line to 'False'
[1.190s] Level 5:colcon.colcon_core.verb:set package 'r-gator-gazebo' build argument 'cmake_clean_cache' from command line to 'False'
[1.190s] Level 5:colcon.colcon_core.verb:set package 'r-gator-gazebo' build argument 'cmake_clean_first' from command line to 'False'
[1.190s] Level 5:colcon.colcon_core.verb:set package 'r-gator-gazebo' build argument 'cmake_force_configure' from command line to 'False'
[1.191s] Level 5:colcon.colcon_core.verb:set package 'r-gator-gazebo' build argument 'ament_cmake_args' from command line to 'None'
[1.191s] Level 5:colcon.colcon_core.verb:set package 'r-gator-gazebo' build argument 'catkin_cmake_args' from command line to 'None'
[1.191s] Level 5:colcon.colcon_core.verb:set package 'r-gator-gazebo' build argument 'catkin_skip_building_tests' from command line to 'False'
[1.191s] DEBUG:colcon.colcon_core.verb:Building package 'r-gator-gazebo' with the following arguments: {'ament_cmake_args': None, 'build_base': '/home/samee/ros2ws/build/r-gator-gazebo', 'catkin_cmake_args': None, 'catkin_skip_building_tests': False, 'cmake_args': None, 'cmake_clean_cache': False, 'cmake_clean_first': False, 'cmake_force_configure': False, 'cmake_target': None, 'cmake_target_skip_unavailable': False, 'install_base': '/home/samee/ros2ws/install/r-gator-gazebo', 'merge_install': False, 'path': '/home/samee/ros2ws/src/r-gator-gazebo', 'symlink_install': False, 'test_result_base': None}
[1.211s] Level 5:colcon.colcon_core.verb:set package 'r-gator-gazebo-tool' build argument 'cmake_args' from command line to 'None'
[1.212s] Level 5:colcon.colcon_core.verb:set package 'r-gator-gazebo-tool' build argument 'cmake_target' from command line to 'None'
[1.212s] Level 5:colcon.colcon_core.verb:set package 'r-gator-gazebo-tool' build argument 'cmake_target_skip_unavailable' from command line to 'False'
[1.212s] Level 5:colcon.colcon_core.verb:set package 'r-gator-gazebo-tool' build argument 'cmake_clean_cache' from command line to 'False'
[1.212s] Level 5:colcon.colcon_core.verb:set package 'r-gator-gazebo-tool' build argument 'cmake_clean_first' from command line to 'False'
[1.212s] Level 5:colcon.colcon_core.verb:set package 'r-gator-gazebo-tool' build argument 'cmake_force_configure' from command line to 'False'
[1.212s] Level 5:colcon.colcon_core.verb:set package 'r-gator-gazebo-tool' build argument 'ament_cmake_args' from command line to 'None'
[1.212s] Level 5:colcon.colcon_core.verb:set package 'r-gator-gazebo-tool' build argument 'catkin_cmake_args' from command line to 'None'
[1.212s] Level 5:colcon.colcon_core.verb:set package 'r-gator-gazebo-tool' build argument 'catkin_skip_building_tests' from command line to 'False'
[1.212s] DEBUG:colcon.colcon_core.verb:Building package 'r-gator-gazebo-tool' with the following arguments: {'ament_cmake_args': None, 'build_base': '/home/samee/ros2ws/build/r-gator-gazebo-tool', 'catkin_cmake_args': None, 'catkin_skip_building_tests': False, 'cmake_args': None, 'cmake_clean_cache': False, 'cmake_clean_first': False, 'cmake_force_configure': False, 'cmake_target': None, 'cmake_target_skip_unavailable': False, 'install_base': '/home/samee/ros2ws/install/r-gator-gazebo-tool', 'merge_install': False, 'path': '/home/samee/ros2ws/src/r-gator-gazebo-tool', 'symlink_install': False, 'test_result_base': None}
[1.226s] Level 5:colcon.colcon_core.verb:set package 'r-gator-launch' build argument 'cmake_args' from command line to 'None'
[1.226s] Level 5:colcon.colcon_core.verb:set package 'r-gator-launch' build argument 'cmake_target' from command line to 'None'
[1.226s] Level 5:colcon.colcon_core.verb:set package 'r-gator-launch' build argument 'cmake_target_skip_unavailable' from command line to 'False'
[1.226s] Level 5:colcon.colcon_core.verb:set package 'r-gator-launch' build argument 'cmake_clean_cache' from command line to 'False'
[1.226s] Level 5:colcon.colcon_core.verb:set package 'r-gator-launch' build argument 'cmake_clean_first' from command line to 'False'
[1.226s] Level 5:colcon.colcon_core.verb:set package 'r-gator-launch' build argument 'cmake_force_configure' from command line to 'False'
[1.226s] Level 5:colcon.colcon_core.verb:set package 'r-gator-launch' build argument 'ament_cmake_args' from command line to 'None'
[1.226s] Level 5:colcon.colcon_core.verb:set package 'r-gator-launch' build argument 'catkin_cmake_args' from command line to 'None'
[1.226s] Level 5:colcon.colcon_core.verb:set package 'r-gator-launch' build argument 'catkin_skip_building_tests' from command line to 'False'
[1.226s] DEBUG:colcon.colcon_core.verb:Building package 'r-gator-launch' with the following arguments: {'ament_cmake_args': None, 'build_base': '/home/samee/ros2ws/build/r-gator-launch', 'catkin_cmake_args': None, 'catkin_skip_building_tests': False, 'cmake_args': None, 'cmake_clean_cache': False, 'cmake_clean_first': False, 'cmake_force_configure': False, 'cmake_target': None, 'cmake_target_skip_unavailable': False, 'install_base': '/home/samee/ros2ws/install/r-gator-launch', 'merge_install': False, 'path': '/home/samee/ros2ws/src/r-gator-launch', 'symlink_install': False, 'test_result_base': None}
[1.240s] Level 5:colcon.colcon_core.verb:set package 'r-gator-model' build argument 'cmake_args' from command line to 'None'
[1.240s] Level 5:colcon.colcon_core.verb:set package 'r-gator-model' build argument 'cmake_target' from command line to 'None'
[1.240s] Level 5:colcon.colcon_core.verb:set package 'r-gator-model' build argument 'cmake_target_skip_unavailable' from command line to 'False'
[1.240s] Level 5:colcon.colcon_core.verb:set package 'r-gator-model' build argument 'cmake_clean_cache' from command line to 'False'
[1.240s] Level 5:colcon.colcon_core.verb:set package 'r-gator-model' build argument 'cmake_clean_first' from command line to 'False'
[1.240s] Level 5:colcon.colcon_core.verb:set package 'r-gator-model' build argument 'cmake_force_configure' from command line to 'False'
[1.240s] Level 5:colcon.colcon_core.verb:set package 'r-gator-model' build argument 'ament_cmake_args' from command line to 'None'
[1.240s] Level 5:colcon.colcon_core.verb:set package 'r-gator-model' build argument 'catkin_cmake_args' from command line to 'None'
[1.240s] Level 5:colcon.colcon_core.verb:set package 'r-gator-model' build argument 'catkin_skip_building_tests' from command line to 'False'
[1.241s] DEBUG:colcon.colcon_core.verb:Building package 'r-gator-model' with the following arguments: {'ament_cmake_args': None, 'build_base': '/home/samee/ros2ws/build/r-gator-model', 'catkin_cmake_args': None, 'catkin_skip_building_tests': False, 'cmake_args': None, 'cmake_clean_cache': False, 'cmake_clean_first': False, 'cmake_force_configure': False, 'cmake_target': None, 'cmake_target_skip_unavailable': False, 'install_base': '/home/samee/ros2ws/install/r-gator-model', 'merge_install': False, 'path': '/home/samee/ros2ws/src/r-gator-model', 'symlink_install': False, 'test_result_base': None}
[1.255s] Level 5:colcon.colcon_core.verb:set package 'r-gator-teleop' build argument 'cmake_args' from command line to 'None'
[1.255s] Level 5:colcon.colcon_core.verb:set package 'r-gator-teleop' build argument 'cmake_target' from command line to 'None'
[1.255s] Level 5:colcon.colcon_core.verb:set package 'r-gator-teleop' build argument 'cmake_target_skip_unavailable' from command line to 'False'
[1.255s] Level 5:colcon.colcon_core.verb:set package 'r-gator-teleop' build argument 'cmake_clean_cache' from command line to 'False'
[1.255s] Level 5:colcon.colcon_core.verb:set package 'r-gator-teleop' build argument 'cmake_clean_first' from command line to 'False'
[1.255s] Level 5:colcon.colcon_core.verb:set package 'r-gator-teleop' build argument 'cmake_force_configure' from command line to 'False'
[1.255s] Level 5:colcon.colcon_core.verb:set package 'r-gator-teleop' build argument 'ament_cmake_args' from command line to 'None'
[1.255s] Level 5:colcon.colcon_core.verb:set package 'r-gator-teleop' build argument 'catkin_cmake_args' from command line to 'None'
[1.255s] Level 5:colcon.colcon_core.verb:set package 'r-gator-teleop' build argument 'catkin_skip_building_tests' from command line to 'False'
[1.255s] DEBUG:colcon.colcon_core.verb:Building package 'r-gator-teleop' with the following arguments: {'ament_cmake_args': None, 'build_base': '/home/samee/ros2ws/build/r-gator-teleop', 'catkin_cmake_args': None, 'catkin_skip_building_tests': False, 'cmake_args': None, 'cmake_clean_cache': False, 'cmake_clean_first': False, 'cmake_force_configure': False, 'cmake_target': None, 'cmake_target_skip_unavailable': False, 'install_base': '/home/samee/ros2ws/install/r-gator-teleop', 'merge_install': False, 'path': '/home/samee/ros2ws/src/r-gator-teleop', 'symlink_install': False, 'test_result_base': None}
[1.269s] INFO:colcon.colcon_core.executor:Executing jobs using 'parallel' executor
[1.284s] DEBUG:colcon.colcon_parallel_executor.executor.parallel:run_until_complete
[1.284s] INFO:colcon.colcon_ros.task.ament_cmake.build:Building ROS package in '/home/samee/ros2ws/src/r-gator-description' with build type 'ament_cmake'
[1.284s] INFO:colcon.colcon_cmake.task.cmake.build:Building CMake package in '/home/samee/ros2ws/src/r-gator-description'
[1.303s] INFO:colcon.colcon_core.plugin_system:Skipping extension 'colcon_core.shell.bat': Not used on non-Windows systems
[1.303s] INFO:colcon.colcon_core.shell:Skip shell extension 'powershell' for command environment: Not usable outside of PowerShell
[1.303s] DEBUG:colcon.colcon_core.shell:Skip shell extension 'dsv' for command environment
[1.348s] INFO:colcon.colcon_ros.task.ament_cmake.build:Building ROS package in '/home/samee/ros2ws/src/r-gator-gazebo' with build type 'ament_cmake'
[1.348s] INFO:colcon.colcon_cmake.task.cmake.build:Building CMake package in '/home/samee/ros2ws/src/r-gator-gazebo'
[1.363s] INFO:colcon.colcon_core.shell:Skip shell extension 'powershell' for command environment: Not usable outside of PowerShell
[1.363s] DEBUG:colcon.colcon_core.shell:Skip shell extension 'dsv' for command environment
[1.411s] INFO:colcon.colcon_ros.task.ament_cmake.build:Building ROS package in '/home/samee/ros2ws/src/r-gator-gazebo-tool' with build type 'ament_cmake'
[1.412s] INFO:colcon.colcon_cmake.task.cmake.build:Building CMake package in '/home/samee/ros2ws/src/r-gator-gazebo-tool'
[1.427s] INFO:colcon.colcon_core.shell:Skip shell extension 'powershell' for command environment: Not usable outside of PowerShell
[1.428s] DEBUG:colcon.colcon_core.shell:Skip shell extension 'dsv' for command environment
[1.475s] INFO:colcon.colcon_ros.task.ament_cmake.build:Building ROS package in '/home/samee/ros2ws/src/r-gator-launch' with build type 'ament_cmake'
[1.475s] INFO:colcon.colcon_cmake.task.cmake.build:Building CMake package in '/home/samee/ros2ws/src/r-gator-launch'
[1.491s] INFO:colcon.colcon_core.shell:Skip shell extension 'powershell' for command environment: Not usable outside of PowerShell
[1.491s] DEBUG:colcon.colcon_core.shell:Skip shell extension 'dsv' for command environment
[1.539s] INFO:colcon.colcon_ros.task.ament_cmake.build:Building ROS package in '/home/samee/ros2ws/src/r-gator-model' with build type 'ament_cmake'
[1.539s] INFO:colcon.colcon_cmake.task.cmake.build:Building CMake package in '/home/samee/ros2ws/src/r-gator-model'
[1.555s] INFO:colcon.colcon_core.shell:Skip shell extension 'powershell' for command environment: Not usable outside of PowerShell
[1.555s] DEBUG:colcon.colcon_core.shell:Skip shell extension 'dsv' for command environment
[1.605s] INFO:colcon.colcon_ros.task.ament_cmake.build:Building ROS package in '/home/samee/ros2ws/src/r-gator-teleop' with build type 'ament_cmake'
[1.606s] INFO:colcon.colcon_cmake.task.cmake.build:Building CMake package in '/home/samee/ros2ws/src/r-gator-teleop'
[1.622s] INFO:colcon.colcon_core.shell:Skip shell extension 'powershell' for command environment: Not usable outside of PowerShell
[1.622s] DEBUG:colcon.colcon_core.shell:Skip shell extension 'dsv' for command environment
[1.673s] DEBUG:colcon.colcon_core.event_handler.log_command:Invoking command in '/home/samee/ros2ws/build/r-gator-description': CMAKE_PREFIX_PATH=${CMAKE_PREFIX_PATH}:/opt/ros/humble /usr/local/bin/cmake --build /home/samee/ros2ws/build/r-gator-description -- -j12 -l12
[1.675s] DEBUG:colcon.colcon_core.event_handler.log_command:Invoking command in '/home/samee/ros2ws/build/r-gator-gazebo': CMAKE_PREFIX_PATH=${CMAKE_PREFIX_PATH}:/opt/ros/humble /usr/local/bin/cmake --build /home/samee/ros2ws/build/r-gator-gazebo -- -j12 -l12
[1.677s] DEBUG:colcon.colcon_core.event_handler.log_command:Invoking command in '/home/samee/ros2ws/build/r-gator-gazebo-tool': CMAKE_PREFIX_PATH=${CMAKE_PREFIX_PATH}:/opt/ros/humble /usr/local/bin/cmake --build /home/samee/ros2ws/build/r-gator-gazebo-tool -- -j12 -l12
[1.679s] DEBUG:colcon.colcon_core.event_handler.log_command:Invoking command in '/home/samee/ros2ws/build/r-gator-launch': CMAKE_PREFIX_PATH=${CMAKE_PREFIX_PATH}:/opt/ros/humble /usr/local/bin/cmake --build /home/samee/ros2ws/build/r-gator-launch -- -j12 -l12
[1.682s] DEBUG:colcon.colcon_core.event_handler.log_command:Invoking command in '/home/samee/ros2ws/build/r-gator-model': CMAKE_PREFIX_PATH=${CMAKE_PREFIX_PATH}:/opt/ros/humble /usr/local/bin/cmake --build /home/samee/ros2ws/build/r-gator-model -- -j12 -l12
[1.686s] DEBUG:colcon.colcon_core.event_handler.log_command:Invoking command in '/home/samee/ros2ws/build/r-gator-teleop': CMAKE_PREFIX_PATH=${CMAKE_PREFIX_PATH}:/opt/ros/humble /usr/local/bin/cmake --build /home/samee/ros2ws/build/r-gator-teleop -- -j12 -l12
[1.687s] DEBUG:colcon.colcon_core.event_handler.log_command:Invoked command in '/home/samee/ros2ws/build/r-gator-description' returned '0': CMAKE_PREFIX_PATH=${CMAKE_PREFIX_PATH}:/opt/ros/humble /usr/local/bin/cmake --build /home/samee/ros2ws/build/r-gator-description -- -j12 -l12
[1.688s] DEBUG:colcon.colcon_core.event_handler.log_command:Invoked command in '/home/samee/ros2ws/build/r-gator-gazebo' returned '0': CMAKE_PREFIX_PATH=${CMAKE_PREFIX_PATH}:/opt/ros/humble /usr/local/bin/cmake --build /home/samee/ros2ws/build/r-gator-gazebo -- -j12 -l12
[1.689s] DEBUG:colcon.colcon_core.event_handler.log_command:Invoked command in '/home/samee/ros2ws/build/r-gator-gazebo-tool' returned '0': CMAKE_PREFIX_PATH=${CMAKE_PREFIX_PATH}:/opt/ros/humble /usr/local/bin/cmake --build /home/samee/ros2ws/build/r-gator-gazebo-tool -- -j12 -l12
[1.690s] DEBUG:colcon.colcon_core.event_handler.log_command:Invoked command in '/home/samee/ros2ws/build/r-gator-launch' returned '0': CMAKE_PREFIX_PATH=${CMAKE_PREFIX_PATH}:/opt/ros/humble /usr/local/bin/cmake --build /home/samee/ros2ws/build/r-gator-launch -- -j12 -l12
[1.691s] DEBUG:colcon.colcon_core.event_handler.log_command:Invoked command in '/home/samee/ros2ws/build/r-gator-model' returned '0': CMAKE_PREFIX_PATH=${CMAKE_PREFIX_PATH}:/opt/ros/humble /usr/local/bin/cmake --build /home/samee/ros2ws/build/r-gator-model -- -j12 -l12
[1.695s] DEBUG:colcon.colcon_core.event_handler.log_command:Invoked command in '/home/samee/ros2ws/build/r-gator-teleop' returned '0': CMAKE_PREFIX_PATH=${CMAKE_PREFIX_PATH}:/opt/ros/humble /usr/local/bin/cmake --build /home/samee/ros2ws/build/r-gator-teleop -- -j12 -l12
[1.701s] DEBUG:colcon.colcon_core.event_handler.log_command:Invoking command in '/home/samee/ros2ws/build/r-gator-description': CMAKE_PREFIX_PATH=${CMAKE_PREFIX_PATH}:/opt/ros/humble /usr/local/bin/cmake --install /home/samee/ros2ws/build/r-gator-description
[1.705s] DEBUG:colcon.colcon_core.event_handler.log_command:Invoking command in '/home/samee/ros2ws/build/r-gator-gazebo': CMAKE_PREFIX_PATH=${CMAKE_PREFIX_PATH}:/opt/ros/humble /usr/local/bin/cmake --install /home/samee/ros2ws/build/r-gator-gazebo
[1.706s] DEBUG:colcon.colcon_core.event_handler.log_command:Invoking command in '/home/samee/ros2ws/build/r-gator-gazebo-tool': CMAKE_PREFIX_PATH=${CMAKE_PREFIX_PATH}:/opt/ros/humble /usr/local/bin/cmake --install /home/samee/ros2ws/build/r-gator-gazebo-tool
[1.707s] DEBUG:colcon.colcon_core.event_handler.log_command:Invoking command in '/home/samee/ros2ws/build/r-gator-launch': CMAKE_PREFIX_PATH=${CMAKE_PREFIX_PATH}:/opt/ros/humble /usr/local/bin/cmake --install /home/samee/ros2ws/build/r-gator-launch
[1.709s] Level 1:colcon.colcon_core.environment:create_environment_scripts_only(r-gator-description)
[1.709s] DEBUG:colcon.colcon_core.event_handler.log_command:Invoking command in '/home/samee/ros2ws/build/r-gator-model': CMAKE_PREFIX_PATH=${CMAKE_PREFIX_PATH}:/opt/ros/humble /usr/local/bin/cmake --install /home/samee/ros2ws/build/r-gator-model
[1.714s] DEBUG:colcon.colcon_core.event_handler.log_command:Invoked command in '/home/samee/ros2ws/build/r-gator-description' returned '0': CMAKE_PREFIX_PATH=${CMAKE_PREFIX_PATH}:/opt/ros/humble /usr/local/bin/cmake --install /home/samee/ros2ws/build/r-gator-description
[1.733s] Level 1:colcon.colcon_core.environment:checking '/home/samee/ros2ws/install/r-gator-description' for CMake module files
[1.733s] Level 1:colcon.colcon_core.environment:checking '/home/samee/ros2ws/install/r-gator-description' for CMake config files
[1.733s] Level 1:colcon.colcon_core.shell:create_environment_hook('r-gator-description', 'cmake_prefix_path')
[1.747s] INFO:colcon.colcon_core.shell:Creating environment hook '/home/samee/ros2ws/install/r-gator-description/share/r-gator-description/hook/cmake_prefix_path.ps1'
[1.748s] INFO:colcon.colcon_core.shell:Creating environment descriptor '/home/samee/ros2ws/install/r-gator-description/share/r-gator-description/hook/cmake_prefix_path.dsv'
[1.748s] INFO:colcon.colcon_core.shell:Creating environment hook '/home/samee/ros2ws/install/r-gator-description/share/r-gator-description/hook/cmake_prefix_path.sh'
[1.749s] Level 1:colcon.colcon_core.environment:checking '/home/samee/ros2ws/install/r-gator-description/bin'
[1.749s] Level 1:colcon.colcon_core.environment:checking '/home/samee/ros2ws/install/r-gator-description/lib/pkgconfig/r-gator-description.pc'
[1.749s] Level 1:colcon.colcon_core.environment:checking '/home/samee/ros2ws/install/r-gator-description/lib/python3.10/site-packages'
[1.749s] Level 1:colcon.colcon_core.environment:checking '/home/samee/ros2ws/install/r-gator-description/bin'
[1.764s] INFO:colcon.colcon_core.shell:Creating package script '/home/samee/ros2ws/install/r-gator-description/share/r-gator-description/package.ps1'
[1.764s] INFO:colcon.colcon_core.shell:Creating package descriptor '/home/samee/ros2ws/install/r-gator-description/share/r-gator-description/package.dsv'
[1.764s] INFO:colcon.colcon_core.shell:Creating package script '/home/samee/ros2ws/install/r-gator-description/share/r-gator-description/package.sh'
[1.765s] INFO:colcon.colcon_core.shell:Creating package script '/home/samee/ros2ws/install/r-gator-description/share/r-gator-description/package.bash'
[1.765s] INFO:colcon.colcon_core.shell:Creating package script '/home/samee/ros2ws/install/r-gator-description/share/r-gator-description/package.zsh'
[1.766s] Level 1:colcon.colcon_core.environment:create_file_with_runtime_dependencies(/home/samee/ros2ws/install/r-gator-description/share/colcon-core/packages/r-gator-description)
[1.768s] DEBUG:colcon.colcon_core.event_handler.log_command:Invoking command in '/home/samee/ros2ws/build/r-gator-teleop': CMAKE_PREFIX_PATH=${CMAKE_PREFIX_PATH}:/opt/ros/humble /usr/local/bin/cmake --install /home/samee/ros2ws/build/r-gator-teleop
[1.768s] Level 1:colcon.colcon_core.environment:create_environment_scripts_only(r-gator-gazebo)
[1.768s] DEBUG:colcon.colcon_core.event_handler.log_command:Invoked command in '/home/samee/ros2ws/build/r-gator-gazebo' returned '0': CMAKE_PREFIX_PATH=${CMAKE_PREFIX_PATH}:/opt/ros/humble /usr/local/bin/cmake --install /home/samee/ros2ws/build/r-gator-gazebo
[1.783s] Level 1:colcon.colcon_core.environment:checking '/home/samee/ros2ws/install/r-gator-gazebo' for CMake module files
[1.784s] Level 1:colcon.colcon_core.environment:checking '/home/samee/ros2ws/install/r-gator-gazebo' for CMake config files
[1.784s] Level 1:colcon.colcon_core.shell:create_environment_hook('r-gator-gazebo', 'cmake_prefix_path')
[1.801s] INFO:colcon.colcon_core.shell:Creating environment hook '/home/samee/ros2ws/install/r-gator-gazebo/share/r-gator-gazebo/hook/cmake_prefix_path.ps1'
[1.801s] INFO:colcon.colcon_core.shell:Creating environment descriptor '/home/samee/ros2ws/install/r-gator-gazebo/share/r-gator-gazebo/hook/cmake_prefix_path.dsv'
[1.802s] INFO:colcon.colcon_core.shell:Creating environment hook '/home/samee/ros2ws/install/r-gator-gazebo/share/r-gator-gazebo/hook/cmake_prefix_path.sh'
[1.802s] Level 1:colcon.colcon_core.environment:checking '/home/samee/ros2ws/install/r-gator-gazebo/bin'
[1.802s] Level 1:colcon.colcon_core.environment:checking '/home/samee/ros2ws/install/r-gator-gazebo/lib/pkgconfig/r-gator-gazebo.pc'
[1.802s] Level 1:colcon.colcon_core.environment:checking '/home/samee/ros2ws/install/r-gator-gazebo/lib/python3.10/site-packages'
[1.802s] Level 1:colcon.colcon_core.environment:checking '/home/samee/ros2ws/install/r-gator-gazebo/bin'
[1.818s] INFO:colcon.colcon_core.shell:Creating package script '/home/samee/ros2ws/install/r-gator-gazebo/share/r-gator-gazebo/package.ps1'
[1.819s] INFO:colcon.colcon_core.shell:Creating package descriptor '/home/samee/ros2ws/install/r-gator-gazebo/share/r-gator-gazebo/package.dsv'
[1.819s] INFO:colcon.colcon_core.shell:Creating package script '/home/samee/ros2ws/install/r-gator-gazebo/share/r-gator-gazebo/package.sh'
[1.819s] INFO:colcon.colcon_core.shell:Creating package script '/home/samee/ros2ws/install/r-gator-gazebo/share/r-gator-gazebo/package.bash'
[1.819s] INFO:colcon.colcon_core.shell:Creating package script '/home/samee/ros2ws/install/r-gator-gazebo/share/r-gator-gazebo/package.zsh'
[1.820s] Level 1:colcon.colcon_core.environment:create_file_with_runtime_dependencies(/home/samee/ros2ws/install/r-gator-gazebo/share/colcon-core/packages/r-gator-gazebo)
[1.821s] Level 1:colcon.colcon_core.environment:create_environment_scripts_only(r-gator-gazebo-tool)
[1.821s] DEBUG:colcon.colcon_core.event_handler.log_command:Invoked command in '/home/samee/ros2ws/build/r-gator-gazebo-tool' returned '0': CMAKE_PREFIX_PATH=${CMAKE_PREFIX_PATH}:/opt/ros/humble /usr/local/bin/cmake --install /home/samee/ros2ws/build/r-gator-gazebo-tool
[1.837s] Level 1:colcon.colcon_core.environment:checking '/home/samee/ros2ws/install/r-gator-gazebo-tool' for CMake module files
[1.837s] Level 1:colcon.colcon_core.environment:checking '/home/samee/ros2ws/install/r-gator-gazebo-tool' for CMake config files
[1.837s] Level 1:colcon.colcon_core.shell:create_environment_hook('r-gator-gazebo-tool', 'cmake_prefix_path')
[1.852s] INFO:colcon.colcon_core.shell:Creating environment hook '/home/samee/ros2ws/install/r-gator-gazebo-tool/share/r-gator-gazebo-tool/hook/cmake_prefix_path.ps1'
[1.852s] INFO:colcon.colcon_core.shell:Creating environment descriptor '/home/samee/ros2ws/install/r-gator-gazebo-tool/share/r-gator-gazebo-tool/hook/cmake_prefix_path.dsv'
[1.852s] INFO:colcon.colcon_core.shell:Creating environment hook '/home/samee/ros2ws/install/r-gator-gazebo-tool/share/r-gator-gazebo-tool/hook/cmake_prefix_path.sh'
[1.853s] Level 1:colcon.colcon_core.environment:checking '/home/samee/ros2ws/install/r-gator-gazebo-tool/bin'
[1.853s] Level 1:colcon.colcon_core.environment:checking '/home/samee/ros2ws/install/r-gator-gazebo-tool/lib/pkgconfig/r-gator-gazebo-tool.pc'
[1.853s] Level 1:colcon.colcon_core.environment:checking '/home/samee/ros2ws/install/r-gator-gazebo-tool/lib/python3.10/site-packages'
[1.853s] Level 1:colcon.colcon_core.environment:checking '/home/samee/ros2ws/install/r-gator-gazebo-tool/bin'
[1.867s] INFO:colcon.colcon_core.shell:Creating package script '/home/samee/ros2ws/install/r-gator-gazebo-tool/share/r-gator-gazebo-tool/package.ps1'
[1.867s] INFO:colcon.colcon_core.shell:Creating package descriptor '/home/samee/ros2ws/install/r-gator-gazebo-tool/share/r-gator-gazebo-tool/package.dsv'
[1.868s] INFO:colcon.colcon_core.shell:Creating package script '/home/samee/ros2ws/install/r-gator-gazebo-tool/share/r-gator-gazebo-tool/package.sh'
[1.868s] INFO:colcon.colcon_core.shell:Creating package script '/home/samee/ros2ws/install/r-gator-gazebo-tool/share/r-gator-gazebo-tool/package.bash'
[1.868s] INFO:colcon.colcon_core.shell:Creating package script '/home/samee/ros2ws/install/r-gator-gazebo-tool/share/r-gator-gazebo-tool/package.zsh'
[1.869s] Level 1:colcon.colcon_core.environment:create_file_with_runtime_dependencies(/home/samee/ros2ws/install/r-gator-gazebo-tool/share/colcon-core/packages/r-gator-gazebo-tool)
[1.869s] Level 1:colcon.colcon_core.environment:create_environment_scripts_only(r-gator-launch)
[1.870s] DEBUG:colcon.colcon_core.event_handler.log_command:Invoked command in '/home/samee/ros2ws/build/r-gator-launch' returned '0': CMAKE_PREFIX_PATH=${CMAKE_PREFIX_PATH}:/opt/ros/humble /usr/local/bin/cmake --install /home/samee/ros2ws/build/r-gator-launch
[1.884s] Level 1:colcon.colcon_core.environment:checking '/home/samee/ros2ws/install/r-gator-launch' for CMake module files
[1.885s] Level 1:colcon.colcon_core.environment:checking '/home/samee/ros2ws/install/r-gator-launch' for CMake config files
[1.885s] Level 1:colcon.colcon_core.shell:create_environment_hook('r-gator-launch', 'cmake_prefix_path')
[1.900s] INFO:colcon.colcon_core.shell:Creating environment hook '/home/samee/ros2ws/install/r-gator-launch/share/r-gator-launch/hook/cmake_prefix_path.ps1'
[1.901s] INFO:colcon.colcon_core.shell:Creating environment descriptor '/home/samee/ros2ws/install/r-gator-launch/share/r-gator-launch/hook/cmake_prefix_path.dsv'
[1.901s] INFO:colcon.colcon_core.shell:Creating environment hook '/home/samee/ros2ws/install/r-gator-launch/share/r-gator-launch/hook/cmake_prefix_path.sh'
[1.901s] Level 1:colcon.colcon_core.environment:checking '/home/samee/ros2ws/install/r-gator-launch/bin'
[1.901s] Level 1:colcon.colcon_core.environment:checking '/home/samee/ros2ws/install/r-gator-launch/lib/pkgconfig/r-gator-launch.pc'
[1.902s] Level 1:colcon.colcon_core.environment:checking '/home/samee/ros2ws/install/r-gator-launch/lib/python3.10/site-packages'
[1.902s] Level 1:colcon.colcon_core.environment:checking '/home/samee/ros2ws/install/r-gator-launch/bin'
[1.917s] INFO:colcon.colcon_core.shell:Creating package script '/home/samee/ros2ws/install/r-gator-launch/share/r-gator-launch/package.ps1'
[1.917s] INFO:colcon.colcon_core.shell:Creating package descriptor '/home/samee/ros2ws/install/r-gator-launch/share/r-gator-launch/package.dsv'
[1.917s] INFO:colcon.colcon_core.shell:Creating package script '/home/samee/ros2ws/install/r-gator-launch/share/r-gator-launch/package.sh'
[1.918s] INFO:colcon.colcon_core.shell:Creating package script '/home/samee/ros2ws/install/r-gator-launch/share/r-gator-launch/package.bash'
[1.918s] INFO:colcon.colcon_core.shell:Creating package script '/home/samee/ros2ws/install/r-gator-launch/share/r-gator-launch/package.zsh'
[1.918s] Level 1:colcon.colcon_core.environment:create_file_with_runtime_dependencies(/home/samee/ros2ws/install/r-gator-launch/share/colcon-core/packages/r-gator-launch)
[1.921s] Level 1:colcon.colcon_core.environment:create_environment_scripts_only(r-gator-model)
[1.924s] DEBUG:colcon.colcon_core.event_handler.log_command:Invoked command in '/home/samee/ros2ws/build/r-gator-model' returned '0': CMAKE_PREFIX_PATH=${CMAKE_PREFIX_PATH}:/opt/ros/humble /usr/local/bin/cmake --install /home/samee/ros2ws/build/r-gator-model
[1.938s] Level 1:colcon.colcon_core.environment:checking '/home/samee/ros2ws/install/r-gator-model' for CMake module files
[1.938s] Level 1:colcon.colcon_core.environment:checking '/home/samee/ros2ws/install/r-gator-model' for CMake config files
[1.938s] Level 1:colcon.colcon_core.shell:create_environment_hook('r-gator-model', 'cmake_prefix_path')
[1.953s] INFO:colcon.colcon_core.shell:Creating environment hook '/home/samee/ros2ws/install/r-gator-model/share/r-gator-model/hook/cmake_prefix_path.ps1'
[1.953s] INFO:colcon.colcon_core.shell:Creating environment descriptor '/home/samee/ros2ws/install/r-gator-model/share/r-gator-model/hook/cmake_prefix_path.dsv'
[1.953s] INFO:colcon.colcon_core.shell:Creating environment hook '/home/samee/ros2ws/install/r-gator-model/share/r-gator-model/hook/cmake_prefix_path.sh'
[1.954s] Level 1:colcon.colcon_core.environment:checking '/home/samee/ros2ws/install/r-gator-model/bin'
[1.954s] Level 1:colcon.colcon_core.environment:checking '/home/samee/ros2ws/install/r-gator-model/lib/pkgconfig/r-gator-model.pc'
[1.954s] Level 1:colcon.colcon_core.environment:checking '/home/samee/ros2ws/install/r-gator-model/lib/python3.10/site-packages'
[1.954s] Level 1:colcon.colcon_core.environment:checking '/home/samee/ros2ws/install/r-gator-model/bin'
[1.969s] INFO:colcon.colcon_core.shell:Creating package script '/home/samee/ros2ws/install/r-gator-model/share/r-gator-model/package.ps1'
[1.969s] INFO:colcon.colcon_core.shell:Creating package descriptor '/home/samee/ros2ws/install/r-gator-model/share/r-gator-model/package.dsv'
[1.970s] INFO:colcon.colcon_core.shell:Creating package script '/home/samee/ros2ws/install/r-gator-model/share/r-gator-model/package.sh'
[1.970s] INFO:colcon.colcon_core.shell:Creating package script '/home/samee/ros2ws/install/r-gator-model/share/r-gator-model/package.bash'
[1.970s] INFO:colcon.colcon_core.shell:Creating package script '/home/samee/ros2ws/install/r-gator-model/share/r-gator-model/package.zsh'
[1.970s] Level 1:colcon.colcon_core.environment:create_file_with_runtime_dependencies(/home/samee/ros2ws/install/r-gator-model/share/colcon-core/packages/r-gator-model)
[1.986s] Level 1:colcon.colcon_core.environment:create_environment_scripts_only(r-gator-description)
[2.002s] Level 1:colcon.colcon_core.environment:checking '/home/samee/ros2ws/install/r-gator-description' for CMake module files
[2.002s] Level 1:colcon.colcon_core.environment:checking '/home/samee/ros2ws/install/r-gator-description' for CMake config files
[2.002s] Level 1:colcon.colcon_core.shell:create_environment_hook('r-gator-description', 'cmake_prefix_path')
[2.017s] INFO:colcon.colcon_core.shell:Creating environment hook '/home/samee/ros2ws/install/r-gator-description/share/r-gator-description/hook/cmake_prefix_path.ps1'
[2.018s] INFO:colcon.colcon_core.shell:Creating environment descriptor '/home/samee/ros2ws/install/r-gator-description/share/r-gator-description/hook/cmake_prefix_path.dsv'
[2.018s] INFO:colcon.colcon_core.shell:Creating environment hook '/home/samee/ros2ws/install/r-gator-description/share/r-gator-description/hook/cmake_prefix_path.sh'
[2.019s] Level 1:colcon.colcon_core.environment:checking '/home/samee/ros2ws/install/r-gator-description/bin'
[2.019s] Level 1:colcon.colcon_core.environment:checking '/home/samee/ros2ws/install/r-gator-description/lib/pkgconfig/r-gator-description.pc'
[2.019s] Level 1:colcon.colcon_core.environment:checking '/home/samee/ros2ws/install/r-gator-description/lib/python3.10/site-packages'
[2.019s] Level 1:colcon.colcon_core.environment:checking '/home/samee/ros2ws/install/r-gator-description/bin'
[2.034s] INFO:colcon.colcon_core.shell:Creating package script '/home/samee/ros2ws/install/r-gator-description/share/r-gator-description/package.ps1'
[2.034s] INFO:colcon.colcon_core.shell:Creating package descriptor '/home/samee/ros2ws/install/r-gator-description/share/r-gator-description/package.dsv'
[2.035s] INFO:colcon.colcon_core.shell:Creating package script '/home/samee/ros2ws/install/r-gator-description/share/r-gator-description/package.sh'
[2.035s] INFO:colcon.colcon_core.shell:Creating package script '/home/samee/ros2ws/install/r-gator-description/share/r-gator-description/package.bash'
[2.035s] INFO:colcon.colcon_core.shell:Creating package script '/home/samee/ros2ws/install/r-gator-description/share/r-gator-description/package.zsh'
[2.036s] Level 1:colcon.colcon_core.environment:create_file_with_runtime_dependencies(/home/samee/ros2ws/install/r-gator-description/share/colcon-core/packages/r-gator-description)
[2.036s] Level 1:colcon.colcon_core.environment:create_environment_scripts_only(r-gator-teleop)
[2.037s] DEBUG:colcon.colcon_core.event_handler.log_command:Invoked command in '/home/samee/ros2ws/build/r-gator-teleop' returned '0': CMAKE_PREFIX_PATH=${CMAKE_PREFIX_PATH}:/opt/ros/humble /usr/local/bin/cmake --install /home/samee/ros2ws/build/r-gator-teleop
[2.052s] Level 1:colcon.colcon_core.environment:checking '/home/samee/ros2ws/install/r-gator-teleop' for CMake module files
[2.052s] Level 1:colcon.colcon_core.environment:checking '/home/samee/ros2ws/install/r-gator-teleop' for CMake config files
[2.052s] Level 1:colcon.colcon_core.shell:create_environment_hook('r-gator-teleop', 'cmake_prefix_path')
[2.068s] INFO:colcon.colcon_core.shell:Creating environment hook '/home/samee/ros2ws/install/r-gator-teleop/share/r-gator-teleop/hook/cmake_prefix_path.ps1'
[2.068s] INFO:colcon.colcon_core.shell:Creating environment descriptor '/home/samee/ros2ws/install/r-gator-teleop/share/r-gator-teleop/hook/cmake_prefix_path.dsv'
[2.068s] INFO:colcon.colcon_core.shell:Creating environment hook '/home/samee/ros2ws/install/r-gator-teleop/share/r-gator-teleop/hook/cmake_prefix_path.sh'
[2.068s] Level 1:colcon.colcon_core.environment:checking '/home/samee/ros2ws/install/r-gator-teleop/bin'
[2.069s] Level 1:colcon.colcon_core.environment:checking '/home/samee/ros2ws/install/r-gator-teleop/lib/pkgconfig/r-gator-teleop.pc'
[2.069s] Level 1:colcon.colcon_core.environment:checking '/home/samee/ros2ws/install/r-gator-teleop/lib/python3.10/site-packages'
[2.069s] Level 1:colcon.colcon_core.environment:checking '/home/samee/ros2ws/install/r-gator-teleop/bin'
[2.084s] INFO:colcon.colcon_core.shell:Creating package script '/home/samee/ros2ws/install/r-gator-teleop/share/r-gator-teleop/package.ps1'
[2.084s] INFO:colcon.colcon_core.shell:Creating package descriptor '/home/samee/ros2ws/install/r-gator-teleop/share/r-gator-teleop/package.dsv'
[2.084s] INFO:colcon.colcon_core.shell:Creating package script '/home/samee/ros2ws/install/r-gator-teleop/share/r-gator-teleop/package.sh'
[2.084s] INFO:colcon.colcon_core.shell:Creating package script '/home/samee/ros2ws/install/r-gator-teleop/share/r-gator-teleop/package.bash'
[2.085s] INFO:colcon.colcon_core.shell:Creating package script '/home/samee/ros2ws/install/r-gator-teleop/share/r-gator-teleop/package.zsh'
[2.085s] Level 1:colcon.colcon_core.environment:create_file_with_runtime_dependencies(/home/samee/ros2ws/install/r-gator-teleop/share/colcon-core/packages/r-gator-teleop)
[2.102s] Level 1:colcon.colcon_core.environment:create_environment_scripts_only(r-gator-gazebo)
[2.117s] Level 1:colcon.colcon_core.environment:checking '/home/samee/ros2ws/install/r-gator-gazebo' for CMake module files
[2.118s] Level 1:colcon.colcon_core.environment:checking '/home/samee/ros2ws/install/r-gator-gazebo' for CMake config files
[2.118s] Level 1:colcon.colcon_core.shell:create_environment_hook('r-gator-gazebo', 'cmake_prefix_path')
[2.132s] INFO:colcon.colcon_core.shell:Creating environment hook '/home/samee/ros2ws/install/r-gator-gazebo/share/r-gator-gazebo/hook/cmake_prefix_path.ps1'
[2.133s] INFO:colcon.colcon_core.shell:Creating environment descriptor '/home/samee/ros2ws/install/r-gator-gazebo/share/r-gator-gazebo/hook/cmake_prefix_path.dsv'
[2.133s] INFO:colcon.colcon_core.shell:Creating environment hook '/home/samee/ros2ws/install/r-gator-gazebo/share/r-gator-gazebo/hook/cmake_prefix_path.sh'
[2.133s] Level 1:colcon.colcon_core.environment:checking '/home/samee/ros2ws/install/r-gator-gazebo/bin'
[2.133s] Level 1:colcon.colcon_core.environment:checking '/home/samee/ros2ws/install/r-gator-gazebo/lib/pkgconfig/r-gator-gazebo.pc'
[2.133s] Level 1:colcon.colcon_core.environment:checking '/home/samee/ros2ws/install/r-gator-gazebo/lib/python3.10/site-packages'
[2.134s] Level 1:colcon.colcon_core.environment:checking '/home/samee/ros2ws/install/r-gator-gazebo/bin'
[2.148s] INFO:colcon.colcon_core.shell:Creating package script '/home/samee/ros2ws/install/r-gator-gazebo/share/r-gator-gazebo/package.ps1'
[2.148s] INFO:colcon.colcon_core.shell:Creating package descriptor '/home/samee/ros2ws/install/r-gator-gazebo/share/r-gator-gazebo/package.dsv'
[2.148s] INFO:colcon.colcon_core.shell:Creating package script '/home/samee/ros2ws/install/r-gator-gazebo/share/r-gator-gazebo/package.sh'
[2.149s] INFO:colcon.colcon_core.shell:Creating package script '/home/samee/ros2ws/install/r-gator-gazebo/share/r-gator-gazebo/package.bash'
[2.149s] INFO:colcon.colcon_core.shell:Creating package script '/home/samee/ros2ws/install/r-gator-gazebo/share/r-gator-gazebo/package.zsh'
[2.149s] Level 1:colcon.colcon_core.environment:create_file_with_runtime_dependencies(/home/samee/ros2ws/install/r-gator-gazebo/share/colcon-core/packages/r-gator-gazebo)
[2.165s] Level 1:colcon.colcon_core.environment:create_environment_scripts_only(r-gator-gazebo-tool)
[2.179s] Level 1:colcon.colcon_core.environment:checking '/home/samee/ros2ws/install/r-gator-gazebo-tool' for CMake module files
[2.180s] Level 1:colcon.colcon_core.environment:checking '/home/samee/ros2ws/install/r-gator-gazebo-tool' for CMake config files
[2.180s] Level 1:colcon.colcon_core.shell:create_environment_hook('r-gator-gazebo-tool', 'cmake_prefix_path')
[2.196s] INFO:colcon.colcon_core.shell:Creating environment hook '/home/samee/ros2ws/install/r-gator-gazebo-tool/share/r-gator-gazebo-tool/hook/cmake_prefix_path.ps1'
[2.196s] INFO:colcon.colcon_core.shell:Creating environment descriptor '/home/samee/ros2ws/install/r-gator-gazebo-tool/share/r-gator-gazebo-tool/hook/cmake_prefix_path.dsv'
[2.196s] INFO:colcon.colcon_core.shell:Creating environment hook '/home/samee/ros2ws/install/r-gator-gazebo-tool/share/r-gator-gazebo-tool/hook/cmake_prefix_path.sh'
[2.197s] Level 1:colcon.colcon_core.environment:checking '/home/samee/ros2ws/install/r-gator-gazebo-tool/bin'
[2.197s] Level 1:colcon.colcon_core.environment:checking '/home/samee/ros2ws/install/r-gator-gazebo-tool/lib/pkgconfig/r-gator-gazebo-tool.pc'
[2.197s] Level 1:colcon.colcon_core.environment:checking '/home/samee/ros2ws/install/r-gator-gazebo-tool/lib/python3.10/site-packages'
[2.197s] Level 1:colcon.colcon_core.environment:checking '/home/samee/ros2ws/install/r-gator-gazebo-tool/bin'
[2.214s] INFO:colcon.colcon_core.shell:Creating package script '/home/samee/ros2ws/install/r-gator-gazebo-tool/share/r-gator-gazebo-tool/package.ps1'
[2.215s] INFO:colcon.colcon_core.shell:Creating package descriptor '/home/samee/ros2ws/install/r-gator-gazebo-tool/share/r-gator-gazebo-tool/package.dsv'
[2.215s] INFO:colcon.colcon_core.shell:Creating package script '/home/samee/ros2ws/install/r-gator-gazebo-tool/share/r-gator-gazebo-tool/package.sh'
[2.215s] INFO:colcon.colcon_core.shell:Creating package script '/home/samee/ros2ws/install/r-gator-gazebo-tool/share/r-gator-gazebo-tool/package.bash'
[2.216s] INFO:colcon.colcon_core.shell:Creating package script '/home/samee/ros2ws/install/r-gator-gazebo-tool/share/r-gator-gazebo-tool/package.zsh'
[2.216s] Level 1:colcon.colcon_core.environment:create_file_with_runtime_dependencies(/home/samee/ros2ws/install/r-gator-gazebo-tool/share/colcon-core/packages/r-gator-gazebo-tool)
[2.233s] Level 1:colcon.colcon_core.environment:create_environment_scripts_only(r-gator-launch)
[2.249s] Level 1:colcon.colcon_core.environment:checking '/home/samee/ros2ws/install/r-gator-launch' for CMake module files
[2.249s] Level 1:colcon.colcon_core.environment:checking '/home/samee/ros2ws/install/r-gator-launch' for CMake config files
[2.249s] Level 1:colcon.colcon_core.shell:create_environment_hook('r-gator-launch', 'cmake_prefix_path')
[2.267s] INFO:colcon.colcon_core.shell:Creating environment hook '/home/samee/ros2ws/install/r-gator-launch/share/r-gator-launch/hook/cmake_prefix_path.ps1'
[2.267s] INFO:colcon.colcon_core.shell:Creating environment descriptor '/home/samee/ros2ws/install/r-gator-launch/share/r-gator-launch/hook/cmake_prefix_path.dsv'
[2.267s] INFO:colcon.colcon_core.shell:Creating environment hook '/home/samee/ros2ws/install/r-gator-launch/share/r-gator-launch/hook/cmake_prefix_path.sh'
[2.268s] Level 1:colcon.colcon_core.environment:checking '/home/samee/ros2ws/install/r-gator-launch/bin'
[2.268s] Level 1:colcon.colcon_core.environment:checking '/home/samee/ros2ws/install/r-gator-launch/lib/pkgconfig/r-gator-launch.pc'
[2.268s] Level 1:colcon.colcon_core.environment:checking '/home/samee/ros2ws/install/r-gator-launch/lib/python3.10/site-packages'
[2.268s] Level 1:colcon.colcon_core.environment:checking '/home/samee/ros2ws/install/r-gator-launch/bin'
[2.283s] INFO:colcon.colcon_core.shell:Creating package script '/home/samee/ros2ws/install/r-gator-launch/share/r-gator-launch/package.ps1'
[2.284s] INFO:colcon.colcon_core.shell:Creating package descriptor '/home/samee/ros2ws/install/r-gator-launch/share/r-gator-launch/package.dsv'
[2.284s] INFO:colcon.colcon_core.shell:Creating package script '/home/samee/ros2ws/install/r-gator-launch/share/r-gator-launch/package.sh'
[2.284s] INFO:colcon.colcon_core.shell:Creating package script '/home/samee/ros2ws/install/r-gator-launch/share/r-gator-launch/package.bash'
[2.285s] INFO:colcon.colcon_core.shell:Creating package script '/home/samee/ros2ws/install/r-gator-launch/share/r-gator-launch/package.zsh'
[2.285s] Level 1:colcon.colcon_core.environment:create_file_with_runtime_dependencies(/home/samee/ros2ws/install/r-gator-launch/share/colcon-core/packages/r-gator-launch)
[2.301s] Level 1:colcon.colcon_core.environment:create_environment_scripts_only(r-gator-model)
[2.324s] Level 1:colcon.colcon_core.environment:checking '/home/samee/ros2ws/install/r-gator-model' for CMake module files
[2.325s] Level 1:colcon.colcon_core.environment:checking '/home/samee/ros2ws/install/r-gator-model' for CMake config files
[2.325s] Level 1:colcon.colcon_core.shell:create_environment_hook('r-gator-model', 'cmake_prefix_path')
[2.340s] INFO:colcon.colcon_core.shell:Creating environment hook '/home/samee/ros2ws/install/r-gator-model/share/r-gator-model/hook/cmake_prefix_path.ps1'
[2.340s] INFO:colcon.colcon_core.shell:Creating environment descriptor '/home/samee/ros2ws/install/r-gator-model/share/r-gator-model/hook/cmake_prefix_path.dsv'
[2.340s] INFO:colcon.colcon_core.shell:Creating environment hook '/home/samee/ros2ws/install/r-gator-model/share/r-gator-model/hook/cmake_prefix_path.sh'
[2.341s] Level 1:colcon.colcon_core.environment:checking '/home/samee/ros2ws/install/r-gator-model/bin'
[2.341s] Level 1:colcon.colcon_core.environment:checking '/home/samee/ros2ws/install/r-gator-model/lib/pkgconfig/r-gator-model.pc'
[2.341s] Level 1:colcon.colcon_core.environment:checking '/home/samee/ros2ws/install/r-gator-model/lib/python3.10/site-packages'
[2.341s] Level 1:colcon.colcon_core.environment:checking '/home/samee/ros2ws/install/r-gator-model/bin'
[2.356s] INFO:colcon.colcon_core.shell:Creating package script '/home/samee/ros2ws/install/r-gator-model/share/r-gator-model/package.ps1'
[2.357s] INFO:colcon.colcon_core.shell:Creating package descriptor '/home/samee/ros2ws/install/r-gator-model/share/r-gator-model/package.dsv'
[2.357s] INFO:colcon.colcon_core.shell:Creating package script '/home/samee/ros2ws/install/r-gator-model/share/r-gator-model/package.sh'
[2.357s] INFO:colcon.colcon_core.shell:Creating package script '/home/samee/ros2ws/install/r-gator-model/share/r-gator-model/package.bash'
[2.358s] INFO:colcon.colcon_core.shell:Creating package script '/home/samee/ros2ws/install/r-gator-model/share/r-gator-model/package.zsh'
[2.358s] Level 1:colcon.colcon_core.environment:create_file_with_runtime_dependencies(/home/samee/ros2ws/install/r-gator-model/share/colcon-core/packages/r-gator-model)
[2.374s] Level 1:colcon.colcon_core.environment:create_environment_scripts_only(r-gator-teleop)
[2.389s] Level 1:colcon.colcon_core.environment:checking '/home/samee/ros2ws/install/r-gator-teleop' for CMake module files
[2.390s] Level 1:colcon.colcon_core.environment:checking '/home/samee/ros2ws/install/r-gator-teleop' for CMake config files
[2.390s] Level 1:colcon.colcon_core.shell:create_environment_hook('r-gator-teleop', 'cmake_prefix_path')
[2.406s] INFO:colcon.colcon_core.shell:Creating environment hook '/home/samee/ros2ws/install/r-gator-teleop/share/r-gator-teleop/hook/cmake_prefix_path.ps1'
[2.407s] INFO:colcon.colcon_core.shell:Creating environment descriptor '/home/samee/ros2ws/install/r-gator-teleop/share/r-gator-teleop/hook/cmake_prefix_path.dsv'
[2.407s] INFO:colcon.colcon_core.shell:Creating environment hook '/home/samee/ros2ws/install/r-gator-teleop/share/r-gator-teleop/hook/cmake_prefix_path.sh'
[2.407s] Level 1:colcon.colcon_core.environment:checking '/home/samee/ros2ws/install/r-gator-teleop/bin'
[2.407s] Level 1:colcon.colcon_core.environment:checking '/home/samee/ros2ws/install/r-gator-teleop/lib/pkgconfig/r-gator-teleop.pc'
[2.408s] Level 1:colcon.colcon_core.environment:checking '/home/samee/ros2ws/install/r-gator-teleop/lib/python3.10/site-packages'
[2.408s] Level 1:colcon.colcon_core.environment:checking '/home/samee/ros2ws/install/r-gator-teleop/bin'
[2.424s] INFO:colcon.colcon_core.shell:Creating package script '/home/samee/ros2ws/install/r-gator-teleop/share/r-gator-teleop/package.ps1'
[2.424s] INFO:colcon.colcon_core.shell:Creating package descriptor '/home/samee/ros2ws/install/r-gator-teleop/share/r-gator-teleop/package.dsv'
[2.424s] INFO:colcon.colcon_core.shell:Creating package script '/home/samee/ros2ws/install/r-gator-teleop/share/r-gator-teleop/package.sh'
[2.425s] INFO:colcon.colcon_core.shell:Creating package script '/home/samee/ros2ws/install/r-gator-teleop/share/r-gator-teleop/package.bash'
[2.425s] INFO:colcon.colcon_core.shell:Creating package script '/home/samee/ros2ws/install/r-gator-teleop/share/r-gator-teleop/package.zsh'
[2.425s] Level 1:colcon.colcon_core.environment:create_file_with_runtime_dependencies(/home/samee/ros2ws/install/r-gator-teleop/share/colcon-core/packages/r-gator-teleop)
[2.425s] DEBUG:colcon.colcon_parallel_executor.executor.parallel:closing loop
[2.426s] DEBUG:colcon.colcon_parallel_executor.executor.parallel:loop closed
[2.426s] DEBUG:colcon.colcon_parallel_executor.executor.parallel:run_until_complete finished with '0'
[2.426s] DEBUG:colcon.colcon_core.event_reactor:joining thread
[2.447s] INFO:colcon.colcon_core.plugin_system:Skipping extension 'colcon_notification.desktop_notification.notify_send': Could not find 'notify-send'
[2.447s] INFO:colcon.colcon_core.plugin_system:Skipping extension 'colcon_notification.desktop_notification.terminal_notifier': Not used on non-Darwin systems
[2.447s] INFO:colcon.colcon_core.plugin_system:Skipping extension 'colcon_notification.desktop_notification.win32': Not used on non-Windows systems
[2.447s] INFO:colcon.colcon_notification.desktop_notification:Sending desktop notification using 'notify2'
[2.473s] DEBUG:colcon.colcon_core.event_reactor:joined thread
[2.489s] INFO:colcon.colcon_core.shell:Creating prefix script '/home/samee/ros2ws/install/local_setup.ps1'
[2.490s] INFO:colcon.colcon_core.shell:Creating prefix util module '/home/samee/ros2ws/install/_local_setup_util_ps1.py'
[2.491s] INFO:colcon.colcon_core.shell:Creating prefix chain script '/home/samee/ros2ws/install/setup.ps1'
[2.507s] INFO:colcon.colcon_core.shell:Creating prefix script '/home/samee/ros2ws/install/local_setup.sh'
[2.508s] INFO:colcon.colcon_core.shell:Creating prefix util module '/home/samee/ros2ws/install/_local_setup_util_sh.py'
[2.508s] INFO:colcon.colcon_core.shell:Creating prefix chain script '/home/samee/ros2ws/install/setup.sh'
[2.524s] INFO:colcon.colcon_core.shell:Creating prefix script '/home/samee/ros2ws/install/local_setup.bash'
[2.525s] INFO:colcon.colcon_core.shell:Creating prefix chain script '/home/samee/ros2ws/install/setup.bash'
[2.541s] INFO:colcon.colcon_core.shell:Creating prefix script '/home/samee/ros2ws/install/local_setup.zsh'
[2.542s] INFO:colcon.colcon_core.shell:Creating prefix chain script '/home/samee/ros2ws/install/setup.zsh'
