[0.416s] Invoking command in '/home/samee/ros2ws/build/r_gator_description': CMAKE_PREFIX_PATH=/opt/ros/humble:${CMAKE_PREFIX_PATH} /usr/local/bin/cmake --build /home/samee/ros2ws/build/r_gator_description -- -j12 -l12
[0.432s] Invoked command in '/home/samee/ros2ws/build/r_gator_description' returned '0': CMAKE_PREFIX_PATH=/opt/ros/humble:${CMAKE_PREFIX_PATH} /usr/local/bin/cmake --build /home/samee/ros2ws/build/r_gator_description -- -j12 -l12
[0.448s] Invoking command in '/home/samee/ros2ws/build/r_gator_description': CMAKE_PREFIX_PATH=/opt/ros/humble:${CMAKE_PREFIX_PATH} /usr/local/bin/cmake --install /home/samee/ros2ws/build/r_gator_description
[0.451s] -- Install configuration: ""
[0.451s] -- Up-to-date: /home/samee/ros2ws/install/r_gator_description/share/ament_index/resource_index/package_run_dependencies/r_gator_description
[0.451s] -- Up-to-date: /home/samee/ros2ws/install/r_gator_description/share/ament_index/resource_index/parent_prefix_path/r_gator_description
[0.451s] -- Up-to-date: /home/samee/ros2ws/install/r_gator_description/share/r_gator_description/environment/ament_prefix_path.sh
[0.451s] -- Up-to-date: /home/samee/ros2ws/install/r_gator_description/share/r_gator_description/environment/ament_prefix_path.dsv
[0.451s] -- Up-to-date: /home/samee/ros2ws/install/r_gator_description/share/r_gator_description/environment/path.sh
[0.451s] -- Up-to-date: /home/samee/ros2ws/install/r_gator_description/share/r_gator_description/environment/path.dsv
[0.451s] -- Up-to-date: /home/samee/ros2ws/install/r_gator_description/share/r_gator_description/local_setup.bash
[0.452s] -- Up-to-date: /home/samee/ros2ws/install/r_gator_description/share/r_gator_description/local_setup.sh
[0.452s] -- Up-to-date: /home/samee/ros2ws/install/r_gator_description/share/r_gator_description/local_setup.zsh
[0.452s] -- Up-to-date: /home/samee/ros2ws/install/r_gator_description/share/r_gator_description/local_setup.dsv
[0.452s] -- Installing: /home/samee/ros2ws/install/r_gator_description/share/r_gator_description/package.dsv
[0.452s] -- Up-to-date: /home/samee/ros2ws/install/r_gator_description/share/ament_index/resource_index/packages/r_gator_description
[0.452s] -- Up-to-date: /home/samee/ros2ws/install/r_gator_description/share/r_gator_description/cmake/r_gator_descriptionConfig.cmake
[0.452s] -- Up-to-date: /home/samee/ros2ws/install/r_gator_description/share/r_gator_description/cmake/r_gator_descriptionConfig-version.cmake
[0.452s] -- Up-to-date: /home/samee/ros2ws/install/r_gator_description/share/r_gator_description/package.xml
[0.462s] Invoked command in '/home/samee/ros2ws/build/r_gator_description' returned '0': CMAKE_PREFIX_PATH=/opt/ros/humble:${CMAKE_PREFIX_PATH} /usr/local/bin/cmake --install /home/samee/ros2ws/build/r_gator_description
