[5.987s] DEBUG:colcon:Command line arguments: ['/usr/bin/colcon', 'build']
[5.987s] DEBUG:colcon:Parsed command line arguments: Namespace(log_base=None, log_level=None, verb_name='build', build_base='build', install_base='install', merge_install=False, symlink_install=False, test_result_base=None, continue_on_error=False, executor='parallel', parallel_workers=12, event_handlers=None, ignore_user_meta=False, metas=['./colcon.meta'], base_paths=['.'], packages_ignore=None, packages_ignore_regex=None, paths=None, packages_up_to=None, packages_up_to_regex=None, packages_above=None, packages_above_and_dependencies=None, packages_above_depth=None, packages_select_by_dep=None, packages_skip_by_dep=None, packages_skip_up_to=None, packages_select_build_failed=False, packages_skip_build_finished=False, packages_select_test_failures=False, packages_skip_test_passed=False, packages_select=None, packages_skip=None, packages_select_regex=None, packages_skip_regex=None, packages_start=None, packages_end=None, allow_overriding=[], cmake_args=None, cmake_target=None, cmake_target_skip_unavailable=False, cmake_clean_cache=False, cmake_clean_first=False, cmake_force_configure=False, ament_cmake_args=None, catkin_cmake_args=None, catkin_skip_building_tests=False, verb_parser=<colcon_defaults.argument_parser.defaults.DefaultArgumentsDecorator object at 0x7f02b4e76620>, verb_extension=<colcon_core.verb.build.BuildVerb object at 0x7f02b52eb2e0>, main=<bound method BuildVerb.main of <colcon_core.verb.build.BuildVerb object at 0x7f02b52eb2e0>>)
[6.222s] Level 1:colcon.colcon_core.package_discovery:discover_packages(colcon_meta) check parameters
[6.223s] Level 1:colcon.colcon_core.package_discovery:discover_packages(recursive) check parameters
[6.223s] Level 1:colcon.colcon_core.package_discovery:discover_packages(ignore) check parameters
[6.223s] Level 1:colcon.colcon_core.package_discovery:discover_packages(path) check parameters
[6.223s] Level 1:colcon.colcon_core.package_discovery:discover_packages(colcon_meta) discover
[6.224s] Level 1:colcon.colcon_core.package_discovery:discover_packages(recursive) discover
[6.224s] INFO:colcon.colcon_core.package_discovery:Crawling recursively for packages in '/home/samee/ros2ws'
[6.224s] Level 1:colcon.colcon_core.package_identification:_identify(.) by extensions ['ignore', 'ignore_ament_install']
[6.225s] Level 1:colcon.colcon_core.package_identification:_identify(.) by extension 'ignore'
[6.225s] Level 1:colcon.colcon_core.package_identification:_identify(.) by extension 'ignore_ament_install'
[6.225s] Level 1:colcon.colcon_core.package_identification:_identify(.) by extensions ['colcon_pkg']
[6.225s] Level 1:colcon.colcon_core.package_identification:_identify(.) by extension 'colcon_pkg'
[6.225s] Level 1:colcon.colcon_core.package_identification:_identify(.) by extensions ['colcon_meta']
[6.226s] Level 1:colcon.colcon_core.package_identification:_identify(.) by extension 'colcon_meta'
[6.226s] Level 1:colcon.colcon_core.package_identification:_identify(.) by extensions ['ros']
[6.226s] Level 1:colcon.colcon_core.package_identification:_identify(.) by extension 'ros'
[6.275s] Level 1:colcon.colcon_core.package_identification:_identify(.) by extensions ['cmake', 'python']
[6.275s] Level 1:colcon.colcon_core.package_identification:_identify(.) by extension 'cmake'
[6.275s] Level 1:colcon.colcon_core.package_identification:_identify(.) by extension 'python'
[6.275s] Level 1:colcon.colcon_core.package_identification:_identify(.) by extensions ['python_setup_py']
[6.276s] Level 1:colcon.colcon_core.package_identification:_identify(.) by extension 'python_setup_py'
[6.276s] Level 1:colcon.colcon_core.package_identification:_identify(build) by extensions ['ignore', 'ignore_ament_install']
[6.276s] Level 1:colcon.colcon_core.package_identification:_identify(build) by extension 'ignore'
[6.277s] Level 1:colcon.colcon_core.package_identification:_identify(build) ignored
[6.277s] Level 1:colcon.colcon_core.package_identification:_identify(install) by extensions ['ignore', 'ignore_ament_install']
[6.278s] Level 1:colcon.colcon_core.package_identification:_identify(install) by extension 'ignore'
[6.278s] Level 1:colcon.colcon_core.package_identification:_identify(install) ignored
[6.278s] Level 1:colcon.colcon_core.package_identification:_identify(log) by extensions ['ignore', 'ignore_ament_install']
[6.279s] Level 1:colcon.colcon_core.package_identification:_identify(log) by extension 'ignore'
[6.279s] Level 1:colcon.colcon_core.package_identification:_identify(log) ignored
[6.279s] Level 1:colcon.colcon_core.package_identification:_identify(src) by extensions ['ignore', 'ignore_ament_install']
[6.280s] Level 1:colcon.colcon_core.package_identification:_identify(src) by extension 'ignore'
[6.280s] Level 1:colcon.colcon_core.package_identification:_identify(src) by extension 'ignore_ament_install'
[6.280s] Level 1:colcon.colcon_core.package_identification:_identify(src) by extensions ['colcon_pkg']
[6.280s] Level 1:colcon.colcon_core.package_identification:_identify(src) by extension 'colcon_pkg'
[6.280s] Level 1:colcon.colcon_core.package_identification:_identify(src) by extensions ['colcon_meta']
[6.280s] Level 1:colcon.colcon_core.package_identification:_identify(src) by extension 'colcon_meta'
[6.281s] Level 1:colcon.colcon_core.package_identification:_identify(src) by extensions ['ros']
[6.281s] Level 1:colcon.colcon_core.package_identification:_identify(src) by extension 'ros'
[6.281s] Level 1:colcon.colcon_core.package_identification:_identify(src) by extensions ['cmake', 'python']
[6.281s] Level 1:colcon.colcon_core.package_identification:_identify(src) by extension 'cmake'
[6.281s] Level 1:colcon.colcon_core.package_identification:_identify(src) by extension 'python'
[6.282s] Level 1:colcon.colcon_core.package_identification:_identify(src) by extensions ['python_setup_py']
[6.282s] Level 1:colcon.colcon_core.package_identification:_identify(src) by extension 'python_setup_py'
[6.282s] Level 1:colcon.colcon_core.package_identification:_identify(src/images) by extensions ['ignore', 'ignore_ament_install']
[6.282s] Level 1:colcon.colcon_core.package_identification:_identify(src/images) by extension 'ignore'
[6.283s] Level 1:colcon.colcon_core.package_identification:_identify(src/images) by extension 'ignore_ament_install'
[6.283s] Level 1:colcon.colcon_core.package_identification:_identify(src/images) by extensions ['colcon_pkg']
[6.283s] Level 1:colcon.colcon_core.package_identification:_identify(src/images) by extension 'colcon_pkg'
[6.283s] Level 1:colcon.colcon_core.package_identification:_identify(src/images) by extensions ['colcon_meta']
[6.284s] Level 1:colcon.colcon_core.package_identification:_identify(src/images) by extension 'colcon_meta'
[6.284s] Level 1:colcon.colcon_core.package_identification:_identify(src/images) by extensions ['ros']
[6.284s] Level 1:colcon.colcon_core.package_identification:_identify(src/images) by extension 'ros'
[6.284s] Level 1:colcon.colcon_core.package_identification:_identify(src/images) by extensions ['cmake', 'python']
[6.285s] Level 1:colcon.colcon_core.package_identification:_identify(src/images) by extension 'cmake'
[6.285s] Level 1:colcon.colcon_core.package_identification:_identify(src/images) by extension 'python'
[6.285s] Level 1:colcon.colcon_core.package_identification:_identify(src/images) by extensions ['python_setup_py']
[6.285s] Level 1:colcon.colcon_core.package_identification:_identify(src/images) by extension 'python_setup_py'
[6.286s] Level 1:colcon.colcon_core.package_identification:_identify(src/r_gator_teleop) by extensions ['ignore', 'ignore_ament_install']
[6.286s] Level 1:colcon.colcon_core.package_identification:_identify(src/r_gator_teleop) by extension 'ignore'
[6.286s] Level 1:colcon.colcon_core.package_identification:_identify(src/r_gator_teleop) ignored
[6.287s] Level 1:colcon.colcon_core.package_identification:_identify(src/rgator_model) by extensions ['ignore', 'ignore_ament_install']
[6.287s] Level 1:colcon.colcon_core.package_identification:_identify(src/rgator_model) by extension 'ignore'
[6.287s] Level 1:colcon.colcon_core.package_identification:_identify(src/rgator_model) by extension 'ignore_ament_install'
[6.288s] Level 1:colcon.colcon_core.package_identification:_identify(src/rgator_model) by extensions ['colcon_pkg']
[6.288s] Level 1:colcon.colcon_core.package_identification:_identify(src/rgator_model) by extension 'colcon_pkg'
[6.288s] Level 1:colcon.colcon_core.package_identification:_identify(src/rgator_model) by extensions ['colcon_meta']
[6.288s] Level 1:colcon.colcon_core.package_identification:_identify(src/rgator_model) by extension 'colcon_meta'
[6.289s] Level 1:colcon.colcon_core.package_identification:_identify(src/rgator_model) by extensions ['ros']
[6.289s] Level 1:colcon.colcon_core.package_identification:_identify(src/rgator_model) by extension 'ros'
[6.300s] DEBUG:colcon.colcon_core.package_identification:Package 'src/rgator_model' with type 'ros.catkin' and name 'rgator_model'
[6.300s] Level 1:colcon.colcon_core.package_discovery:discover_packages(recursive) using defaults
[6.301s] Level 1:colcon.colcon_core.package_discovery:discover_packages(ignore) discover
[6.301s] Level 1:colcon.colcon_core.package_discovery:discover_packages(ignore) using defaults
[6.301s] Level 1:colcon.colcon_core.package_discovery:discover_packages(path) discover
[6.301s] Level 1:colcon.colcon_core.package_discovery:discover_packages(path) using defaults
[6.808s] Level 1:colcon.colcon_core.package_discovery:discover_packages(prefix_path) check parameters
[6.808s] Level 1:colcon.colcon_core.package_discovery:discover_packages(prefix_path) discover
[7.004s] DEBUG:colcon.colcon_installed_package_information.package_discovery:Found 300 installed packages in /opt/ros/humble
[7.044s] Level 1:colcon.colcon_core.package_discovery:discover_packages(prefix_path) using defaults
[7.558s] Level 5:colcon.colcon_core.verb:set package 'rgator_model' build argument 'cmake_args' from command line to 'None'
[7.558s] Level 5:colcon.colcon_core.verb:set package 'rgator_model' build argument 'cmake_target' from command line to 'None'
[7.559s] Level 5:colcon.colcon_core.verb:set package 'rgator_model' build argument 'cmake_target_skip_unavailable' from command line to 'False'
[7.559s] Level 5:colcon.colcon_core.verb:set package 'rgator_model' build argument 'cmake_clean_cache' from command line to 'False'
[7.559s] Level 5:colcon.colcon_core.verb:set package 'rgator_model' build argument 'cmake_clean_first' from command line to 'False'
[7.559s] Level 5:colcon.colcon_core.verb:set package 'rgator_model' build argument 'cmake_force_configure' from command line to 'False'
[7.559s] Level 5:colcon.colcon_core.verb:set package 'rgator_model' build argument 'ament_cmake_args' from command line to 'None'
[7.559s] Level 5:colcon.colcon_core.verb:set package 'rgator_model' build argument 'catkin_cmake_args' from command line to 'None'
[7.559s] Level 5:colcon.colcon_core.verb:set package 'rgator_model' build argument 'catkin_skip_building_tests' from command line to 'False'
[7.560s] DEBUG:colcon.colcon_core.verb:Building package 'rgator_model' with the following arguments: {'ament_cmake_args': None, 'build_base': '/home/samee/ros2ws/build/rgator_model', 'catkin_cmake_args': None, 'catkin_skip_building_tests': False, 'cmake_args': None, 'cmake_clean_cache': False, 'cmake_clean_first': False, 'cmake_force_configure': False, 'cmake_target': None, 'cmake_target_skip_unavailable': False, 'install_base': '/home/samee/ros2ws/install/rgator_model', 'merge_install': False, 'path': '/home/samee/ros2ws/src/rgator_model', 'symlink_install': False, 'test_result_base': None}
[7.642s] INFO:colcon.colcon_core.executor:Executing jobs using 'parallel' executor
[7.731s] DEBUG:colcon.colcon_parallel_executor.executor.parallel:run_until_complete
[7.733s] INFO:colcon.colcon_ros.task.catkin.build:Building ROS package in '/home/samee/ros2ws/src/rgator_model' with build type 'catkin'
[7.733s] INFO:colcon.colcon_cmake.task.cmake.build:Building CMake package in '/home/samee/ros2ws/src/rgator_model'
[7.834s] INFO:colcon.colcon_core.plugin_system:Skipping extension 'colcon_core.shell.bat': Not used on non-Windows systems
[7.835s] INFO:colcon.colcon_core.shell:Skip shell extension 'powershell' for command environment: Not usable outside of PowerShell
[7.836s] DEBUG:colcon.colcon_core.shell:Skip shell extension 'dsv' for command environment
[8.062s] DEBUG:colcon.colcon_core.event_handler.log_command:Invoking command in '/home/samee/ros2ws/build/rgator_model': /usr/local/bin/cmake /home/samee/ros2ws/src/rgator_model -DCATKIN_INSTALL_INTO_PREFIX_ROOT=0 -DCMAKE_INSTALL_PREFIX=/home/samee/ros2ws/install/rgator_model
[9.410s] DEBUG:colcon.colcon_core.event_handler.log_command:Invoked command in '/home/samee/ros2ws/build/rgator_model' returned '1': /usr/local/bin/cmake /home/samee/ros2ws/src/rgator_model -DCATKIN_INSTALL_INTO_PREFIX_ROOT=0 -DCMAKE_INSTALL_PREFIX=/home/samee/ros2ws/install/rgator_model
[9.428s] Level 1:colcon.colcon_core.environment:create_environment_scripts_only(rgator_model)
[9.522s] Level 1:colcon.colcon_core.environment:checking '/home/samee/ros2ws/install/rgator_model' for CMake module files
[9.524s] Level 1:colcon.colcon_core.environment:checking '/home/samee/ros2ws/install/rgator_model' for CMake config files
[9.526s] Level 1:colcon.colcon_core.environment:checking '/home/samee/ros2ws/install/rgator_model/lib'
[9.526s] Level 1:colcon.colcon_core.environment:checking '/home/samee/ros2ws/install/rgator_model/bin'
[9.527s] Level 1:colcon.colcon_core.environment:checking '/home/samee/ros2ws/install/rgator_model/lib/pkgconfig/rgator_model.pc'
[9.528s] Level 1:colcon.colcon_core.environment:checking '/home/samee/ros2ws/install/rgator_model/lib/python3.10/site-packages'
[9.528s] Level 1:colcon.colcon_core.shell:create_environment_hook('rgator_model', 'pythonpath')
[9.613s] INFO:colcon.colcon_core.shell:Creating environment hook '/home/samee/ros2ws/install/rgator_model/share/rgator_model/hook/pythonpath.ps1'
[9.616s] INFO:colcon.colcon_core.shell:Creating environment descriptor '/home/samee/ros2ws/install/rgator_model/share/rgator_model/hook/pythonpath.dsv'
[9.617s] INFO:colcon.colcon_core.shell:Creating environment hook '/home/samee/ros2ws/install/rgator_model/share/rgator_model/hook/pythonpath.sh'
[9.620s] Level 1:colcon.colcon_core.environment:checking '/home/samee/ros2ws/install/rgator_model/bin'
[9.709s] INFO:colcon.colcon_core.shell:Creating package script '/home/samee/ros2ws/install/rgator_model/share/rgator_model/package.ps1'
[9.712s] INFO:colcon.colcon_core.shell:Creating package descriptor '/home/samee/ros2ws/install/rgator_model/share/rgator_model/package.dsv'
[9.715s] INFO:colcon.colcon_core.shell:Creating package script '/home/samee/ros2ws/install/rgator_model/share/rgator_model/package.sh'
[9.718s] INFO:colcon.colcon_core.shell:Creating package script '/home/samee/ros2ws/install/rgator_model/share/rgator_model/package.bash'
[9.720s] INFO:colcon.colcon_core.shell:Creating package script '/home/samee/ros2ws/install/rgator_model/share/rgator_model/package.zsh'
[9.724s] Level 1:colcon.colcon_core.environment:create_file_with_runtime_dependencies(/home/samee/ros2ws/install/rgator_model/share/colcon-core/packages/rgator_model)
[9.736s] DEBUG:colcon.colcon_parallel_executor.executor.parallel:closing loop
[9.736s] DEBUG:colcon.colcon_parallel_executor.executor.parallel:loop closed
[9.737s] DEBUG:colcon.colcon_parallel_executor.executor.parallel:run_until_complete finished with '1'
[9.737s] DEBUG:colcon.colcon_core.event_reactor:joining thread
[9.868s] INFO:colcon.colcon_core.plugin_system:Skipping extension 'colcon_notification.desktop_notification.notify_send': Could not find 'notify-send'
[9.868s] INFO:colcon.colcon_core.plugin_system:Skipping extension 'colcon_notification.desktop_notification.terminal_notifier': Not used on non-Darwin systems
[9.869s] INFO:colcon.colcon_core.plugin_system:Skipping extension 'colcon_notification.desktop_notification.win32': Not used on non-Windows systems
[9.869s] INFO:colcon.colcon_notification.desktop_notification:Sending desktop notification using 'notify2'
[9.976s] DEBUG:colcon.colcon_core.event_reactor:joined thread
[10.065s] INFO:colcon.colcon_core.shell:Creating prefix script '/home/samee/ros2ws/install/local_setup.ps1'
[10.069s] INFO:colcon.colcon_core.shell:Creating prefix util module '/home/samee/ros2ws/install/_local_setup_util_ps1.py'
[10.074s] INFO:colcon.colcon_core.shell:Creating prefix chain script '/home/samee/ros2ws/install/setup.ps1'
[10.095s] INFO:colcon.colcon_core.shell:Creating prefix script '/home/samee/ros2ws/install/local_setup.sh'
[10.096s] INFO:colcon.colcon_core.shell:Creating prefix util module '/home/samee/ros2ws/install/_local_setup_util_sh.py'
[10.097s] INFO:colcon.colcon_core.shell:Creating prefix chain script '/home/samee/ros2ws/install/setup.sh'
[10.119s] INFO:colcon.colcon_core.shell:Creating prefix script '/home/samee/ros2ws/install/local_setup.bash'
[10.120s] INFO:colcon.colcon_core.shell:Creating prefix chain script '/home/samee/ros2ws/install/setup.bash'
[10.142s] INFO:colcon.colcon_core.shell:Creating prefix script '/home/samee/ros2ws/install/local_setup.zsh'
[10.143s] INFO:colcon.colcon_core.shell:Creating prefix chain script '/home/samee/ros2ws/install/setup.zsh'
