[0.160s] Invoking command in '/home/samee/ros2ws/build/r_gator_teleop': CMAKE_PREFIX_PATH=/opt/ros/humble:${CMAKE_PREFIX_PATH} /usr/local/bin/cmake --build /home/samee/ros2ws/build/r_gator_teleop -- -j12 -l12
[0.170s] Invoked command in '/home/samee/ros2ws/build/r_gator_teleop' returned '0': CMAKE_PREFIX_PATH=/opt/ros/humble:${CMAKE_PREFIX_PATH} /usr/local/bin/cmake --build /home/samee/ros2ws/build/r_gator_teleop -- -j12 -l12
[0.192s] Invoking command in '/home/samee/ros2ws/build/r_gator_teleop': CMAKE_PREFIX_PATH=/opt/ros/humble:${CMAKE_PREFIX_PATH} /usr/local/bin/cmake --install /home/samee/ros2ws/build/r_gator_teleop
[0.192s] -- Install configuration: ""
[0.192s] -- Up-to-date: /home/samee/ros2ws/install/r_gator_teleop/share/ament_index/resource_index/package_run_dependencies/r_gator_teleop
[0.193s] -- Up-to-date: /home/samee/ros2ws/install/r_gator_teleop/share/ament_index/resource_index/parent_prefix_path/r_gator_teleop
[0.193s] -- Up-to-date: /home/samee/ros2ws/install/r_gator_teleop/share/r_gator_teleop/environment/ament_prefix_path.sh
[0.193s] -- Up-to-date: /home/samee/ros2ws/install/r_gator_teleop/share/r_gator_teleop/environment/ament_prefix_path.dsv
[0.193s] -- Up-to-date: /home/samee/ros2ws/install/r_gator_teleop/share/r_gator_teleop/environment/path.sh
[0.193s] -- Up-to-date: /home/samee/ros2ws/install/r_gator_teleop/share/r_gator_teleop/environment/path.dsv
[0.193s] -- Up-to-date: /home/samee/ros2ws/install/r_gator_teleop/share/r_gator_teleop/local_setup.bash
[0.193s] -- Up-to-date: /home/samee/ros2ws/install/r_gator_teleop/share/r_gator_teleop/local_setup.sh
[0.194s] -- Up-to-date: /home/samee/ros2ws/install/r_gator_teleop/share/r_gator_teleop/local_setup.zsh
[0.194s] -- Up-to-date: /home/samee/ros2ws/install/r_gator_teleop/share/r_gator_teleop/local_setup.dsv
[0.194s] -- Installing: /home/samee/ros2ws/install/r_gator_teleop/share/r_gator_teleop/package.dsv
[0.194s] -- Up-to-date: /home/samee/ros2ws/install/r_gator_teleop/share/ament_index/resource_index/packages/r_gator_teleop
[0.194s] -- Up-to-date: /home/samee/ros2ws/install/r_gator_teleop/share/r_gator_teleop/cmake/r_gator_teleopConfig.cmake
[0.194s] -- Up-to-date: /home/samee/ros2ws/install/r_gator_teleop/share/r_gator_teleop/cmake/r_gator_teleopConfig-version.cmake
[0.194s] -- Up-to-date: /home/samee/ros2ws/install/r_gator_teleop/share/r_gator_teleop/package.xml
[0.421s] Invoked command in '/home/samee/ros2ws/build/r_gator_teleop' returned '0': CMAKE_PREFIX_PATH=/opt/ros/humble:${CMAKE_PREFIX_PATH} /usr/local/bin/cmake --install /home/samee/ros2ws/build/r_gator_teleop
