[0.084s] Invoking command in '/home/samee/ros2ws/build/r_gator_teleop': CMAKE_PREFIX_PATH=${CMAKE_PREFIX_PATH}:/opt/ros/humble /usr/local/bin/cmake --build /home/samee/ros2ws/build/r_gator_teleop -- -j12 -l12
[0.100s] -- Found ament_cmake: 1.3.5 (/opt/ros/humble/share/ament_cmake/cmake)
[0.376s] -- Found geometry_msgs: 4.2.3 (/opt/ros/humble/share/geometry_msgs/cmake)
[0.427s] -- Found rosidl_generator_c: 3.1.5 (/opt/ros/humble/share/rosidl_generator_c/cmake)
[0.434s] -- Found rosidl_adapter: 3.1.5 (/opt/ros/humble/share/rosidl_adapter/cmake)
[0.447s] -- Found rosidl_generator_cpp: 3.1.5 (/opt/ros/humble/share/rosidl_generator_cpp/cmake)
[0.476s] -- Using all available rosidl_typesupport_c: rosidl_typesupport_fastrtps_c;rosidl_typesupport_introspection_c
[0.511s] -- Using all available rosidl_typesupport_cpp: rosidl_typesupport_fastrtps_cpp;rosidl_typesupport_introspection_cpp
[0.774s] -- Found joy: 3.1.0 (/opt/ros/humble/share/joy/cmake)
[0.883s] -- Found rmw_implementation_cmake: 6.1.1 (/opt/ros/humble/share/rmw_implementation_cmake/cmake)
[0.886s] -- Found rmw_fastrtps_cpp: 6.2.4 (/opt/ros/humble/share/rmw_fastrtps_cpp/cmake)
[1.123s] -- Using RMW implementation 'rmw_fastrtps_cpp' as default
[1.710s] -- Configuring done (1.6s)
[1.715s] -- Generating done (0.0s)
[1.718s] -- Build files have been written to: /home/samee/ros2ws/build/r_gator_teleop
[1.741s] Invoked command in '/home/samee/ros2ws/build/r_gator_teleop' returned '0': CMAKE_PREFIX_PATH=${CMAKE_PREFIX_PATH}:/opt/ros/humble /usr/local/bin/cmake --build /home/samee/ros2ws/build/r_gator_teleop -- -j12 -l12
[1.761s] Invoking command in '/home/samee/ros2ws/build/r_gator_teleop': CMAKE_PREFIX_PATH=${CMAKE_PREFIX_PATH}:/opt/ros/humble /usr/local/bin/cmake --install /home/samee/ros2ws/build/r_gator_teleop
[1.762s] -- Install configuration: ""
[1.762s] -- Installing: /home/samee/ros2ws/install/r_gator_teleop/share/ament_index/resource_index/package_run_dependencies/r_gator_teleop
[1.762s] -- Installing: /home/samee/ros2ws/install/r_gator_teleop/share/ament_index/resource_index/parent_prefix_path/r_gator_teleop
[1.763s] -- Installing: /home/samee/ros2ws/install/r_gator_teleop/share/r_gator_teleop/environment/ament_prefix_path.sh
[1.763s] -- Installing: /home/samee/ros2ws/install/r_gator_teleop/share/r_gator_teleop/environment/ament_prefix_path.dsv
[1.763s] -- Installing: /home/samee/ros2ws/install/r_gator_teleop/share/r_gator_teleop/environment/path.sh
[1.763s] -- Installing: /home/samee/ros2ws/install/r_gator_teleop/share/r_gator_teleop/environment/path.dsv
[1.763s] -- Installing: /home/samee/ros2ws/install/r_gator_teleop/share/r_gator_teleop/local_setup.bash
[1.763s] -- Installing: /home/samee/ros2ws/install/r_gator_teleop/share/r_gator_teleop/local_setup.sh
[1.763s] -- Installing: /home/samee/ros2ws/install/r_gator_teleop/share/r_gator_teleop/local_setup.zsh
[1.763s] -- Installing: /home/samee/ros2ws/install/r_gator_teleop/share/r_gator_teleop/local_setup.dsv
[1.763s] -- Installing: /home/samee/ros2ws/install/r_gator_teleop/share/r_gator_teleop/package.dsv
[1.763s] -- Installing: /home/samee/ros2ws/install/r_gator_teleop/share/ament_index/resource_index/packages/r_gator_teleop
[1.764s] -- Installing: /home/samee/ros2ws/install/r_gator_teleop/share/r_gator_teleop/cmake/r_gator_teleopConfig.cmake
[1.764s] -- Installing: /home/samee/ros2ws/install/r_gator_teleop/share/r_gator_teleop/cmake/r_gator_teleopConfig-version.cmake
[1.764s] -- Installing: /home/samee/ros2ws/install/r_gator_teleop/share/r_gator_teleop/package.xml
[1.765s] Invoked command in '/home/samee/ros2ws/build/r_gator_teleop' returned '0': CMAKE_PREFIX_PATH=${CMAKE_PREFIX_PATH}:/opt/ros/humble /usr/local/bin/cmake --install /home/samee/ros2ws/build/r_gator_teleop
