[0.228s] Invoking command in '/home/samee/ros2ws/build/velodyne_gazebo_plugins': /usr/local/bin/cmake /home/samee/ros2ws/src/ros_drivers/velodyne_simulator/velodyne_gazebo_plugins -DCATKIN_INSTALL_INTO_PREFIX_ROOT=0 -DCMAKE_INSTALL_PREFIX=/home/samee/ros2ws/install/velodyne_gazebo_plugins
[0.827s] -- The C compiler identification is GNU 11.4.0
[0.827s] -- The CXX compiler identification is GNU 11.4.0
[0.827s] -- Detecting C compiler ABI info
[0.828s] -- Detecting C compiler ABI info - done
[0.828s] -- Check for working C compiler: /usr/bin/cc - skipped
[0.828s] -- Detecting C compile features
[0.828s] -- Detecting C compile features - done
[0.828s] -- Detecting CXX compiler ABI info
[0.828s] -- Detecting CXX compiler ABI info - done
[0.828s] -- Check for working CXX compiler: /usr/bin/c++ - skipped
[0.828s] -- Detecting CXX compile features
[0.828s] -- Detecting CXX compile features - done
[0.828s] -- Configuring incomplete, errors occurred!
[0.829s] [0mCMake Deprecation Warning at CMakeLists.txt:1 (cmake_minimum_required):
[0.829s]   Compatibility with CMake < 3.5 will be removed from a future version of
[0.829s]   CMake.
[0.829s] 
[0.829s]   Update the VERSION argument <min> value or use a ...<max> suffix to tell
[0.829s]   CMake that the project does not need compatibility with older versions.
[0.829s] 
[0.829s] [0m
[0.829s] [31mCMake Error at CMakeLists.txt:4 (find_package):
[0.829s]   By not providing "Findcatkin.cmake" in CMAKE_MODULE_PATH this project has
[0.829s]   asked CMake to find a package configuration file provided by "catkin", but
[0.830s]   CMake did not find one.
[0.830s] 
[0.830s]   Could not find a package configuration file provided by "catkin" with any
[0.830s]   of the following names:
[0.830s] 
[0.830s]     catkinConfig.cmake
[0.831s]     catkin-config.cmake
[0.831s] 
[0.831s]   Add the installation prefix of "catkin" to CMAKE_PREFIX_PATH or set
[0.831s]   "catkin_DIR" to a directory containing one of the above files.  If "catkin"
[0.832s]   provides a separate development package or SDK, be sure it has been
[0.832s]   installed.
[0.832s] 
[0.832s] [0m
[0.849s] Invoked command in '/home/samee/ros2ws/build/velodyne_gazebo_plugins' returned '1': /usr/local/bin/cmake /home/samee/ros2ws/src/ros_drivers/velodyne_simulator/velodyne_gazebo_plugins -DCATKIN_INSTALL_INTO_PREFIX_ROOT=0 -DCMAKE_INSTALL_PREFIX=/home/samee/ros2ws/install/velodyne_gazebo_plugins
