[1.163s] DEBUG:colcon:Command line arguments: ['/usr/bin/colcon', 'build']
[1.163s] DEBUG:colcon:Parsed command line arguments: Namespace(log_base=None, log_level=None, verb_name='build', build_base='build', install_base='install', merge_install=False, symlink_install=False, test_result_base=None, continue_on_error=False, executor='parallel', parallel_workers=12, event_handlers=None, ignore_user_meta=False, metas=['./colcon.meta'], base_paths=['.'], packages_ignore=None, packages_ignore_regex=None, paths=None, packages_up_to=None, packages_up_to_regex=None, packages_above=None, packages_above_and_dependencies=None, packages_above_depth=None, packages_select_by_dep=None, packages_skip_by_dep=None, packages_skip_up_to=None, packages_select_build_failed=False, packages_skip_build_finished=False, packages_select_test_failures=False, packages_skip_test_passed=False, packages_select=None, packages_skip=None, packages_select_regex=None, packages_skip_regex=None, packages_start=None, packages_end=None, allow_overriding=[], cmake_args=None, cmake_target=None, cmake_target_skip_unavailable=False, cmake_clean_cache=False, cmake_clean_first=False, cmake_force_configure=False, ament_cmake_args=None, catkin_cmake_args=None, catkin_skip_building_tests=False, verb_parser=<colcon_defaults.argument_parser.defaults.DefaultArgumentsDecorator object at 0x7f87e90be230>, verb_extension=<colcon_core.verb.build.BuildVerb object at 0x7f87e94ea710>, main=<bound method BuildVerb.main of <colcon_core.verb.build.BuildVerb object at 0x7f87e94ea710>>)
[1.218s] Level 1:colcon.colcon_core.package_discovery:discover_packages(colcon_meta) check parameters
[1.218s] Level 1:colcon.colcon_core.package_discovery:discover_packages(recursive) check parameters
[1.218s] Level 1:colcon.colcon_core.package_discovery:discover_packages(ignore) check parameters
[1.218s] Level 1:colcon.colcon_core.package_discovery:discover_packages(path) check parameters
[1.218s] Level 1:colcon.colcon_core.package_discovery:discover_packages(colcon_meta) discover
[1.218s] Level 1:colcon.colcon_core.package_discovery:discover_packages(recursive) discover
[1.218s] INFO:colcon.colcon_core.package_discovery:Crawling recursively for packages in '/home/samee/ros2ws'
[1.218s] Level 1:colcon.colcon_core.package_identification:_identify(.) by extensions ['ignore', 'ignore_ament_install']
[1.218s] Level 1:colcon.colcon_core.package_identification:_identify(.) by extension 'ignore'
[1.218s] Level 1:colcon.colcon_core.package_identification:_identify(.) by extension 'ignore_ament_install'
[1.219s] Level 1:colcon.colcon_core.package_identification:_identify(.) by extensions ['colcon_pkg']
[1.219s] Level 1:colcon.colcon_core.package_identification:_identify(.) by extension 'colcon_pkg'
[1.219s] Level 1:colcon.colcon_core.package_identification:_identify(.) by extensions ['colcon_meta']
[1.219s] Level 1:colcon.colcon_core.package_identification:_identify(.) by extension 'colcon_meta'
[1.219s] Level 1:colcon.colcon_core.package_identification:_identify(.) by extensions ['ros']
[1.219s] Level 1:colcon.colcon_core.package_identification:_identify(.) by extension 'ros'
[1.237s] Level 1:colcon.colcon_core.package_identification:_identify(.) by extensions ['cmake', 'python']
[1.237s] Level 1:colcon.colcon_core.package_identification:_identify(.) by extension 'cmake'
[1.237s] Level 1:colcon.colcon_core.package_identification:_identify(.) by extension 'python'
[1.237s] Level 1:colcon.colcon_core.package_identification:_identify(.) by extensions ['python_setup_py']
[1.237s] Level 1:colcon.colcon_core.package_identification:_identify(.) by extension 'python_setup_py'
[1.237s] Level 1:colcon.colcon_core.package_identification:_identify(build) by extensions ['ignore', 'ignore_ament_install']
[1.238s] Level 1:colcon.colcon_core.package_identification:_identify(build) by extension 'ignore'
[1.238s] Level 1:colcon.colcon_core.package_identification:_identify(build) ignored
[1.238s] Level 1:colcon.colcon_core.package_identification:_identify(install) by extensions ['ignore', 'ignore_ament_install']
[1.238s] Level 1:colcon.colcon_core.package_identification:_identify(install) by extension 'ignore'
[1.238s] Level 1:colcon.colcon_core.package_identification:_identify(install) ignored
[1.238s] Level 1:colcon.colcon_core.package_identification:_identify(log) by extensions ['ignore', 'ignore_ament_install']
[1.238s] Level 1:colcon.colcon_core.package_identification:_identify(log) by extension 'ignore'
[1.238s] Level 1:colcon.colcon_core.package_identification:_identify(log) ignored
[1.238s] Level 1:colcon.colcon_core.package_identification:_identify(src) by extensions ['ignore', 'ignore_ament_install']
[1.239s] Level 1:colcon.colcon_core.package_identification:_identify(src) by extension 'ignore'
[1.239s] Level 1:colcon.colcon_core.package_identification:_identify(src) by extension 'ignore_ament_install'
[1.239s] Level 1:colcon.colcon_core.package_identification:_identify(src) by extensions ['colcon_pkg']
[1.239s] Level 1:colcon.colcon_core.package_identification:_identify(src) by extension 'colcon_pkg'
[1.239s] Level 1:colcon.colcon_core.package_identification:_identify(src) by extensions ['colcon_meta']
[1.239s] Level 1:colcon.colcon_core.package_identification:_identify(src) by extension 'colcon_meta'
[1.239s] Level 1:colcon.colcon_core.package_identification:_identify(src) by extensions ['ros']
[1.239s] Level 1:colcon.colcon_core.package_identification:_identify(src) by extension 'ros'
[1.239s] Level 1:colcon.colcon_core.package_identification:_identify(src) by extensions ['cmake', 'python']
[1.239s] Level 1:colcon.colcon_core.package_identification:_identify(src) by extension 'cmake'
[1.239s] Level 1:colcon.colcon_core.package_identification:_identify(src) by extension 'python'
[1.239s] Level 1:colcon.colcon_core.package_identification:_identify(src) by extensions ['python_setup_py']
[1.239s] Level 1:colcon.colcon_core.package_identification:_identify(src) by extension 'python_setup_py'
[1.239s] Level 1:colcon.colcon_core.package_identification:_identify(src/images) by extensions ['ignore', 'ignore_ament_install']
[1.240s] Level 1:colcon.colcon_core.package_identification:_identify(src/images) by extension 'ignore'
[1.240s] Level 1:colcon.colcon_core.package_identification:_identify(src/images) by extension 'ignore_ament_install'
[1.240s] Level 1:colcon.colcon_core.package_identification:_identify(src/images) by extensions ['colcon_pkg']
[1.240s] Level 1:colcon.colcon_core.package_identification:_identify(src/images) by extension 'colcon_pkg'
[1.240s] Level 1:colcon.colcon_core.package_identification:_identify(src/images) by extensions ['colcon_meta']
[1.240s] Level 1:colcon.colcon_core.package_identification:_identify(src/images) by extension 'colcon_meta'
[1.240s] Level 1:colcon.colcon_core.package_identification:_identify(src/images) by extensions ['ros']
[1.240s] Level 1:colcon.colcon_core.package_identification:_identify(src/images) by extension 'ros'
[1.240s] Level 1:colcon.colcon_core.package_identification:_identify(src/images) by extensions ['cmake', 'python']
[1.240s] Level 1:colcon.colcon_core.package_identification:_identify(src/images) by extension 'cmake'
[1.240s] Level 1:colcon.colcon_core.package_identification:_identify(src/images) by extension 'python'
[1.240s] Level 1:colcon.colcon_core.package_identification:_identify(src/images) by extensions ['python_setup_py']
[1.240s] Level 1:colcon.colcon_core.package_identification:_identify(src/images) by extension 'python_setup_py'
[1.240s] Level 1:colcon.colcon_core.package_identification:_identify(src/r_gator_description) by extensions ['ignore', 'ignore_ament_install']
[1.241s] Level 1:colcon.colcon_core.package_identification:_identify(src/r_gator_description) by extension 'ignore'
[1.241s] Level 1:colcon.colcon_core.package_identification:_identify(src/r_gator_description) by extension 'ignore_ament_install'
[1.241s] Level 1:colcon.colcon_core.package_identification:_identify(src/r_gator_description) by extensions ['colcon_pkg']
[1.241s] Level 1:colcon.colcon_core.package_identification:_identify(src/r_gator_description) by extension 'colcon_pkg'
[1.241s] Level 1:colcon.colcon_core.package_identification:_identify(src/r_gator_description) by extensions ['colcon_meta']
[1.241s] Level 1:colcon.colcon_core.package_identification:_identify(src/r_gator_description) by extension 'colcon_meta'
[1.241s] Level 1:colcon.colcon_core.package_identification:_identify(src/r_gator_description) by extensions ['ros']
[1.241s] Level 1:colcon.colcon_core.package_identification:_identify(src/r_gator_description) by extension 'ros'
[1.246s] DEBUG:colcon.colcon_core.package_identification:Package 'src/r_gator_description' with type 'ros.ament_python' and name 'r_gator_description'
[1.246s] Level 1:colcon.colcon_core.package_identification:_identify(src/r_gator_gazebo) by extensions ['ignore', 'ignore_ament_install']
[1.246s] Level 1:colcon.colcon_core.package_identification:_identify(src/r_gator_gazebo) by extension 'ignore'
[1.246s] Level 1:colcon.colcon_core.package_identification:_identify(src/r_gator_gazebo) by extension 'ignore_ament_install'
[1.247s] Level 1:colcon.colcon_core.package_identification:_identify(src/r_gator_gazebo) by extensions ['colcon_pkg']
[1.247s] Level 1:colcon.colcon_core.package_identification:_identify(src/r_gator_gazebo) by extension 'colcon_pkg'
[1.247s] Level 1:colcon.colcon_core.package_identification:_identify(src/r_gator_gazebo) by extensions ['colcon_meta']
[1.247s] Level 1:colcon.colcon_core.package_identification:_identify(src/r_gator_gazebo) by extension 'colcon_meta'
[1.247s] Level 1:colcon.colcon_core.package_identification:_identify(src/r_gator_gazebo) by extensions ['ros']
[1.247s] Level 1:colcon.colcon_core.package_identification:_identify(src/r_gator_gazebo) by extension 'ros'
[1.249s] DEBUG:colcon.colcon_core.package_identification:Package 'src/r_gator_gazebo' with type 'ros.ament_python' and name 'r_gator_gazebo'
[1.249s] Level 1:colcon.colcon_core.package_identification:_identify(src/r_gator_launch) by extensions ['ignore', 'ignore_ament_install']
[1.249s] Level 1:colcon.colcon_core.package_identification:_identify(src/r_gator_launch) by extension 'ignore'
[1.249s] Level 1:colcon.colcon_core.package_identification:_identify(src/r_gator_launch) by extension 'ignore_ament_install'
[1.249s] Level 1:colcon.colcon_core.package_identification:_identify(src/r_gator_launch) by extensions ['colcon_pkg']
[1.249s] Level 1:colcon.colcon_core.package_identification:_identify(src/r_gator_launch) by extension 'colcon_pkg'
[1.249s] Level 1:colcon.colcon_core.package_identification:_identify(src/r_gator_launch) by extensions ['colcon_meta']
[1.249s] Level 1:colcon.colcon_core.package_identification:_identify(src/r_gator_launch) by extension 'colcon_meta'
[1.249s] Level 1:colcon.colcon_core.package_identification:_identify(src/r_gator_launch) by extensions ['ros']
[1.249s] Level 1:colcon.colcon_core.package_identification:_identify(src/r_gator_launch) by extension 'ros'
[1.250s] DEBUG:colcon.colcon_core.package_identification:Package 'src/r_gator_launch' with type 'ros.ament_python' and name 'r_gator_launch'
[1.250s] Level 1:colcon.colcon_core.package_identification:_identify(src/r_gator_teleop) by extensions ['ignore', 'ignore_ament_install']
[1.250s] Level 1:colcon.colcon_core.package_identification:_identify(src/r_gator_teleop) by extension 'ignore'
[1.250s] Level 1:colcon.colcon_core.package_identification:_identify(src/r_gator_teleop) by extension 'ignore_ament_install'
[1.250s] Level 1:colcon.colcon_core.package_identification:_identify(src/r_gator_teleop) by extensions ['colcon_pkg']
[1.250s] Level 1:colcon.colcon_core.package_identification:_identify(src/r_gator_teleop) by extension 'colcon_pkg'
[1.250s] Level 1:colcon.colcon_core.package_identification:_identify(src/r_gator_teleop) by extensions ['colcon_meta']
[1.251s] Level 1:colcon.colcon_core.package_identification:_identify(src/r_gator_teleop) by extension 'colcon_meta'
[1.251s] Level 1:colcon.colcon_core.package_identification:_identify(src/r_gator_teleop) by extensions ['ros']
[1.251s] Level 1:colcon.colcon_core.package_identification:_identify(src/r_gator_teleop) by extension 'ros'
[1.252s] DEBUG:colcon.colcon_core.package_identification:Package 'src/r_gator_teleop' with type 'ros.ament_cmake' and name 'r_gator_teleop'
[1.252s] Level 1:colcon.colcon_core.package_identification:_identify(src/rgator_model) by extensions ['ignore', 'ignore_ament_install']
[1.252s] Level 1:colcon.colcon_core.package_identification:_identify(src/rgator_model) by extension 'ignore'
[1.252s] Level 1:colcon.colcon_core.package_identification:_identify(src/rgator_model) by extension 'ignore_ament_install'
[1.252s] Level 1:colcon.colcon_core.package_identification:_identify(src/rgator_model) by extensions ['colcon_pkg']
[1.252s] Level 1:colcon.colcon_core.package_identification:_identify(src/rgator_model) by extension 'colcon_pkg'
[1.252s] Level 1:colcon.colcon_core.package_identification:_identify(src/rgator_model) by extensions ['colcon_meta']
[1.252s] Level 1:colcon.colcon_core.package_identification:_identify(src/rgator_model) by extension 'colcon_meta'
[1.252s] Level 1:colcon.colcon_core.package_identification:_identify(src/rgator_model) by extensions ['ros']
[1.253s] Level 1:colcon.colcon_core.package_identification:_identify(src/rgator_model) by extension 'ros'
[1.254s] DEBUG:colcon.colcon_core.package_identification:Package 'src/rgator_model' with type 'ros.ament_python' and name 'rgator_model'
[1.254s] Level 1:colcon.colcon_core.package_discovery:discover_packages(recursive) using defaults
[1.254s] Level 1:colcon.colcon_core.package_discovery:discover_packages(ignore) discover
[1.254s] Level 1:colcon.colcon_core.package_discovery:discover_packages(ignore) using defaults
[1.254s] Level 1:colcon.colcon_core.package_discovery:discover_packages(path) discover
[1.255s] Level 1:colcon.colcon_core.package_discovery:discover_packages(path) using defaults
[1.355s] Level 1:colcon.colcon_core.package_discovery:discover_packages(prefix_path) check parameters
[1.355s] Level 1:colcon.colcon_core.package_discovery:discover_packages(prefix_path) discover
[1.371s] Level 1:colcon.colcon_core.package_discovery:discover_packages(prefix_path) using defaults
[1.400s] Level 5:colcon.colcon_core.verb:set package 'r_gator_description' build argument 'cmake_args' from command line to 'None'
[1.400s] Level 5:colcon.colcon_core.verb:set package 'r_gator_description' build argument 'cmake_target' from command line to 'None'
[1.400s] Level 5:colcon.colcon_core.verb:set package 'r_gator_description' build argument 'cmake_target_skip_unavailable' from command line to 'False'
[1.401s] Level 5:colcon.colcon_core.verb:set package 'r_gator_description' build argument 'cmake_clean_cache' from command line to 'False'
[1.401s] Level 5:colcon.colcon_core.verb:set package 'r_gator_description' build argument 'cmake_clean_first' from command line to 'False'
[1.401s] Level 5:colcon.colcon_core.verb:set package 'r_gator_description' build argument 'cmake_force_configure' from command line to 'False'
[1.401s] Level 5:colcon.colcon_core.verb:set package 'r_gator_description' build argument 'ament_cmake_args' from command line to 'None'
[1.401s] Level 5:colcon.colcon_core.verb:set package 'r_gator_description' build argument 'catkin_cmake_args' from command line to 'None'
[1.401s] Level 5:colcon.colcon_core.verb:set package 'r_gator_description' build argument 'catkin_skip_building_tests' from command line to 'False'
[1.401s] DEBUG:colcon.colcon_core.verb:Building package 'r_gator_description' with the following arguments: {'ament_cmake_args': None, 'build_base': '/home/samee/ros2ws/build/r_gator_description', 'catkin_cmake_args': None, 'catkin_skip_building_tests': False, 'cmake_args': None, 'cmake_clean_cache': False, 'cmake_clean_first': False, 'cmake_force_configure': False, 'cmake_target': None, 'cmake_target_skip_unavailable': False, 'install_base': '/home/samee/ros2ws/install/r_gator_description', 'merge_install': False, 'path': '/home/samee/ros2ws/src/r_gator_description', 'symlink_install': False, 'test_result_base': None}
[1.415s] Level 5:colcon.colcon_core.verb:set package 'r_gator_gazebo' build argument 'cmake_args' from command line to 'None'
[1.415s] Level 5:colcon.colcon_core.verb:set package 'r_gator_gazebo' build argument 'cmake_target' from command line to 'None'
[1.415s] Level 5:colcon.colcon_core.verb:set package 'r_gator_gazebo' build argument 'cmake_target_skip_unavailable' from command line to 'False'
[1.416s] Level 5:colcon.colcon_core.verb:set package 'r_gator_gazebo' build argument 'cmake_clean_cache' from command line to 'False'
[1.416s] Level 5:colcon.colcon_core.verb:set package 'r_gator_gazebo' build argument 'cmake_clean_first' from command line to 'False'
[1.416s] Level 5:colcon.colcon_core.verb:set package 'r_gator_gazebo' build argument 'cmake_force_configure' from command line to 'False'
[1.416s] Level 5:colcon.colcon_core.verb:set package 'r_gator_gazebo' build argument 'ament_cmake_args' from command line to 'None'
[1.416s] Level 5:colcon.colcon_core.verb:set package 'r_gator_gazebo' build argument 'catkin_cmake_args' from command line to 'None'
[1.416s] Level 5:colcon.colcon_core.verb:set package 'r_gator_gazebo' build argument 'catkin_skip_building_tests' from command line to 'False'
[1.416s] DEBUG:colcon.colcon_core.verb:Building package 'r_gator_gazebo' with the following arguments: {'ament_cmake_args': None, 'build_base': '/home/samee/ros2ws/build/r_gator_gazebo', 'catkin_cmake_args': None, 'catkin_skip_building_tests': False, 'cmake_args': None, 'cmake_clean_cache': False, 'cmake_clean_first': False, 'cmake_force_configure': False, 'cmake_target': None, 'cmake_target_skip_unavailable': False, 'install_base': '/home/samee/ros2ws/install/r_gator_gazebo', 'merge_install': False, 'path': '/home/samee/ros2ws/src/r_gator_gazebo', 'symlink_install': False, 'test_result_base': None}
[1.431s] Level 5:colcon.colcon_core.verb:set package 'r_gator_launch' build argument 'cmake_args' from command line to 'None'
[1.431s] Level 5:colcon.colcon_core.verb:set package 'r_gator_launch' build argument 'cmake_target' from command line to 'None'
[1.431s] Level 5:colcon.colcon_core.verb:set package 'r_gator_launch' build argument 'cmake_target_skip_unavailable' from command line to 'False'
[1.431s] Level 5:colcon.colcon_core.verb:set package 'r_gator_launch' build argument 'cmake_clean_cache' from command line to 'False'
[1.431s] Level 5:colcon.colcon_core.verb:set package 'r_gator_launch' build argument 'cmake_clean_first' from command line to 'False'
[1.431s] Level 5:colcon.colcon_core.verb:set package 'r_gator_launch' build argument 'cmake_force_configure' from command line to 'False'
[1.431s] Level 5:colcon.colcon_core.verb:set package 'r_gator_launch' build argument 'ament_cmake_args' from command line to 'None'
[1.431s] Level 5:colcon.colcon_core.verb:set package 'r_gator_launch' build argument 'catkin_cmake_args' from command line to 'None'
[1.431s] Level 5:colcon.colcon_core.verb:set package 'r_gator_launch' build argument 'catkin_skip_building_tests' from command line to 'False'
[1.431s] DEBUG:colcon.colcon_core.verb:Building package 'r_gator_launch' with the following arguments: {'ament_cmake_args': None, 'build_base': '/home/samee/ros2ws/build/r_gator_launch', 'catkin_cmake_args': None, 'catkin_skip_building_tests': False, 'cmake_args': None, 'cmake_clean_cache': False, 'cmake_clean_first': False, 'cmake_force_configure': False, 'cmake_target': None, 'cmake_target_skip_unavailable': False, 'install_base': '/home/samee/ros2ws/install/r_gator_launch', 'merge_install': False, 'path': '/home/samee/ros2ws/src/r_gator_launch', 'symlink_install': False, 'test_result_base': None}
[1.446s] Level 5:colcon.colcon_core.verb:set package 'r_gator_teleop' build argument 'cmake_args' from command line to 'None'
[1.446s] Level 5:colcon.colcon_core.verb:set package 'r_gator_teleop' build argument 'cmake_target' from command line to 'None'
[1.446s] Level 5:colcon.colcon_core.verb:set package 'r_gator_teleop' build argument 'cmake_target_skip_unavailable' from command line to 'False'
[1.446s] Level 5:colcon.colcon_core.verb:set package 'r_gator_teleop' build argument 'cmake_clean_cache' from command line to 'False'
[1.446s] Level 5:colcon.colcon_core.verb:set package 'r_gator_teleop' build argument 'cmake_clean_first' from command line to 'False'
[1.446s] Level 5:colcon.colcon_core.verb:set package 'r_gator_teleop' build argument 'cmake_force_configure' from command line to 'False'
[1.446s] Level 5:colcon.colcon_core.verb:set package 'r_gator_teleop' build argument 'ament_cmake_args' from command line to 'None'
[1.446s] Level 5:colcon.colcon_core.verb:set package 'r_gator_teleop' build argument 'catkin_cmake_args' from command line to 'None'
[1.446s] Level 5:colcon.colcon_core.verb:set package 'r_gator_teleop' build argument 'catkin_skip_building_tests' from command line to 'False'
[1.446s] DEBUG:colcon.colcon_core.verb:Building package 'r_gator_teleop' with the following arguments: {'ament_cmake_args': None, 'build_base': '/home/samee/ros2ws/build/r_gator_teleop', 'catkin_cmake_args': None, 'catkin_skip_building_tests': False, 'cmake_args': None, 'cmake_clean_cache': False, 'cmake_clean_first': False, 'cmake_force_configure': False, 'cmake_target': None, 'cmake_target_skip_unavailable': False, 'install_base': '/home/samee/ros2ws/install/r_gator_teleop', 'merge_install': False, 'path': '/home/samee/ros2ws/src/r_gator_teleop', 'symlink_install': False, 'test_result_base': None}
[1.461s] Level 5:colcon.colcon_core.verb:set package 'rgator_model' build argument 'cmake_args' from command line to 'None'
[1.461s] Level 5:colcon.colcon_core.verb:set package 'rgator_model' build argument 'cmake_target' from command line to 'None'
[1.461s] Level 5:colcon.colcon_core.verb:set package 'rgator_model' build argument 'cmake_target_skip_unavailable' from command line to 'False'
[1.461s] Level 5:colcon.colcon_core.verb:set package 'rgator_model' build argument 'cmake_clean_cache' from command line to 'False'
[1.461s] Level 5:colcon.colcon_core.verb:set package 'rgator_model' build argument 'cmake_clean_first' from command line to 'False'
[1.461s] Level 5:colcon.colcon_core.verb:set package 'rgator_model' build argument 'cmake_force_configure' from command line to 'False'
[1.461s] Level 5:colcon.colcon_core.verb:set package 'rgator_model' build argument 'ament_cmake_args' from command line to 'None'
[1.461s] Level 5:colcon.colcon_core.verb:set package 'rgator_model' build argument 'catkin_cmake_args' from command line to 'None'
[1.461s] Level 5:colcon.colcon_core.verb:set package 'rgator_model' build argument 'catkin_skip_building_tests' from command line to 'False'
[1.461s] DEBUG:colcon.colcon_core.verb:Building package 'rgator_model' with the following arguments: {'ament_cmake_args': None, 'build_base': '/home/samee/ros2ws/build/rgator_model', 'catkin_cmake_args': None, 'catkin_skip_building_tests': False, 'cmake_args': None, 'cmake_clean_cache': False, 'cmake_clean_first': False, 'cmake_force_configure': False, 'cmake_target': None, 'cmake_target_skip_unavailable': False, 'install_base': '/home/samee/ros2ws/install/rgator_model', 'merge_install': False, 'path': '/home/samee/ros2ws/src/rgator_model', 'symlink_install': False, 'test_result_base': None}
[1.475s] INFO:colcon.colcon_core.executor:Executing jobs using 'parallel' executor
[1.491s] DEBUG:colcon.colcon_parallel_executor.executor.parallel:run_until_complete
[1.491s] INFO:colcon.colcon_ros.task.ament_python.build:Building ROS package in '/home/samee/ros2ws/src/r_gator_description' with build type 'ament_python'
[1.491s] Level 1:colcon.colcon_core.shell:create_environment_hook('r_gator_description', 'ament_prefix_path')
[1.513s] INFO:colcon.colcon_core.plugin_system:Skipping extension 'colcon_core.shell.bat': Not used on non-Windows systems
[1.514s] INFO:colcon.colcon_core.shell:Creating environment hook '/home/samee/ros2ws/install/r_gator_description/share/r_gator_description/hook/ament_prefix_path.ps1'
[1.515s] INFO:colcon.colcon_core.shell:Creating environment descriptor '/home/samee/ros2ws/install/r_gator_description/share/r_gator_description/hook/ament_prefix_path.dsv'
[1.516s] INFO:colcon.colcon_core.shell:Creating environment hook '/home/samee/ros2ws/install/r_gator_description/share/r_gator_description/hook/ament_prefix_path.sh'
[1.531s] INFO:colcon.colcon_core.shell:Skip shell extension 'powershell' for command environment: Not usable outside of PowerShell
[1.531s] DEBUG:colcon.colcon_core.shell:Skip shell extension 'dsv' for command environment
[1.547s] INFO:colcon.colcon_ros.task.ament_python.build:Building ROS package in '/home/samee/ros2ws/src/r_gator_gazebo' with build type 'ament_python'
[1.548s] Level 1:colcon.colcon_core.shell:create_environment_hook('r_gator_gazebo', 'ament_prefix_path')
[1.565s] INFO:colcon.colcon_core.shell:Creating environment hook '/home/samee/ros2ws/install/r_gator_gazebo/share/r_gator_gazebo/hook/ament_prefix_path.ps1'
[1.565s] INFO:colcon.colcon_core.shell:Creating environment descriptor '/home/samee/ros2ws/install/r_gator_gazebo/share/r_gator_gazebo/hook/ament_prefix_path.dsv'
[1.566s] INFO:colcon.colcon_core.shell:Creating environment hook '/home/samee/ros2ws/install/r_gator_gazebo/share/r_gator_gazebo/hook/ament_prefix_path.sh'
[1.582s] INFO:colcon.colcon_core.shell:Skip shell extension 'powershell' for command environment: Not usable outside of PowerShell
[1.583s] DEBUG:colcon.colcon_core.shell:Skip shell extension 'dsv' for command environment
[1.600s] INFO:colcon.colcon_ros.task.ament_python.build:Building ROS package in '/home/samee/ros2ws/src/r_gator_launch' with build type 'ament_python'
[1.600s] Level 1:colcon.colcon_core.shell:create_environment_hook('r_gator_launch', 'ament_prefix_path')
[1.617s] INFO:colcon.colcon_core.shell:Creating environment hook '/home/samee/ros2ws/install/r_gator_launch/share/r_gator_launch/hook/ament_prefix_path.ps1'
[1.618s] INFO:colcon.colcon_core.shell:Creating environment descriptor '/home/samee/ros2ws/install/r_gator_launch/share/r_gator_launch/hook/ament_prefix_path.dsv'
[1.618s] INFO:colcon.colcon_core.shell:Creating environment hook '/home/samee/ros2ws/install/r_gator_launch/share/r_gator_launch/hook/ament_prefix_path.sh'
[1.635s] INFO:colcon.colcon_core.shell:Skip shell extension 'powershell' for command environment: Not usable outside of PowerShell
[1.636s] DEBUG:colcon.colcon_core.shell:Skip shell extension 'dsv' for command environment
[1.652s] INFO:colcon.colcon_ros.task.ament_cmake.build:Building ROS package in '/home/samee/ros2ws/src/r_gator_teleop' with build type 'ament_cmake'
[1.652s] INFO:colcon.colcon_cmake.task.cmake.build:Building CMake package in '/home/samee/ros2ws/src/r_gator_teleop'
[1.670s] INFO:colcon.colcon_core.shell:Skip shell extension 'powershell' for command environment: Not usable outside of PowerShell
[1.670s] DEBUG:colcon.colcon_core.shell:Skip shell extension 'dsv' for command environment
[1.688s] INFO:colcon.colcon_ros.task.ament_python.build:Building ROS package in '/home/samee/ros2ws/src/rgator_model' with build type 'ament_python'
[1.688s] Level 1:colcon.colcon_core.shell:create_environment_hook('rgator_model', 'ament_prefix_path')
[1.705s] INFO:colcon.colcon_core.shell:Creating environment hook '/home/samee/ros2ws/install/rgator_model/share/rgator_model/hook/ament_prefix_path.ps1'
[1.706s] INFO:colcon.colcon_core.shell:Creating environment descriptor '/home/samee/ros2ws/install/rgator_model/share/rgator_model/hook/ament_prefix_path.dsv'
[1.706s] INFO:colcon.colcon_core.shell:Creating environment hook '/home/samee/ros2ws/install/rgator_model/share/rgator_model/hook/ament_prefix_path.sh'
[1.723s] INFO:colcon.colcon_core.shell:Skip shell extension 'powershell' for command environment: Not usable outside of PowerShell
[1.723s] DEBUG:colcon.colcon_core.shell:Skip shell extension 'dsv' for command environment
[2.095s] INFO:colcon.colcon_core.task.python.build:Building Python package in '/home/samee/ros2ws/src/r_gator_description'
[2.112s] INFO:colcon.colcon_core.shell:Skip shell extension 'powershell' for command environment: Not usable outside of PowerShell
[2.112s] DEBUG:colcon.colcon_core.shell:Skip shell extension 'dsv' for command environment
[3.069s] INFO:colcon.colcon_core.task.python.build:Building Python package in '/home/samee/ros2ws/src/r_gator_gazebo'
[3.118s] INFO:colcon.colcon_core.shell:Skip shell extension 'powershell' for command environment: Not usable outside of PowerShell
[3.118s] DEBUG:colcon.colcon_core.shell:Skip shell extension 'dsv' for command environment
[4.266s] INFO:colcon.colcon_core.task.python.build:Building Python package in '/home/samee/ros2ws/src/r_gator_launch'
[4.317s] INFO:colcon.colcon_core.shell:Skip shell extension 'powershell' for command environment: Not usable outside of PowerShell
[4.318s] DEBUG:colcon.colcon_core.shell:Skip shell extension 'dsv' for command environment
[4.390s] DEBUG:colcon.colcon_core.event_handler.log_command:Invoking command in '/home/samee/ros2ws/build/r_gator_teleop': /usr/local/bin/cmake --build /home/samee/ros2ws/build/r_gator_teleop -- -j12 -l12
[5.433s] INFO:colcon.colcon_core.task.python.build:Building Python package in '/home/samee/ros2ws/src/rgator_model'
[5.483s] INFO:colcon.colcon_core.shell:Skip shell extension 'powershell' for command environment: Not usable outside of PowerShell
[5.484s] DEBUG:colcon.colcon_core.shell:Skip shell extension 'dsv' for command environment
[7.247s] DEBUG:colcon.colcon_core.event_handler.log_command:Invoking command in '/home/samee/ros2ws/src/r_gator_gazebo': PYTHONPATH=/home/samee/ros2ws/build/r_gator_gazebo/prefix_override:/home/samee/ros2ws/install/r_gator_gazebo/lib/python3.10/site-packages: /usr/bin/python3 setup.py egg_info --egg-base ../../build/r_gator_gazebo build --build-base /home/samee/ros2ws/build/r_gator_gazebo/build install --record /home/samee/ros2ws/build/r_gator_gazebo/install.log --install-scripts $base/src/r_gator_gazebo --single-version-externally-managed
[7.259s] DEBUG:colcon.colcon_core.event_handler.log_command:Invoking command in '/home/samee/ros2ws/src/r_gator_launch': PYTHONPATH=/home/samee/ros2ws/build/r_gator_launch/prefix_override:/home/samee/ros2ws/install/r_gator_launch/lib/python3.10/site-packages: /usr/bin/python3 setup.py egg_info --egg-base ../../build/r_gator_launch build --build-base /home/samee/ros2ws/build/r_gator_launch/build install --record /home/samee/ros2ws/build/r_gator_launch/install.log --install-scripts $base/src/r_gator_launch --single-version-externally-managed
[7.493s] DEBUG:colcon.colcon_core.event_handler.log_command:Invoking command in '/home/samee/ros2ws/src/r_gator_description': PYTHONPATH=/home/samee/ros2ws/build/r_gator_description/prefix_override:/home/samee/ros2ws/install/r_gator_description/lib/python3.10/site-packages: /usr/bin/python3 setup.py egg_info --egg-base ../../build/r_gator_description build --build-base /home/samee/ros2ws/build/r_gator_description/build install --record /home/samee/ros2ws/build/r_gator_description/install.log --install-scripts $base/src/r_gator_description --single-version-externally-managed
[7.535s] DEBUG:colcon.colcon_core.event_handler.log_command:Invoking command in '/home/samee/ros2ws/src/rgator_model': PYTHONPATH=/home/samee/ros2ws/build/rgator_model/prefix_override:/home/samee/ros2ws/install/rgator_model/lib/python3.10/site-packages: /usr/bin/python3 setup.py egg_info --egg-base ../../build/rgator_model build --build-base /home/samee/ros2ws/build/rgator_model/build install --record /home/samee/ros2ws/build/rgator_model/install.log --install-scripts $base/src/rgator_model --single-version-externally-managed
[8.346s] DEBUG:colcon.colcon_core.event_handler.log_command:Invoked command in '/home/samee/ros2ws/src/r_gator_gazebo' returned '1': PYTHONPATH=/home/samee/ros2ws/build/r_gator_gazebo/prefix_override:/home/samee/ros2ws/install/r_gator_gazebo/lib/python3.10/site-packages: /usr/bin/python3 setup.py egg_info --egg-base ../../build/r_gator_gazebo build --build-base /home/samee/ros2ws/build/r_gator_gazebo/build install --record /home/samee/ros2ws/build/r_gator_gazebo/install.log --install-scripts $base/src/r_gator_gazebo --single-version-externally-managed
[17.438s] DEBUG:colcon.colcon_parallel_executor.executor.parallel:closing loop
[17.439s] DEBUG:colcon.colcon_parallel_executor.executor.parallel:loop closed
[17.440s] DEBUG:colcon.colcon_parallel_executor.executor.parallel:run_until_complete finished with '1'
[17.440s] DEBUG:colcon.colcon_core.event_reactor:joining thread
[17.517s] INFO:colcon.colcon_core.plugin_system:Skipping extension 'colcon_notification.desktop_notification.notify_send': Could not find 'notify-send'
[17.517s] INFO:colcon.colcon_core.plugin_system:Skipping extension 'colcon_notification.desktop_notification.terminal_notifier': Not used on non-Darwin systems
[17.518s] INFO:colcon.colcon_core.plugin_system:Skipping extension 'colcon_notification.desktop_notification.win32': Not used on non-Windows systems
[17.518s] INFO:colcon.colcon_notification.desktop_notification:Sending desktop notification using 'notify2'
