[0.355s] Invoking command in '/home/samee/ros2ws/build/r_gator_description': CMAKE_PREFIX_PATH=/opt/ros/humble:${CMAKE_PREFIX_PATH} /usr/local/bin/cmake --build /home/samee/ros2ws/build/r_gator_description -- -j12 -l12
[0.370s] Invoked command in '/home/samee/ros2ws/build/r_gator_description' returned '0': CMAKE_PREFIX_PATH=/opt/ros/humble:${CMAKE_PREFIX_PATH} /usr/local/bin/cmake --build /home/samee/ros2ws/build/r_gator_description -- -j12 -l12
[0.388s] Invoking command in '/home/samee/ros2ws/build/r_gator_description': CMAKE_PREFIX_PATH=/opt/ros/humble:${CMAKE_PREFIX_PATH} /usr/local/bin/cmake --install /home/samee/ros2ws/build/r_gator_description
[0.390s] -- Install configuration: ""
[0.391s] -- Up-to-date: /home/samee/ros2ws/install/r_gator_description/share/ament_index/resource_index/package_run_dependencies/r_gator_description
[0.391s] -- Up-to-date: /home/samee/ros2ws/install/r_gator_description/share/ament_index/resource_index/parent_prefix_path/r_gator_description
[0.392s] -- Up-to-date: /home/samee/ros2ws/install/r_gator_description/share/r_gator_description/environment/ament_prefix_path.sh
[0.393s] -- Up-to-date: /home/samee/ros2ws/install/r_gator_description/share/r_gator_description/environment/ament_prefix_path.dsv
[0.394s] -- Up-to-date: /home/samee/ros2ws/install/r_gator_description/share/r_gator_description/environment/path.sh
[0.395s] -- Up-to-date: /home/samee/ros2ws/install/r_gator_description/share/r_gator_description/environment/path.dsv
[0.396s] -- Up-to-date: /home/samee/ros2ws/install/r_gator_description/share/r_gator_description/local_setup.bash
[0.397s] -- Up-to-date: /home/samee/ros2ws/install/r_gator_description/share/r_gator_description/local_setup.sh
[0.399s] -- Up-to-date: /home/samee/ros2ws/install/r_gator_description/share/r_gator_description/local_setup.zsh
[0.399s] -- Up-to-date: /home/samee/ros2ws/install/r_gator_description/share/r_gator_description/local_setup.dsv
[0.400s] -- Installing: /home/samee/ros2ws/install/r_gator_description/share/r_gator_description/package.dsv
[0.400s] -- Up-to-date: /home/samee/ros2ws/install/r_gator_description/share/ament_index/resource_index/packages/r_gator_description
[0.400s] -- Up-to-date: /home/samee/ros2ws/install/r_gator_description/share/r_gator_description/cmake/r_gator_descriptionConfig.cmake
[0.400s] -- Up-to-date: /home/samee/ros2ws/install/r_gator_description/share/r_gator_description/cmake/r_gator_descriptionConfig-version.cmake
[0.400s] -- Up-to-date: /home/samee/ros2ws/install/r_gator_description/share/r_gator_description/package.xml
[0.411s] Invoked command in '/home/samee/ros2ws/build/r_gator_description' returned '0': CMAKE_PREFIX_PATH=/opt/ros/humble:${CMAKE_PREFIX_PATH} /usr/local/bin/cmake --install /home/samee/ros2ws/build/r_gator_description
