[0.169s] Invoking command in '/home/samee/ros2ws/build/r_gator_description': CMAKE_PREFIX_PATH=${CMAKE_PREFIX_PATH}:/opt/ros/humble /usr/local/bin/cmake /home/samee/ros2ws/src/r_gator_description -DCMAKE_INSTALL_PREFIX=/home/samee/ros2ws/install/r_gator_description
[0.175s] -- Found ament_cmake: 1.3.5 (/opt/ros/humble/share/ament_cmake/cmake)
[0.452s] -- Configuring done (0.3s)
[0.454s] -- Generating done (0.0s)
[0.455s] -- Build files have been written to: /home/samee/ros2ws/build/r_gator_description
[0.536s] Invoked command in '/home/samee/ros2ws/build/r_gator_description' returned '0': CMAKE_PREFIX_PATH=${CMAKE_PREFIX_PATH}:/opt/ros/humble /usr/local/bin/cmake /home/samee/ros2ws/src/r_gator_description -DCMAKE_INSTALL_PREFIX=/home/samee/ros2ws/install/r_gator_description
[0.537s] Invoking command in '/home/samee/ros2ws/build/r_gator_description': CMAKE_PREFIX_PATH=${CMAKE_PREFIX_PATH}:/opt/ros/humble /usr/local/bin/cmake --build /home/samee/ros2ws/build/r_gator_description -- -j12 -l12
[0.547s] Invoked command in '/home/samee/ros2ws/build/r_gator_description' returned '0': CMAKE_PREFIX_PATH=${CMAKE_PREFIX_PATH}:/opt/ros/humble /usr/local/bin/cmake --build /home/samee/ros2ws/build/r_gator_description -- -j12 -l12
[0.557s] Invoking command in '/home/samee/ros2ws/build/r_gator_description': CMAKE_PREFIX_PATH=${CMAKE_PREFIX_PATH}:/opt/ros/humble /usr/local/bin/cmake --install /home/samee/ros2ws/build/r_gator_description
[0.559s] -- Install configuration: ""
[0.559s] -- Installing: /home/samee/ros2ws/install/r_gator_description/share/ament_index/resource_index/package_run_dependencies/r_gator_description
[0.559s] -- Installing: /home/samee/ros2ws/install/r_gator_description/share/ament_index/resource_index/parent_prefix_path/r_gator_description
[0.559s] -- Installing: /home/samee/ros2ws/install/r_gator_description/share/r_gator_description/environment/ament_prefix_path.sh
[0.559s] -- Installing: /home/samee/ros2ws/install/r_gator_description/share/r_gator_description/environment/ament_prefix_path.dsv
[0.559s] -- Installing: /home/samee/ros2ws/install/r_gator_description/share/r_gator_description/environment/path.sh
[0.559s] -- Installing: /home/samee/ros2ws/install/r_gator_description/share/r_gator_description/environment/path.dsv
[0.560s] -- Installing: /home/samee/ros2ws/install/r_gator_description/share/r_gator_description/local_setup.bash
[0.560s] -- Installing: /home/samee/ros2ws/install/r_gator_description/share/r_gator_description/local_setup.sh
[0.560s] -- Installing: /home/samee/ros2ws/install/r_gator_description/share/r_gator_description/local_setup.zsh
[0.560s] -- Installing: /home/samee/ros2ws/install/r_gator_description/share/r_gator_description/local_setup.dsv
[0.560s] -- Installing: /home/samee/ros2ws/install/r_gator_description/share/r_gator_description/package.dsv
[0.560s] -- Installing: /home/samee/ros2ws/install/r_gator_description/share/ament_index/resource_index/packages/r_gator_description
[0.560s] -- Installing: /home/samee/ros2ws/install/r_gator_description/share/r_gator_description/cmake/r_gator_descriptionConfig.cmake
[0.560s] -- Installing: /home/samee/ros2ws/install/r_gator_description/share/r_gator_description/cmake/r_gator_descriptionConfig-version.cmake
[0.560s] -- Installing: /home/samee/ros2ws/install/r_gator_description/share/r_gator_description/package.xml
[0.561s] Invoked command in '/home/samee/ros2ws/build/r_gator_description' returned '0': CMAKE_PREFIX_PATH=${CMAKE_PREFIX_PATH}:/opt/ros/humble /usr/local/bin/cmake --install /home/samee/ros2ws/build/r_gator_description
