[0.942s] DEBUG:colcon:Command line arguments: ['/usr/bin/colcon', 'build']
[0.942s] DEBUG:colcon:Parsed command line arguments: Namespace(log_base=None, log_level=None, verb_name='build', build_base='build', install_base='install', merge_install=False, symlink_install=False, test_result_base=None, continue_on_error=False, executor='parallel', parallel_workers=12, event_handlers=None, ignore_user_meta=False, metas=['./colcon.meta'], base_paths=['.'], packages_ignore=None, packages_ignore_regex=None, paths=None, packages_up_to=None, packages_up_to_regex=None, packages_above=None, packages_above_and_dependencies=None, packages_above_depth=None, packages_select_by_dep=None, packages_skip_by_dep=None, packages_skip_up_to=None, packages_select_build_failed=False, packages_skip_build_finished=False, packages_select_test_failures=False, packages_skip_test_passed=False, packages_select=None, packages_skip=None, packages_select_regex=None, packages_skip_regex=None, packages_start=None, packages_end=None, allow_overriding=[], cmake_args=None, cmake_target=None, cmake_target_skip_unavailable=False, cmake_clean_cache=False, cmake_clean_first=False, cmake_force_configure=False, ament_cmake_args=None, catkin_cmake_args=None, catkin_skip_building_tests=False, verb_parser=<colcon_defaults.argument_parser.defaults.DefaultArgumentsDecorator object at 0x7f7b2ceb2d10>, verb_extension=<colcon_core.verb.build.BuildVerb object at 0x7f7b2d2de710>, main=<bound method BuildVerb.main of <colcon_core.verb.build.BuildVerb object at 0x7f7b2d2de710>>)
[0.988s] Level 1:colcon.colcon_core.package_discovery:discover_packages(colcon_meta) check parameters
[0.989s] Level 1:colcon.colcon_core.package_discovery:discover_packages(recursive) check parameters
[0.989s] Level 1:colcon.colcon_core.package_discovery:discover_packages(ignore) check parameters
[0.989s] Level 1:colcon.colcon_core.package_discovery:discover_packages(path) check parameters
[0.989s] Level 1:colcon.colcon_core.package_discovery:discover_packages(colcon_meta) discover
[0.989s] Level 1:colcon.colcon_core.package_discovery:discover_packages(recursive) discover
[0.989s] INFO:colcon.colcon_core.package_discovery:Crawling recursively for packages in '/home/samee/ros2ws'
[0.989s] Level 1:colcon.colcon_core.package_identification:_identify(.) by extensions ['ignore', 'ignore_ament_install']
[0.989s] Level 1:colcon.colcon_core.package_identification:_identify(.) by extension 'ignore'
[0.989s] Level 1:colcon.colcon_core.package_identification:_identify(.) by extension 'ignore_ament_install'
[0.989s] Level 1:colcon.colcon_core.package_identification:_identify(.) by extensions ['colcon_pkg']
[0.989s] Level 1:colcon.colcon_core.package_identification:_identify(.) by extension 'colcon_pkg'
[0.989s] Level 1:colcon.colcon_core.package_identification:_identify(.) by extensions ['colcon_meta']
[0.989s] Level 1:colcon.colcon_core.package_identification:_identify(.) by extension 'colcon_meta'
[0.989s] Level 1:colcon.colcon_core.package_identification:_identify(.) by extensions ['ros']
[0.989s] Level 1:colcon.colcon_core.package_identification:_identify(.) by extension 'ros'
[1.004s] Level 1:colcon.colcon_core.package_identification:_identify(.) by extensions ['cmake', 'python']
[1.004s] Level 1:colcon.colcon_core.package_identification:_identify(.) by extension 'cmake'
[1.004s] Level 1:colcon.colcon_core.package_identification:_identify(.) by extension 'python'
[1.005s] Level 1:colcon.colcon_core.package_identification:_identify(.) by extensions ['python_setup_py']
[1.005s] Level 1:colcon.colcon_core.package_identification:_identify(.) by extension 'python_setup_py'
[1.005s] Level 1:colcon.colcon_core.package_identification:_identify(build) by extensions ['ignore', 'ignore_ament_install']
[1.005s] Level 1:colcon.colcon_core.package_identification:_identify(build) by extension 'ignore'
[1.005s] Level 1:colcon.colcon_core.package_identification:_identify(build) ignored
[1.005s] Level 1:colcon.colcon_core.package_identification:_identify(install) by extensions ['ignore', 'ignore_ament_install']
[1.005s] Level 1:colcon.colcon_core.package_identification:_identify(install) by extension 'ignore'
[1.005s] Level 1:colcon.colcon_core.package_identification:_identify(install) ignored
[1.005s] Level 1:colcon.colcon_core.package_identification:_identify(log) by extensions ['ignore', 'ignore_ament_install']
[1.005s] Level 1:colcon.colcon_core.package_identification:_identify(log) by extension 'ignore'
[1.006s] Level 1:colcon.colcon_core.package_identification:_identify(log) ignored
[1.006s] Level 1:colcon.colcon_core.package_identification:_identify(src) by extensions ['ignore', 'ignore_ament_install']
[1.006s] Level 1:colcon.colcon_core.package_identification:_identify(src) by extension 'ignore'
[1.006s] Level 1:colcon.colcon_core.package_identification:_identify(src) by extension 'ignore_ament_install'
[1.006s] Level 1:colcon.colcon_core.package_identification:_identify(src) by extensions ['colcon_pkg']
[1.006s] Level 1:colcon.colcon_core.package_identification:_identify(src) by extension 'colcon_pkg'
[1.006s] Level 1:colcon.colcon_core.package_identification:_identify(src) by extensions ['colcon_meta']
[1.006s] Level 1:colcon.colcon_core.package_identification:_identify(src) by extension 'colcon_meta'
[1.006s] Level 1:colcon.colcon_core.package_identification:_identify(src) by extensions ['ros']
[1.006s] Level 1:colcon.colcon_core.package_identification:_identify(src) by extension 'ros'
[1.006s] Level 1:colcon.colcon_core.package_identification:_identify(src) by extensions ['cmake', 'python']
[1.006s] Level 1:colcon.colcon_core.package_identification:_identify(src) by extension 'cmake'
[1.006s] Level 1:colcon.colcon_core.package_identification:_identify(src) by extension 'python'
[1.006s] Level 1:colcon.colcon_core.package_identification:_identify(src) by extensions ['python_setup_py']
[1.006s] Level 1:colcon.colcon_core.package_identification:_identify(src) by extension 'python_setup_py'
[1.006s] Level 1:colcon.colcon_core.package_identification:_identify(src/images) by extensions ['ignore', 'ignore_ament_install']
[1.007s] Level 1:colcon.colcon_core.package_identification:_identify(src/images) by extension 'ignore'
[1.007s] Level 1:colcon.colcon_core.package_identification:_identify(src/images) by extension 'ignore_ament_install'
[1.007s] Level 1:colcon.colcon_core.package_identification:_identify(src/images) by extensions ['colcon_pkg']
[1.007s] Level 1:colcon.colcon_core.package_identification:_identify(src/images) by extension 'colcon_pkg'
[1.007s] Level 1:colcon.colcon_core.package_identification:_identify(src/images) by extensions ['colcon_meta']
[1.007s] Level 1:colcon.colcon_core.package_identification:_identify(src/images) by extension 'colcon_meta'
[1.007s] Level 1:colcon.colcon_core.package_identification:_identify(src/images) by extensions ['ros']
[1.007s] Level 1:colcon.colcon_core.package_identification:_identify(src/images) by extension 'ros'
[1.007s] Level 1:colcon.colcon_core.package_identification:_identify(src/images) by extensions ['cmake', 'python']
[1.007s] Level 1:colcon.colcon_core.package_identification:_identify(src/images) by extension 'cmake'
[1.007s] Level 1:colcon.colcon_core.package_identification:_identify(src/images) by extension 'python'
[1.007s] Level 1:colcon.colcon_core.package_identification:_identify(src/images) by extensions ['python_setup_py']
[1.007s] Level 1:colcon.colcon_core.package_identification:_identify(src/images) by extension 'python_setup_py'
[1.007s] Level 1:colcon.colcon_core.package_identification:_identify(src/r_gator_description) by extensions ['ignore', 'ignore_ament_install']
[1.007s] Level 1:colcon.colcon_core.package_identification:_identify(src/r_gator_description) by extension 'ignore'
[1.007s] Level 1:colcon.colcon_core.package_identification:_identify(src/r_gator_description) by extension 'ignore_ament_install'
[1.007s] Level 1:colcon.colcon_core.package_identification:_identify(src/r_gator_description) by extensions ['colcon_pkg']
[1.008s] Level 1:colcon.colcon_core.package_identification:_identify(src/r_gator_description) by extension 'colcon_pkg'
[1.008s] Level 1:colcon.colcon_core.package_identification:_identify(src/r_gator_description) by extensions ['colcon_meta']
[1.008s] Level 1:colcon.colcon_core.package_identification:_identify(src/r_gator_description) by extension 'colcon_meta'
[1.008s] Level 1:colcon.colcon_core.package_identification:_identify(src/r_gator_description) by extensions ['ros']
[1.008s] Level 1:colcon.colcon_core.package_identification:_identify(src/r_gator_description) by extension 'ros'
[1.012s] DEBUG:colcon.colcon_core.package_identification:Package 'src/r_gator_description' with type 'ros.ament_python' and name 'r_gator_description'
[1.012s] Level 1:colcon.colcon_core.package_identification:_identify(src/r_gator_gazebo) by extensions ['ignore', 'ignore_ament_install']
[1.012s] Level 1:colcon.colcon_core.package_identification:_identify(src/r_gator_gazebo) by extension 'ignore'
[1.012s] Level 1:colcon.colcon_core.package_identification:_identify(src/r_gator_gazebo) by extension 'ignore_ament_install'
[1.012s] Level 1:colcon.colcon_core.package_identification:_identify(src/r_gator_gazebo) by extensions ['colcon_pkg']
[1.012s] Level 1:colcon.colcon_core.package_identification:_identify(src/r_gator_gazebo) by extension 'colcon_pkg'
[1.012s] Level 1:colcon.colcon_core.package_identification:_identify(src/r_gator_gazebo) by extensions ['colcon_meta']
[1.012s] Level 1:colcon.colcon_core.package_identification:_identify(src/r_gator_gazebo) by extension 'colcon_meta'
[1.012s] Level 1:colcon.colcon_core.package_identification:_identify(src/r_gator_gazebo) by extensions ['ros']
[1.013s] Level 1:colcon.colcon_core.package_identification:_identify(src/r_gator_gazebo) by extension 'ros'
[1.014s] DEBUG:colcon.colcon_core.package_identification:Package 'src/r_gator_gazebo' with type 'ros.ament_python' and name 'r_gator_gazebo'
[1.015s] Level 1:colcon.colcon_core.package_identification:_identify(src/r_gator_launch) by extensions ['ignore', 'ignore_ament_install']
[1.015s] Level 1:colcon.colcon_core.package_identification:_identify(src/r_gator_launch) by extension 'ignore'
[1.015s] Level 1:colcon.colcon_core.package_identification:_identify(src/r_gator_launch) by extension 'ignore_ament_install'
[1.015s] Level 1:colcon.colcon_core.package_identification:_identify(src/r_gator_launch) by extensions ['colcon_pkg']
[1.015s] Level 1:colcon.colcon_core.package_identification:_identify(src/r_gator_launch) by extension 'colcon_pkg'
[1.015s] Level 1:colcon.colcon_core.package_identification:_identify(src/r_gator_launch) by extensions ['colcon_meta']
[1.015s] Level 1:colcon.colcon_core.package_identification:_identify(src/r_gator_launch) by extension 'colcon_meta'
[1.015s] Level 1:colcon.colcon_core.package_identification:_identify(src/r_gator_launch) by extensions ['ros']
[1.015s] Level 1:colcon.colcon_core.package_identification:_identify(src/r_gator_launch) by extension 'ros'
[1.016s] DEBUG:colcon.colcon_core.package_identification:Package 'src/r_gator_launch' with type 'ros.ament_python' and name 'r_gator_launch'
[1.016s] Level 1:colcon.colcon_core.package_identification:_identify(src/r_gator_teleop) by extensions ['ignore', 'ignore_ament_install']
[1.016s] Level 1:colcon.colcon_core.package_identification:_identify(src/r_gator_teleop) by extension 'ignore'
[1.016s] Level 1:colcon.colcon_core.package_identification:_identify(src/r_gator_teleop) by extension 'ignore_ament_install'
[1.016s] Level 1:colcon.colcon_core.package_identification:_identify(src/r_gator_teleop) by extensions ['colcon_pkg']
[1.016s] Level 1:colcon.colcon_core.package_identification:_identify(src/r_gator_teleop) by extension 'colcon_pkg'
[1.016s] Level 1:colcon.colcon_core.package_identification:_identify(src/r_gator_teleop) by extensions ['colcon_meta']
[1.016s] Level 1:colcon.colcon_core.package_identification:_identify(src/r_gator_teleop) by extension 'colcon_meta'
[1.017s] Level 1:colcon.colcon_core.package_identification:_identify(src/r_gator_teleop) by extensions ['ros']
[1.017s] Level 1:colcon.colcon_core.package_identification:_identify(src/r_gator_teleop) by extension 'ros'
[1.018s] DEBUG:colcon.colcon_core.package_identification:Package 'src/r_gator_teleop' with type 'ros.ament_cmake' and name 'r_gator_teleop'
[1.018s] Level 1:colcon.colcon_core.package_identification:_identify(src/rgator_model) by extensions ['ignore', 'ignore_ament_install']
[1.018s] Level 1:colcon.colcon_core.package_identification:_identify(src/rgator_model) by extension 'ignore'
[1.018s] Level 1:colcon.colcon_core.package_identification:_identify(src/rgator_model) by extension 'ignore_ament_install'
[1.018s] Level 1:colcon.colcon_core.package_identification:_identify(src/rgator_model) by extensions ['colcon_pkg']
[1.018s] Level 1:colcon.colcon_core.package_identification:_identify(src/rgator_model) by extension 'colcon_pkg'
[1.018s] Level 1:colcon.colcon_core.package_identification:_identify(src/rgator_model) by extensions ['colcon_meta']
[1.018s] Level 1:colcon.colcon_core.package_identification:_identify(src/rgator_model) by extension 'colcon_meta'
[1.018s] Level 1:colcon.colcon_core.package_identification:_identify(src/rgator_model) by extensions ['ros']
[1.018s] Level 1:colcon.colcon_core.package_identification:_identify(src/rgator_model) by extension 'ros'
[1.019s] DEBUG:colcon.colcon_core.package_identification:Package 'src/rgator_model' with type 'ros.ament_python' and name 'rgator_model'
[1.019s] Level 1:colcon.colcon_core.package_discovery:discover_packages(recursive) using defaults
[1.019s] Level 1:colcon.colcon_core.package_discovery:discover_packages(ignore) discover
[1.019s] Level 1:colcon.colcon_core.package_discovery:discover_packages(ignore) using defaults
[1.019s] Level 1:colcon.colcon_core.package_discovery:discover_packages(path) discover
[1.019s] Level 1:colcon.colcon_core.package_discovery:discover_packages(path) using defaults
[1.107s] Level 1:colcon.colcon_core.package_discovery:discover_packages(prefix_path) check parameters
[1.107s] Level 1:colcon.colcon_core.package_discovery:discover_packages(prefix_path) discover
[1.120s] Level 1:colcon.colcon_core.package_discovery:discover_packages(prefix_path) using defaults
[1.147s] Level 5:colcon.colcon_core.verb:set package 'r_gator_description' build argument 'cmake_args' from command line to 'None'
[1.147s] Level 5:colcon.colcon_core.verb:set package 'r_gator_description' build argument 'cmake_target' from command line to 'None'
[1.147s] Level 5:colcon.colcon_core.verb:set package 'r_gator_description' build argument 'cmake_target_skip_unavailable' from command line to 'False'
[1.147s] Level 5:colcon.colcon_core.verb:set package 'r_gator_description' build argument 'cmake_clean_cache' from command line to 'False'
[1.147s] Level 5:colcon.colcon_core.verb:set package 'r_gator_description' build argument 'cmake_clean_first' from command line to 'False'
[1.147s] Level 5:colcon.colcon_core.verb:set package 'r_gator_description' build argument 'cmake_force_configure' from command line to 'False'
[1.147s] Level 5:colcon.colcon_core.verb:set package 'r_gator_description' build argument 'ament_cmake_args' from command line to 'None'
[1.147s] Level 5:colcon.colcon_core.verb:set package 'r_gator_description' build argument 'catkin_cmake_args' from command line to 'None'
[1.147s] Level 5:colcon.colcon_core.verb:set package 'r_gator_description' build argument 'catkin_skip_building_tests' from command line to 'False'
[1.147s] DEBUG:colcon.colcon_core.verb:Building package 'r_gator_description' with the following arguments: {'ament_cmake_args': None, 'build_base': '/home/samee/ros2ws/build/r_gator_description', 'catkin_cmake_args': None, 'catkin_skip_building_tests': False, 'cmake_args': None, 'cmake_clean_cache': False, 'cmake_clean_first': False, 'cmake_force_configure': False, 'cmake_target': None, 'cmake_target_skip_unavailable': False, 'install_base': '/home/samee/ros2ws/install/r_gator_description', 'merge_install': False, 'path': '/home/samee/ros2ws/src/r_gator_description', 'symlink_install': False, 'test_result_base': None}
[1.160s] Level 5:colcon.colcon_core.verb:set package 'r_gator_gazebo' build argument 'cmake_args' from command line to 'None'
[1.160s] Level 5:colcon.colcon_core.verb:set package 'r_gator_gazebo' build argument 'cmake_target' from command line to 'None'
[1.160s] Level 5:colcon.colcon_core.verb:set package 'r_gator_gazebo' build argument 'cmake_target_skip_unavailable' from command line to 'False'
[1.160s] Level 5:colcon.colcon_core.verb:set package 'r_gator_gazebo' build argument 'cmake_clean_cache' from command line to 'False'
[1.160s] Level 5:colcon.colcon_core.verb:set package 'r_gator_gazebo' build argument 'cmake_clean_first' from command line to 'False'
[1.160s] Level 5:colcon.colcon_core.verb:set package 'r_gator_gazebo' build argument 'cmake_force_configure' from command line to 'False'
[1.160s] Level 5:colcon.colcon_core.verb:set package 'r_gator_gazebo' build argument 'ament_cmake_args' from command line to 'None'
[1.160s] Level 5:colcon.colcon_core.verb:set package 'r_gator_gazebo' build argument 'catkin_cmake_args' from command line to 'None'
[1.160s] Level 5:colcon.colcon_core.verb:set package 'r_gator_gazebo' build argument 'catkin_skip_building_tests' from command line to 'False'
[1.160s] DEBUG:colcon.colcon_core.verb:Building package 'r_gator_gazebo' with the following arguments: {'ament_cmake_args': None, 'build_base': '/home/samee/ros2ws/build/r_gator_gazebo', 'catkin_cmake_args': None, 'catkin_skip_building_tests': False, 'cmake_args': None, 'cmake_clean_cache': False, 'cmake_clean_first': False, 'cmake_force_configure': False, 'cmake_target': None, 'cmake_target_skip_unavailable': False, 'install_base': '/home/samee/ros2ws/install/r_gator_gazebo', 'merge_install': False, 'path': '/home/samee/ros2ws/src/r_gator_gazebo', 'symlink_install': False, 'test_result_base': None}
[1.174s] Level 5:colcon.colcon_core.verb:set package 'r_gator_launch' build argument 'cmake_args' from command line to 'None'
[1.174s] Level 5:colcon.colcon_core.verb:set package 'r_gator_launch' build argument 'cmake_target' from command line to 'None'
[1.174s] Level 5:colcon.colcon_core.verb:set package 'r_gator_launch' build argument 'cmake_target_skip_unavailable' from command line to 'False'
[1.174s] Level 5:colcon.colcon_core.verb:set package 'r_gator_launch' build argument 'cmake_clean_cache' from command line to 'False'
[1.174s] Level 5:colcon.colcon_core.verb:set package 'r_gator_launch' build argument 'cmake_clean_first' from command line to 'False'
[1.174s] Level 5:colcon.colcon_core.verb:set package 'r_gator_launch' build argument 'cmake_force_configure' from command line to 'False'
[1.174s] Level 5:colcon.colcon_core.verb:set package 'r_gator_launch' build argument 'ament_cmake_args' from command line to 'None'
[1.174s] Level 5:colcon.colcon_core.verb:set package 'r_gator_launch' build argument 'catkin_cmake_args' from command line to 'None'
[1.174s] Level 5:colcon.colcon_core.verb:set package 'r_gator_launch' build argument 'catkin_skip_building_tests' from command line to 'False'
[1.174s] DEBUG:colcon.colcon_core.verb:Building package 'r_gator_launch' with the following arguments: {'ament_cmake_args': None, 'build_base': '/home/samee/ros2ws/build/r_gator_launch', 'catkin_cmake_args': None, 'catkin_skip_building_tests': False, 'cmake_args': None, 'cmake_clean_cache': False, 'cmake_clean_first': False, 'cmake_force_configure': False, 'cmake_target': None, 'cmake_target_skip_unavailable': False, 'install_base': '/home/samee/ros2ws/install/r_gator_launch', 'merge_install': False, 'path': '/home/samee/ros2ws/src/r_gator_launch', 'symlink_install': False, 'test_result_base': None}
[1.187s] Level 5:colcon.colcon_core.verb:set package 'r_gator_teleop' build argument 'cmake_args' from command line to 'None'
[1.187s] Level 5:colcon.colcon_core.verb:set package 'r_gator_teleop' build argument 'cmake_target' from command line to 'None'
[1.187s] Level 5:colcon.colcon_core.verb:set package 'r_gator_teleop' build argument 'cmake_target_skip_unavailable' from command line to 'False'
[1.187s] Level 5:colcon.colcon_core.verb:set package 'r_gator_teleop' build argument 'cmake_clean_cache' from command line to 'False'
[1.187s] Level 5:colcon.colcon_core.verb:set package 'r_gator_teleop' build argument 'cmake_clean_first' from command line to 'False'
[1.187s] Level 5:colcon.colcon_core.verb:set package 'r_gator_teleop' build argument 'cmake_force_configure' from command line to 'False'
[1.187s] Level 5:colcon.colcon_core.verb:set package 'r_gator_teleop' build argument 'ament_cmake_args' from command line to 'None'
[1.187s] Level 5:colcon.colcon_core.verb:set package 'r_gator_teleop' build argument 'catkin_cmake_args' from command line to 'None'
[1.187s] Level 5:colcon.colcon_core.verb:set package 'r_gator_teleop' build argument 'catkin_skip_building_tests' from command line to 'False'
[1.187s] DEBUG:colcon.colcon_core.verb:Building package 'r_gator_teleop' with the following arguments: {'ament_cmake_args': None, 'build_base': '/home/samee/ros2ws/build/r_gator_teleop', 'catkin_cmake_args': None, 'catkin_skip_building_tests': False, 'cmake_args': None, 'cmake_clean_cache': False, 'cmake_clean_first': False, 'cmake_force_configure': False, 'cmake_target': None, 'cmake_target_skip_unavailable': False, 'install_base': '/home/samee/ros2ws/install/r_gator_teleop', 'merge_install': False, 'path': '/home/samee/ros2ws/src/r_gator_teleop', 'symlink_install': False, 'test_result_base': None}
[1.200s] Level 5:colcon.colcon_core.verb:set package 'rgator_model' build argument 'cmake_args' from command line to 'None'
[1.200s] Level 5:colcon.colcon_core.verb:set package 'rgator_model' build argument 'cmake_target' from command line to 'None'
[1.200s] Level 5:colcon.colcon_core.verb:set package 'rgator_model' build argument 'cmake_target_skip_unavailable' from command line to 'False'
[1.200s] Level 5:colcon.colcon_core.verb:set package 'rgator_model' build argument 'cmake_clean_cache' from command line to 'False'
[1.200s] Level 5:colcon.colcon_core.verb:set package 'rgator_model' build argument 'cmake_clean_first' from command line to 'False'
[1.200s] Level 5:colcon.colcon_core.verb:set package 'rgator_model' build argument 'cmake_force_configure' from command line to 'False'
[1.200s] Level 5:colcon.colcon_core.verb:set package 'rgator_model' build argument 'ament_cmake_args' from command line to 'None'
[1.200s] Level 5:colcon.colcon_core.verb:set package 'rgator_model' build argument 'catkin_cmake_args' from command line to 'None'
[1.200s] Level 5:colcon.colcon_core.verb:set package 'rgator_model' build argument 'catkin_skip_building_tests' from command line to 'False'
[1.200s] DEBUG:colcon.colcon_core.verb:Building package 'rgator_model' with the following arguments: {'ament_cmake_args': None, 'build_base': '/home/samee/ros2ws/build/rgator_model', 'catkin_cmake_args': None, 'catkin_skip_building_tests': False, 'cmake_args': None, 'cmake_clean_cache': False, 'cmake_clean_first': False, 'cmake_force_configure': False, 'cmake_target': None, 'cmake_target_skip_unavailable': False, 'install_base': '/home/samee/ros2ws/install/rgator_model', 'merge_install': False, 'path': '/home/samee/ros2ws/src/rgator_model', 'symlink_install': False, 'test_result_base': None}
[1.213s] INFO:colcon.colcon_core.executor:Executing jobs using 'parallel' executor
[1.227s] DEBUG:colcon.colcon_parallel_executor.executor.parallel:run_until_complete
[1.227s] INFO:colcon.colcon_ros.task.ament_python.build:Building ROS package in '/home/samee/ros2ws/src/r_gator_description' with build type 'ament_python'
[1.228s] Level 1:colcon.colcon_core.shell:create_environment_hook('r_gator_description', 'ament_prefix_path')
[1.243s] INFO:colcon.colcon_core.plugin_system:Skipping extension 'colcon_core.shell.bat': Not used on non-Windows systems
[1.243s] INFO:colcon.colcon_core.shell:Creating environment hook '/home/samee/ros2ws/install/r_gator_description/share/r_gator_description/hook/ament_prefix_path.ps1'
[1.244s] INFO:colcon.colcon_core.shell:Creating environment descriptor '/home/samee/ros2ws/install/r_gator_description/share/r_gator_description/hook/ament_prefix_path.dsv'
[1.244s] INFO:colcon.colcon_core.shell:Creating environment hook '/home/samee/ros2ws/install/r_gator_description/share/r_gator_description/hook/ament_prefix_path.sh'
[1.258s] INFO:colcon.colcon_core.shell:Skip shell extension 'powershell' for command environment: Not usable outside of PowerShell
[1.258s] DEBUG:colcon.colcon_core.shell:Skip shell extension 'dsv' for command environment
[1.272s] INFO:colcon.colcon_ros.task.ament_python.build:Building ROS package in '/home/samee/ros2ws/src/r_gator_gazebo' with build type 'ament_python'
[1.273s] Level 1:colcon.colcon_core.shell:create_environment_hook('r_gator_gazebo', 'ament_prefix_path')
[1.286s] INFO:colcon.colcon_core.shell:Creating environment hook '/home/samee/ros2ws/install/r_gator_gazebo/share/r_gator_gazebo/hook/ament_prefix_path.ps1'
[1.287s] INFO:colcon.colcon_core.shell:Creating environment descriptor '/home/samee/ros2ws/install/r_gator_gazebo/share/r_gator_gazebo/hook/ament_prefix_path.dsv'
[1.287s] INFO:colcon.colcon_core.shell:Creating environment hook '/home/samee/ros2ws/install/r_gator_gazebo/share/r_gator_gazebo/hook/ament_prefix_path.sh'
[1.303s] INFO:colcon.colcon_core.shell:Skip shell extension 'powershell' for command environment: Not usable outside of PowerShell
[1.303s] DEBUG:colcon.colcon_core.shell:Skip shell extension 'dsv' for command environment
[1.317s] INFO:colcon.colcon_ros.task.ament_python.build:Building ROS package in '/home/samee/ros2ws/src/r_gator_launch' with build type 'ament_python'
[1.318s] Level 1:colcon.colcon_core.shell:create_environment_hook('r_gator_launch', 'ament_prefix_path')
[1.332s] INFO:colcon.colcon_core.shell:Creating environment hook '/home/samee/ros2ws/install/r_gator_launch/share/r_gator_launch/hook/ament_prefix_path.ps1'
[1.333s] INFO:colcon.colcon_core.shell:Creating environment descriptor '/home/samee/ros2ws/install/r_gator_launch/share/r_gator_launch/hook/ament_prefix_path.dsv'
[1.333s] INFO:colcon.colcon_core.shell:Creating environment hook '/home/samee/ros2ws/install/r_gator_launch/share/r_gator_launch/hook/ament_prefix_path.sh'
[1.349s] INFO:colcon.colcon_core.shell:Skip shell extension 'powershell' for command environment: Not usable outside of PowerShell
[1.349s] DEBUG:colcon.colcon_core.shell:Skip shell extension 'dsv' for command environment
[1.366s] INFO:colcon.colcon_ros.task.ament_cmake.build:Building ROS package in '/home/samee/ros2ws/src/r_gator_teleop' with build type 'ament_cmake'
[1.366s] INFO:colcon.colcon_cmake.task.cmake.build:Building CMake package in '/home/samee/ros2ws/src/r_gator_teleop'
[1.379s] INFO:colcon.colcon_core.shell:Skip shell extension 'powershell' for command environment: Not usable outside of PowerShell
[1.379s] DEBUG:colcon.colcon_core.shell:Skip shell extension 'dsv' for command environment
[1.394s] INFO:colcon.colcon_ros.task.ament_python.build:Building ROS package in '/home/samee/ros2ws/src/rgator_model' with build type 'ament_python'
[1.394s] Level 1:colcon.colcon_core.shell:create_environment_hook('rgator_model', 'ament_prefix_path')
[1.409s] INFO:colcon.colcon_core.shell:Creating environment hook '/home/samee/ros2ws/install/rgator_model/share/rgator_model/hook/ament_prefix_path.ps1'
[1.409s] INFO:colcon.colcon_core.shell:Creating environment descriptor '/home/samee/ros2ws/install/rgator_model/share/rgator_model/hook/ament_prefix_path.dsv'
[1.410s] INFO:colcon.colcon_core.shell:Creating environment hook '/home/samee/ros2ws/install/rgator_model/share/rgator_model/hook/ament_prefix_path.sh'
[1.424s] INFO:colcon.colcon_core.shell:Skip shell extension 'powershell' for command environment: Not usable outside of PowerShell
[1.424s] DEBUG:colcon.colcon_core.shell:Skip shell extension 'dsv' for command environment
[1.760s] INFO:colcon.colcon_core.task.python.build:Building Python package in '/home/samee/ros2ws/src/r_gator_description'
[1.773s] INFO:colcon.colcon_core.shell:Skip shell extension 'powershell' for command environment: Not usable outside of PowerShell
[1.773s] DEBUG:colcon.colcon_core.shell:Skip shell extension 'dsv' for command environment
[2.056s] INFO:colcon.colcon_core.task.python.build:Building Python package in '/home/samee/ros2ws/src/r_gator_gazebo'
[2.069s] INFO:colcon.colcon_core.shell:Skip shell extension 'powershell' for command environment: Not usable outside of PowerShell
[2.069s] DEBUG:colcon.colcon_core.shell:Skip shell extension 'dsv' for command environment
[2.395s] INFO:colcon.colcon_core.task.python.build:Building Python package in '/home/samee/ros2ws/src/r_gator_launch'
[2.407s] INFO:colcon.colcon_core.shell:Skip shell extension 'powershell' for command environment: Not usable outside of PowerShell
[2.407s] DEBUG:colcon.colcon_core.shell:Skip shell extension 'dsv' for command environment
[2.425s] DEBUG:colcon.colcon_core.event_handler.log_command:Invoking command in '/home/samee/ros2ws/build/r_gator_teleop': /usr/local/bin/cmake --build /home/samee/ros2ws/build/r_gator_teleop -- -j12 -l12
[2.781s] INFO:colcon.colcon_core.task.python.build:Building Python package in '/home/samee/ros2ws/src/rgator_model'
[2.797s] INFO:colcon.colcon_core.shell:Skip shell extension 'powershell' for command environment: Not usable outside of PowerShell
[2.797s] DEBUG:colcon.colcon_core.shell:Skip shell extension 'dsv' for command environment
[3.390s] DEBUG:colcon.colcon_core.event_handler.log_command:Invoking command in '/home/samee/ros2ws/src/r_gator_description': PYTHONPATH=/home/samee/ros2ws/build/r_gator_description/prefix_override:/home/samee/ros2ws/install/r_gator_description/lib/python3.10/site-packages: /usr/bin/python3 setup.py egg_info --egg-base ../../build/r_gator_description build --build-base /home/samee/ros2ws/build/r_gator_description/build install --record /home/samee/ros2ws/build/r_gator_description/install.log --single-version-externally-managed
[3.405s] DEBUG:colcon.colcon_core.event_handler.log_command:Invoking command in '/home/samee/ros2ws/src/r_gator_launch': PYTHONPATH=/home/samee/ros2ws/build/r_gator_launch/prefix_override:/home/samee/ros2ws/install/r_gator_launch/lib/python3.10/site-packages: /usr/bin/python3 setup.py egg_info --egg-base ../../build/r_gator_launch build --build-base /home/samee/ros2ws/build/r_gator_launch/build install --record /home/samee/ros2ws/build/r_gator_launch/install.log --single-version-externally-managed
[3.412s] DEBUG:colcon.colcon_core.event_handler.log_command:Invoking command in '/home/samee/ros2ws/src/rgator_model': PYTHONPATH=/home/samee/ros2ws/build/rgator_model/prefix_override:/home/samee/ros2ws/install/rgator_model/lib/python3.10/site-packages: /usr/bin/python3 setup.py egg_info --egg-base ../../build/rgator_model build --build-base /home/samee/ros2ws/build/rgator_model/build install --record /home/samee/ros2ws/build/rgator_model/install.log --single-version-externally-managed
[3.424s] DEBUG:colcon.colcon_core.event_handler.log_command:Invoking command in '/home/samee/ros2ws/src/r_gator_gazebo': PYTHONPATH=/home/samee/ros2ws/build/r_gator_gazebo/prefix_override:/home/samee/ros2ws/install/r_gator_gazebo/lib/python3.10/site-packages: /usr/bin/python3 setup.py egg_info --egg-base ../../build/r_gator_gazebo build --build-base /home/samee/ros2ws/build/r_gator_gazebo/build install --record /home/samee/ros2ws/build/r_gator_gazebo/install.log --single-version-externally-managed
[3.864s] DEBUG:colcon.colcon_core.event_handler.log_command:Invoked command in '/home/samee/ros2ws/src/r_gator_launch' returned '1': PYTHONPATH=/home/samee/ros2ws/build/r_gator_launch/prefix_override:/home/samee/ros2ws/install/r_gator_launch/lib/python3.10/site-packages: /usr/bin/python3 setup.py egg_info --egg-base ../../build/r_gator_launch build --build-base /home/samee/ros2ws/build/r_gator_launch/build install --record /home/samee/ros2ws/build/r_gator_launch/install.log --single-version-externally-managed
[6.749s] DEBUG:colcon.colcon_parallel_executor.executor.parallel:closing loop
[6.749s] DEBUG:colcon.colcon_parallel_executor.executor.parallel:loop closed
[6.749s] DEBUG:colcon.colcon_parallel_executor.executor.parallel:run_until_complete finished with '1'
[6.749s] DEBUG:colcon.colcon_core.event_reactor:joining thread
[6.767s] INFO:colcon.colcon_core.plugin_system:Skipping extension 'colcon_notification.desktop_notification.notify_send': Could not find 'notify-send'
[6.767s] INFO:colcon.colcon_core.plugin_system:Skipping extension 'colcon_notification.desktop_notification.terminal_notifier': Not used on non-Darwin systems
[6.767s] INFO:colcon.colcon_core.plugin_system:Skipping extension 'colcon_notification.desktop_notification.win32': Not used on non-Windows systems
[6.767s] INFO:colcon.colcon_notification.desktop_notification:Sending desktop notification using 'notify2'
