[0.154s] Invoking command in '/home/samee/ros2ws/build/r-gator-model-2': CMAKE_PREFIX_PATH=/opt/ros/humble /usr/local/bin/cmake --build /home/samee/ros2ws/build/r-gator-model-2 -- -j12 -l12
[0.167s] Invoked command in '/home/samee/ros2ws/build/r-gator-model-2' returned '0': CMAKE_PREFIX_PATH=/opt/ros/humble /usr/local/bin/cmake --build /home/samee/ros2ws/build/r-gator-model-2 -- -j12 -l12
[0.191s] Invoking command in '/home/samee/ros2ws/build/r-gator-model-2': CMAKE_PREFIX_PATH=/opt/ros/humble /usr/local/bin/cmake --install /home/samee/ros2ws/build/r-gator-model-2
[0.197s] -- Install configuration: ""
[0.199s] -- Execute custom install script
[0.199s] -- Up-to-date symlink: /home/samee/ros2ws/install/r-gator-model-2/share/ament_index/resource_index/package_run_dependencies/r-gator-model-2
[0.200s] -- Up-to-date symlink: /home/samee/ros2ws/install/r-gator-model-2/share/ament_index/resource_index/parent_prefix_path/r-gator-model-2
[0.201s] -- Up-to-date symlink: /home/samee/ros2ws/install/r-gator-model-2/share/r-gator-model-2/environment/ament_prefix_path.sh
[0.201s] -- Up-to-date symlink: /home/samee/ros2ws/install/r-gator-model-2/share/r-gator-model-2/environment/ament_prefix_path.dsv
[0.201s] -- Up-to-date symlink: /home/samee/ros2ws/install/r-gator-model-2/share/r-gator-model-2/environment/path.sh
[0.201s] -- Up-to-date symlink: /home/samee/ros2ws/install/r-gator-model-2/share/r-gator-model-2/environment/path.dsv
[0.202s] -- Up-to-date symlink: /home/samee/ros2ws/install/r-gator-model-2/share/r-gator-model-2/local_setup.bash
[0.203s] -- Up-to-date symlink: /home/samee/ros2ws/install/r-gator-model-2/share/r-gator-model-2/local_setup.sh
[0.203s] -- Up-to-date symlink: /home/samee/ros2ws/install/r-gator-model-2/share/r-gator-model-2/local_setup.zsh
[0.203s] -- Up-to-date symlink: /home/samee/ros2ws/install/r-gator-model-2/share/r-gator-model-2/local_setup.dsv
[0.204s] -- Symlinking: /home/samee/ros2ws/install/r-gator-model-2/share/r-gator-model-2/package.dsv
[0.205s] -- Up-to-date symlink: /home/samee/ros2ws/install/r-gator-model-2/share/ament_index/resource_index/packages/r-gator-model-2
[0.206s] -- Up-to-date symlink: /home/samee/ros2ws/install/r-gator-model-2/share/r-gator-model-2/cmake/r-gator-model-2Config.cmake
[0.206s] -- Up-to-date symlink: /home/samee/ros2ws/install/r-gator-model-2/share/r-gator-model-2/cmake/r-gator-model-2Config-version.cmake
[0.207s] -- Up-to-date symlink: /home/samee/ros2ws/install/r-gator-model-2/share/r-gator-model-2/package.xml
[0.270s] Invoked command in '/home/samee/ros2ws/build/r-gator-model-2' returned '0': CMAKE_PREFIX_PATH=/opt/ros/humble /usr/local/bin/cmake --install /home/samee/ros2ws/build/r-gator-model-2
