[0.303s] Invoking command in '/home/samee/ros2ws/build/r-gator-gazebo-2': CMAKE_PREFIX_PATH=/opt/ros/humble /usr/local/bin/cmake --build /home/samee/ros2ws/build/r-gator-gazebo-2 -- -j12 -l12
[0.318s] Invoked command in '/home/samee/ros2ws/build/r-gator-gazebo-2' returned '0': CMAKE_PREFIX_PATH=/opt/ros/humble /usr/local/bin/cmake --build /home/samee/ros2ws/build/r-gator-gazebo-2 -- -j12 -l12
[0.333s] Invoking command in '/home/samee/ros2ws/build/r-gator-gazebo-2': CMAKE_PREFIX_PATH=/opt/ros/humble /usr/local/bin/cmake --install /home/samee/ros2ws/build/r-gator-gazebo-2
[0.335s] -- Install configuration: ""
[0.337s] -- Execute custom install script
[0.338s] -- Up-to-date symlink: /home/samee/ros2ws/install/r-gator-gazebo-2/share/ament_index/resource_index/package_run_dependencies/r-gator-gazebo-2
[0.339s] -- Up-to-date symlink: /home/samee/ros2ws/install/r-gator-gazebo-2/share/ament_index/resource_index/parent_prefix_path/r-gator-gazebo-2
[0.340s] -- Up-to-date symlink: /home/samee/ros2ws/install/r-gator-gazebo-2/share/r-gator-gazebo-2/environment/ament_prefix_path.sh
[0.340s] -- Up-to-date symlink: /home/samee/ros2ws/install/r-gator-gazebo-2/share/r-gator-gazebo-2/environment/ament_prefix_path.dsv
[0.342s] -- Up-to-date symlink: /home/samee/ros2ws/install/r-gator-gazebo-2/share/r-gator-gazebo-2/environment/path.sh
[0.343s] -- Up-to-date symlink: /home/samee/ros2ws/install/r-gator-gazebo-2/share/r-gator-gazebo-2/environment/path.dsv
[0.343s] -- Up-to-date symlink: /home/samee/ros2ws/install/r-gator-gazebo-2/share/r-gator-gazebo-2/local_setup.bash
[0.344s] -- Up-to-date symlink: /home/samee/ros2ws/install/r-gator-gazebo-2/share/r-gator-gazebo-2/local_setup.sh
[0.344s] -- Up-to-date symlink: /home/samee/ros2ws/install/r-gator-gazebo-2/share/r-gator-gazebo-2/local_setup.zsh
[0.344s] -- Up-to-date symlink: /home/samee/ros2ws/install/r-gator-gazebo-2/share/r-gator-gazebo-2/local_setup.dsv
[0.344s] -- Symlinking: /home/samee/ros2ws/install/r-gator-gazebo-2/share/r-gator-gazebo-2/package.dsv
[0.347s] -- Up-to-date symlink: /home/samee/ros2ws/install/r-gator-gazebo-2/share/ament_index/resource_index/packages/r-gator-gazebo-2
[0.348s] -- Up-to-date symlink: /home/samee/ros2ws/install/r-gator-gazebo-2/share/r-gator-gazebo-2/cmake/r-gator-gazebo-2Config.cmake
[0.348s] -- Up-to-date symlink: /home/samee/ros2ws/install/r-gator-gazebo-2/share/r-gator-gazebo-2/cmake/r-gator-gazebo-2Config-version.cmake
[0.349s] -- Up-to-date symlink: /home/samee/ros2ws/install/r-gator-gazebo-2/share/r-gator-gazebo-2/package.xml
[0.352s] Invoked command in '/home/samee/ros2ws/build/r-gator-gazebo-2' returned '0': CMAKE_PREFIX_PATH=/opt/ros/humble /usr/local/bin/cmake --install /home/samee/ros2ws/build/r-gator-gazebo-2
