-- Found ament_cmake: 1.3.5 (/opt/ros/humble/share/ament_cmake/cmake)
-- Found ackermann_msgs: 2.0.2 (/opt/ros/humble/share/ackermann_msgs/cmake)
-- Found rosidl_generator_c: 3.1.5 (/opt/ros/humble/share/rosidl_generator_c/cmake)
-- Found rosidl_adapter: 3.1.5 (/opt/ros/humble/share/rosidl_adapter/cmake)
-- Found rosidl_generator_cpp: 3.1.5 (/opt/ros/humble/share/rosidl_generator_cpp/cmake)
-- Using all available rosidl_typesupport_c: rosidl_typesupport_fastrtps_c;rosidl_typesupport_introspection_c
-- Using all available rosidl_typesupport_cpp: rosidl_typesupport_fastrtps_cpp;rosidl_typesupport_introspection_cpp
-- Found rclcpp: 16.0.6 (/opt/ros/humble/share/rclcpp/cmake)
-- Found rmw_implementation_cmake: 6.1.1 (/opt/ros/humble/share/rmw_implementation_cmake/cmake)
-- Found rmw_fastrtps_cpp: 6.2.4 (/opt/ros/humble/share/rmw_fastrtps_cpp/cmake)
-- Using RMW implementation 'rmw_fastrtps_cpp' as default
-- Found tf2: 0.25.4 (/opt/ros/humble/share/tf2/cmake)
-- Configuring done (0.9s)
-- Generating done (0.0s)
-- Build files have been written to: /home/samee/ros2ws/build/r_gator_gazebo_tool
[ 57%] [32mBuilding CXX object CMakeFiles/r_gator_gazebo_tool.dir/src/tf_broadcaster.cpp.o[0m
[ 57%] [32mBuilding CXX object CMakeFiles/tf_broadcaster_node.dir/src/tf_broadcaster.cpp.o[0m
[ 57%] [32mBuilding CXX object CMakeFiles/r_gator_gazebo_tool.dir/src/gazebo_odom_publisher.cpp.o[0m
[ 57%] [32mBuilding CXX object CMakeFiles/r_gator_gazebo_tool_node.dir/src/gazebo_odom_publisher.cpp.o[0m
[01m[K/home/samee/ros2ws/src/r_gator_gazebo_tool/src/tf_broadcaster.cpp:1:10:[m[K [01;31m[Kfatal error: [m[Krclcpp/rclcpp.hpp: No such file or directory
    1 | #include [01;31m[K"rclcpp/rclcpp.hpp"[m[K
      |          [01;31m[K^~~~~~~~~~~~~~~~~~~[m[K
[01m[K/home/samee/ros2ws/src/r_gator_gazebo_tool/src/tf_broadcaster.cpp:1:10:[m[K [01;31m[Kfatal error: [m[Krclcpp/rclcpp.hpp: No such file or directory
    1 | #include [01;31m[K"rclcpp/rclcpp.hpp"[m[K
      |          [01;31m[K^~~~~~~~~~~~~~~~~~~[m[K
[01m[K/home/samee/ros2ws/src/r_gator_gazebo_tool/src/gazebo_odom_publisher.cpp:1:10:[m[K [01;31m[Kfatal error: [m[Krclcpp/rclcpp.hpp: No such file or directory
    1 | #include [01;31m[K"rclcpp/rclcpp.hpp"[m[K
      |          [01;31m[K^~~~~~~~~~~~~~~~~~~[m[K
compilation terminated.
compilation terminated.
compilation terminated.
[01m[K/home/samee/ros2ws/src/r_gator_gazebo_tool/src/gazebo_odom_publisher.cpp:1:10:[m[K [01;31m[Kfatal error: [m[Krclcpp/rclcpp.hpp: No such file or directory
    1 | #include [01;31m[K"rclcpp/rclcpp.hpp"[m[K
      |          [01;31m[K^~~~~~~~~~~~~~~~~~~[m[K
compilation terminated.
gmake[2]: *** [CMakeFiles/tf_broadcaster_node.dir/build.make:76: CMakeFiles/tf_broadcaster_node.dir/src/tf_broadcaster.cpp.o] Error 1
gmake[2]: *** [CMakeFiles/r_gator_gazebo_tool.dir/build.make:90: CMakeFiles/r_gator_gazebo_tool.dir/src/gazebo_odom_publisher.cpp.o] Error 1
gmake[2]: *** Waiting for unfinished jobs....
gmake[2]: *** [CMakeFiles/r_gator_gazebo_tool_node.dir/build.make:76: CMakeFiles/r_gator_gazebo_tool_node.dir/src/gazebo_odom_publisher.cpp.o] Error 1
gmake[2]: *** [CMakeFiles/r_gator_gazebo_tool.dir/build.make:76: CMakeFiles/r_gator_gazebo_tool.dir/src/tf_broadcaster.cpp.o] Error 1
gmake[1]: *** [CMakeFiles/Makefile2:141: CMakeFiles/r_gator_gazebo_tool.dir/all] Error 2
gmake[1]: *** Waiting for unfinished jobs....
gmake[1]: *** [CMakeFiles/Makefile2:167: CMakeFiles/r_gator_gazebo_tool_node.dir/all] Error 2
gmake[1]: *** [CMakeFiles/Makefile2:193: CMakeFiles/tf_broadcaster_node.dir/all] Error 2
gmake: *** [Makefile:146: all] Error 2
