[0.084s] Invoking command in '/home/samee/ros2ws/build/r-gator-teleop-2': /usr/local/bin/cmake /home/samee/ros2ws/src/r-gator-teleop-2 -DCATKIN_INSTALL_INTO_PREFIX_ROOT=0 -DCATKIN_SYMLINK_INSTALL=ON -DCMAKE_INSTALL_PREFIX=/home/samee/ros2ws/install/r-gator-teleop-2
[0.092s] -- Found ament_cmake: 1.3.6 (/opt/ros/humble/share/ament_cmake/cmake)
[0.356s] -- Found ament_lint_auto: 0.12.9 (/opt/ros/humble/share/ament_lint_auto/cmake)
[0.434s] -- Configuring done (0.3s)
[0.438s] -- Generating done (0.0s)
[0.439s] [33mCMake Warning:
[0.439s]   Manually-specified variables were not used by the project:
[0.439s] 
[0.440s]     CATKIN_SYMLINK_INSTALL
[0.440s] 
[0.440s] [0m
[0.440s] -- Build files have been written to: /home/samee/ros2ws/build/r-gator-teleop-2
[0.443s] Invoked command in '/home/samee/ros2ws/build/r-gator-teleop-2' returned '0': /usr/local/bin/cmake /home/samee/ros2ws/src/r-gator-teleop-2 -DCATKIN_INSTALL_INTO_PREFIX_ROOT=0 -DCATKIN_SYMLINK_INSTALL=ON -DCMAKE_INSTALL_PREFIX=/home/samee/ros2ws/install/r-gator-teleop-2
[0.445s] Invoking command in '/home/samee/ros2ws/build/r-gator-teleop-2': /usr/local/bin/cmake --build /home/samee/ros2ws/build/r-gator-teleop-2 -- -j12 -l12
[0.455s] Invoked command in '/home/samee/ros2ws/build/r-gator-teleop-2' returned '0': /usr/local/bin/cmake --build /home/samee/ros2ws/build/r-gator-teleop-2 -- -j12 -l12
[0.647s] Invoking command in '/home/samee/ros2ws/build/r-gator-teleop-2': /usr/local/bin/cmake --install /home/samee/ros2ws/build/r-gator-teleop-2
[0.653s] -- Install configuration: ""
[0.654s] -- Up-to-date: /home/samee/ros2ws/install/r-gator-teleop-2/share/ament_index/resource_index/package_run_dependencies/r-gator-teleop-2
[0.654s] -- Installing: /home/samee/ros2ws/install/r-gator-teleop-2/share/ament_index/resource_index/parent_prefix_path/r-gator-teleop-2
[0.655s] -- Up-to-date: /home/samee/ros2ws/install/r-gator-teleop-2/share/r-gator-teleop-2/environment/ament_prefix_path.sh
[0.656s] -- Installing: /home/samee/ros2ws/install/r-gator-teleop-2/share/r-gator-teleop-2/environment/ament_prefix_path.dsv
[0.656s] -- Up-to-date: /home/samee/ros2ws/install/r-gator-teleop-2/share/r-gator-teleop-2/environment/path.sh
[0.656s] -- Installing: /home/samee/ros2ws/install/r-gator-teleop-2/share/r-gator-teleop-2/environment/path.dsv
[0.656s] -- Up-to-date: /home/samee/ros2ws/install/r-gator-teleop-2/share/r-gator-teleop-2/local_setup.bash
[0.657s] -- Up-to-date: /home/samee/ros2ws/install/r-gator-teleop-2/share/r-gator-teleop-2/local_setup.sh
[0.657s] -- Up-to-date: /home/samee/ros2ws/install/r-gator-teleop-2/share/r-gator-teleop-2/local_setup.zsh
[0.657s] -- Installing: /home/samee/ros2ws/install/r-gator-teleop-2/share/r-gator-teleop-2/local_setup.dsv
[0.657s] -- Installing: /home/samee/ros2ws/install/r-gator-teleop-2/share/r-gator-teleop-2/package.dsv
[0.657s] -- Up-to-date: /home/samee/ros2ws/install/r-gator-teleop-2/share/ament_index/resource_index/packages/r-gator-teleop-2
[0.657s] -- Up-to-date: /home/samee/ros2ws/install/r-gator-teleop-2/share/r-gator-teleop-2/cmake/r-gator-teleop-2Config.cmake
[0.657s] -- Up-to-date: /home/samee/ros2ws/install/r-gator-teleop-2/share/r-gator-teleop-2/cmake/r-gator-teleop-2Config-version.cmake
[0.657s] -- Up-to-date: /home/samee/ros2ws/install/r-gator-teleop-2/share/r-gator-teleop-2/package.xml
[0.658s] Invoked command in '/home/samee/ros2ws/build/r-gator-teleop-2' returned '0': /usr/local/bin/cmake --install /home/samee/ros2ws/build/r-gator-teleop-2
