[0.451s] Invoking command in '/home/samee/ros2ws/build/r-gator-description-2': /usr/local/bin/cmake --build /home/samee/ros2ws/build/r-gator-description-2 -- -j12 -l12
[0.467s] Invoked command in '/home/samee/ros2ws/build/r-gator-description-2' returned '0': /usr/local/bin/cmake --build /home/samee/ros2ws/build/r-gator-description-2 -- -j12 -l12
[0.616s] Invoking command in '/home/samee/ros2ws/build/r-gator-description-2': /usr/local/bin/cmake --install /home/samee/ros2ws/build/r-gator-description-2
[0.620s] -- Install configuration: ""
[0.620s] -- Up-to-date: /home/samee/ros2ws/install/r-gator-description-2/share/r-gator-description-2/launch
[0.620s] -- Up-to-date: /home/samee/ros2ws/install/r-gator-description-2/share/r-gator-description-2/launch/r-gator-description-2.py
[0.620s] -- Up-to-date: /home/samee/ros2ws/install/r-gator-description-2/share/ament_index/resource_index/package_run_dependencies/r-gator-description-2
[0.621s] -- Up-to-date: /home/samee/ros2ws/install/r-gator-description-2/share/ament_index/resource_index/parent_prefix_path/r-gator-description-2
[0.621s] -- Up-to-date: /home/samee/ros2ws/install/r-gator-description-2/share/r-gator-description-2/environment/ament_prefix_path.sh
[0.621s] -- Up-to-date: /home/samee/ros2ws/install/r-gator-description-2/share/r-gator-description-2/environment/ament_prefix_path.dsv
[0.621s] -- Up-to-date: /home/samee/ros2ws/install/r-gator-description-2/share/r-gator-description-2/environment/path.sh
[0.621s] -- Up-to-date: /home/samee/ros2ws/install/r-gator-description-2/share/r-gator-description-2/environment/path.dsv
[0.621s] -- Up-to-date: /home/samee/ros2ws/install/r-gator-description-2/share/r-gator-description-2/local_setup.bash
[0.622s] -- Up-to-date: /home/samee/ros2ws/install/r-gator-description-2/share/r-gator-description-2/local_setup.sh
[0.622s] -- Up-to-date: /home/samee/ros2ws/install/r-gator-description-2/share/r-gator-description-2/local_setup.zsh
[0.622s] -- Up-to-date: /home/samee/ros2ws/install/r-gator-description-2/share/r-gator-description-2/local_setup.dsv
[0.622s] -- Installing: /home/samee/ros2ws/install/r-gator-description-2/share/r-gator-description-2/package.dsv
[0.622s] -- Up-to-date: /home/samee/ros2ws/install/r-gator-description-2/share/ament_index/resource_index/packages/r-gator-description-2
[0.622s] -- Up-to-date: /home/samee/ros2ws/install/r-gator-description-2/share/r-gator-description-2/cmake/r-gator-description-2Config.cmake
[0.622s] -- Up-to-date: /home/samee/ros2ws/install/r-gator-description-2/share/r-gator-description-2/cmake/r-gator-description-2Config-version.cmake
[0.622s] -- Up-to-date: /home/samee/ros2ws/install/r-gator-description-2/share/r-gator-description-2/package.xml
[0.768s] Invoked command in '/home/samee/ros2ws/build/r-gator-description-2' returned '0': /usr/local/bin/cmake --install /home/samee/ros2ws/build/r-gator-description-2
