[0.222s] Invoking command in '/home/samee/ros2ws/build/r_gator_launch': CMAKE_PREFIX_PATH=/home/samee/ros2ws/install/r_gator_gazebo:/opt/ros/humble:/home/samee/ros2ws/install/rgator_model:/home/samee/ros2ws/install/r_gator_teleop:/home/samee/ros2ws/install/r_gator_launch:/home/samee/ros2ws/install/r_gator_description /usr/local/bin/cmake --build /home/samee/ros2ws/build/r_gator_launch -- -j12 -l12
[0.231s] Invoked command in '/home/samee/ros2ws/build/r_gator_launch' returned '0': CMAKE_PREFIX_PATH=/home/samee/ros2ws/install/r_gator_gazebo:/opt/ros/humble:/home/samee/ros2ws/install/rgator_model:/home/samee/ros2ws/install/r_gator_teleop:/home/samee/ros2ws/install/r_gator_launch:/home/samee/ros2ws/install/r_gator_description /usr/local/bin/cmake --build /home/samee/ros2ws/build/r_gator_launch -- -j12 -l12
[0.247s] Invoking command in '/home/samee/ros2ws/build/r_gator_launch': CMAKE_PREFIX_PATH=/home/samee/ros2ws/install/r_gator_gazebo:/opt/ros/humble:/home/samee/ros2ws/install/rgator_model:/home/samee/ros2ws/install/r_gator_teleop:/home/samee/ros2ws/install/r_gator_launch:/home/samee/ros2ws/install/r_gator_description /usr/local/bin/cmake --install /home/samee/ros2ws/build/r_gator_launch
[0.248s] -- Install configuration: ""
[0.250s] -- Up-to-date: /home/samee/ros2ws/install/r_gator_launch/share/r_gator_launch//launch
[0.250s] -- Up-to-date: /home/samee/ros2ws/install/r_gator_launch/share/r_gator_launch//launch/r_gator_highbay.py
[0.250s] -- Up-to-date: /home/samee/ros2ws/install/r_gator_launch/share/r_gator_launch//launch/r_gator_init.launch
[0.250s] -- Installing: /home/samee/ros2ws/install/r_gator_launch/share/r_gator_launch//launch/r_gator_highbay.xml
[0.250s] -- Up-to-date: /home/samee/ros2ws/install/r_gator_launch/share/r_gator_launch//launch/r_gator_sensor_info.launch
[0.250s] -- Up-to-date: /home/samee/ros2ws/install/r_gator_launch/share/ament_index/resource_index/package_run_dependencies/r_gator_launch
[0.250s] -- Up-to-date: /home/samee/ros2ws/install/r_gator_launch/share/ament_index/resource_index/parent_prefix_path/r_gator_launch
[0.250s] -- Up-to-date: /home/samee/ros2ws/install/r_gator_launch/share/r_gator_launch/environment/ament_prefix_path.sh
[0.251s] -- Up-to-date: /home/samee/ros2ws/install/r_gator_launch/share/r_gator_launch/environment/ament_prefix_path.dsv
[0.251s] -- Up-to-date: /home/samee/ros2ws/install/r_gator_launch/share/r_gator_launch/environment/path.sh
[0.251s] -- Up-to-date: /home/samee/ros2ws/install/r_gator_launch/share/r_gator_launch/environment/path.dsv
[0.251s] -- Up-to-date: /home/samee/ros2ws/install/r_gator_launch/share/r_gator_launch/local_setup.bash
[0.251s] -- Up-to-date: /home/samee/ros2ws/install/r_gator_launch/share/r_gator_launch/local_setup.sh
[0.251s] -- Up-to-date: /home/samee/ros2ws/install/r_gator_launch/share/r_gator_launch/local_setup.zsh
[0.251s] -- Up-to-date: /home/samee/ros2ws/install/r_gator_launch/share/r_gator_launch/local_setup.dsv
[0.251s] -- Installing: /home/samee/ros2ws/install/r_gator_launch/share/r_gator_launch/package.dsv
[0.251s] -- Up-to-date: /home/samee/ros2ws/install/r_gator_launch/share/ament_index/resource_index/packages/r_gator_launch
[0.251s] -- Up-to-date: /home/samee/ros2ws/install/r_gator_launch/share/r_gator_launch/cmake/r_gator_launchConfig.cmake
[0.251s] -- Up-to-date: /home/samee/ros2ws/install/r_gator_launch/share/r_gator_launch/cmake/r_gator_launchConfig-version.cmake
[0.251s] -- Up-to-date: /home/samee/ros2ws/install/r_gator_launch/share/r_gator_launch/package.xml
[0.402s] Invoked command in '/home/samee/ros2ws/build/r_gator_launch' returned '0': CMAKE_PREFIX_PATH=/home/samee/ros2ws/install/r_gator_gazebo:/opt/ros/humble:/home/samee/ros2ws/install/rgator_model:/home/samee/ros2ws/install/r_gator_teleop:/home/samee/ros2ws/install/r_gator_launch:/home/samee/ros2ws/install/r_gator_description /usr/local/bin/cmake --install /home/samee/ros2ws/build/r_gator_launch
