[0.471s] Invoking command in '/home/samee/ros2ws/build/r-gator-description-2': /usr/local/bin/cmake --build /home/samee/ros2ws/build/r-gator-description-2 -- -j12 -l12
[0.485s] Invoked command in '/home/samee/ros2ws/build/r-gator-description-2' returned '0': /usr/local/bin/cmake --build /home/samee/ros2ws/build/r-gator-description-2 -- -j12 -l12
[0.633s] Invoking command in '/home/samee/ros2ws/build/r-gator-description-2': /usr/local/bin/cmake --install /home/samee/ros2ws/build/r-gator-description-2
[0.694s] -- Install configuration: ""
[0.694s] -- Up-to-date: /home/samee/ros2ws/install/r-gator-description-2/share/r-gator-description-2/launch
[0.695s] -- Up-to-date: /home/samee/ros2ws/install/r-gator-description-2/share/r-gator-description-2/launch/r-gator-description-2.py
[0.695s] -- Up-to-date: /home/samee/ros2ws/install/r-gator-description-2/share/ament_index/resource_index/package_run_dependencies/r-gator-description-2
[0.695s] -- Up-to-date: /home/samee/ros2ws/install/r-gator-description-2/share/ament_index/resource_index/parent_prefix_path/r-gator-description-2
[0.695s] -- Up-to-date: /home/samee/ros2ws/install/r-gator-description-2/share/r-gator-description-2/environment/ament_prefix_path.sh
[0.695s] -- Up-to-date: /home/samee/ros2ws/install/r-gator-description-2/share/r-gator-description-2/environment/ament_prefix_path.dsv
[0.695s] -- Up-to-date: /home/samee/ros2ws/install/r-gator-description-2/share/r-gator-description-2/environment/path.sh
[0.695s] -- Up-to-date: /home/samee/ros2ws/install/r-gator-description-2/share/r-gator-description-2/environment/path.dsv
[0.696s] -- Up-to-date: /home/samee/ros2ws/install/r-gator-description-2/share/r-gator-description-2/local_setup.bash
[0.696s] -- Up-to-date: /home/samee/ros2ws/install/r-gator-description-2/share/r-gator-description-2/local_setup.sh
[0.696s] -- Up-to-date: /home/samee/ros2ws/install/r-gator-description-2/share/r-gator-description-2/local_setup.zsh
[0.696s] -- Up-to-date: /home/samee/ros2ws/install/r-gator-description-2/share/r-gator-description-2/local_setup.dsv
[0.696s] -- Installing: /home/samee/ros2ws/install/r-gator-description-2/share/r-gator-description-2/package.dsv
[0.696s] -- Up-to-date: /home/samee/ros2ws/install/r-gator-description-2/share/ament_index/resource_index/packages/r-gator-description-2
[0.697s] -- Up-to-date: /home/samee/ros2ws/install/r-gator-description-2/share/r-gator-description-2/cmake/r-gator-description-2Config.cmake
[0.697s] -- Up-to-date: /home/samee/ros2ws/install/r-gator-description-2/share/r-gator-description-2/cmake/r-gator-description-2Config-version.cmake
[0.697s] -- Up-to-date: /home/samee/ros2ws/install/r-gator-description-2/share/r-gator-description-2/package.xml
[0.772s] Invoked command in '/home/samee/ros2ws/build/r-gator-description-2' returned '0': /usr/local/bin/cmake --install /home/samee/ros2ws/build/r-gator-description-2
