-- The C compiler identification is GNU 11.4.0
-- The CXX compiler identification is GNU 11.4.0
-- Detecting C compiler ABI info
-- Detecting C compiler ABI info - done
-- Check for working C compiler: /usr/bin/cc - skipped
-- Detecting C compile features
-- Detecting C compile features - done
-- Detecting CXX compiler ABI info
-- Detecting CXX compiler ABI info - done
-- Check for working CXX compiler: /usr/bin/c++ - skipped
-- Detecting CXX compile features
-- Detecting CXX compile features - done
-- Found ament_cmake: 1.3.6 (/opt/ros/humble/share/ament_cmake/cmake)
-- Found Python3: /usr/bin/python3.10 (found version "3.10.12") found components: Interpreter 
-- Found ackermann_msgs: 2.0.2 (/opt/ros/humble/share/ackermann_msgs/cmake)
-- Found rosidl_generator_c: 3.1.5 (/opt/ros/humble/share/rosidl_generator_c/cmake)
-- Found rosidl_adapter: 3.1.5 (/opt/ros/humble/share/rosidl_adapter/cmake)
-- Found rosidl_generator_cpp: 3.1.5 (/opt/ros/humble/share/rosidl_generator_cpp/cmake)
-- Using all available rosidl_typesupport_c: rosidl_typesupport_fastrtps_c;rosidl_typesupport_introspection_c
-- Using all available rosidl_typesupport_cpp: rosidl_typesupport_fastrtps_cpp;rosidl_typesupport_introspection_cpp
-- Found rclcpp: 16.0.7 (/opt/ros/humble/share/rclcpp/cmake)
-- Found rmw_implementation_cmake: 6.1.1 (/opt/ros/humble/share/rmw_implementation_cmake/cmake)
-- Found rmw_fastrtps_cpp: 6.2.5 (/opt/ros/humble/share/rmw_fastrtps_cpp/cmake)
-- Found OpenSSL: /usr/lib/x86_64-linux-gnu/libcrypto.so (found version "3.0.2")  
-- Found FastRTPS: /opt/ros/humble/include  
-- Using RMW implementation 'rmw_fastrtps_cpp' as default
-- Performing Test CMAKE_HAVE_LIBC_PTHREAD
-- Performing Test CMAKE_HAVE_LIBC_PTHREAD - Success
-- Found Threads: TRUE  
-- Found tf2: 0.25.5 (/opt/ros/humble/share/tf2/cmake)
-- Found tf2_ros: 0.25.5 (/opt/ros/humble/share/tf2_ros/cmake)
-- Found gazebo_msgs: 3.7.0 (/opt/ros/humble/share/gazebo_msgs/cmake)
-- Found nav_msgs: 4.2.3 (/opt/ros/humble/share/nav_msgs/cmake)
-- Found tf2_geometry_msgs: 0.25.5 (/opt/ros/humble/share/tf2_geometry_msgs/cmake)
-- Found eigen3_cmake_module: 0.1.1 (/opt/ros/humble/share/eigen3_cmake_module/cmake)
-- Found Eigen3: TRUE (found version "3.4.0") 
-- Ensuring Eigen3 include directory is part of orocos-kdl CMake target
-- Configuring done (2.8s)
-- Generating done (0.0s)
[33mCMake Warning:
  Manually-specified variables were not used by the project:

    CATKIN_INSTALL_INTO_PREFIX_ROOT

[0m
-- Build files have been written to: /home/samee/ros2ws/src/r-gator-simulator-2/r-gator-gazebo-tool-2/build/r-gator-gazebo-tool-2
[ 50%] [32mBuilding CXX object CMakeFiles/tf_broadcaster_node.dir/src/tf_broadcaster.cpp.o[0m
[ 50%] [32mBuilding CXX object CMakeFiles/gazebo_odom_publisher_node.dir/src/gazebo_odom_publisher.cpp.o[0m
In file included from [01m[K/home/samee/ros2ws/src/r-gator-simulator-2/r-gator-gazebo-tool-2/src/gazebo_odom_publisher.cpp:7[m[K:
[01m[K/opt/ros/humble/include/tf2_geometry_msgs/tf2_geometry_msgs/tf2_geometry_msgs.h:35:2:[m[K [01;35m[Kwarning: [m[K#warning is a GCC extension
   35 | #[01;35m[Kwarning[m[K This header is obsolete, please include tf2_geometry_msgs/tf2_geometry_msgs.hpp instead
      |  [01;35m[K^~~~~~~[m[K
[01m[K/opt/ros/humble/include/tf2_geometry_msgs/tf2_geometry_msgs/tf2_geometry_msgs.h:35:2:[m[K [01;35m[Kwarning: [m[K#warning This header is obsolete, please include tf2_geometry_msgs/tf2_geometry_msgs.hpp instead [[01;35m[K]8;;https://gcc.gnu.org/onlinedocs/gcc/Warning-Options.html#index-Wcpp-Wcpp]8;;[m[K]
[ 75%] [32m[1mLinking CXX executable gazebo_odom_publisher_node[0m
[ 75%] Built target gazebo_odom_publisher_node
[100%] [32m[1mLinking CXX executable tf_broadcaster_node[0m
[100%] Built target tf_broadcaster_node
-- Install configuration: ""
-- Installing: /home/samee/ros2ws/src/r-gator-simulator-2/r-gator-gazebo-tool-2/install/r-gator-gazebo-tool-2/lib/r-gator-gazebo-tool-2/gazebo_odom_publisher_node
-- Set non-toolchain portion of runtime path of "/home/samee/ros2ws/src/r-gator-simulator-2/r-gator-gazebo-tool-2/install/r-gator-gazebo-tool-2/lib/r-gator-gazebo-tool-2/gazebo_odom_publisher_node" to ""
-- Installing: /home/samee/ros2ws/src/r-gator-simulator-2/r-gator-gazebo-tool-2/install/r-gator-gazebo-tool-2/lib/r-gator-gazebo-tool-2/tf_broadcaster_node
-- Set non-toolchain portion of runtime path of "/home/samee/ros2ws/src/r-gator-simulator-2/r-gator-gazebo-tool-2/install/r-gator-gazebo-tool-2/lib/r-gator-gazebo-tool-2/tf_broadcaster_node" to ""
-- Installing: /home/samee/ros2ws/src/r-gator-simulator-2/r-gator-gazebo-tool-2/install/r-gator-gazebo-tool-2/lib/r-gator-gazebo-tool-2/cmd-vel-to-ackermann-drive.py
-- Installing: /home/samee/ros2ws/src/r-gator-simulator-2/r-gator-gazebo-tool-2/install/r-gator-gazebo-tool-2/share/ament_index/resource_index/package_run_dependencies/r-gator-gazebo-tool-2
-- Installing: /home/samee/ros2ws/src/r-gator-simulator-2/r-gator-gazebo-tool-2/install/r-gator-gazebo-tool-2/share/ament_index/resource_index/parent_prefix_path/r-gator-gazebo-tool-2
-- Installing: /home/samee/ros2ws/src/r-gator-simulator-2/r-gator-gazebo-tool-2/install/r-gator-gazebo-tool-2/share/r-gator-gazebo-tool-2/environment/ament_prefix_path.sh
-- Installing: /home/samee/ros2ws/src/r-gator-simulator-2/r-gator-gazebo-tool-2/install/r-gator-gazebo-tool-2/share/r-gator-gazebo-tool-2/environment/ament_prefix_path.dsv
-- Installing: /home/samee/ros2ws/src/r-gator-simulator-2/r-gator-gazebo-tool-2/install/r-gator-gazebo-tool-2/share/r-gator-gazebo-tool-2/environment/path.sh
-- Installing: /home/samee/ros2ws/src/r-gator-simulator-2/r-gator-gazebo-tool-2/install/r-gator-gazebo-tool-2/share/r-gator-gazebo-tool-2/environment/path.dsv
-- Installing: /home/samee/ros2ws/src/r-gator-simulator-2/r-gator-gazebo-tool-2/install/r-gator-gazebo-tool-2/share/r-gator-gazebo-tool-2/local_setup.bash
-- Installing: /home/samee/ros2ws/src/r-gator-simulator-2/r-gator-gazebo-tool-2/install/r-gator-gazebo-tool-2/share/r-gator-gazebo-tool-2/local_setup.sh
-- Installing: /home/samee/ros2ws/src/r-gator-simulator-2/r-gator-gazebo-tool-2/install/r-gator-gazebo-tool-2/share/r-gator-gazebo-tool-2/local_setup.zsh
-- Installing: /home/samee/ros2ws/src/r-gator-simulator-2/r-gator-gazebo-tool-2/install/r-gator-gazebo-tool-2/share/r-gator-gazebo-tool-2/local_setup.dsv
-- Installing: /home/samee/ros2ws/src/r-gator-simulator-2/r-gator-gazebo-tool-2/install/r-gator-gazebo-tool-2/share/r-gator-gazebo-tool-2/package.dsv
-- Installing: /home/samee/ros2ws/src/r-gator-simulator-2/r-gator-gazebo-tool-2/install/r-gator-gazebo-tool-2/share/ament_index/resource_index/packages/r-gator-gazebo-tool-2
-- Installing: /home/samee/ros2ws/src/r-gator-simulator-2/r-gator-gazebo-tool-2/install/r-gator-gazebo-tool-2/share/r-gator-gazebo-tool-2/cmake/r-gator-gazebo-tool-2Config.cmake
-- Installing: /home/samee/ros2ws/src/r-gator-simulator-2/r-gator-gazebo-tool-2/install/r-gator-gazebo-tool-2/share/r-gator-gazebo-tool-2/cmake/r-gator-gazebo-tool-2Config-version.cmake
-- Installing: /home/samee/ros2ws/src/r-gator-simulator-2/r-gator-gazebo-tool-2/install/r-gator-gazebo-tool-2/share/r-gator-gazebo-tool-2/package.xml
