[1.249s] DEBUG:colcon:Command line arguments: ['/usr/bin/colcon', 'build']
[1.249s] DEBUG:colcon:Parsed command line arguments: Namespace(log_base=None, log_level=None, verb_name='build', build_base='build', install_base='install', merge_install=False, symlink_install=False, test_result_base=None, continue_on_error=False, executor='parallel', parallel_workers=12, event_handlers=None, ignore_user_meta=False, metas=['./colcon.meta'], base_paths=['.'], packages_ignore=None, packages_ignore_regex=None, paths=None, packages_up_to=None, packages_up_to_regex=None, packages_above=None, packages_above_and_dependencies=None, packages_above_depth=None, packages_select_by_dep=None, packages_skip_by_dep=None, packages_skip_up_to=None, packages_select_build_failed=False, packages_skip_build_finished=False, packages_select_test_failures=False, packages_skip_test_passed=False, packages_select=None, packages_skip=None, packages_select_regex=None, packages_skip_regex=None, packages_start=None, packages_end=None, allow_overriding=[], cmake_args=None, cmake_target=None, cmake_target_skip_unavailable=False, cmake_clean_cache=False, cmake_clean_first=False, cmake_force_configure=False, ament_cmake_args=None, catkin_cmake_args=None, catkin_skip_building_tests=False, verb_parser=<colcon_defaults.argument_parser.defaults.DefaultArgumentsDecorator object at 0x7f325aa32d10>, verb_extension=<colcon_core.verb.build.BuildVerb object at 0x7f325aee3850>, main=<bound method BuildVerb.main of <colcon_core.verb.build.BuildVerb object at 0x7f325aee3850>>)
[1.310s] Level 1:colcon.colcon_core.package_discovery:discover_packages(colcon_meta) check parameters
[1.310s] Level 1:colcon.colcon_core.package_discovery:discover_packages(recursive) check parameters
[1.310s] Level 1:colcon.colcon_core.package_discovery:discover_packages(ignore) check parameters
[1.311s] Level 1:colcon.colcon_core.package_discovery:discover_packages(path) check parameters
[1.311s] Level 1:colcon.colcon_core.package_discovery:discover_packages(colcon_meta) discover
[1.311s] Level 1:colcon.colcon_core.package_discovery:discover_packages(recursive) discover
[1.311s] INFO:colcon.colcon_core.package_discovery:Crawling recursively for packages in '/home/samee/ros2ws'
[1.311s] Level 1:colcon.colcon_core.package_identification:_identify(.) by extensions ['ignore', 'ignore_ament_install']
[1.311s] Level 1:colcon.colcon_core.package_identification:_identify(.) by extension 'ignore'
[1.311s] Level 1:colcon.colcon_core.package_identification:_identify(.) by extension 'ignore_ament_install'
[1.311s] Level 1:colcon.colcon_core.package_identification:_identify(.) by extensions ['colcon_pkg']
[1.311s] Level 1:colcon.colcon_core.package_identification:_identify(.) by extension 'colcon_pkg'
[1.311s] Level 1:colcon.colcon_core.package_identification:_identify(.) by extensions ['colcon_meta']
[1.311s] Level 1:colcon.colcon_core.package_identification:_identify(.) by extension 'colcon_meta'
[1.311s] Level 1:colcon.colcon_core.package_identification:_identify(.) by extensions ['ros']
[1.311s] Level 1:colcon.colcon_core.package_identification:_identify(.) by extension 'ros'
[1.326s] Level 1:colcon.colcon_core.package_identification:_identify(.) by extensions ['cmake', 'python']
[1.326s] Level 1:colcon.colcon_core.package_identification:_identify(.) by extension 'cmake'
[1.326s] Level 1:colcon.colcon_core.package_identification:_identify(.) by extension 'python'
[1.326s] Level 1:colcon.colcon_core.package_identification:_identify(.) by extensions ['python_setup_py']
[1.326s] Level 1:colcon.colcon_core.package_identification:_identify(.) by extension 'python_setup_py'
[1.326s] Level 1:colcon.colcon_core.package_identification:_identify(build) by extensions ['ignore', 'ignore_ament_install']
[1.326s] Level 1:colcon.colcon_core.package_identification:_identify(build) by extension 'ignore'
[1.326s] Level 1:colcon.colcon_core.package_identification:_identify(build) ignored
[1.326s] Level 1:colcon.colcon_core.package_identification:_identify(install) by extensions ['ignore', 'ignore_ament_install']
[1.327s] Level 1:colcon.colcon_core.package_identification:_identify(install) by extension 'ignore'
[1.327s] Level 1:colcon.colcon_core.package_identification:_identify(install) ignored
[1.327s] Level 1:colcon.colcon_core.package_identification:_identify(log) by extensions ['ignore', 'ignore_ament_install']
[1.327s] Level 1:colcon.colcon_core.package_identification:_identify(log) by extension 'ignore'
[1.327s] Level 1:colcon.colcon_core.package_identification:_identify(log) ignored
[1.327s] Level 1:colcon.colcon_core.package_identification:_identify(src) by extensions ['ignore', 'ignore_ament_install']
[1.327s] Level 1:colcon.colcon_core.package_identification:_identify(src) by extension 'ignore'
[1.327s] Level 1:colcon.colcon_core.package_identification:_identify(src) by extension 'ignore_ament_install'
[1.327s] Level 1:colcon.colcon_core.package_identification:_identify(src) by extensions ['colcon_pkg']
[1.327s] Level 1:colcon.colcon_core.package_identification:_identify(src) by extension 'colcon_pkg'
[1.327s] Level 1:colcon.colcon_core.package_identification:_identify(src) by extensions ['colcon_meta']
[1.327s] Level 1:colcon.colcon_core.package_identification:_identify(src) by extension 'colcon_meta'
[1.327s] Level 1:colcon.colcon_core.package_identification:_identify(src) by extensions ['ros']
[1.327s] Level 1:colcon.colcon_core.package_identification:_identify(src) by extension 'ros'
[1.327s] Level 1:colcon.colcon_core.package_identification:_identify(src) by extensions ['cmake', 'python']
[1.328s] Level 1:colcon.colcon_core.package_identification:_identify(src) by extension 'cmake'
[1.328s] Level 1:colcon.colcon_core.package_identification:_identify(src) by extension 'python'
[1.328s] Level 1:colcon.colcon_core.package_identification:_identify(src) by extensions ['python_setup_py']
[1.328s] Level 1:colcon.colcon_core.package_identification:_identify(src) by extension 'python_setup_py'
[1.328s] Level 1:colcon.colcon_core.package_identification:_identify(src/images) by extensions ['ignore', 'ignore_ament_install']
[1.328s] Level 1:colcon.colcon_core.package_identification:_identify(src/images) by extension 'ignore'
[1.328s] Level 1:colcon.colcon_core.package_identification:_identify(src/images) by extension 'ignore_ament_install'
[1.328s] Level 1:colcon.colcon_core.package_identification:_identify(src/images) by extensions ['colcon_pkg']
[1.328s] Level 1:colcon.colcon_core.package_identification:_identify(src/images) by extension 'colcon_pkg'
[1.328s] Level 1:colcon.colcon_core.package_identification:_identify(src/images) by extensions ['colcon_meta']
[1.328s] Level 1:colcon.colcon_core.package_identification:_identify(src/images) by extension 'colcon_meta'
[1.328s] Level 1:colcon.colcon_core.package_identification:_identify(src/images) by extensions ['ros']
[1.328s] Level 1:colcon.colcon_core.package_identification:_identify(src/images) by extension 'ros'
[1.328s] Level 1:colcon.colcon_core.package_identification:_identify(src/images) by extensions ['cmake', 'python']
[1.328s] Level 1:colcon.colcon_core.package_identification:_identify(src/images) by extension 'cmake'
[1.328s] Level 1:colcon.colcon_core.package_identification:_identify(src/images) by extension 'python'
[1.328s] Level 1:colcon.colcon_core.package_identification:_identify(src/images) by extensions ['python_setup_py']
[1.328s] Level 1:colcon.colcon_core.package_identification:_identify(src/images) by extension 'python_setup_py'
[1.328s] Level 1:colcon.colcon_core.package_identification:_identify(src/r-gator-simulator-2) by extensions ['ignore', 'ignore_ament_install']
[1.329s] Level 1:colcon.colcon_core.package_identification:_identify(src/r-gator-simulator-2) by extension 'ignore'
[1.329s] Level 1:colcon.colcon_core.package_identification:_identify(src/r-gator-simulator-2) by extension 'ignore_ament_install'
[1.329s] Level 1:colcon.colcon_core.package_identification:_identify(src/r-gator-simulator-2) by extensions ['colcon_pkg']
[1.329s] Level 1:colcon.colcon_core.package_identification:_identify(src/r-gator-simulator-2) by extension 'colcon_pkg'
[1.329s] Level 1:colcon.colcon_core.package_identification:_identify(src/r-gator-simulator-2) by extensions ['colcon_meta']
[1.329s] Level 1:colcon.colcon_core.package_identification:_identify(src/r-gator-simulator-2) by extension 'colcon_meta'
[1.329s] Level 1:colcon.colcon_core.package_identification:_identify(src/r-gator-simulator-2) by extensions ['ros']
[1.329s] Level 1:colcon.colcon_core.package_identification:_identify(src/r-gator-simulator-2) by extension 'ros'
[1.329s] Level 1:colcon.colcon_core.package_identification:_identify(src/r-gator-simulator-2) by extensions ['cmake', 'python']
[1.329s] Level 1:colcon.colcon_core.package_identification:_identify(src/r-gator-simulator-2) by extension 'cmake'
[1.329s] Level 1:colcon.colcon_core.package_identification:_identify(src/r-gator-simulator-2) by extension 'python'
[1.329s] Level 1:colcon.colcon_core.package_identification:_identify(src/r-gator-simulator-2) by extensions ['python_setup_py']
[1.329s] Level 1:colcon.colcon_core.package_identification:_identify(src/r-gator-simulator-2) by extension 'python_setup_py'
[1.329s] Level 1:colcon.colcon_core.package_identification:_identify(src/r-gator-simulator-2/r-gator-description-2) by extensions ['ignore', 'ignore_ament_install']
[1.329s] Level 1:colcon.colcon_core.package_identification:_identify(src/r-gator-simulator-2/r-gator-description-2) by extension 'ignore'
[1.329s] Level 1:colcon.colcon_core.package_identification:_identify(src/r-gator-simulator-2/r-gator-description-2) by extension 'ignore_ament_install'
[1.329s] Level 1:colcon.colcon_core.package_identification:_identify(src/r-gator-simulator-2/r-gator-description-2) by extensions ['colcon_pkg']
[1.329s] Level 1:colcon.colcon_core.package_identification:_identify(src/r-gator-simulator-2/r-gator-description-2) by extension 'colcon_pkg'
[1.330s] Level 1:colcon.colcon_core.package_identification:_identify(src/r-gator-simulator-2/r-gator-description-2) by extensions ['colcon_meta']
[1.330s] Level 1:colcon.colcon_core.package_identification:_identify(src/r-gator-simulator-2/r-gator-description-2) by extension 'colcon_meta'
[1.330s] Level 1:colcon.colcon_core.package_identification:_identify(src/r-gator-simulator-2/r-gator-description-2) by extensions ['ros']
[1.330s] Level 1:colcon.colcon_core.package_identification:_identify(src/r-gator-simulator-2/r-gator-description-2) by extension 'ros'
[1.332s] DEBUG:colcon.colcon_core.package_identification:Package 'src/r-gator-simulator-2/r-gator-description-2' with type 'ros.catkin' and name 'r-gator-description-2'
[1.333s] Level 1:colcon.colcon_core.package_identification:_identify(src/r-gator-simulator-2/r-gator-gazebo-2) by extensions ['ignore', 'ignore_ament_install']
[1.333s] Level 1:colcon.colcon_core.package_identification:_identify(src/r-gator-simulator-2/r-gator-gazebo-2) by extension 'ignore'
[1.333s] Level 1:colcon.colcon_core.package_identification:_identify(src/r-gator-simulator-2/r-gator-gazebo-2) by extension 'ignore_ament_install'
[1.333s] Level 1:colcon.colcon_core.package_identification:_identify(src/r-gator-simulator-2/r-gator-gazebo-2) by extensions ['colcon_pkg']
[1.333s] Level 1:colcon.colcon_core.package_identification:_identify(src/r-gator-simulator-2/r-gator-gazebo-2) by extension 'colcon_pkg'
[1.333s] Level 1:colcon.colcon_core.package_identification:_identify(src/r-gator-simulator-2/r-gator-gazebo-2) by extensions ['colcon_meta']
[1.333s] Level 1:colcon.colcon_core.package_identification:_identify(src/r-gator-simulator-2/r-gator-gazebo-2) by extension 'colcon_meta'
[1.333s] Level 1:colcon.colcon_core.package_identification:_identify(src/r-gator-simulator-2/r-gator-gazebo-2) by extensions ['ros']
[1.333s] Level 1:colcon.colcon_core.package_identification:_identify(src/r-gator-simulator-2/r-gator-gazebo-2) by extension 'ros'
[1.334s] DEBUG:colcon.colcon_core.package_identification:Package 'src/r-gator-simulator-2/r-gator-gazebo-2' with type 'ros.ament_cmake' and name 'r-gator-gazebo-2'
[1.334s] Level 1:colcon.colcon_core.package_identification:_identify(src/r-gator-simulator-2/r-gator-gazebo-tool-2) by extensions ['ignore', 'ignore_ament_install']
[1.334s] Level 1:colcon.colcon_core.package_identification:_identify(src/r-gator-simulator-2/r-gator-gazebo-tool-2) by extension 'ignore'
[1.334s] Level 1:colcon.colcon_core.package_identification:_identify(src/r-gator-simulator-2/r-gator-gazebo-tool-2) by extension 'ignore_ament_install'
[1.334s] Level 1:colcon.colcon_core.package_identification:_identify(src/r-gator-simulator-2/r-gator-gazebo-tool-2) by extensions ['colcon_pkg']
[1.334s] Level 1:colcon.colcon_core.package_identification:_identify(src/r-gator-simulator-2/r-gator-gazebo-tool-2) by extension 'colcon_pkg'
[1.334s] Level 1:colcon.colcon_core.package_identification:_identify(src/r-gator-simulator-2/r-gator-gazebo-tool-2) by extensions ['colcon_meta']
[1.334s] Level 1:colcon.colcon_core.package_identification:_identify(src/r-gator-simulator-2/r-gator-gazebo-tool-2) by extension 'colcon_meta'
[1.334s] Level 1:colcon.colcon_core.package_identification:_identify(src/r-gator-simulator-2/r-gator-gazebo-tool-2) by extensions ['ros']
[1.334s] Level 1:colcon.colcon_core.package_identification:_identify(src/r-gator-simulator-2/r-gator-gazebo-tool-2) by extension 'ros'
[1.335s] DEBUG:colcon.colcon_core.package_identification:Package 'src/r-gator-simulator-2/r-gator-gazebo-tool-2' with type 'ros.catkin' and name 'r-gator-gazebo-tool-2'
[1.335s] Level 1:colcon.colcon_core.package_identification:_identify(src/r-gator-simulator-2/r-gator-launch-2) by extensions ['ignore', 'ignore_ament_install']
[1.335s] Level 1:colcon.colcon_core.package_identification:_identify(src/r-gator-simulator-2/r-gator-launch-2) by extension 'ignore'
[1.335s] Level 1:colcon.colcon_core.package_identification:_identify(src/r-gator-simulator-2/r-gator-launch-2) by extension 'ignore_ament_install'
[1.335s] Level 1:colcon.colcon_core.package_identification:_identify(src/r-gator-simulator-2/r-gator-launch-2) by extensions ['colcon_pkg']
[1.336s] Level 1:colcon.colcon_core.package_identification:_identify(src/r-gator-simulator-2/r-gator-launch-2) by extension 'colcon_pkg'
[1.336s] Level 1:colcon.colcon_core.package_identification:_identify(src/r-gator-simulator-2/r-gator-launch-2) by extensions ['colcon_meta']
[1.336s] Level 1:colcon.colcon_core.package_identification:_identify(src/r-gator-simulator-2/r-gator-launch-2) by extension 'colcon_meta'
[1.336s] Level 1:colcon.colcon_core.package_identification:_identify(src/r-gator-simulator-2/r-gator-launch-2) by extensions ['ros']
[1.336s] Level 1:colcon.colcon_core.package_identification:_identify(src/r-gator-simulator-2/r-gator-launch-2) by extension 'ros'
[1.336s] DEBUG:colcon.colcon_core.package_identification:Package 'src/r-gator-simulator-2/r-gator-launch-2' with type 'ros.ament_cmake' and name 'r-gator-launch-2'
[1.336s] Level 1:colcon.colcon_core.package_identification:_identify(src/r-gator-simulator-2/r-gator-model-2) by extensions ['ignore', 'ignore_ament_install']
[1.336s] Level 1:colcon.colcon_core.package_identification:_identify(src/r-gator-simulator-2/r-gator-model-2) by extension 'ignore'
[1.336s] Level 1:colcon.colcon_core.package_identification:_identify(src/r-gator-simulator-2/r-gator-model-2) by extension 'ignore_ament_install'
[1.336s] Level 1:colcon.colcon_core.package_identification:_identify(src/r-gator-simulator-2/r-gator-model-2) by extensions ['colcon_pkg']
[1.336s] Level 1:colcon.colcon_core.package_identification:_identify(src/r-gator-simulator-2/r-gator-model-2) by extension 'colcon_pkg'
[1.336s] Level 1:colcon.colcon_core.package_identification:_identify(src/r-gator-simulator-2/r-gator-model-2) by extensions ['colcon_meta']
[1.337s] Level 1:colcon.colcon_core.package_identification:_identify(src/r-gator-simulator-2/r-gator-model-2) by extension 'colcon_meta'
[1.337s] Level 1:colcon.colcon_core.package_identification:_identify(src/r-gator-simulator-2/r-gator-model-2) by extensions ['ros']
[1.337s] Level 1:colcon.colcon_core.package_identification:_identify(src/r-gator-simulator-2/r-gator-model-2) by extension 'ros'
[1.337s] DEBUG:colcon.colcon_core.package_identification:Package 'src/r-gator-simulator-2/r-gator-model-2' with type 'ros.ament_cmake' and name 'r-gator-model-2'
[1.337s] Level 1:colcon.colcon_core.package_identification:_identify(src/r-gator-teleop-2) by extensions ['ignore', 'ignore_ament_install']
[1.337s] Level 1:colcon.colcon_core.package_identification:_identify(src/r-gator-teleop-2) by extension 'ignore'
[1.337s] Level 1:colcon.colcon_core.package_identification:_identify(src/r-gator-teleop-2) by extension 'ignore_ament_install'
[1.337s] Level 1:colcon.colcon_core.package_identification:_identify(src/r-gator-teleop-2) by extensions ['colcon_pkg']
[1.337s] Level 1:colcon.colcon_core.package_identification:_identify(src/r-gator-teleop-2) by extension 'colcon_pkg'
[1.337s] Level 1:colcon.colcon_core.package_identification:_identify(src/r-gator-teleop-2) by extensions ['colcon_meta']
[1.337s] Level 1:colcon.colcon_core.package_identification:_identify(src/r-gator-teleop-2) by extension 'colcon_meta'
[1.338s] Level 1:colcon.colcon_core.package_identification:_identify(src/r-gator-teleop-2) by extensions ['ros']
[1.338s] Level 1:colcon.colcon_core.package_identification:_identify(src/r-gator-teleop-2) by extension 'ros'
[1.338s] DEBUG:colcon.colcon_core.package_identification:Package 'src/r-gator-teleop-2' with type 'ros.catkin' and name 'r-gator-teleop-2'
[1.338s] Level 1:colcon.colcon_core.package_identification:_identify(src_unclean) by extensions ['ignore', 'ignore_ament_install']
[1.338s] Level 1:colcon.colcon_core.package_identification:_identify(src_unclean) by extension 'ignore'
[1.338s] Level 1:colcon.colcon_core.package_identification:_identify(src_unclean) ignored
[1.339s] Level 1:colcon.colcon_core.package_discovery:discover_packages(recursive) using defaults
[1.339s] Level 1:colcon.colcon_core.package_discovery:discover_packages(ignore) discover
[1.339s] Level 1:colcon.colcon_core.package_discovery:discover_packages(ignore) using defaults
[1.339s] Level 1:colcon.colcon_core.package_discovery:discover_packages(path) discover
[1.339s] Level 1:colcon.colcon_core.package_discovery:discover_packages(path) using defaults
[1.452s] Level 1:colcon.colcon_core.package_discovery:discover_packages(prefix_path) check parameters
[1.452s] Level 1:colcon.colcon_core.package_discovery:discover_packages(prefix_path) discover
[1.489s] DEBUG:colcon.colcon_installed_package_information.package_discovery:Found 19 installed packages in /home/samee/ros2ws/install
[1.508s] DEBUG:colcon.colcon_installed_package_information.package_discovery:Found 312 installed packages in /opt/ros/humble
[1.509s] Level 1:colcon.colcon_core.package_discovery:discover_packages(prefix_path) using defaults
[1.599s] Level 5:colcon.colcon_core.verb:set package 'r-gator-description-2' build argument 'cmake_args' from command line to 'None'
[1.599s] Level 5:colcon.colcon_core.verb:set package 'r-gator-description-2' build argument 'cmake_target' from command line to 'None'
[1.599s] Level 5:colcon.colcon_core.verb:set package 'r-gator-description-2' build argument 'cmake_target_skip_unavailable' from command line to 'False'
[1.599s] Level 5:colcon.colcon_core.verb:set package 'r-gator-description-2' build argument 'cmake_clean_cache' from command line to 'False'
[1.599s] Level 5:colcon.colcon_core.verb:set package 'r-gator-description-2' build argument 'cmake_clean_first' from command line to 'False'
[1.599s] Level 5:colcon.colcon_core.verb:set package 'r-gator-description-2' build argument 'cmake_force_configure' from command line to 'False'
[1.599s] Level 5:colcon.colcon_core.verb:set package 'r-gator-description-2' build argument 'ament_cmake_args' from command line to 'None'
[1.599s] Level 5:colcon.colcon_core.verb:set package 'r-gator-description-2' build argument 'catkin_cmake_args' from command line to 'None'
[1.599s] Level 5:colcon.colcon_core.verb:set package 'r-gator-description-2' build argument 'catkin_skip_building_tests' from command line to 'False'
[1.599s] DEBUG:colcon.colcon_core.verb:Building package 'r-gator-description-2' with the following arguments: {'ament_cmake_args': None, 'build_base': '/home/samee/ros2ws/build/r-gator-description-2', 'catkin_cmake_args': None, 'catkin_skip_building_tests': False, 'cmake_args': None, 'cmake_clean_cache': False, 'cmake_clean_first': False, 'cmake_force_configure': False, 'cmake_target': None, 'cmake_target_skip_unavailable': False, 'install_base': '/home/samee/ros2ws/install/r-gator-description-2', 'merge_install': False, 'path': '/home/samee/ros2ws/src/r-gator-simulator-2/r-gator-description-2', 'symlink_install': False, 'test_result_base': None}
[1.618s] Level 5:colcon.colcon_core.verb:set package 'r-gator-gazebo-2' build argument 'cmake_args' from command line to 'None'
[1.618s] Level 5:colcon.colcon_core.verb:set package 'r-gator-gazebo-2' build argument 'cmake_target' from command line to 'None'
[1.618s] Level 5:colcon.colcon_core.verb:set package 'r-gator-gazebo-2' build argument 'cmake_target_skip_unavailable' from command line to 'False'
[1.618s] Level 5:colcon.colcon_core.verb:set package 'r-gator-gazebo-2' build argument 'cmake_clean_cache' from command line to 'False'
[1.618s] Level 5:colcon.colcon_core.verb:set package 'r-gator-gazebo-2' build argument 'cmake_clean_first' from command line to 'False'
[1.618s] Level 5:colcon.colcon_core.verb:set package 'r-gator-gazebo-2' build argument 'cmake_force_configure' from command line to 'False'
[1.618s] Level 5:colcon.colcon_core.verb:set package 'r-gator-gazebo-2' build argument 'ament_cmake_args' from command line to 'None'
[1.618s] Level 5:colcon.colcon_core.verb:set package 'r-gator-gazebo-2' build argument 'catkin_cmake_args' from command line to 'None'
[1.618s] Level 5:colcon.colcon_core.verb:set package 'r-gator-gazebo-2' build argument 'catkin_skip_building_tests' from command line to 'False'
[1.618s] DEBUG:colcon.colcon_core.verb:Building package 'r-gator-gazebo-2' with the following arguments: {'ament_cmake_args': None, 'build_base': '/home/samee/ros2ws/build/r-gator-gazebo-2', 'catkin_cmake_args': None, 'catkin_skip_building_tests': False, 'cmake_args': None, 'cmake_clean_cache': False, 'cmake_clean_first': False, 'cmake_force_configure': False, 'cmake_target': None, 'cmake_target_skip_unavailable': False, 'install_base': '/home/samee/ros2ws/install/r-gator-gazebo-2', 'merge_install': False, 'path': '/home/samee/ros2ws/src/r-gator-simulator-2/r-gator-gazebo-2', 'symlink_install': False, 'test_result_base': None}
[1.646s] Level 5:colcon.colcon_core.verb:set package 'r-gator-gazebo-tool-2' build argument 'cmake_args' from command line to 'None'
[1.646s] Level 5:colcon.colcon_core.verb:set package 'r-gator-gazebo-tool-2' build argument 'cmake_target' from command line to 'None'
[1.646s] Level 5:colcon.colcon_core.verb:set package 'r-gator-gazebo-tool-2' build argument 'cmake_target_skip_unavailable' from command line to 'False'
[1.646s] Level 5:colcon.colcon_core.verb:set package 'r-gator-gazebo-tool-2' build argument 'cmake_clean_cache' from command line to 'False'
[1.646s] Level 5:colcon.colcon_core.verb:set package 'r-gator-gazebo-tool-2' build argument 'cmake_clean_first' from command line to 'False'
[1.646s] Level 5:colcon.colcon_core.verb:set package 'r-gator-gazebo-tool-2' build argument 'cmake_force_configure' from command line to 'False'
[1.646s] Level 5:colcon.colcon_core.verb:set package 'r-gator-gazebo-tool-2' build argument 'ament_cmake_args' from command line to 'None'
[1.646s] Level 5:colcon.colcon_core.verb:set package 'r-gator-gazebo-tool-2' build argument 'catkin_cmake_args' from command line to 'None'
[1.646s] Level 5:colcon.colcon_core.verb:set package 'r-gator-gazebo-tool-2' build argument 'catkin_skip_building_tests' from command line to 'False'
[1.647s] DEBUG:colcon.colcon_core.verb:Building package 'r-gator-gazebo-tool-2' with the following arguments: {'ament_cmake_args': None, 'build_base': '/home/samee/ros2ws/build/r-gator-gazebo-tool-2', 'catkin_cmake_args': None, 'catkin_skip_building_tests': False, 'cmake_args': None, 'cmake_clean_cache': False, 'cmake_clean_first': False, 'cmake_force_configure': False, 'cmake_target': None, 'cmake_target_skip_unavailable': False, 'install_base': '/home/samee/ros2ws/install/r-gator-gazebo-tool-2', 'merge_install': False, 'path': '/home/samee/ros2ws/src/r-gator-simulator-2/r-gator-gazebo-tool-2', 'symlink_install': False, 'test_result_base': None}
[1.667s] Level 5:colcon.colcon_core.verb:set package 'r-gator-launch-2' build argument 'cmake_args' from command line to 'None'
[1.667s] Level 5:colcon.colcon_core.verb:set package 'r-gator-launch-2' build argument 'cmake_target' from command line to 'None'
[1.667s] Level 5:colcon.colcon_core.verb:set package 'r-gator-launch-2' build argument 'cmake_target_skip_unavailable' from command line to 'False'
[1.667s] Level 5:colcon.colcon_core.verb:set package 'r-gator-launch-2' build argument 'cmake_clean_cache' from command line to 'False'
[1.667s] Level 5:colcon.colcon_core.verb:set package 'r-gator-launch-2' build argument 'cmake_clean_first' from command line to 'False'
[1.667s] Level 5:colcon.colcon_core.verb:set package 'r-gator-launch-2' build argument 'cmake_force_configure' from command line to 'False'
[1.667s] Level 5:colcon.colcon_core.verb:set package 'r-gator-launch-2' build argument 'ament_cmake_args' from command line to 'None'
[1.667s] Level 5:colcon.colcon_core.verb:set package 'r-gator-launch-2' build argument 'catkin_cmake_args' from command line to 'None'
[1.667s] Level 5:colcon.colcon_core.verb:set package 'r-gator-launch-2' build argument 'catkin_skip_building_tests' from command line to 'False'
[1.667s] DEBUG:colcon.colcon_core.verb:Building package 'r-gator-launch-2' with the following arguments: {'ament_cmake_args': None, 'build_base': '/home/samee/ros2ws/build/r-gator-launch-2', 'catkin_cmake_args': None, 'catkin_skip_building_tests': False, 'cmake_args': None, 'cmake_clean_cache': False, 'cmake_clean_first': False, 'cmake_force_configure': False, 'cmake_target': None, 'cmake_target_skip_unavailable': False, 'install_base': '/home/samee/ros2ws/install/r-gator-launch-2', 'merge_install': False, 'path': '/home/samee/ros2ws/src/r-gator-simulator-2/r-gator-launch-2', 'symlink_install': False, 'test_result_base': None}
[1.686s] Level 5:colcon.colcon_core.verb:set package 'r-gator-model-2' build argument 'cmake_args' from command line to 'None'
[1.686s] Level 5:colcon.colcon_core.verb:set package 'r-gator-model-2' build argument 'cmake_target' from command line to 'None'
[1.686s] Level 5:colcon.colcon_core.verb:set package 'r-gator-model-2' build argument 'cmake_target_skip_unavailable' from command line to 'False'
[1.686s] Level 5:colcon.colcon_core.verb:set package 'r-gator-model-2' build argument 'cmake_clean_cache' from command line to 'False'
[1.686s] Level 5:colcon.colcon_core.verb:set package 'r-gator-model-2' build argument 'cmake_clean_first' from command line to 'False'
[1.686s] Level 5:colcon.colcon_core.verb:set package 'r-gator-model-2' build argument 'cmake_force_configure' from command line to 'False'
[1.686s] Level 5:colcon.colcon_core.verb:set package 'r-gator-model-2' build argument 'ament_cmake_args' from command line to 'None'
[1.686s] Level 5:colcon.colcon_core.verb:set package 'r-gator-model-2' build argument 'catkin_cmake_args' from command line to 'None'
[1.686s] Level 5:colcon.colcon_core.verb:set package 'r-gator-model-2' build argument 'catkin_skip_building_tests' from command line to 'False'
[1.686s] DEBUG:colcon.colcon_core.verb:Building package 'r-gator-model-2' with the following arguments: {'ament_cmake_args': None, 'build_base': '/home/samee/ros2ws/build/r-gator-model-2', 'catkin_cmake_args': None, 'catkin_skip_building_tests': False, 'cmake_args': None, 'cmake_clean_cache': False, 'cmake_clean_first': False, 'cmake_force_configure': False, 'cmake_target': None, 'cmake_target_skip_unavailable': False, 'install_base': '/home/samee/ros2ws/install/r-gator-model-2', 'merge_install': False, 'path': '/home/samee/ros2ws/src/r-gator-simulator-2/r-gator-model-2', 'symlink_install': False, 'test_result_base': None}
[1.705s] Level 5:colcon.colcon_core.verb:set package 'r-gator-teleop-2' build argument 'cmake_args' from command line to 'None'
[1.705s] Level 5:colcon.colcon_core.verb:set package 'r-gator-teleop-2' build argument 'cmake_target' from command line to 'None'
[1.705s] Level 5:colcon.colcon_core.verb:set package 'r-gator-teleop-2' build argument 'cmake_target_skip_unavailable' from command line to 'False'
[1.705s] Level 5:colcon.colcon_core.verb:set package 'r-gator-teleop-2' build argument 'cmake_clean_cache' from command line to 'False'
[1.705s] Level 5:colcon.colcon_core.verb:set package 'r-gator-teleop-2' build argument 'cmake_clean_first' from command line to 'False'
[1.705s] Level 5:colcon.colcon_core.verb:set package 'r-gator-teleop-2' build argument 'cmake_force_configure' from command line to 'False'
[1.705s] Level 5:colcon.colcon_core.verb:set package 'r-gator-teleop-2' build argument 'ament_cmake_args' from command line to 'None'
[1.705s] Level 5:colcon.colcon_core.verb:set package 'r-gator-teleop-2' build argument 'catkin_cmake_args' from command line to 'None'
[1.705s] Level 5:colcon.colcon_core.verb:set package 'r-gator-teleop-2' build argument 'catkin_skip_building_tests' from command line to 'False'
[1.705s] DEBUG:colcon.colcon_core.verb:Building package 'r-gator-teleop-2' with the following arguments: {'ament_cmake_args': None, 'build_base': '/home/samee/ros2ws/build/r-gator-teleop-2', 'catkin_cmake_args': None, 'catkin_skip_building_tests': False, 'cmake_args': None, 'cmake_clean_cache': False, 'cmake_clean_first': False, 'cmake_force_configure': False, 'cmake_target': None, 'cmake_target_skip_unavailable': False, 'install_base': '/home/samee/ros2ws/install/r-gator-teleop-2', 'merge_install': False, 'path': '/home/samee/ros2ws/src/r-gator-teleop-2', 'symlink_install': False, 'test_result_base': None}
[1.723s] INFO:colcon.colcon_core.executor:Executing jobs using 'parallel' executor
[1.742s] DEBUG:colcon.colcon_parallel_executor.executor.parallel:run_until_complete
[1.742s] INFO:colcon.colcon_ros.task.catkin.build:Building ROS package in '/home/samee/ros2ws/src/r-gator-simulator-2/r-gator-description-2' with build type 'catkin'
[1.743s] INFO:colcon.colcon_cmake.task.cmake.build:Building CMake package in '/home/samee/ros2ws/src/r-gator-simulator-2/r-gator-description-2'
[1.763s] INFO:colcon.colcon_core.plugin_system:Skipping extension 'colcon_core.shell.bat': Not used on non-Windows systems
[1.764s] INFO:colcon.colcon_core.shell:Skip shell extension 'powershell' for command environment: Not usable outside of PowerShell
[1.764s] DEBUG:colcon.colcon_core.shell:Skip shell extension 'dsv' for command environment
[1.823s] INFO:colcon.colcon_ros.task.ament_cmake.build:Building ROS package in '/home/samee/ros2ws/src/r-gator-simulator-2/r-gator-gazebo-2' with build type 'ament_cmake'
[1.823s] INFO:colcon.colcon_cmake.task.cmake.build:Building CMake package in '/home/samee/ros2ws/src/r-gator-simulator-2/r-gator-gazebo-2'
[1.844s] INFO:colcon.colcon_core.shell:Skip shell extension 'powershell' for command environment: Not usable outside of PowerShell
[1.844s] DEBUG:colcon.colcon_core.shell:Skip shell extension 'dsv' for command environment
[1.908s] INFO:colcon.colcon_ros.task.catkin.build:Building ROS package in '/home/samee/ros2ws/src/r-gator-simulator-2/r-gator-gazebo-tool-2' with build type 'catkin'
[1.908s] INFO:colcon.colcon_cmake.task.cmake.build:Building CMake package in '/home/samee/ros2ws/src/r-gator-simulator-2/r-gator-gazebo-tool-2'
[1.934s] INFO:colcon.colcon_core.shell:Skip shell extension 'powershell' for command environment: Not usable outside of PowerShell
[1.934s] DEBUG:colcon.colcon_core.shell:Skip shell extension 'dsv' for command environment
[1.996s] INFO:colcon.colcon_ros.task.ament_cmake.build:Building ROS package in '/home/samee/ros2ws/src/r-gator-simulator-2/r-gator-launch-2' with build type 'ament_cmake'
[1.996s] INFO:colcon.colcon_cmake.task.cmake.build:Building CMake package in '/home/samee/ros2ws/src/r-gator-simulator-2/r-gator-launch-2'
[2.015s] INFO:colcon.colcon_core.shell:Skip shell extension 'powershell' for command environment: Not usable outside of PowerShell
[2.015s] DEBUG:colcon.colcon_core.shell:Skip shell extension 'dsv' for command environment
[2.069s] INFO:colcon.colcon_ros.task.ament_cmake.build:Building ROS package in '/home/samee/ros2ws/src/r-gator-simulator-2/r-gator-model-2' with build type 'ament_cmake'
[2.069s] INFO:colcon.colcon_cmake.task.cmake.build:Building CMake package in '/home/samee/ros2ws/src/r-gator-simulator-2/r-gator-model-2'
[2.086s] INFO:colcon.colcon_core.shell:Skip shell extension 'powershell' for command environment: Not usable outside of PowerShell
[2.086s] DEBUG:colcon.colcon_core.shell:Skip shell extension 'dsv' for command environment
[2.143s] INFO:colcon.colcon_ros.task.catkin.build:Building ROS package in '/home/samee/ros2ws/src/r-gator-teleop-2' with build type 'catkin'
[2.143s] INFO:colcon.colcon_cmake.task.cmake.build:Building CMake package in '/home/samee/ros2ws/src/r-gator-teleop-2'
[2.162s] INFO:colcon.colcon_core.shell:Skip shell extension 'powershell' for command environment: Not usable outside of PowerShell
[2.162s] DEBUG:colcon.colcon_core.shell:Skip shell extension 'dsv' for command environment
[2.224s] DEBUG:colcon.colcon_core.event_handler.log_command:Invoking command in '/home/samee/ros2ws/build/r-gator-description-2': /usr/local/bin/cmake --build /home/samee/ros2ws/build/r-gator-description-2 -- -j12 -l12
[2.227s] DEBUG:colcon.colcon_core.event_handler.log_command:Invoking command in '/home/samee/ros2ws/build/r-gator-gazebo-2': CMAKE_PREFIX_PATH=/opt/ros/humble:${CMAKE_PREFIX_PATH} /usr/local/bin/cmake --build /home/samee/ros2ws/build/r-gator-gazebo-2 -- -j12 -l12
[2.229s] DEBUG:colcon.colcon_core.event_handler.log_command:Invoking command in '/home/samee/ros2ws/build/r-gator-gazebo-tool-2': /usr/local/bin/cmake --build /home/samee/ros2ws/build/r-gator-gazebo-tool-2 -- -j12 -l12
[2.231s] DEBUG:colcon.colcon_core.event_handler.log_command:Invoking command in '/home/samee/ros2ws/build/r-gator-launch-2': CMAKE_PREFIX_PATH=/opt/ros/humble:${CMAKE_PREFIX_PATH} /usr/local/bin/cmake --build /home/samee/ros2ws/build/r-gator-launch-2 -- -j12 -l12
[2.235s] DEBUG:colcon.colcon_core.event_handler.log_command:Invoking command in '/home/samee/ros2ws/build/r-gator-model-2': CMAKE_PREFIX_PATH=/opt/ros/humble:${CMAKE_PREFIX_PATH} /usr/local/bin/cmake --build /home/samee/ros2ws/build/r-gator-model-2 -- -j12 -l12
[2.239s] DEBUG:colcon.colcon_core.event_handler.log_command:Invoking command in '/home/samee/ros2ws/build/r-gator-teleop-2': /usr/local/bin/cmake --build /home/samee/ros2ws/build/r-gator-teleop-2 -- -j12 -l12
[2.239s] DEBUG:colcon.colcon_core.event_handler.log_command:Invoked command in '/home/samee/ros2ws/build/r-gator-description-2' returned '0': /usr/local/bin/cmake --build /home/samee/ros2ws/build/r-gator-description-2 -- -j12 -l12
[2.240s] DEBUG:colcon.colcon_core.event_handler.log_command:Invoked command in '/home/samee/ros2ws/build/r-gator-gazebo-2' returned '0': CMAKE_PREFIX_PATH=/opt/ros/humble:${CMAKE_PREFIX_PATH} /usr/local/bin/cmake --build /home/samee/ros2ws/build/r-gator-gazebo-2 -- -j12 -l12
[2.241s] DEBUG:colcon.colcon_core.event_handler.log_command:Invoked command in '/home/samee/ros2ws/build/r-gator-launch-2' returned '0': CMAKE_PREFIX_PATH=/opt/ros/humble:${CMAKE_PREFIX_PATH} /usr/local/bin/cmake --build /home/samee/ros2ws/build/r-gator-launch-2 -- -j12 -l12
[2.243s] DEBUG:colcon.colcon_core.event_handler.log_command:Invoked command in '/home/samee/ros2ws/build/r-gator-model-2' returned '0': CMAKE_PREFIX_PATH=/opt/ros/humble:${CMAKE_PREFIX_PATH} /usr/local/bin/cmake --build /home/samee/ros2ws/build/r-gator-model-2 -- -j12 -l12
[2.247s] DEBUG:colcon.colcon_core.event_handler.log_command:Invoked command in '/home/samee/ros2ws/build/r-gator-teleop-2' returned '0': /usr/local/bin/cmake --build /home/samee/ros2ws/build/r-gator-teleop-2 -- -j12 -l12
[2.255s] DEBUG:colcon.colcon_core.event_handler.log_command:Invoking command in '/home/samee/ros2ws/build/r-gator-gazebo-2': CMAKE_PREFIX_PATH=/opt/ros/humble:${CMAKE_PREFIX_PATH} /usr/local/bin/cmake --install /home/samee/ros2ws/build/r-gator-gazebo-2
[2.259s] DEBUG:colcon.colcon_core.event_handler.log_command:Invoking command in '/home/samee/ros2ws/build/r-gator-model-2': CMAKE_PREFIX_PATH=/opt/ros/humble:${CMAKE_PREFIX_PATH} /usr/local/bin/cmake --install /home/samee/ros2ws/build/r-gator-model-2
[2.264s] DEBUG:colcon.colcon_core.event_handler.log_command:Invoking command in '/home/samee/ros2ws/build/r-gator-launch-2': CMAKE_PREFIX_PATH=/opt/ros/humble:${CMAKE_PREFIX_PATH} /usr/local/bin/cmake --install /home/samee/ros2ws/build/r-gator-launch-2
[2.268s] Level 1:colcon.colcon_core.environment:create_environment_scripts_only(r-gator-gazebo-2)
[2.275s] DEBUG:colcon.colcon_core.event_handler.log_command:Invoking command in '/home/samee/ros2ws/build/r-gator-description-2': /usr/local/bin/cmake --install /home/samee/ros2ws/build/r-gator-description-2
[2.278s] DEBUG:colcon.colcon_core.event_handler.log_command:Invoked command in '/home/samee/ros2ws/build/r-gator-gazebo-2' returned '0': CMAKE_PREFIX_PATH=/opt/ros/humble:${CMAKE_PREFIX_PATH} /usr/local/bin/cmake --install /home/samee/ros2ws/build/r-gator-gazebo-2
[2.295s] Level 1:colcon.colcon_core.environment:checking '/home/samee/ros2ws/install/r-gator-gazebo-2' for CMake module files
[2.296s] Level 1:colcon.colcon_core.environment:checking '/home/samee/ros2ws/install/r-gator-gazebo-2' for CMake config files
[2.296s] Level 1:colcon.colcon_core.shell:create_environment_hook('r-gator-gazebo-2', 'cmake_prefix_path')
[2.314s] INFO:colcon.colcon_core.shell:Creating environment hook '/home/samee/ros2ws/install/r-gator-gazebo-2/share/r-gator-gazebo-2/hook/cmake_prefix_path.ps1'
[2.315s] INFO:colcon.colcon_core.shell:Creating environment descriptor '/home/samee/ros2ws/install/r-gator-gazebo-2/share/r-gator-gazebo-2/hook/cmake_prefix_path.dsv'
[2.315s] INFO:colcon.colcon_core.shell:Creating environment hook '/home/samee/ros2ws/install/r-gator-gazebo-2/share/r-gator-gazebo-2/hook/cmake_prefix_path.sh'
[2.316s] Level 1:colcon.colcon_core.environment:checking '/home/samee/ros2ws/install/r-gator-gazebo-2/bin'
[2.316s] Level 1:colcon.colcon_core.environment:checking '/home/samee/ros2ws/install/r-gator-gazebo-2/lib/pkgconfig/r-gator-gazebo-2.pc'
[2.316s] Level 1:colcon.colcon_core.environment:checking '/home/samee/ros2ws/install/r-gator-gazebo-2/lib/python3.10/site-packages'
[2.316s] Level 1:colcon.colcon_core.environment:checking '/home/samee/ros2ws/install/r-gator-gazebo-2/bin'
[2.334s] INFO:colcon.colcon_core.shell:Creating package script '/home/samee/ros2ws/install/r-gator-gazebo-2/share/r-gator-gazebo-2/package.ps1'
[2.335s] INFO:colcon.colcon_core.shell:Creating package descriptor '/home/samee/ros2ws/install/r-gator-gazebo-2/share/r-gator-gazebo-2/package.dsv'
[2.335s] INFO:colcon.colcon_core.shell:Creating package script '/home/samee/ros2ws/install/r-gator-gazebo-2/share/r-gator-gazebo-2/package.sh'
[2.336s] INFO:colcon.colcon_core.shell:Creating package script '/home/samee/ros2ws/install/r-gator-gazebo-2/share/r-gator-gazebo-2/package.bash'
[2.336s] INFO:colcon.colcon_core.shell:Creating package script '/home/samee/ros2ws/install/r-gator-gazebo-2/share/r-gator-gazebo-2/package.zsh'
[2.337s] Level 1:colcon.colcon_core.environment:create_file_with_runtime_dependencies(/home/samee/ros2ws/install/r-gator-gazebo-2/share/colcon-core/packages/r-gator-gazebo-2)
[2.338s] Level 1:colcon.colcon_core.environment:create_environment_scripts_only(r-gator-model-2)
[2.338s] DEBUG:colcon.colcon_core.event_handler.log_command:Invoked command in '/home/samee/ros2ws/build/r-gator-model-2' returned '0': CMAKE_PREFIX_PATH=/opt/ros/humble:${CMAKE_PREFIX_PATH} /usr/local/bin/cmake --install /home/samee/ros2ws/build/r-gator-model-2
[2.357s] Level 1:colcon.colcon_core.environment:checking '/home/samee/ros2ws/install/r-gator-model-2' for CMake module files
[2.357s] Level 1:colcon.colcon_core.environment:checking '/home/samee/ros2ws/install/r-gator-model-2' for CMake config files
[2.357s] Level 1:colcon.colcon_core.shell:create_environment_hook('r-gator-model-2', 'cmake_prefix_path')
[2.376s] INFO:colcon.colcon_core.shell:Creating environment hook '/home/samee/ros2ws/install/r-gator-model-2/share/r-gator-model-2/hook/cmake_prefix_path.ps1'
[2.376s] INFO:colcon.colcon_core.shell:Creating environment descriptor '/home/samee/ros2ws/install/r-gator-model-2/share/r-gator-model-2/hook/cmake_prefix_path.dsv'
[2.376s] INFO:colcon.colcon_core.shell:Creating environment hook '/home/samee/ros2ws/install/r-gator-model-2/share/r-gator-model-2/hook/cmake_prefix_path.sh'
[2.377s] Level 1:colcon.colcon_core.environment:checking '/home/samee/ros2ws/install/r-gator-model-2/bin'
[2.377s] Level 1:colcon.colcon_core.environment:checking '/home/samee/ros2ws/install/r-gator-model-2/lib/pkgconfig/r-gator-model-2.pc'
[2.377s] Level 1:colcon.colcon_core.environment:checking '/home/samee/ros2ws/install/r-gator-model-2/lib/python3.10/site-packages'
[2.377s] Level 1:colcon.colcon_core.environment:checking '/home/samee/ros2ws/install/r-gator-model-2/bin'
[2.398s] INFO:colcon.colcon_core.shell:Creating package script '/home/samee/ros2ws/install/r-gator-model-2/share/r-gator-model-2/package.ps1'
[2.399s] INFO:colcon.colcon_core.shell:Creating package descriptor '/home/samee/ros2ws/install/r-gator-model-2/share/r-gator-model-2/package.dsv'
[2.399s] INFO:colcon.colcon_core.shell:Creating package script '/home/samee/ros2ws/install/r-gator-model-2/share/r-gator-model-2/package.sh'
[2.400s] INFO:colcon.colcon_core.shell:Creating package script '/home/samee/ros2ws/install/r-gator-model-2/share/r-gator-model-2/package.bash'
[2.400s] INFO:colcon.colcon_core.shell:Creating package script '/home/samee/ros2ws/install/r-gator-model-2/share/r-gator-model-2/package.zsh'
[2.400s] Level 1:colcon.colcon_core.environment:create_file_with_runtime_dependencies(/home/samee/ros2ws/install/r-gator-model-2/share/colcon-core/packages/r-gator-model-2)
[2.402s] DEBUG:colcon.colcon_core.event_handler.log_command:Invoked command in '/home/samee/ros2ws/build/r-gator-description-2' returned '0': /usr/local/bin/cmake --install /home/samee/ros2ws/build/r-gator-description-2
[2.404s] DEBUG:colcon.colcon_core.event_handler.log_command:Invoking command in '/home/samee/ros2ws/build/r-gator-teleop-2': /usr/local/bin/cmake --install /home/samee/ros2ws/build/r-gator-teleop-2
[2.404s] Level 1:colcon.colcon_core.environment:create_environment_scripts_only(r-gator-launch-2)
[2.405s] DEBUG:colcon.colcon_core.event_handler.log_command:Invoked command in '/home/samee/ros2ws/build/r-gator-launch-2' returned '0': CMAKE_PREFIX_PATH=/opt/ros/humble:${CMAKE_PREFIX_PATH} /usr/local/bin/cmake --install /home/samee/ros2ws/build/r-gator-launch-2
[2.428s] Level 1:colcon.colcon_core.environment:checking '/home/samee/ros2ws/install/r-gator-launch-2' for CMake module files
[2.429s] Level 1:colcon.colcon_core.environment:checking '/home/samee/ros2ws/install/r-gator-launch-2' for CMake config files
[2.429s] Level 1:colcon.colcon_core.shell:create_environment_hook('r-gator-launch-2', 'cmake_prefix_path')
[2.447s] INFO:colcon.colcon_core.shell:Creating environment hook '/home/samee/ros2ws/install/r-gator-launch-2/share/r-gator-launch-2/hook/cmake_prefix_path.ps1'
[2.447s] INFO:colcon.colcon_core.shell:Creating environment descriptor '/home/samee/ros2ws/install/r-gator-launch-2/share/r-gator-launch-2/hook/cmake_prefix_path.dsv'
[2.448s] INFO:colcon.colcon_core.shell:Creating environment hook '/home/samee/ros2ws/install/r-gator-launch-2/share/r-gator-launch-2/hook/cmake_prefix_path.sh'
[2.448s] Level 1:colcon.colcon_core.environment:checking '/home/samee/ros2ws/install/r-gator-launch-2/bin'
[2.448s] Level 1:colcon.colcon_core.environment:checking '/home/samee/ros2ws/install/r-gator-launch-2/lib/pkgconfig/r-gator-launch-2.pc'
[2.448s] Level 1:colcon.colcon_core.environment:checking '/home/samee/ros2ws/install/r-gator-launch-2/lib/python3.10/site-packages'
[2.449s] Level 1:colcon.colcon_core.environment:checking '/home/samee/ros2ws/install/r-gator-launch-2/bin'
[2.468s] INFO:colcon.colcon_core.shell:Creating package script '/home/samee/ros2ws/install/r-gator-launch-2/share/r-gator-launch-2/package.ps1'
[2.468s] INFO:colcon.colcon_core.shell:Creating package descriptor '/home/samee/ros2ws/install/r-gator-launch-2/share/r-gator-launch-2/package.dsv'
[2.469s] INFO:colcon.colcon_core.shell:Creating package script '/home/samee/ros2ws/install/r-gator-launch-2/share/r-gator-launch-2/package.sh'
[2.469s] INFO:colcon.colcon_core.shell:Creating package script '/home/samee/ros2ws/install/r-gator-launch-2/share/r-gator-launch-2/package.bash'
[2.469s] INFO:colcon.colcon_core.shell:Creating package script '/home/samee/ros2ws/install/r-gator-launch-2/share/r-gator-launch-2/package.zsh'
[2.469s] Level 1:colcon.colcon_core.environment:create_file_with_runtime_dependencies(/home/samee/ros2ws/install/r-gator-launch-2/share/colcon-core/packages/r-gator-launch-2)
[2.490s] Level 1:colcon.colcon_core.environment:create_environment_scripts_only(r-gator-gazebo-2)
[2.510s] Level 1:colcon.colcon_core.environment:checking '/home/samee/ros2ws/install/r-gator-gazebo-2' for CMake module files
[2.511s] Level 1:colcon.colcon_core.environment:checking '/home/samee/ros2ws/install/r-gator-gazebo-2' for CMake config files
[2.511s] Level 1:colcon.colcon_core.shell:create_environment_hook('r-gator-gazebo-2', 'cmake_prefix_path')
[2.531s] INFO:colcon.colcon_core.shell:Creating environment hook '/home/samee/ros2ws/install/r-gator-gazebo-2/share/r-gator-gazebo-2/hook/cmake_prefix_path.ps1'
[2.531s] INFO:colcon.colcon_core.shell:Creating environment descriptor '/home/samee/ros2ws/install/r-gator-gazebo-2/share/r-gator-gazebo-2/hook/cmake_prefix_path.dsv'
[2.532s] INFO:colcon.colcon_core.shell:Creating environment hook '/home/samee/ros2ws/install/r-gator-gazebo-2/share/r-gator-gazebo-2/hook/cmake_prefix_path.sh'
[2.532s] Level 1:colcon.colcon_core.environment:checking '/home/samee/ros2ws/install/r-gator-gazebo-2/bin'
[2.532s] Level 1:colcon.colcon_core.environment:checking '/home/samee/ros2ws/install/r-gator-gazebo-2/lib/pkgconfig/r-gator-gazebo-2.pc'
[2.532s] Level 1:colcon.colcon_core.environment:checking '/home/samee/ros2ws/install/r-gator-gazebo-2/lib/python3.10/site-packages'
[2.533s] Level 1:colcon.colcon_core.environment:checking '/home/samee/ros2ws/install/r-gator-gazebo-2/bin'
[2.553s] INFO:colcon.colcon_core.shell:Creating package script '/home/samee/ros2ws/install/r-gator-gazebo-2/share/r-gator-gazebo-2/package.ps1'
[2.554s] INFO:colcon.colcon_core.shell:Creating package descriptor '/home/samee/ros2ws/install/r-gator-gazebo-2/share/r-gator-gazebo-2/package.dsv'
[2.554s] INFO:colcon.colcon_core.shell:Creating package script '/home/samee/ros2ws/install/r-gator-gazebo-2/share/r-gator-gazebo-2/package.sh'
[2.555s] INFO:colcon.colcon_core.shell:Creating package script '/home/samee/ros2ws/install/r-gator-gazebo-2/share/r-gator-gazebo-2/package.bash'
[2.555s] INFO:colcon.colcon_core.shell:Creating package script '/home/samee/ros2ws/install/r-gator-gazebo-2/share/r-gator-gazebo-2/package.zsh'
[2.556s] Level 1:colcon.colcon_core.environment:create_file_with_runtime_dependencies(/home/samee/ros2ws/install/r-gator-gazebo-2/share/colcon-core/packages/r-gator-gazebo-2)
[2.582s] Level 1:colcon.colcon_core.environment:create_environment_scripts_only(r-gator-model-2)
[2.603s] Level 1:colcon.colcon_core.environment:checking '/home/samee/ros2ws/install/r-gator-model-2' for CMake module files
[2.604s] Level 1:colcon.colcon_core.environment:checking '/home/samee/ros2ws/install/r-gator-model-2' for CMake config files
[2.604s] Level 1:colcon.colcon_core.shell:create_environment_hook('r-gator-model-2', 'cmake_prefix_path')
[2.624s] INFO:colcon.colcon_core.shell:Creating environment hook '/home/samee/ros2ws/install/r-gator-model-2/share/r-gator-model-2/hook/cmake_prefix_path.ps1'
[2.624s] INFO:colcon.colcon_core.shell:Creating environment descriptor '/home/samee/ros2ws/install/r-gator-model-2/share/r-gator-model-2/hook/cmake_prefix_path.dsv'
[2.625s] INFO:colcon.colcon_core.shell:Creating environment hook '/home/samee/ros2ws/install/r-gator-model-2/share/r-gator-model-2/hook/cmake_prefix_path.sh'
[2.625s] Level 1:colcon.colcon_core.environment:checking '/home/samee/ros2ws/install/r-gator-model-2/bin'
[2.625s] Level 1:colcon.colcon_core.environment:checking '/home/samee/ros2ws/install/r-gator-model-2/lib/pkgconfig/r-gator-model-2.pc'
[2.625s] Level 1:colcon.colcon_core.environment:checking '/home/samee/ros2ws/install/r-gator-model-2/lib/python3.10/site-packages'
[2.626s] Level 1:colcon.colcon_core.environment:checking '/home/samee/ros2ws/install/r-gator-model-2/bin'
[2.645s] INFO:colcon.colcon_core.shell:Creating package script '/home/samee/ros2ws/install/r-gator-model-2/share/r-gator-model-2/package.ps1'
[2.646s] INFO:colcon.colcon_core.shell:Creating package descriptor '/home/samee/ros2ws/install/r-gator-model-2/share/r-gator-model-2/package.dsv'
[2.646s] INFO:colcon.colcon_core.shell:Creating package script '/home/samee/ros2ws/install/r-gator-model-2/share/r-gator-model-2/package.sh'
[2.647s] INFO:colcon.colcon_core.shell:Creating package script '/home/samee/ros2ws/install/r-gator-model-2/share/r-gator-model-2/package.bash'
[2.647s] INFO:colcon.colcon_core.shell:Creating package script '/home/samee/ros2ws/install/r-gator-model-2/share/r-gator-model-2/package.zsh'
[2.648s] Level 1:colcon.colcon_core.environment:create_file_with_runtime_dependencies(/home/samee/ros2ws/install/r-gator-model-2/share/colcon-core/packages/r-gator-model-2)
[2.649s] Level 1:colcon.colcon_core.shell:create_environment_hook('r-gator-description-2', 'ros_package_path')
[2.649s] DEBUG:colcon.colcon_core.event_handler.log_command:Invoked command in '/home/samee/ros2ws/build/r-gator-teleop-2' returned '0': /usr/local/bin/cmake --install /home/samee/ros2ws/build/r-gator-teleop-2
[2.670s] INFO:colcon.colcon_core.shell:Creating environment hook '/home/samee/ros2ws/install/r-gator-description-2/share/r-gator-description-2/hook/ros_package_path.ps1'
[2.671s] INFO:colcon.colcon_core.shell:Creating environment descriptor '/home/samee/ros2ws/install/r-gator-description-2/share/r-gator-description-2/hook/ros_package_path.dsv'
[2.671s] INFO:colcon.colcon_core.shell:Creating environment hook '/home/samee/ros2ws/install/r-gator-description-2/share/r-gator-description-2/hook/ros_package_path.sh'
[2.672s] Level 1:colcon.colcon_core.shell:create_environment_hook('r-gator-description-2', 'pkg_config_path')
[2.691s] INFO:colcon.colcon_core.shell:Creating environment hook '/home/samee/ros2ws/install/r-gator-description-2/share/r-gator-description-2/hook/pkg_config_path.ps1'
[2.692s] INFO:colcon.colcon_core.shell:Creating environment descriptor '/home/samee/ros2ws/install/r-gator-description-2/share/r-gator-description-2/hook/pkg_config_path.dsv'
[2.692s] INFO:colcon.colcon_core.shell:Creating environment hook '/home/samee/ros2ws/install/r-gator-description-2/share/r-gator-description-2/hook/pkg_config_path.sh'
[2.693s] Level 1:colcon.colcon_core.shell:create_environment_hook('r-gator-description-2', 'pkg_config_path_multiarch')
[2.713s] INFO:colcon.colcon_core.shell:Creating environment hook '/home/samee/ros2ws/install/r-gator-description-2/share/r-gator-description-2/hook/pkg_config_path_multiarch.ps1'
[2.713s] INFO:colcon.colcon_core.shell:Creating environment descriptor '/home/samee/ros2ws/install/r-gator-description-2/share/r-gator-description-2/hook/pkg_config_path_multiarch.dsv'
[2.713s] INFO:colcon.colcon_core.shell:Creating environment hook '/home/samee/ros2ws/install/r-gator-description-2/share/r-gator-description-2/hook/pkg_config_path_multiarch.sh'
[2.734s] Level 1:colcon.colcon_core.environment:create_environment_scripts_only(r-gator-description-2)
[2.753s] Level 1:colcon.colcon_core.environment:checking '/home/samee/ros2ws/install/r-gator-description-2' for CMake module files
[2.753s] Level 1:colcon.colcon_core.environment:checking '/home/samee/ros2ws/install/r-gator-description-2' for CMake config files
[2.753s] Level 1:colcon.colcon_core.shell:create_environment_hook('r-gator-description-2', 'cmake_prefix_path')
[2.774s] INFO:colcon.colcon_core.shell:Creating environment hook '/home/samee/ros2ws/install/r-gator-description-2/share/r-gator-description-2/hook/cmake_prefix_path.ps1'
[2.775s] INFO:colcon.colcon_core.shell:Creating environment descriptor '/home/samee/ros2ws/install/r-gator-description-2/share/r-gator-description-2/hook/cmake_prefix_path.dsv'
[2.775s] INFO:colcon.colcon_core.shell:Creating environment hook '/home/samee/ros2ws/install/r-gator-description-2/share/r-gator-description-2/hook/cmake_prefix_path.sh'
[2.775s] Level 1:colcon.colcon_core.environment:checking '/home/samee/ros2ws/install/r-gator-description-2/bin'
[2.776s] Level 1:colcon.colcon_core.environment:checking '/home/samee/ros2ws/install/r-gator-description-2/lib/pkgconfig/r-gator-description-2.pc'
[2.776s] Level 1:colcon.colcon_core.environment:checking '/home/samee/ros2ws/install/r-gator-description-2/lib/python3.10/site-packages'
[2.776s] Level 1:colcon.colcon_core.environment:checking '/home/samee/ros2ws/install/r-gator-description-2/bin'
[2.796s] INFO:colcon.colcon_core.shell:Creating package script '/home/samee/ros2ws/install/r-gator-description-2/share/r-gator-description-2/package.ps1'
[2.796s] INFO:colcon.colcon_core.shell:Creating package descriptor '/home/samee/ros2ws/install/r-gator-description-2/share/r-gator-description-2/package.dsv'
[2.797s] INFO:colcon.colcon_core.shell:Creating package script '/home/samee/ros2ws/install/r-gator-description-2/share/r-gator-description-2/package.sh'
[2.797s] INFO:colcon.colcon_core.shell:Creating package script '/home/samee/ros2ws/install/r-gator-description-2/share/r-gator-description-2/package.bash'
[2.798s] INFO:colcon.colcon_core.shell:Creating package script '/home/samee/ros2ws/install/r-gator-description-2/share/r-gator-description-2/package.zsh'
[2.798s] Level 1:colcon.colcon_core.environment:create_file_with_runtime_dependencies(/home/samee/ros2ws/install/r-gator-description-2/share/colcon-core/packages/r-gator-description-2)
[2.819s] Level 1:colcon.colcon_core.environment:create_environment_scripts_only(r-gator-launch-2)
[2.839s] Level 1:colcon.colcon_core.environment:checking '/home/samee/ros2ws/install/r-gator-launch-2' for CMake module files
[2.839s] Level 1:colcon.colcon_core.environment:checking '/home/samee/ros2ws/install/r-gator-launch-2' for CMake config files
[2.840s] Level 1:colcon.colcon_core.shell:create_environment_hook('r-gator-launch-2', 'cmake_prefix_path')
[2.860s] INFO:colcon.colcon_core.shell:Creating environment hook '/home/samee/ros2ws/install/r-gator-launch-2/share/r-gator-launch-2/hook/cmake_prefix_path.ps1'
[2.861s] INFO:colcon.colcon_core.shell:Creating environment descriptor '/home/samee/ros2ws/install/r-gator-launch-2/share/r-gator-launch-2/hook/cmake_prefix_path.dsv'
[2.861s] INFO:colcon.colcon_core.shell:Creating environment hook '/home/samee/ros2ws/install/r-gator-launch-2/share/r-gator-launch-2/hook/cmake_prefix_path.sh'
[2.861s] Level 1:colcon.colcon_core.environment:checking '/home/samee/ros2ws/install/r-gator-launch-2/bin'
[2.862s] Level 1:colcon.colcon_core.environment:checking '/home/samee/ros2ws/install/r-gator-launch-2/lib/pkgconfig/r-gator-launch-2.pc'
[2.862s] Level 1:colcon.colcon_core.environment:checking '/home/samee/ros2ws/install/r-gator-launch-2/lib/python3.10/site-packages'
[2.862s] Level 1:colcon.colcon_core.environment:checking '/home/samee/ros2ws/install/r-gator-launch-2/bin'
[2.881s] INFO:colcon.colcon_core.shell:Creating package script '/home/samee/ros2ws/install/r-gator-launch-2/share/r-gator-launch-2/package.ps1'
[2.882s] INFO:colcon.colcon_core.shell:Creating package descriptor '/home/samee/ros2ws/install/r-gator-launch-2/share/r-gator-launch-2/package.dsv'
[2.882s] INFO:colcon.colcon_core.shell:Creating package script '/home/samee/ros2ws/install/r-gator-launch-2/share/r-gator-launch-2/package.sh'
[2.883s] INFO:colcon.colcon_core.shell:Creating package script '/home/samee/ros2ws/install/r-gator-launch-2/share/r-gator-launch-2/package.bash'
[2.883s] INFO:colcon.colcon_core.shell:Creating package script '/home/samee/ros2ws/install/r-gator-launch-2/share/r-gator-launch-2/package.zsh'
[2.883s] Level 1:colcon.colcon_core.environment:create_file_with_runtime_dependencies(/home/samee/ros2ws/install/r-gator-launch-2/share/colcon-core/packages/r-gator-launch-2)
[2.884s] Level 1:colcon.colcon_core.shell:create_environment_hook('r-gator-teleop-2', 'ros_package_path')
[2.904s] INFO:colcon.colcon_core.shell:Creating environment hook '/home/samee/ros2ws/install/r-gator-teleop-2/share/r-gator-teleop-2/hook/ros_package_path.ps1'
[2.904s] INFO:colcon.colcon_core.shell:Creating environment descriptor '/home/samee/ros2ws/install/r-gator-teleop-2/share/r-gator-teleop-2/hook/ros_package_path.dsv'
[2.905s] INFO:colcon.colcon_core.shell:Creating environment hook '/home/samee/ros2ws/install/r-gator-teleop-2/share/r-gator-teleop-2/hook/ros_package_path.sh'
[2.905s] Level 1:colcon.colcon_core.shell:create_environment_hook('r-gator-teleop-2', 'pkg_config_path')
[2.925s] INFO:colcon.colcon_core.shell:Creating environment hook '/home/samee/ros2ws/install/r-gator-teleop-2/share/r-gator-teleop-2/hook/pkg_config_path.ps1'
[2.925s] INFO:colcon.colcon_core.shell:Creating environment descriptor '/home/samee/ros2ws/install/r-gator-teleop-2/share/r-gator-teleop-2/hook/pkg_config_path.dsv'
[2.926s] INFO:colcon.colcon_core.shell:Creating environment hook '/home/samee/ros2ws/install/r-gator-teleop-2/share/r-gator-teleop-2/hook/pkg_config_path.sh'
[2.926s] Level 1:colcon.colcon_core.shell:create_environment_hook('r-gator-teleop-2', 'pkg_config_path_multiarch')
[2.945s] INFO:colcon.colcon_core.shell:Creating environment hook '/home/samee/ros2ws/install/r-gator-teleop-2/share/r-gator-teleop-2/hook/pkg_config_path_multiarch.ps1'
[2.946s] INFO:colcon.colcon_core.shell:Creating environment descriptor '/home/samee/ros2ws/install/r-gator-teleop-2/share/r-gator-teleop-2/hook/pkg_config_path_multiarch.dsv'
[2.946s] INFO:colcon.colcon_core.shell:Creating environment hook '/home/samee/ros2ws/install/r-gator-teleop-2/share/r-gator-teleop-2/hook/pkg_config_path_multiarch.sh'
[2.966s] Level 1:colcon.colcon_core.environment:create_environment_scripts_only(r-gator-teleop-2)
[2.986s] Level 1:colcon.colcon_core.environment:checking '/home/samee/ros2ws/install/r-gator-teleop-2' for CMake module files
[2.986s] Level 1:colcon.colcon_core.environment:checking '/home/samee/ros2ws/install/r-gator-teleop-2' for CMake config files
[2.987s] Level 1:colcon.colcon_core.shell:create_environment_hook('r-gator-teleop-2', 'cmake_prefix_path')
[3.006s] INFO:colcon.colcon_core.shell:Creating environment hook '/home/samee/ros2ws/install/r-gator-teleop-2/share/r-gator-teleop-2/hook/cmake_prefix_path.ps1'
[3.006s] INFO:colcon.colcon_core.shell:Creating environment descriptor '/home/samee/ros2ws/install/r-gator-teleop-2/share/r-gator-teleop-2/hook/cmake_prefix_path.dsv'
[3.007s] INFO:colcon.colcon_core.shell:Creating environment hook '/home/samee/ros2ws/install/r-gator-teleop-2/share/r-gator-teleop-2/hook/cmake_prefix_path.sh'
[3.007s] Level 1:colcon.colcon_core.environment:checking '/home/samee/ros2ws/install/r-gator-teleop-2/bin'
[3.007s] Level 1:colcon.colcon_core.environment:checking '/home/samee/ros2ws/install/r-gator-teleop-2/lib/pkgconfig/r-gator-teleop-2.pc'
[3.007s] Level 1:colcon.colcon_core.environment:checking '/home/samee/ros2ws/install/r-gator-teleop-2/lib/python3.10/site-packages'
[3.008s] Level 1:colcon.colcon_core.environment:checking '/home/samee/ros2ws/install/r-gator-teleop-2/bin'
[3.035s] INFO:colcon.colcon_core.shell:Creating package script '/home/samee/ros2ws/install/r-gator-teleop-2/share/r-gator-teleop-2/package.ps1'
[3.036s] INFO:colcon.colcon_core.shell:Creating package descriptor '/home/samee/ros2ws/install/r-gator-teleop-2/share/r-gator-teleop-2/package.dsv'
[3.036s] INFO:colcon.colcon_core.shell:Creating package script '/home/samee/ros2ws/install/r-gator-teleop-2/share/r-gator-teleop-2/package.sh'
[3.037s] INFO:colcon.colcon_core.shell:Creating package script '/home/samee/ros2ws/install/r-gator-teleop-2/share/r-gator-teleop-2/package.bash'
[3.037s] INFO:colcon.colcon_core.shell:Creating package script '/home/samee/ros2ws/install/r-gator-teleop-2/share/r-gator-teleop-2/package.zsh'
[3.037s] Level 1:colcon.colcon_core.environment:create_file_with_runtime_dependencies(/home/samee/ros2ws/install/r-gator-teleop-2/share/colcon-core/packages/r-gator-teleop-2)
[4.149s] DEBUG:colcon.colcon_core.event_handler.log_command:Invoked command in '/home/samee/ros2ws/build/r-gator-gazebo-tool-2' returned '2': /usr/local/bin/cmake --build /home/samee/ros2ws/build/r-gator-gazebo-tool-2 -- -j12 -l12
[4.168s] Level 1:colcon.colcon_core.shell:create_environment_hook('r-gator-gazebo-tool-2', 'ros_package_path')
[4.189s] INFO:colcon.colcon_core.shell:Creating environment hook '/home/samee/ros2ws/install/r-gator-gazebo-tool-2/share/r-gator-gazebo-tool-2/hook/ros_package_path.ps1'
[4.190s] INFO:colcon.colcon_core.shell:Creating environment descriptor '/home/samee/ros2ws/install/r-gator-gazebo-tool-2/share/r-gator-gazebo-tool-2/hook/ros_package_path.dsv'
[4.190s] INFO:colcon.colcon_core.shell:Creating environment hook '/home/samee/ros2ws/install/r-gator-gazebo-tool-2/share/r-gator-gazebo-tool-2/hook/ros_package_path.sh'
[4.191s] Level 1:colcon.colcon_core.shell:create_environment_hook('r-gator-gazebo-tool-2', 'pkg_config_path')
[4.210s] INFO:colcon.colcon_core.shell:Creating environment hook '/home/samee/ros2ws/install/r-gator-gazebo-tool-2/share/r-gator-gazebo-tool-2/hook/pkg_config_path.ps1'
[4.210s] INFO:colcon.colcon_core.shell:Creating environment descriptor '/home/samee/ros2ws/install/r-gator-gazebo-tool-2/share/r-gator-gazebo-tool-2/hook/pkg_config_path.dsv'
[4.210s] INFO:colcon.colcon_core.shell:Creating environment hook '/home/samee/ros2ws/install/r-gator-gazebo-tool-2/share/r-gator-gazebo-tool-2/hook/pkg_config_path.sh'
[4.211s] Level 1:colcon.colcon_core.shell:create_environment_hook('r-gator-gazebo-tool-2', 'pkg_config_path_multiarch')
[4.229s] INFO:colcon.colcon_core.shell:Creating environment hook '/home/samee/ros2ws/install/r-gator-gazebo-tool-2/share/r-gator-gazebo-tool-2/hook/pkg_config_path_multiarch.ps1'
[4.230s] INFO:colcon.colcon_core.shell:Creating environment descriptor '/home/samee/ros2ws/install/r-gator-gazebo-tool-2/share/r-gator-gazebo-tool-2/hook/pkg_config_path_multiarch.dsv'
[4.230s] INFO:colcon.colcon_core.shell:Creating environment hook '/home/samee/ros2ws/install/r-gator-gazebo-tool-2/share/r-gator-gazebo-tool-2/hook/pkg_config_path_multiarch.sh'
[4.249s] Level 1:colcon.colcon_core.environment:create_environment_scripts_only(r-gator-gazebo-tool-2)
[4.270s] Level 1:colcon.colcon_core.environment:checking '/home/samee/ros2ws/install/r-gator-gazebo-tool-2' for CMake module files
[4.270s] Level 1:colcon.colcon_core.environment:checking '/home/samee/ros2ws/install/r-gator-gazebo-tool-2' for CMake config files
[4.270s] Level 1:colcon.colcon_core.shell:create_environment_hook('r-gator-gazebo-tool-2', 'cmake_prefix_path')
[4.290s] INFO:colcon.colcon_core.shell:Creating environment hook '/home/samee/ros2ws/install/r-gator-gazebo-tool-2/share/r-gator-gazebo-tool-2/hook/cmake_prefix_path.ps1'
[4.290s] INFO:colcon.colcon_core.shell:Creating environment descriptor '/home/samee/ros2ws/install/r-gator-gazebo-tool-2/share/r-gator-gazebo-tool-2/hook/cmake_prefix_path.dsv'
[4.290s] INFO:colcon.colcon_core.shell:Creating environment hook '/home/samee/ros2ws/install/r-gator-gazebo-tool-2/share/r-gator-gazebo-tool-2/hook/cmake_prefix_path.sh'
[4.291s] Level 1:colcon.colcon_core.environment:checking '/home/samee/ros2ws/install/r-gator-gazebo-tool-2/lib'
[4.291s] Level 1:colcon.colcon_core.environment:checking '/home/samee/ros2ws/install/r-gator-gazebo-tool-2/bin'
[4.291s] Level 1:colcon.colcon_core.environment:checking '/home/samee/ros2ws/install/r-gator-gazebo-tool-2/lib/pkgconfig/r-gator-gazebo-tool-2.pc'
[4.292s] Level 1:colcon.colcon_core.environment:checking '/home/samee/ros2ws/install/r-gator-gazebo-tool-2/lib/python3.10/site-packages'
[4.292s] Level 1:colcon.colcon_core.environment:checking '/home/samee/ros2ws/install/r-gator-gazebo-tool-2/bin'
[4.312s] INFO:colcon.colcon_core.shell:Creating package script '/home/samee/ros2ws/install/r-gator-gazebo-tool-2/share/r-gator-gazebo-tool-2/package.ps1'
[4.313s] INFO:colcon.colcon_core.shell:Creating package descriptor '/home/samee/ros2ws/install/r-gator-gazebo-tool-2/share/r-gator-gazebo-tool-2/package.dsv'
[4.314s] INFO:colcon.colcon_core.shell:Creating package script '/home/samee/ros2ws/install/r-gator-gazebo-tool-2/share/r-gator-gazebo-tool-2/package.sh'
[4.314s] INFO:colcon.colcon_core.shell:Creating package script '/home/samee/ros2ws/install/r-gator-gazebo-tool-2/share/r-gator-gazebo-tool-2/package.bash'
[4.315s] INFO:colcon.colcon_core.shell:Creating package script '/home/samee/ros2ws/install/r-gator-gazebo-tool-2/share/r-gator-gazebo-tool-2/package.zsh'
[4.315s] Level 1:colcon.colcon_core.environment:create_file_with_runtime_dependencies(/home/samee/ros2ws/install/r-gator-gazebo-tool-2/share/colcon-core/packages/r-gator-gazebo-tool-2)
[4.325s] DEBUG:colcon.colcon_parallel_executor.executor.parallel:closing loop
[4.326s] DEBUG:colcon.colcon_parallel_executor.executor.parallel:loop closed
[4.326s] DEBUG:colcon.colcon_parallel_executor.executor.parallel:run_until_complete finished with '2'
[4.326s] DEBUG:colcon.colcon_core.event_reactor:joining thread
[4.355s] INFO:colcon.colcon_core.plugin_system:Skipping extension 'colcon_notification.desktop_notification.terminal_notifier': Not used on non-Darwin systems
[4.355s] INFO:colcon.colcon_core.plugin_system:Skipping extension 'colcon_notification.desktop_notification.win32': Not used on non-Windows systems
[4.355s] INFO:colcon.colcon_notification.desktop_notification:Sending desktop notification using 'notify2'
[4.380s] DEBUG:colcon.colcon_core.event_reactor:joined thread
[4.403s] INFO:colcon.colcon_core.shell:Creating prefix script '/home/samee/ros2ws/install/local_setup.ps1'
[4.404s] INFO:colcon.colcon_core.shell:Creating prefix util module '/home/samee/ros2ws/install/_local_setup_util_ps1.py'
[4.405s] INFO:colcon.colcon_core.shell:Creating prefix chain script '/home/samee/ros2ws/install/setup.ps1'
[4.429s] INFO:colcon.colcon_core.shell:Creating prefix script '/home/samee/ros2ws/install/local_setup.sh'
[4.430s] INFO:colcon.colcon_core.shell:Creating prefix util module '/home/samee/ros2ws/install/_local_setup_util_sh.py'
[4.430s] INFO:colcon.colcon_core.shell:Creating prefix chain script '/home/samee/ros2ws/install/setup.sh'
[4.451s] INFO:colcon.colcon_core.shell:Creating prefix script '/home/samee/ros2ws/install/local_setup.bash'
[4.451s] INFO:colcon.colcon_core.shell:Creating prefix chain script '/home/samee/ros2ws/install/setup.bash'
[4.472s] INFO:colcon.colcon_core.shell:Creating prefix script '/home/samee/ros2ws/install/local_setup.zsh'
[4.472s] INFO:colcon.colcon_core.shell:Creating prefix chain script '/home/samee/ros2ws/install/setup.zsh'
