[0.331s] Invoking command in '/home/samee/ros2ws/build/r-gator-gazebo-tool-2': /usr/local/bin/cmake --build /home/samee/ros2ws/build/r-gator-gazebo-tool-2 -- -j12 -l12
[0.345s] -- Found ament_cmake: 1.3.6 (/opt/ros/humble/share/ament_cmake/cmake)
[0.549s] -- Found ackermann_msgs: 2.0.2 (/opt/ros/humble/share/ackermann_msgs/cmake)
[0.581s] -- Found rosidl_generator_c: 3.1.5 (/opt/ros/humble/share/rosidl_generator_c/cmake)
[0.584s] -- Found rosidl_adapter: 3.1.5 (/opt/ros/humble/share/rosidl_adapter/cmake)
[0.592s] -- Found rosidl_generator_cpp: 3.1.5 (/opt/ros/humble/share/rosidl_generator_cpp/cmake)
[0.606s] -- Using all available rosidl_typesupport_c: rosidl_typesupport_fastrtps_c;rosidl_typesupport_introspection_c
[0.628s] -- Using all available rosidl_typesupport_cpp: rosidl_typesupport_fastrtps_cpp;rosidl_typesupport_introspection_cpp
[0.777s] -- Found rclcpp: 16.0.7 (/opt/ros/humble/share/rclcpp/cmake)
[0.840s] -- Found rmw_implementation_cmake: 6.1.1 (/opt/ros/humble/share/rmw_implementation_cmake/cmake)
[0.841s] -- Found rmw_fastrtps_cpp: 6.2.5 (/opt/ros/humble/share/rmw_fastrtps_cpp/cmake)
[0.990s] -- Using RMW implementation 'rmw_fastrtps_cpp' as default
[1.161s] -- Found tf2: 0.25.5 (/opt/ros/humble/share/tf2/cmake)
[1.233s] -- Found tf2_ros: 0.25.5 (/opt/ros/humble/share/tf2_ros/cmake)
[1.761s] -- Found gazebo_msgs: 3.7.0 (/opt/ros/humble/share/gazebo_msgs/cmake)
[2.103s] -- Found nav_msgs: 4.2.3 (/opt/ros/humble/share/nav_msgs/cmake)
[2.227s] -- Found tf2_geometry_msgs: 0.25.5 (/opt/ros/humble/share/tf2_geometry_msgs/cmake)
[2.232s] -- Found eigen3_cmake_module: 0.1.1 (/opt/ros/humble/share/eigen3_cmake_module/cmake)
[2.234s] -- Ensuring Eigen3 include directory is part of orocos-kdl CMake target
[2.318s] -- Configuring done (2.0s)
[2.339s] -- Generating done (0.0s)
[2.342s] -- Build files have been written to: /home/samee/ros2ws/build/r-gator-gazebo-tool-2
[2.370s] [ 50%] Built target tf_broadcaster_node
[2.375s] [ 75%] [32mBuilding CXX object CMakeFiles/gazebo_odom_publisher_node.dir/src/gazebo_odom_publisher.cpp.o[0m
[2.622s] In file included from [01m[K/home/samee/ros2ws/src/r-gator-simulator-2/r-gator-gazebo-tool-2/src/gazebo_odom_publisher.cpp:7[m[K:
[2.622s] [01m[K/opt/ros/humble/include/tf2_geometry_msgs/tf2_geometry_msgs/tf2_geometry_msgs.h:35:2:[m[K [01;35m[Kwarning: [m[K#warning is a GCC extension
[2.622s]    35 | #[01;35m[Kwarning[m[K This header is obsolete, please include tf2_geometry_msgs/tf2_geometry_msgs.hpp instead
[2.622s]       |  [01;35m[K^~~~~~~[m[K
[2.622s] [01m[K/opt/ros/humble/include/tf2_geometry_msgs/tf2_geometry_msgs/tf2_geometry_msgs.h:35:2:[m[K [01;35m[Kwarning: [m[K#warning This header is obsolete, please include tf2_geometry_msgs/tf2_geometry_msgs.hpp instead [[01;35m[K]8;;https://gcc.gnu.org/onlinedocs/gcc/Warning-Options.html#index-Wcpp-Wcpp]8;;[m[K]
[8.853s] [100%] [32m[1mLinking CXX executable gazebo_odom_publisher_node[0m
[9.085s] [100%] Built target gazebo_odom_publisher_node
[9.088s] Invoked command in '/home/samee/ros2ws/build/r-gator-gazebo-tool-2' returned '0': /usr/local/bin/cmake --build /home/samee/ros2ws/build/r-gator-gazebo-tool-2 -- -j12 -l12
[9.114s] Invoking command in '/home/samee/ros2ws/build/r-gator-gazebo-tool-2': /usr/local/bin/cmake --install /home/samee/ros2ws/build/r-gator-gazebo-tool-2
[9.116s] -- Install configuration: ""
[9.116s] -- Installing: /home/samee/ros2ws/install/r-gator-gazebo-tool-2/lib/r-gator-gazebo-tool-2/gazebo_odom_publisher_node
[9.117s] -- Set non-toolchain portion of runtime path of "/home/samee/ros2ws/install/r-gator-gazebo-tool-2/lib/r-gator-gazebo-tool-2/gazebo_odom_publisher_node" to ""
[9.117s] -- Up-to-date: /home/samee/ros2ws/install/r-gator-gazebo-tool-2/lib/r-gator-gazebo-tool-2/tf_broadcaster_node
[9.117s] -- Up-to-date: /home/samee/ros2ws/install/r-gator-gazebo-tool-2/share/ament_index/resource_index/package_run_dependencies/r-gator-gazebo-tool-2
[9.117s] -- Up-to-date: /home/samee/ros2ws/install/r-gator-gazebo-tool-2/share/ament_index/resource_index/parent_prefix_path/r-gator-gazebo-tool-2
[9.117s] -- Up-to-date: /home/samee/ros2ws/install/r-gator-gazebo-tool-2/share/r-gator-gazebo-tool-2/environment/ament_prefix_path.sh
[9.118s] -- Installing: /home/samee/ros2ws/install/r-gator-gazebo-tool-2/share/r-gator-gazebo-tool-2/environment/ament_prefix_path.dsv
[9.118s] -- Up-to-date: /home/samee/ros2ws/install/r-gator-gazebo-tool-2/share/r-gator-gazebo-tool-2/environment/path.sh
[9.118s] -- Installing: /home/samee/ros2ws/install/r-gator-gazebo-tool-2/share/r-gator-gazebo-tool-2/environment/path.dsv
[9.118s] -- Up-to-date: /home/samee/ros2ws/install/r-gator-gazebo-tool-2/share/r-gator-gazebo-tool-2/local_setup.bash
[9.118s] -- Up-to-date: /home/samee/ros2ws/install/r-gator-gazebo-tool-2/share/r-gator-gazebo-tool-2/local_setup.sh
[9.118s] -- Up-to-date: /home/samee/ros2ws/install/r-gator-gazebo-tool-2/share/r-gator-gazebo-tool-2/local_setup.zsh
[9.118s] -- Installing: /home/samee/ros2ws/install/r-gator-gazebo-tool-2/share/r-gator-gazebo-tool-2/local_setup.dsv
[9.118s] -- Installing: /home/samee/ros2ws/install/r-gator-gazebo-tool-2/share/r-gator-gazebo-tool-2/package.dsv
[9.118s] -- Up-to-date: /home/samee/ros2ws/install/r-gator-gazebo-tool-2/share/ament_index/resource_index/packages/r-gator-gazebo-tool-2
[9.118s] -- Up-to-date: /home/samee/ros2ws/install/r-gator-gazebo-tool-2/share/r-gator-gazebo-tool-2/cmake/r-gator-gazebo-tool-2Config.cmake
[9.119s] -- Up-to-date: /home/samee/ros2ws/install/r-gator-gazebo-tool-2/share/r-gator-gazebo-tool-2/cmake/r-gator-gazebo-tool-2Config-version.cmake
[9.119s] -- Up-to-date: /home/samee/ros2ws/install/r-gator-gazebo-tool-2/share/r-gator-gazebo-tool-2/package.xml
[9.120s] Invoked command in '/home/samee/ros2ws/build/r-gator-gazebo-tool-2' returned '0': /usr/local/bin/cmake --install /home/samee/ros2ws/build/r-gator-gazebo-tool-2
